--------------------------------------
Running PBS prologue script
--------------------------------------
User and Job Data:
--------------------------------------
Job ID:    768197.qb3
Username:  jianjun
Group:     latechusers
Date:      10-Apr-2020 09:33
Node:      qb015 (112055)
--------------------------------------
PBS has allocated the following nodes:

qb015
qb019
qb020

A total of 60 processors on 3 nodes allocated
---------------------------------------------
Check nodes and clean them of stray processes
---------------------------------------------
Checking node qb015 09:33:59 
Checking node qb019 09:34:01 
Checking node qb020 09:34:03 
Done clearing all the allocated nodes
------------------------------------------------------
Concluding PBS prologue script - 10-Apr-2020 09:34:03
------------------------------------------------------


poly shape: (40, 20)
encoder shape: (20000, 10000)
mtrx1Coded shape: (20000, 10000)
mtrx2 shape: (10000, 10000)


redun coefficients is
[[               -1                20              -190              1140
              -4844             15504            -38760             77520
            -125970            167960           -184756            167959
            -125970             77520            -38760             15504
              -4844              1140              -190                19]
 [              -20               399             -3780             22610
             -95760            305234           -759696           1511640
           -2441880           3233230          -3527160           3174443
           -2351440           1424430           -697679            271320
             -81395             17954             -2660               210]
 [             -210              4180            -39501            235620
            -994840           3160080          -7834364          15519504
          -24942060          32829720         -35565529          31744440
          -23279255          13927759          -6715170           2558159
            -746130            158003            -21945              1540]
 [            -1540             30590           -288420           1716099
           -7225680          22881319         -56530320         111546434
         -178474296         233716339        -251694520         223092869
         -162249360          96101544         -45762640          17160990
           -4903139           1009470           -134596              8854]
 [            -8854            175560          -1651860           9806280
          -41186376         130062240        -320338480         629909279
        -1003917914        1308811504       -1402298040        1235591280
         -892371479         524190240        -247118255          91525280
          -25741485           5191559           -672980             42503]
 [           -42504            841224          -7900200          46802700
         -196125600         617795640       -1517392800        2974571599
        -4724319599        6135053924       -6544057520        5736673800
        -4118637600        2402538600       -1123264800         411863759
         -114406599          22713075          -2884200            177100]
 [          -177100           3499496         -32807774         193993800
         -811246800        2549632800       -6246600360       12211399200
       -19334715400       25021396400      -26585233675       23201658480
       -16572613200        9610154400       -4461857400        1622493600
         -446185739          87487399         -10935925            657800]
 [          -657800          12978900        -121482504         717084224
        -2993047200        9387284400      -22946695200       44746055640
       -70651666799       91149372599      -96511100400       83898854325
       -59661407520       34420042800      -15886173600        5736673800
        -1564547400         303706259         -37494599           2220075]
 [         -2220075          43743700        -408835350        2409402996
       -10039179149       31426995600      -76662822600      149153518800
      -234916792110      302232130200     -319022804100      276372696600
      -195763993424      112438806480      -51630064200       18533869200
        -5019589575         966338100        -118107989           6906899]
 [         -6906900         135917925       -1268567300        7465030649
       -31054527504       97045398449     -236284448399      458760065400
      -720908674200      925166131890     -973859086200      841060119899
      -593689496400      339658894575     -155272637520       55454513400
       -14930061299        2854276425        -345972900          20030009]
 [        -20030010         393693300       -3669783975       21565644100
       -89580367800      279490747536     -679317789149     1316441926800
     -2064420294300     2643331805400    -2775498395670     2390381393399
     -1682120239799      959036878800     -436704293025      155272637520
       -41590885050        7904150100        -951425475          54627300]
 [        -54627300        1072515990       -9985493700       58605338025
      -243103624400      757361291399    -1837863400464     3555390506849
     -5564959054200     7110781013700    -7449389633400     6399702912330
     -4491019587600     2552588056199    -1158317269199      410237366175
      -109396630980       20684236949       -2475036899         141120525]
 [       -141120525        2767783200      -25740383760      150891904800
      -625123605600     1944828995200    -4712470257600     9101799697536
    -14221562027399    18137644324799   -18962082703200    16253213745600
    -11377249621920     6448643510400    -2917243492799     1029615350399
      -273491577450       51480767519       -6128662800         347373599]
 [       -347373600        6806351475      -63233200800      370265520240
     -1532133187200     4760556688800   -11519371740800    22215931214400
    -34656852694464    44123307828599   -46041712516799    39382787152800
    -27505438646400    15551151850079    -7015557225600     2468436801599
      -653409741600      122514326550      -14520216479         818809200]
 [       -818809200       16028810400     -148767396525      870209287200
     -3596865053760    11162684649600   -26976487903200    51954717443200
    -80929463709600   102870340537535  -107156604726600    91485480715199
    -63762607771200    35968650537600   -16185892741919     5679260611200
     -1498693772399      280032746400      -33059421450        1855967520]
 [      -1855967520       36300541200     -336605018400     1967035576275
     -8121953347200    25178055376320   -60774616425600   116898114247200
   -181841511051200   230798840949599  -240030794587584   204571699932599
   -142310747779199    80111994379200   -35968650537600    12589027688159
     -3312902023200      617109200399      -72601082400        4059928950]
 [      -4059928950       79342611480     -735085959300     4291713984600
    -17703320186475    54823185093600  -132184790725680   253951075778400
   -394531135584300   500064155390799  -519297392136600   441874871854416
   -306857549898899   172414944424799   -77250851722800    26976487903200
     -7081328074589     1315416979800     -154277300099        8597496600]
 [      -8597496600      167890003050    -1554181742520     9066060164700
    -37363157042400   115592267099925  -278415783122400   534293145706320
   -829075570923600  1049504393351700 -1088374926438799   924738136799400
   -641151774847584   359620386533100  -160824023791199    56044735563600
    -14678383123800     2719818049409     -318107374200       17672631900]
 [     -17672631900      344855141400    -3189910057950    18592618623480
    -76557841390800   236633327935200  -569398945344075  1091566641765600
  -1691928294736680  2139219683000400 -2215620385964700  1879920327485199
  -1301483303643600   728830650040416  -325370825910900   113172461186399
    -29579165991900     5468417242200     -637982011589       35345263800]
 [     -35345263800      689232644100    -6370744980600    37103690674050
   -152655184487520   471435128564400 -1133349096952800  2170565904431925
  -3360876239120401  4244662213111320 -4391029875632400  3720970121883299
  -2572522553400800  1438481546132400  -641151774847584   222622144044300
    -58075341924600    10714434740100    -1247182879800       68923264410]]


chenking...
Back from rank 40
chenking...
Back from rank 18
chenking...
Back from rank 2
chenking...
Back from rank 17
chenking...
Back from rank 11
chenking...
Back from rank 4
chenking...
Back from rank 12
chenking...
Back from rank 10
chenking...
Back from rank 1
chenking...
Back from rank 3
chenking...
Back from rank 13
chenking...
Back from rank 16
chenking...
Back from rank 14
chenking...
Back from rank 9
chenking...
Back from rank 6
chenking...
Back from rank 8
chenking...
Back from rank 7
chenking...
Back from rank 19
chenking...
Back from rank 5
chenking...
Back from rank 15
mtrx4(redundency-based results): (1, 500, 10000)
mtrx6(ranks who have contributions to the redundency-based results): [40]
mtrx5: (19, 500, 10000)
mtrx7(ranks who have contributions to the results): [18, 2, 17, 11, 4, 12, 10, 1, 3, 13, 16, 14, 9, 6, 8, 7, 19, 5, 15]


starting decoding...


results for workers of mtrx9 [20]
[[[ 2470.99999999  2571.99999998  2517.00000004 ...,  2555.99999995
    2553.00000001  2507.99999998]
  [ 2465.00000001  2545.99999999  2523.         ...,  2543.          2530.
    2513.99999998]
  [ 2432.          2512.99999997  2513.00000009 ...,  2567.99999999
    2456.99999997  2467.        ]
  ..., 
  [ 2451.00000002  2484.          2525.99999997 ...,  2499.00000002
    2492.00000004  2457.00000003]
  [ 2489.99999999  2508.99999998  2426.00000002 ...,  2505.00000002
    2533.00000003  2422.00000004]
  [ 2449.00000002  2521.00000002  2545.99999999 ...,  2517.          2540.00000002
    2471.00000003]]]
--------------------------------------------------------------
mtrx5:
[[[ 2528.  2523.  2544. ...,  2535.  2570.  2504.]
  [ 2446.  2534.  2471. ...,  2521.  2566.  2407.]
  [ 2455.  2457.  2522. ...,  2566.  2527.  2432.]
  ..., 
  [ 2447.  2490.  2452. ...,  2475.  2495.  2468.]
  [ 2462.  2499.  2504. ...,  2548.  2539.  2430.]
  [ 2519.  2529.  2487. ...,  2546.  2543.  2531.]]

 [[ 2481.  2506.  2491. ...,  2508.  2515.  2409.]
  [ 2453.  2482.  2439. ...,  2460.  2514.  2447.]
  [ 2484.  2540.  2515. ...,  2541.  2526.  2468.]
  ..., 
  [ 2492.  2537.  2521. ...,  2510.  2533.  2427.]
  [ 2431.  2479.  2477. ...,  2537.  2506.  2434.]
  [ 2514.  2562.  2514. ...,  2529.  2563.  2442.]]

 [[ 2481.  2541.  2499. ...,  2487.  2521.  2490.]
  [ 2434.  2491.  2479. ...,  2481.  2488.  2440.]
  [ 2470.  2572.  2529. ...,  2491.  2566.  2460.]
  ..., 
  [ 2524.  2526.  2530. ...,  2526.  2555.  2476.]
  [ 2480.  2493.  2539. ...,  2522.  2469.  2521.]
  [ 2496.  2557.  2482. ...,  2561.  2527.  2536.]]

 ..., 
 [[ 2448.  2520.  2484. ...,  2554.  2571.  2446.]
  [ 2440.  2587.  2459. ...,  2500.  2492.  2424.]
  [ 2371.  2498.  2484. ...,  2529.  2472.  2442.]
  ..., 
  [ 2436.  2464.  2494. ...,  2568.  2532.  2456.]
  [ 2564.  2532.  2566. ...,  2530.  2547.  2473.]
  [ 2477.  2566.  2547. ...,  2573.  2534.  2530.]]

 [[ 2450.  2517.  2536. ...,  2502.  2550.  2486.]
  [ 2520.  2516.  2538. ...,  2553.  2538.  2488.]
  [ 2513.  2533.  2534. ...,  2585.  2525.  2524.]
  ..., 
  [ 2439.  2453.  2437. ...,  2463.  2554.  2414.]
  [ 2431.  2497.  2443. ...,  2458.  2502.  2459.]
  [ 2476.  2532.  2504. ...,  2509.  2537.  2462.]]

 [[ 2456.  2474.  2429. ...,  2467.  2510.  2486.]
  [ 2470.  2523.  2521. ...,  2559.  2575.  2515.]
  [ 2488.  2557.  2514. ...,  2452.  2555.  2454.]
  ..., 
  [ 2405.  2533.  2395. ...,  2462.  2498.  2404.]
  [ 2432.  2432.  2456. ...,  2465.  2449.  2433.]
  [ 2511.  2476.  2488. ...,  2521.  2505.  2479.]]]


Time taken in seconds 1.0434551239013672


------------------------------------------------------------------
just for comparing...
mtrx1 * mtrx2:
[[2425 2476 2468 ..., 2480 2530 2470]
 [2538 2553 2575 ..., 2540 2565 2523]
 [2462 2525 2522 ..., 2506 2518 2437]
 ..., 
 [2451 2484 2526 ..., 2499 2492 2457]
 [2490 2509 2426 ..., 2505 2533 2422]
 [2449 2521 2546 ..., 2517 2540 2471]]
final result after reorder:
[[[ 2425.          2476.          2468.         ...,  2480.          2530.
    2470.        ]
  [ 2538.          2553.          2575.         ...,  2540.          2565.
    2523.        ]
  [ 2462.          2525.          2522.         ...,  2506.          2518.
    2437.        ]
  ..., 
  [ 2420.          2402.          2399.         ...,  2486.          2470.
    2433.        ]
  [ 2442.          2522.          2437.         ...,  2511.          2480.
    2404.        ]
  [ 2476.          2522.          2450.         ...,  2553.          2562.
    2475.        ]]

 [[ 2470.99999999  2571.99999998  2517.00000004 ...,  2555.99999995
    2553.00000001  2507.99999998]
  [ 2465.00000001  2545.99999999  2523.         ...,  2543.          2530.
    2513.99999998]
  [ 2432.          2512.99999997  2513.00000009 ...,  2567.99999999
    2456.99999997  2467.        ]
  ..., 
  [ 2451.00000002  2484.          2525.99999997 ...,  2499.00000002
    2492.00000004  2457.00000003]
  [ 2489.99999999  2508.99999998  2426.00000002 ...,  2505.00000002
    2533.00000003  2422.00000004]
  [ 2449.00000002  2521.00000002  2545.99999999 ...,  2517.          2540.00000002
    2471.00000003]]

 [[ 2447.          2544.          2494.         ...,  2526.          2529.
    2442.        ]
  [ 2503.          2529.          2482.         ...,  2544.          2527.
    2475.        ]
  [ 2485.          2513.          2441.         ...,  2489.          2561.
    2442.        ]
  ..., 
  [ 2488.          2499.          2508.         ...,  2478.          2488.
    2499.        ]
  [ 2487.          2521.          2490.         ...,  2505.          2539.
    2484.        ]
  [ 2458.          2534.          2489.         ...,  2477.          2531.
    2467.        ]]

 ..., 
 [[ 2436.          2463.          2511.         ...,  2545.          2533.
    2484.        ]
  [ 2474.          2543.          2486.         ...,  2579.          2508.
    2466.        ]
  [ 2531.          2558.          2539.         ...,  2554.          2552.
    2491.        ]
  ..., 
  [ 2494.          2540.          2488.         ...,  2580.          2578.
    2475.        ]
  [ 2500.          2547.          2476.         ...,  2553.          2527.
    2480.        ]
  [ 2483.          2515.          2481.         ...,  2494.          2547.
    2447.        ]]

 [[ 2479.          2513.          2503.         ...,  2548.          2521.
    2450.        ]
  [ 2473.          2543.          2475.         ...,  2520.          2481.
    2449.        ]
  [ 2452.          2454.          2444.         ...,  2454.          2478.
    2444.        ]
  ..., 
  [ 2443.          2442.          2360.         ...,  2515.          2480.
    2379.        ]
  [ 2470.          2524.          2519.         ...,  2583.          2547.
    2495.        ]
  [ 2502.          2519.          2515.         ...,  2511.          2556.
    2488.        ]]

 [[ 2448.          2520.          2484.         ...,  2554.          2571.
    2446.        ]
  [ 2440.          2587.          2459.         ...,  2500.          2492.
    2424.        ]
  [ 2371.          2498.          2484.         ...,  2529.          2472.
    2442.        ]
  ..., 
  [ 2436.          2464.          2494.         ...,  2568.          2532.
    2456.        ]
  [ 2564.          2532.          2566.         ...,  2530.          2547.
    2473.        ]
  [ 2477.          2566.          2547.         ...,  2573.          2534.
    2530.        ]]]
chenking...
chenking...
chenking...
chenking...
chenking...
chenking...
chenking...
chenking...
chenking...
chenking...
chenking...
chenking...
chenking...
chenking...
chenking...
chenking...
chenking...
chenking...
chenking...
chenking...
comparison:
[[[   0.            0.            0.         ...,    0.            0.            0.        ]
  [   0.            0.            0.         ...,    0.            0.            0.        ]
  [   0.            0.            0.         ...,    0.            0.            0.        ]
  ..., 
  [   0.            0.            0.         ...,    0.            0.            0.        ]
  [   0.            0.            0.         ...,    0.            0.            0.        ]
  [   0.            0.            0.         ...,    0.            0.            0.        ]]

 [[ -10.00000001   65.99999998   26.00000004 ...,   47.99999995
     38.00000001   98.99999998]
  [  12.00000001   63.99999999   84.         ...,   83.           16.
     66.99999998]
  [ -52.          -27.00000003   -1.99999991 ...,   26.99999999
    -69.00000003   -1.        ]
  ..., 
  [ -40.99999998  -53.            4.99999997 ...,  -10.99999998
    -40.99999996   30.00000003]
  [  58.99999999   29.99999998  -50.99999998 ...,  -31.99999998
     27.00000003  -11.99999996]
  [ -64.99999998  -40.99999998   31.99999999 ...,  -12.          -22.99999998
     29.00000003]]

 [[   0.            0.            0.         ...,    0.            0.            0.        ]
  [   0.            0.            0.         ...,    0.            0.            0.        ]
  [   0.            0.            0.         ...,    0.            0.            0.        ]
  ..., 
  [   0.            0.            0.         ...,    0.            0.            0.        ]
  [   0.            0.            0.         ...,    0.            0.            0.        ]
  [   0.            0.            0.         ...,    0.            0.            0.        ]]

 ..., 
 [[ -92.          -60.          -33.         ...,   10.          -37.          -20.        ]
  [  28.            9.           15.         ...,   58.          -58.           59.        ]
  [  76.          101.           17.         ...,  -12.           25.           59.        ]
  ..., 
  [  47.           50.           36.         ...,  105.           83.            7.        ]
  [  38.           48.          -28.         ...,    5.          -12.           50.        ]
  [ -36.          -14.           -6.         ...,  -52.            4.          -84.        ]]

 [[  31.           -7.           19.         ...,   -6.          -50.            4.        ]
  [  33.          -44.           16.         ...,   20.          -11.           25.        ]
  [  81.          -44.          -40.         ...,  -75.            6.            2.        ]
  ..., 
  [   7.          -22.         -134.         ...,  -53.          -52.          -77.        ]
  [ -94.           -8.          -47.         ...,   53.            0.           22.        ]
  [  25.          -47.          -32.         ...,  -62.           22.          -42.        ]]

 [[ -23.          -52.          -33.         ...,   -2.           18.          -62.        ]
  [ -25.           41.          -64.         ...,  -43.          -38.          -90.        ]
  [ -61.          -15.          -29.         ...,  -39.           15.          -25.        ]
  ..., 
  [ -15.          -20.          -32.         ...,   69.           40.           -1.        ]
  [  74.           23.          140.         ...,   25.           14.           51.        ]
  [  28.           45.            1.         ...,   56.           -6.           59.        ]]]
------------------------------------------------------
Running PBS epilogue script    - 10-Apr-2020 11:35:48
------------------------------------------------------
Checking node qb015 (MS)
Checking node qb020 ok
Checking node qb019 ok
Checking node qb015 ok
------------------------------------------------------
Concluding PBS epilogue script - 10-Apr-2020 11:35:54
------------------------------------------------------
Exit Status:     0
Job ID:          768197.qb3
Username:        jianjun
Group:           latechusers
Job Name:        test1.pbs
Session Id:      112054
Resource Limits: ncpus=1,neednodes=3:ppn=20,nodes=3:ppn=20,walltime=24:00:00
Resources Used:  cput=40:20:03,mem=63732636kb,vmem=88350352kb,walltime=02:01:45
Queue Used:      checkpt
Account String:  loni_codedcomp
Node:            qb015
Process id:      114677
Last status:     10-Apr-2020:11:05 PBS_job=768197.qb3 user=jianjun allocation=loni_codedcomp queue=checkpt total_load=41.02 cpu_hours=24.75 wall_hours=0.60 unused_nodes=0 total_nodes=3 ppn=20 avg_load=13.67 avg_cpu=1353% avg_mem=18047mb avg_vmem=32063mb top_proc=jianjun:python:qb019:1.8G:949M:0.6hr:101% toppm=jianjun:python:qb015:38899M:37606M node_processes=3 avg_avail_mem=48534mb min_avail_mem=22615mb reverified_avg_load=13.67
------------------------------------------------------
