--------------------------------------
Running PBS prologue script
--------------------------------------
User and Job Data:
--------------------------------------
Job ID:    769737.qb3
Username:  jianjun
Group:     latechusers
Date:      16-Apr-2020 20:47
Node:      qb116 (43382)
--------------------------------------
PBS has allocated the following nodes:

qb116

A total of 20 processors on 1 nodes allocated
---------------------------------------------
Check nodes and clean them of stray processes
---------------------------------------------
Checking node qb116 20:47:14 
Done clearing all the allocated nodes
------------------------------------------------------
Concluding PBS prologue script - 16-Apr-2020 20:47:14
------------------------------------------------------


poly shape: (18, 9)
encoder shape: (18000, 9000)
mtrx1Coded shape: (18000, 9000)
mtrx2 shape: (9000, 9000)


redun coefficients is
[[       1       -9       36      -84      126     -126       84      -36
         9]
 [       9      -80      315     -720     1050    -1008      630     -240
        44]
 [      45     -396     1540    -3465     4950    -4620     2772     -990
       165]
 [     164    -1440     5544   -12320    17325   -15840     9240    -3167
       495]
 [     495    -4289    16380   -36036    50050   -45045    25740    -8580
      1286]
 [    1287   -11088    42041   -91728   126125  -112111    63063   -20592
      3003]
 [    3003   -25740    97020  -210209   286650  -252251   140140   -45045
      6435]
 [    6434   -54912   205920  -443520   600600  -524160   288288   -91519
     12870]
 [   12870  -109394   408408  -875160  1178100 -1021020   556920  -175031
     24309]]


chenking...
Back from rank 18
chenking...
Back from rank 1
chenking...
Back from rank 9
chenking...
Back from rank 17
chenking...
Back from rank 5
chenking...
Back from rank 12
chenking...
Back from rank 4
chenking...
Back from rank 2
chenking...
Back from rank 15
mtrx4(redundency-based results): (4, 1000, 9000)
mtrx6(ranks who have contributions to the redundency-based results): [18, 17, 12, 15]
mtrx5: (5, 1000, 9000)
mtrx7(ranks who have contributions to the results): [1, 9, 5, 4, 2]


starting decoding...


results for workers of mtrx9 [3, 6, 7, 8]
[[[ 2358.  2385.  2254. ...,  2333.  2246.  2291.]
  [ 2276.  2362.  2274. ...,  2310.  2244.  2313.]
  [ 2269.  2335.  2230. ...,  2274.  2205.  2303.]
  ..., 
  [ 2284.  2323.  2247. ...,  2287.  2182.  2259.]
  [ 2341.  2347.  2246. ...,  2339.  2234.  2306.]
  [ 2286.  2262.  2203. ...,  2291.  2216.  2236.]]

 [[ 2290.  2284.  2200. ...,  2253.  2206.  2226.]
  [ 2242.  2249.  2169. ...,  2254.  2195.  2244.]
  [ 2314.  2313.  2207. ...,  2249.  2229.  2296.]
  ..., 
  [ 2287.  2315.  2194. ...,  2327.  2192.  2293.]
  [ 2266.  2333.  2278. ...,  2279.  2202.  2289.]
  [ 2270.  2340.  2225. ...,  2298.  2230.  2314.]]

 [[ 2301.  2302.  2196. ...,  2247.  2173.  2229.]
  [ 2264.  2348.  2265. ...,  2319.  2282.  2245.]
  [ 2322.  2342.  2280. ...,  2321.  2244.  2287.]
  ..., 
  [ 2240.  2327.  2203. ...,  2263.  2167.  2243.]
  [ 2330.  2333.  2284. ...,  2320.  2255.  2313.]
  [ 2298.  2359.  2247. ...,  2288.  2294.  2340.]]

 [[ 2356.  2387.  2260. ...,  2341.  2274.  2319.]
  [ 2267.  2326.  2212. ...,  2285.  2207.  2270.]
  [ 2271.  2318.  2239. ...,  2297.  2181.  2288.]
  ..., 
  [ 2288.  2361.  2281. ...,  2420.  2276.  2357.]
  [ 2260.  2329.  2231. ...,  2296.  2241.  2270.]
  [ 2322.  2305.  2260. ...,  2282.  2195.  2258.]]]
--------------------------------------------------------------
mtrx5:
[[[ 2322.  2396.  2251. ...,  2341.  2257.  2313.]
  [ 2216.  2297.  2190. ...,  2292.  2188.  2217.]
  [ 2247.  2307.  2175. ...,  2282.  2224.  2233.]
  ..., 
  [ 2277.  2324.  2228. ...,  2290.  2173.  2274.]
  [ 2298.  2284.  2218. ...,  2236.  2204.  2246.]
  [ 2270.  2354.  2216. ...,  2298.  2226.  2307.]]

 [[ 2217.  2250.  2178. ...,  2205.  2109.  2202.]
  [ 2330.  2373.  2283. ...,  2339.  2239.  2297.]
  [ 2278.  2318.  2206. ...,  2257.  2203.  2273.]
  ..., 
  [ 2321.  2330.  2234. ...,  2330.  2187.  2301.]
  [ 2286.  2327.  2208. ...,  2238.  2228.  2302.]
  [ 2280.  2334.  2258. ...,  2331.  2227.  2311.]]

 [[ 2306.  2327.  2239. ...,  2357.  2261.  2274.]
  [ 2290.  2398.  2235. ...,  2307.  2247.  2252.]
  [ 2253.  2259.  2207. ...,  2263.  2192.  2246.]
  ..., 
  [ 2301.  2430.  2298. ...,  2320.  2265.  2293.]
  [ 2255.  2320.  2186. ...,  2328.  2223.  2300.]
  [ 2267.  2330.  2290. ...,  2311.  2207.  2289.]]

 [[ 2248.  2252.  2176. ...,  2242.  2152.  2231.]
  [ 2284.  2300.  2269. ...,  2284.  2195.  2343.]
  [ 2261.  2319.  2268. ...,  2296.  2222.  2338.]
  ..., 
  [ 2274.  2306.  2202. ...,  2285.  2182.  2314.]
  [ 2274.  2372.  2264. ...,  2280.  2216.  2275.]
  [ 2212.  2323.  2222. ...,  2247.  2199.  2260.]]

 [[ 2331.  2325.  2265. ...,  2371.  2201.  2276.]
  [ 2277.  2339.  2255. ...,  2341.  2248.  2341.]
  [ 2304.  2351.  2256. ...,  2288.  2239.  2300.]
  ..., 
  [ 2289.  2326.  2275. ...,  2331.  2204.  2308.]
  [ 2298.  2335.  2272. ...,  2342.  2202.  2296.]
  [ 2246.  2325.  2197. ...,  2321.  2218.  2251.]]]


Time taken in seconds 2.618865728378296


------------------------------------------------------------------
just for comparing...
mtrx1 * mtrx2:
[[2322 2396 2251 ..., 2341 2257 2313]
 [2216 2297 2190 ..., 2292 2188 2217]
 [2247 2307 2175 ..., 2282 2224 2233]
 ..., 
 [2321 2330 2234 ..., 2330 2187 2301]
 [2286 2327 2208 ..., 2238 2228 2302]
 [2280 2334 2258 ..., 2331 2227 2311]]
final result after reorder:
[[[ 2322.  2396.  2251. ...,  2341.  2257.  2313.]
  [ 2216.  2297.  2190. ...,  2292.  2188.  2217.]
  [ 2247.  2307.  2175. ...,  2282.  2224.  2233.]
  ..., 
  [ 2277.  2324.  2228. ...,  2290.  2173.  2274.]
  [ 2298.  2284.  2218. ...,  2236.  2204.  2246.]
  [ 2270.  2354.  2216. ...,  2298.  2226.  2307.]]

 [[ 2331.  2325.  2265. ...,  2371.  2201.  2276.]
  [ 2277.  2339.  2255. ...,  2341.  2248.  2341.]
  [ 2304.  2351.  2256. ...,  2288.  2239.  2300.]
  ..., 
  [ 2289.  2326.  2275. ...,  2331.  2204.  2308.]
  [ 2298.  2335.  2272. ...,  2342.  2202.  2296.]
  [ 2246.  2325.  2197. ...,  2321.  2218.  2251.]]

 [[ 2358.  2385.  2254. ...,  2333.  2246.  2291.]
  [ 2276.  2362.  2274. ...,  2310.  2244.  2313.]
  [ 2269.  2335.  2230. ...,  2274.  2205.  2303.]
  ..., 
  [ 2284.  2323.  2247. ...,  2287.  2182.  2259.]
  [ 2341.  2347.  2246. ...,  2339.  2234.  2306.]
  [ 2286.  2262.  2203. ...,  2291.  2216.  2236.]]

 ..., 
 [[ 2306.  2327.  2239. ...,  2357.  2261.  2274.]
  [ 2290.  2398.  2235. ...,  2307.  2247.  2252.]
  [ 2253.  2259.  2207. ...,  2263.  2192.  2246.]
  ..., 
  [ 2301.  2430.  2298. ...,  2320.  2265.  2293.]
  [ 2255.  2320.  2186. ...,  2328.  2223.  2300.]
  [ 2267.  2330.  2290. ...,  2311.  2207.  2289.]]

 [[ 2356.  2387.  2260. ...,  2341.  2274.  2319.]
  [ 2267.  2326.  2212. ...,  2285.  2207.  2270.]
  [ 2271.  2318.  2239. ...,  2297.  2181.  2288.]
  ..., 
  [ 2288.  2361.  2281. ...,  2420.  2276.  2357.]
  [ 2260.  2329.  2231. ...,  2296.  2241.  2270.]
  [ 2322.  2305.  2260. ...,  2282.  2195.  2258.]]

 [[ 2217.  2250.  2178. ...,  2205.  2109.  2202.]
  [ 2330.  2373.  2283. ...,  2339.  2239.  2297.]
  [ 2278.  2318.  2206. ...,  2257.  2203.  2273.]
  ..., 
  [ 2321.  2330.  2234. ...,  2330.  2187.  2301.]
  [ 2286.  2327.  2208. ...,  2238.  2228.  2302.]
  [ 2280.  2334.  2258. ...,  2331.  2227.  2311.]]]
chenking...
chenking...
chenking...
chenking...
chenking...
chenking...
chenking...
chenking...
chenking...
comparison:
[[[  0.00000000e+00   0.00000000e+00   0.00000000e+00 ...,   0.00000000e+00
     0.00000000e+00   0.00000000e+00]
  [  0.00000000e+00   0.00000000e+00   0.00000000e+00 ...,   0.00000000e+00
     0.00000000e+00   0.00000000e+00]
  [  0.00000000e+00   0.00000000e+00   0.00000000e+00 ...,   0.00000000e+00
     0.00000000e+00   0.00000000e+00]
  ..., 
  [  0.00000000e+00   0.00000000e+00   0.00000000e+00 ...,   0.00000000e+00
     0.00000000e+00   0.00000000e+00]
  [  0.00000000e+00   0.00000000e+00   0.00000000e+00 ...,   0.00000000e+00
     0.00000000e+00   0.00000000e+00]
  [  0.00000000e+00   0.00000000e+00   0.00000000e+00 ...,   0.00000000e+00
     0.00000000e+00   0.00000000e+00]]

 [[  0.00000000e+00   0.00000000e+00   0.00000000e+00 ...,   0.00000000e+00
     0.00000000e+00   0.00000000e+00]
  [  0.00000000e+00   0.00000000e+00   0.00000000e+00 ...,   0.00000000e+00
     0.00000000e+00   0.00000000e+00]
  [  0.00000000e+00   0.00000000e+00   0.00000000e+00 ...,   0.00000000e+00
     0.00000000e+00   0.00000000e+00]
  ..., 
  [  0.00000000e+00   0.00000000e+00   0.00000000e+00 ...,   0.00000000e+00
     0.00000000e+00   0.00000000e+00]
  [  0.00000000e+00   0.00000000e+00   0.00000000e+00 ...,   0.00000000e+00
     0.00000000e+00   0.00000000e+00]
  [  0.00000000e+00   0.00000000e+00   0.00000000e+00 ...,   0.00000000e+00
     0.00000000e+00   0.00000000e+00]]

 [[ -5.41149348e-11  -2.53294274e-10  -2.05545803e-10 ...,  -3.26508598e-10
    -2.20097718e-10  -1.43700163e-10]
  [ -2.26009433e-10  -2.71938916e-10  -1.52795110e-10 ...,  -9.23137122e-11
    -1.38243195e-10   2.22826202e-11]
  [ -7.36690708e-11  -1.18689059e-10  -1.13232090e-10 ...,   2.22826202e-11
    -2.06455297e-10  -2.26918928e-10]
  ..., 
  [ -2.90583557e-10  -3.65616870e-10  -2.73757905e-10 ...,  -3.18777893e-10
    -4.40195436e-10  -4.65661287e-10]
  [ -2.44654075e-10  -3.72892828e-11  -4.77484718e-11 ...,   8.77662387e-11
    -2.51020538e-10  -4.09272616e-12]
  [ -2.94676283e-10  -5.67979441e-10  -1.95086614e-10 ...,   1.13232090e-10
    -2.05545803e-10  -7.59428076e-11]]

 ..., 
 [[  5.00000000e+00   2.50000000e+01   4.30000000e+01 ...,   1.10000000e+02
     8.80000000e+01   4.50000000e+01]
  [  2.60000000e+01   5.00000000e+01  -3.00000000e+01 ...,  -1.20000000e+01
    -3.50000000e+01   7.00000000e+00]
  [ -6.90000000e+01  -8.30000000e+01  -7.30000000e+01 ...,  -5.80000000e+01
    -5.20000000e+01  -4.10000000e+01]
  ..., 
  [  6.10000000e+01   1.03000000e+02   9.50000000e+01 ...,   5.70000000e+01
     9.80000000e+01   5.00000000e+01]
  [ -7.50000000e+01  -1.30000000e+01  -9.80000000e+01 ...,   8.00000000e+00
    -3.20000000e+01  -1.30000000e+01]
  [ -3.10000000e+01  -2.90000000e+01   4.30000000e+01 ...,   2.30000000e+01
    -8.70000000e+01  -5.10000000e+01]]

 [[ -2.81033863e-10  -9.69066605e-10  -8.13997758e-10 ...,  -1.25282895e-09
    -8.50377546e-10  -5.73891157e-10]
  [ -8.82209861e-10  -1.07684173e-09  -6.35282049e-10 ...,  -3.80623533e-10
    -5.49334800e-10   2.68300937e-11]
  [ -3.39241524e-10  -5.01131581e-10  -4.70208761e-10 ...,   4.22915036e-11
    -8.11724021e-10  -8.55834514e-10]
  ..., 
  [ -1.10412657e-09  -1.40744305e-09  -1.05001163e-09 ...,  -1.23054633e-09
    -1.68438419e-09  -1.74304660e-09]
  [ -9.56333679e-10  -2.20552465e-10  -2.40106601e-10 ...,   2.75122147e-10
    -9.74978320e-10  -8.00355338e-11]
  [ -1.11731424e-09  -2.13822204e-09  -7.75798981e-10 ...,   3.71528586e-10
    -7.84893928e-10  -3.33329808e-10]]

 [[  0.00000000e+00   0.00000000e+00   0.00000000e+00 ...,   0.00000000e+00
     0.00000000e+00   0.00000000e+00]
  [  0.00000000e+00   0.00000000e+00   0.00000000e+00 ...,   0.00000000e+00
     0.00000000e+00   0.00000000e+00]
  [  0.00000000e+00   0.00000000e+00   0.00000000e+00 ...,   0.00000000e+00
     0.00000000e+00   0.00000000e+00]
  ..., 
  [  0.00000000e+00   0.00000000e+00   0.00000000e+00 ...,   0.00000000e+00
     0.00000000e+00   0.00000000e+00]
  [  0.00000000e+00   0.00000000e+00   0.00000000e+00 ...,   0.00000000e+00
     0.00000000e+00   0.00000000e+00]
  [  0.00000000e+00   0.00000000e+00   0.00000000e+00 ...,   0.00000000e+00
     0.00000000e+00   0.00000000e+00]]]
------------------------------------------------------
Running PBS epilogue script    - 16-Apr-2020 22:25:54
------------------------------------------------------
Checking node qb116 (MS)
Checking node qb116 ok
------------------------------------------------------
Concluding PBS epilogue script - 16-Apr-2020 22:25:55
------------------------------------------------------
Exit Status:     0
Job ID:          769737.qb3
Username:        jianjun
Group:           latechusers
Job Name:        test.pbs
Session Id:      43381
Resource Limits: ncpus=1,neednodes=1:ppn=20,nodes=1:ppn=20,walltime=24:00:00
Resources Used:  cput=31:16:25,mem=40827904kb,vmem=60773584kb,walltime=01:38:41
Queue Used:      workq
Account String:  loni_codedcomp
Node:            qb116
Process id:      45858
Last status:     16-Apr-2020:22:05 PBS_job=769737.qb3 user=jianjun allocation=loni_codedcomp queue=workq total_load=19.07 cpu_hours=9.48 wall_hours=0.48 unused_nodes=0 total_nodes=1 ppn=20 avg_load=19.07 avg_cpu=1885% avg_mem=24713mb avg_vmem=44084mb top_proc=jianjun:python:qb116:985M:41M:0.5hr:101% toppm=jianjun:python:qb116:18226M:16998M node_processes=24 avg_avail_mem=43686mb min_avail_mem=43686mb reverified_avg_load=19.00
------------------------------------------------------
