--------------------------------------
Running PBS prologue script
--------------------------------------
User and Job Data:
--------------------------------------
Job ID:    765671.qb3
Username:  jianjun
Group:     latechusers
Date:      27-Mar-2020 09:56
Node:      qb010 (105952)
--------------------------------------
PBS has allocated the following nodes:

qb010
qb013
qb018

A total of 60 processors on 3 nodes allocated
---------------------------------------------
Check nodes and clean them of stray processes
---------------------------------------------
Checking node qb010 09:56:02 
Checking node qb013 09:56:04 
Checking node qb018 09:56:06 
Done clearing all the allocated nodes
------------------------------------------------------
Concluding PBS prologue script - 27-Mar-2020 09:56:06
------------------------------------------------------
encoder shape: (10000, 5000)
mtrx1Coded shape: (10000, 5000)
mtrx2 shape: (5000, 5000)
There are totally 40 blocks for workers.
Back from rank 40
Back from rank 39
Back from rank 38
Back from rank 37
Back from rank 36
Back from rank 35
Back from rank 34
Back from rank 33
Back from rank 32
Back from rank 31
Back from rank 30
Back from rank 29
Back from rank 28
Back from rank 27
Back from rank 26
Back from rank 25
Back from rank 24
Back from rank 23
Back from rank 22
Back from rank 21
Finally, mtrx4(redundency-based results) is
(20, 250, 5000)
mtrx6(ranks who have contributions to the redundency-based results): [40, 39, 38, 37, 36, 35, 34, 33, 32, 31, 30, 29, 28, 27, 26, 25, 24, 23, 22, 21]
Finally, mtrx5 is
(0,)
mtrx7(ranks who have contributions to the results): []


starting decoding...


results for workers of mtrx9 which are [1, 2, 3, 4, 5, 6, 7, 8, 9, 10, 11, 12, 13, 14, 15, 16, 17, 18, 19, 20]
[[[ 1161.90897495  1204.30829225  1163.38635045 ...,  1155.53785927
    1224.32899206  1191.00796678]
  [ 1189.39466479  1199.13513097  1179.04598971 ...,  1219.38026818
    1232.24210673  1208.93232023]
  [ 1163.38320113  1146.40859061  1180.27795673 ...,  1182.20561065
    1152.32629185  1225.59580685]
  ..., 
  [ 1148.07740059  1189.49156299  1185.76073639 ...,  1189.01412764
    1182.80699762  1151.25915235]
  [ 1172.80669176  1205.04927246  1189.77760373 ...,  1191.55368787
    1201.38103356  1203.76439645]
  [ 1164.76176387  1210.85992093  1177.58552027 ...,  1191.03461946
    1210.3334873   1201.96741872]]

 [[ 1299.37609096  1298.11913037  1385.78074956 ...,  1317.12643649
    1289.69410132  1301.82091064]
  [ 1250.04179836  1348.10218058  1348.81776144 ...,  1319.54614116
    1339.74964022  1329.80961834]
  [ 1275.83282304  1350.91509928  1334.67903161 ...,  1292.00381639
    1337.79565815  1330.97446542]
  ..., 
  [ 1232.0822965   1306.08413966  1297.05195992 ...,  1254.74088478
    1291.69540697  1311.2323502 ]
  [ 1274.56216392  1312.35795898  1323.24117165 ...,  1259.83604505
    1326.99152375  1295.09529281]
  [ 1300.59854343  1323.06693639  1304.11050448 ...,  1325.88523612
    1295.38682025  1335.27202925]]

 [[ 1180.91325347  1228.27411866  1201.38729559 ...,  1165.94797317
    1243.783145    1238.01704206]
  [ 1140.29472838  1178.35396898  1185.52169565 ...,  1184.53421955
    1199.55644546  1186.68334137]
  [ 1204.94617362  1205.19076234  1213.45954536 ...,  1235.45492642
    1210.4474986   1248.50466839]
  ..., 
  [ 1187.46424181  1196.80041806  1199.49793727 ...,  1215.71058277
    1179.65401364  1187.42399831]
  [ 1209.5477679   1241.63610219  1207.44151778 ...,  1220.79760216
    1228.55322642  1252.58698914]
  [ 1173.63345086  1205.34127169  1230.52536899 ...,  1136.04002592
    1234.64267106  1178.71091551]]

 ..., 
 [[ 1218.45507931  1272.55588974  1293.69044546 ...,  1248.46602104
    1272.94371534  1276.4690348 ]
  [ 1240.35546942  1279.26659915  1284.48996151 ...,  1241.8323013
    1279.73502741  1271.32991811]
  [ 1240.19624026  1262.50867771  1271.08031532 ...,  1242.11549096
    1286.81996414  1262.55464561]
  ..., 
  [ 1244.83696401  1286.93720637  1286.22750313 ...,  1245.04481309
    1296.0906787   1312.30800945]
  [ 1215.68520666  1325.87245586  1292.20104161 ...,  1245.53713418
    1276.46037145  1279.6638528 ]
  [ 1204.74767476  1256.45556722  1264.30904716 ...,  1237.04633228
    1288.04132182  1270.77468707]]

 [[ 1238.50066789  1278.97779921  1275.59227973 ...,  1266.83663332
    1267.76395282  1289.30377068]
  [ 1254.08463624  1314.03114051  1277.1479082  ...,  1272.40303429
    1313.94697863  1299.84599495]
  [ 1250.43641805  1294.83304234  1270.32810217 ...,  1271.71269919
    1262.16090709  1308.60900667]
  ..., 
  [ 1272.41277836  1261.68408367  1292.41142041 ...,  1254.26827961
    1287.80103824  1304.30523299]
  [ 1203.17590209  1243.6083574   1260.30584813 ...,  1228.08669108
    1251.42700737  1267.36994213]
  [ 1219.08545597  1247.74265986  1251.3142515  ...,  1237.54131634
    1243.53127346  1233.64234726]]

 [[ 1210.21456984  1226.98946197  1224.28358612 ...,  1208.03363645
    1256.73966122  1222.10452164]
  [ 1229.11845366  1267.02241716  1265.11893127 ...,  1235.12282374
    1280.15715718  1262.23247979]
  [ 1212.00991613  1270.3114428   1264.0017081  ...,  1245.18474558
    1298.22794891  1307.20640344]
  ..., 
  [ 1243.1521247   1252.39560942  1289.09692249 ...,  1235.04965194
    1280.16591726  1268.05873046]
  [ 1233.10706444  1306.22819616  1297.16314698 ...,  1273.06602677
    1253.25091405  1277.17198073]
  [ 1216.11229012  1276.31759596  1254.07301913 ...,  1235.30034515
    1241.19216634  1255.00706924]]]
--------------------------------------------------------------
mtrx5:
[]
--------------------------------------------------------------


Time taken in seconds(with sleep) 3.4781665802001953


--------------------------------------------------------------
just for comparing...
mtrx1 * mtrx2:
[[1221 1262 1254 ..., 1213 1253 1226]
 [1255 1296 1276 ..., 1302 1305 1292]
 [1223 1230 1255 ..., 1234 1222 1285]
 ..., 
 [1241 1250 1287 ..., 1233 1278 1266]
 [1231 1304 1295 ..., 1271 1251 1275]
 [1214 1274 1252 ..., 1233 1239 1253]]
------------------------------------------------------
Running PBS epilogue script    - 27-Mar-2020 10:03:31
------------------------------------------------------
Checking node qb010 (MS)
Checking node qb018 ok
Checking node qb013 ok
Checking node qb010 ok
------------------------------------------------------
Concluding PBS epilogue script - 27-Mar-2020 10:03:36
------------------------------------------------------
Exit Status:     0
Job ID:          765671.qb3
Username:        jianjun
Group:           latechusers
Job Name:        test1.pbs
Session Id:      105951
Resource Limits: ncpus=1,neednodes=3:ppn=20,nodes=3:ppn=20,walltime=24:00:00
Resources Used:  cput=02:20:41,mem=12907172kb,vmem=32397216kb,walltime=00:07:29
Queue Used:      checkpt
Account String:  loni_codedcomp
Node:            qb010
Process id:      107538
------------------------------------------------------
