--------------------------------------
Running PBS prologue script
--------------------------------------
User and Job Data:
--------------------------------------
Job ID:    759892.qb3
Username:  jianjun
Group:     latechusers
Date:      05-Mar-2020 10:46
Node:      qb227 (109360)
--------------------------------------
PBS has allocated the following nodes:

qb227
qb228

A total of 40 processors on 2 nodes allocated
---------------------------------------------
Check nodes and clean them of stray processes
---------------------------------------------
Checking node qb227 10:46:17 
Checking node qb228 10:46:18 
Done clearing all the allocated nodes
------------------------------------------------------
Concluding PBS prologue script - 05-Mar-2020 10:46:18
------------------------------------------------------


redun:
[[           1            0            0 ...,            0            0
             0]
 [           0            1            0 ...,            0            0
             0]
 [           0            0            1 ...,            0            0
             0]
 ..., 
 [           0            0            0 ..., 743008370688            0
             0]
 [           0            0            0 ...,            0 743008370688
             0]
 [           0            0            0 ...,            0            0
  743008370688]]
(4800, 4800)
encoder:
[[           1            0            0 ...,            0            0
             0]
 [           0            1            0 ...,            0            0
             0]
 [           0            0            1 ...,            0            0
             0]
 ..., 
 [           0            0            0 ..., 743008370688            0
             0]
 [           0            0            0 ...,            0 743008370688
             0]
 [           0            0            0 ...,            0            0
  743008370688]]
(9600, 4800)
------------------------------------------
mtrx1:
[[1 1 0 ..., 1 0 0]
 [1 0 1 ..., 1 1 0]
 [0 1 0 ..., 1 1 1]
 ..., 
 [0 0 1 ..., 0 1 1]
 [0 0 0 ..., 0 0 0]
 [0 1 0 ..., 1 1 0]]
(4800, 4800)
---------------------------------------------
mtrx1_coded:
(9600, 4800)
---------------------------------------------
mtrx2:
[[0 1 0 ..., 0 0 0]
 [1 1 0 ..., 0 1 0]
 [0 1 0 ..., 1 0 0]
 ..., 
 [0 1 0 ..., 1 1 1]
 [0 1 1 ..., 1 1 0]
 [0 0 1 ..., 1 0 1]]
(4800, 4800)
--------------------------------------------------------
There are totally 24 blocks for workers.


========================================================
data is ready!
========================================================
data is sending...


data is sending to rank 24
data is sending to rank 23
data is sending to rank 22
data is sending to rank 21
data is sending to rank 20
data is sending to rank 19
data is sending to rank 18
data is sending to rank 17
data is sending to rank 16
data is sending to rank 15
data is sending to rank 14
data is sending to rank 13
data is sending to rank 12
data is sending to rank 11
data is sending to rank 10
data is sending to rank 9
data is sending to rank 8
data is sending to rank 7
data is sending to rank 6
data is sending to rank 5
data is sending to rank 4
data is sending to rank 3
data is sending to rank 2
data is sending to rank 1
========================================================
vander_matrix which is used to figure out the factor...
[[           1            1            1            1            1
             1            1            1            1            1
             1            1]
 [           1            2            4            8           16
            32           64          128          256          512
          1024         2048]
 [           1            3            9           27           81
           243          729         2187         6561        19683
         59049       177147]
 [           1            4           16           64          256
          1024         4096        16384        65536       262144
       1048576      4194304]
 [           1            5           25          125          625
          3125        15625        78125       390625      1953125
       9765625     48828125]
 [           1            6           36          216         1296
          7776        46656       279936      1679616     10077696
      60466176    362797056]
 [           1            7           49          343         2401
         16807       117649       823543      5764801     40353607
     282475249   1977326743]
 [           1            8           64          512         4096
         32768       262144      2097152     16777216    134217728
    1073741824   8589934592]
 [           1            9           81          729         6561
         59049       531441      4782969     43046721    387420489
    3486784401  31381059609]
 [           1           10          100         1000        10000
        100000      1000000     10000000    100000000   1000000000
   10000000000 100000000000]
 [           1           11          121         1331        14641
        161051      1771561     19487171    214358881   2357947691
   25937424601 285311670611]
 [           1           12          144         1728        20736
        248832      2985984     35831808    429981696   5159780352
   61917364224 743008370688]]
---------------------------------------------------------


receiving partial results...


Back from rank 24
mtrx4(redundency group) now is (1, 400, 4800)


Back from rank 20
mtrx4(redundency group) now is (2, 400, 4800)


Back from rank 23
mtrx4(redundency group) now is (3, 400, 4800)


Back from rank 21
mtrx4(redundency group) now is (4, 400, 4800)


Back from rank 22
mtrx4(redundency group) now is (5, 400, 4800)


Back from rank 17
mtrx4(redundency group) now is (6, 400, 4800)


Back from rank 6
mtrx5 now is (1, 400, 4800)


Back from rank 1
mtrx5 now is (2, 400, 4800)


Back from rank 12
mtrx5 now is (3, 400, 4800)


Back from rank 5
mtrx5 now is (4, 400, 4800)


Back from rank 10
mtrx5 now is (5, 400, 4800)


Back from rank 7
mtrx5 now is (6, 400, 4800)


useless workers: []


Finally, mtrx4(redundency-based results) is
(6, 400, 4800)
mtrx6(ranks who have contributions to the redundency-based results): [24, 20, 23, 21, 22, 17]
++++++++++++++++++++++++++++++++++++++++
Finally, mtrx5 is
(6, 400, 4800)
mtrx7(ranks who have contributions to the results): [6, 1, 12, 5, 10, 7]


========================================================


starting decoding...


---------------------------------------------------------
mtrx4 length: 6
mtrx5 length: 6
mtrx6 length(rank): 6
mtrx7 length(rank): 6
---------------------------------------------------------
alpha is 248832
alpha is 1
alpha is 743008370688
alpha is 20736
alpha is 5159780352
alpha is 2985984
alpha is 32768
alpha is 1
alpha is 8589934592
alpha is 4096
alpha is 134217728
alpha is 262144
alpha is 161051
alpha is 1
alpha is 285311670611
alpha is 14641
alpha is 2357947691
alpha is 1771561
alpha is 59049
alpha is 1
alpha is 31381059609
alpha is 6561
alpha is 387420489
alpha is 531441
alpha is 100000
alpha is 1
alpha is 100000000000
alpha is 10000
alpha is 1000000000
alpha is 1000000
alpha is 3125
alpha is 1
alpha is 48828125
alpha is 625
alpha is 1953125
alpha is 15625
--------------------------------------------
mtrx8 is
[[           1           12          144         1728        20736
        248832      2985984     35831808    429981696   5159780352
   61917364224 743008370688]
 [           1            8           64          512         4096
         32768       262144      2097152     16777216    134217728
    1073741824   8589934592]
 [           1           11          121         1331        14641
        161051      1771561     19487171    214358881   2357947691
   25937424601 285311670611]
 [           1            9           81          729         6561
         59049       531441      4782969     43046721    387420489
    3486784401  31381059609]
 [           1           10          100         1000        10000
        100000      1000000     10000000    100000000   1000000000
   10000000000 100000000000]
 [           1            5           25          125          625
          3125        15625        78125       390625      1953125
       9765625     48828125]]
--------------------------------------------
rank that did not send back partial results(mtrx9):
[2, 3, 4, 8, 9, 11]
---------------------------------------------------------
mtrx10 is
[[         12         144        1728    35831808   429981696 61917364224]
 [          8          64         512     2097152    16777216  1073741824]
 [         11         121        1331    19487171   214358881 25937424601]
 [          9          81         729     4782969    43046721  3486784401]
 [         10         100        1000    10000000   100000000 10000000000]
 [          5          25         125       78125      390625     9765625]]
beta is 0.666666666667
beta is 0.916666666667
beta is 0.75
beta is 0.833333333333
beta is 0.416666666667
beta is 0.34375
beta is 0.84375
beta is 0.625
beta is 1.09375
beta is 0.818181818182
beta is 1.21212121212
beta is -3.18181818182
beta is 0.795657726692
beta is -8.83908045977
beta is 33.6538829264
--------------------------------------------
mtrx10 now(triangular matrix) is
[[  1.20000000e+01   1.44000000e+02   1.72800000e+03   3.58318080e+07
    4.29981696e+08   6.19173642e+10]
 [  0.00000000e+00  -3.20000000e+01  -6.40000000e+02  -2.17907200e+07
   -2.69877248e+08  -4.02045010e+10]
 [  0.00000000e+00   0.00000000e+00  -3.30000000e+01  -5.86809300e+06
   -8.70207030e+07  -1.69998621e+10]
 [  0.00000000e+00   0.00000000e+00   0.00000000e+00   1.09620000e+06
    1.94681340e+07   4.88028699e+09]
 [  0.00000000e+00   0.00000000e+00   0.00000000e+00   0.00000000e+00
    3.44868759e+05   2.52864948e+08]
 [  0.00000000e+00   0.00000000e+00   0.00000000e+00   0.00000000e+00
    0.00000000e+00  -1.27857133e+09]]
--------------------------------------------
results for workers of mtrx9 which are [2, 3, 4, 8, 9, 11]
[[[ 1188.0703125   1158.05208333  1173.06510417 ...,  1193.078125
    1126.078125    1158.06380208]
  [ 1240.06380208  1219.078125    1232.05208333 ...,  1197.07291667
    1193.0703125   1185.06770833]
  [ 1226.109375    1202.07552083  1222.08072917 ...,  1231.0703125
    1203.06770833  1184.06640625]
  ..., 
  [ 1205.07552083  1205.06510417  1228.05859375 ...,  1186.06901042
    1214.10026042  1210.09505208]
  [ 1214.08333333  1231.09114583  1229.06380208 ...,  1181.07682292
    1177.04166667  1193.05859375]
  [ 1231.07421875  1215.08333333  1203.07552083 ...,  1227.078125
    1194.0703125   1205.08984375]]

 [[ 1201.97143555  1230.97802734  1227.97436523 ...,  1214.9675293
    1195.96923828  1216.97436523]
  [ 1214.97192383  1240.96728516  1225.97729492 ...,  1222.97216797
    1227.97314453  1231.97338867]
  [ 1243.96020508  1234.97094727  1200.97021484 ...,  1188.97216797
    1199.97363281  1212.97143555]
  ..., 
  [ 1192.96875     1213.97265625  1172.97558594 ...,  1189.97265625
    1170.9621582   1206.96362305]
  [ 1204.96606445  1216.96337891  1225.97192383 ...,  1174.96850586
    1182.98095703  1211.97436523]
  [ 1238.96875     1205.96533203  1189.96948242 ...,  1226.97045898
    1186.97265625  1241.96508789]]

 [[ 1178.00295928  1212.00236742  1178.00260417 ...,  1182.00343277
    1172.00319602  1183.00272254]
  [ 1189.00307765  1184.00343277  1207.0024858  ...,  1171.00284091
    1182.00272254  1210.00272254]
  [ 1229.00390625  1186.00295928  1227.00295928 ...,  1214.00284091
    1160.00272254  1186.00307765]
  ..., 
  [ 1214.00331439  1210.00295928  1232.00260417 ...,  1247.00284091
    1212.00378788  1230.00366951]
  [ 1240.00355114  1196.00378788  1206.00307765 ...,  1237.00331439
    1197.00213068  1201.00284091]
  [ 1210.00331439  1227.00366951  1175.00319602 ...,  1245.00295928
    1204.00284091  1179.00355114]]

 [[ 1245.99999963  1196.99999968  1192.99999968 ...,  1238.99999955
    1213.99999959  1243.99999963]
  [ 1173.99999958  1218.99999956  1186.99999966 ...,  1197.99999964
    1209.99999966  1228.99999965]
  [ 1207.99999954  1158.99999963  1149.99999964 ...,  1180.99999964
    1161.99999966  1187.99999958]
  ..., 
  [ 1233.99999956  1199.9999996   1229.99999965 ...,  1229.99999963
    1203.99999954  1232.99999954]
  [ 1228.99999954  1179.99999952  1205.99999958 ...,  1189.99999956
    1176.9999997   1222.9999996 ]
  [ 1226.99999957  1246.99999952  1188.99999958 ...,  1262.99999964
    1223.99999963  1243.99999956]]

 [[ 1178.00000003  1206.00000003  1209.00000003 ...,  1204.00000004
    1167.00000004  1179.00000003]
  [ 1226.00000004  1252.00000004  1220.00000003 ...,  1244.00000003
    1255.00000003  1231.00000003]
  [ 1220.00000004  1228.00000003  1220.00000003 ...,  1175.00000003
    1188.00000003  1223.00000004]
  ..., 
  [ 1232.00000004  1225.00000004  1228.00000003 ...,  1254.00000003
    1216.00000004  1247.00000004]
  [ 1193.00000004  1180.00000004  1180.00000004 ...,  1214.00000004
    1180.00000003  1183.00000004]
  [ 1167.00000004  1192.00000005  1238.00000004 ...,  1187.00000003
    1154.00000003  1157.00000004]]

 [[ 1251.          1237.          1212.         ...,  1193.          1157.
    1223.        ]
  [ 1187.          1170.          1194.         ...,  1189.          1154.
    1199.        ]
  [ 1245.          1221.          1244.         ...,  1213.          1200.
    1207.        ]
  ..., 
  [ 1206.          1218.          1224.         ...,  1178.          1201.
    1218.        ]
  [ 1204.          1246.          1203.         ...,  1211.          1196.
    1220.        ]
  [ 1202.          1204.          1208.         ...,  1210.          1209.
    1203.        ]]]
--------------------------------------------------------------
mtrx5:
[[[1209 1220 1197 ..., 1218 1158 1173]
  [1223 1225 1194 ..., 1206 1209 1208]
  [1210 1203 1192 ..., 1231 1193 1208]
  ..., 
  [1231 1228 1232 ..., 1222 1203 1211]
  [1194 1190 1224 ..., 1208 1202 1200]
  [1255 1224 1234 ..., 1269 1210 1214]]

 [[1194 1201 1190 ..., 1182 1178 1154]
  [1227 1222 1212 ..., 1227 1175 1219]
  [1173 1208 1190 ..., 1203 1162 1214]
  ..., 
  [1212 1224 1208 ..., 1189 1175 1204]
  [1200 1220 1210 ..., 1185 1191 1165]
  [1199 1195 1243 ..., 1191 1201 1216]]

 [[1193 1179 1169 ..., 1160 1193 1155]
  [1223 1222 1185 ..., 1179 1191 1185]
  [1205 1199 1207 ..., 1214 1182 1191]
  ..., 
  [1215 1189 1201 ..., 1213 1196 1218]
  [1225 1199 1207 ..., 1188 1193 1223]
  [1234 1224 1215 ..., 1211 1177 1203]]

 [[1218 1212 1224 ..., 1198 1174 1186]
  [1205 1206 1211 ..., 1226 1190 1177]
  [1207 1185 1202 ..., 1194 1191 1204]
  ..., 
  [1215 1191 1171 ..., 1193 1175 1185]
  [1195 1197 1204 ..., 1180 1197 1169]
  [1219 1193 1197 ..., 1227 1196 1175]]

 [[1204 1222 1210 ..., 1229 1197 1183]
  [1210 1187 1200 ..., 1225 1230 1191]
  [1177 1148 1158 ..., 1163 1135 1154]
  ..., 
  [1222 1213 1191 ..., 1238 1218 1229]
  [1188 1195 1187 ..., 1199 1185 1185]
  [1223 1261 1268 ..., 1222 1246 1214]]

 [[1189 1200 1231 ..., 1216 1191 1224]
  [1192 1201 1230 ..., 1193 1169 1189]
  [1216 1197 1200 ..., 1195 1162 1158]
  ..., 
  [1211 1196 1229 ..., 1178 1184 1198]
  [1199 1182 1208 ..., 1208 1217 1217]
  [1194 1205 1201 ..., 1225 1183 1214]]]
--------------------------------------------------------------


Time taken in seconds(with sleep) 3365.6037085056305


--------------------------------------------------------------
just for comparing...
mtrx1 * mtrx2:
[[1194 1201 1190 ..., 1182 1178 1154]
 [1227 1222 1212 ..., 1227 1175 1219]
 [1173 1208 1190 ..., 1203 1162 1214]
 ..., 
 [1215 1189 1201 ..., 1213 1196 1218]
 [1225 1199 1207 ..., 1188 1193 1223]
 [1234 1224 1215 ..., 1211 1177 1203]]
------------------------------------------------------
Running PBS epilogue script    - 05-Mar-2020 11:54:08
------------------------------------------------------
Checking node qb227 (MS)
Checking node qb228 ok
Checking node qb227 ok
------------------------------------------------------
Concluding PBS epilogue script - 05-Mar-2020 11:54:11
------------------------------------------------------
Exit Status:     0
Job ID:          759892.qb3
Username:        jianjun
Group:           latechusers
Job Name:        test.pbs
Session Id:      109359
Resource Limits: ncpus=1,neednodes=2:ppn=20,nodes=2:ppn=20,walltime=24:00:00
Resources Used:  cput=22:35:57,mem=12607536kb,vmem=32384012kb,walltime=01:07:54
Queue Used:      checkpt
Account String:  loni_codedcomp
Node:            qb227
Process id:      111214
------------------------------------------------------
