--------------------------------------
Running PBS prologue script
--------------------------------------
User and Job Data:
--------------------------------------
Job ID:    760364.qb3
Username:  jianjun
Group:     latechusers
Date:      06-Mar-2020 10:30
Node:      qb276 (13155)
--------------------------------------
PBS has allocated the following nodes:

qb276
qb308

A total of 40 processors on 2 nodes allocated
---------------------------------------------
Check nodes and clean them of stray processes
---------------------------------------------
Checking node qb276 10:30:19 
Checking node qb308 10:30:20 
Done clearing all the allocated nodes
------------------------------------------------------
Concluding PBS prologue script - 06-Mar-2020 10:30:20
------------------------------------------------------


------------------------------------------
------------------------------------------
---------------------------------------------
---------------------------------------------
--------------------------------------------------------
There are totally 30 blocks for workers.


========================================================
data is ready!
========================================================
data is sending...


========================================================


prepare the coefficients for figuring out the alpha & beta later...
[[                1                 1                 1                 1
                  1                 1                 1                 1
                  1                 1                 1                 1
                  1                 1                 1]
 [                1                 2                 4                 8
                 16                32                64               128
                256               512              1024              2048
               4096              8192             16384]
 [                1                 3                 9                27
                 81               243               729              2187
               6561             19683             59049            177147
             531441           1594323           4782969]
 [                1                 4                16                64
                256              1024              4096             16384
              65536            262144           1048576           4194304
           16777216          67108864         268435456]
 [                1                 5                25               125
                625              3125             15625             78125
             390625           1953125           9765625          48828125
          244140625        1220703125        6103515625]
 [                1                 6                36               216
               1296              7776             46656            279936
            1679616          10077696          60466176         362797056
         2176782336       13060694016       78364164096]
 [                1                 7                49               343
               2401             16807            117649            823543
            5764801          40353607         282475249        1977326743
        13841287201       96889010407      678223072849]
 [                1                 8                64               512
               4096             32768            262144           2097152
           16777216         134217728        1073741824        8589934592
        68719476736      549755813888     4398046511104]
 [                1                 9                81               729
               6561             59049            531441           4782969
           43046721         387420489        3486784401       31381059609
       282429536481     2541865828329    22876792454961]
 [                1                10               100              1000
              10000            100000           1000000          10000000
          100000000        1000000000       10000000000      100000000000
      1000000000000    10000000000000   100000000000000]
 [                1                11               121              1331
              14641            161051           1771561          19487171
          214358881        2357947691       25937424601      285311670611
      3138428376721    34522712143931   379749833583241]
 [                1                12               144              1728
              20736            248832           2985984          35831808
          429981696        5159780352       61917364224      743008370688
      8916100448256   106993205379072  1283918464548864]
 [                1                13               169              2197
              28561            371293           4826809          62748517
          815730721       10604499373      137858491849     1792160394037
     23298085122481   302875106592253  3937376385699289]
 [                1                14               196              2744
              38416            537824           7529536         105413504
         1475789056       20661046784      289254654976     4049565169664
     56693912375296   793714773254144 11112006825558016]
 [                1                15               225              3375
              50625            759375          11390625         170859375
         2562890625       38443359375      576650390625     8649755859375
    129746337890625  1946195068359375 29192926025390625]]
---------------------------------------------------------


start receiving...


Back from rank 7
mtrx5 now is (1, 100, 1500)


Back from rank 2
mtrx5 now is (2, 100, 1500)


Back from rank 8
mtrx5 now is (3, 100, 1500)


Back from rank 4
mtrx5 now is (4, 100, 1500)


Back from rank 9
mtrx5 now is (5, 100, 1500)


Back from rank 18
mtrx4(redundency-based results) now is (1, 100, 1500)
mtrx11 now is
[[      1       3       9      27      81     243     729    2187    6561
    19683   59049  177147  531441 1594323 4782969]]


alpha is 729
alpha is 3
alpha is 2187
alpha is 27
alpha is 6561
mtrx11 after simplify is
[[      1       0       9       0      81     243       0       0       0
    19683   59049  177147  531441 1594323 4782969]]
Back from rank 16
mtrx4(redundency-based results) now is (2, 100, 1500)
mtrx11 now is
[[      1       0       9       0      81     243       0       0       0
    19683   59049  177147  531441 1594323 4782969]
 [      1       1       1       1       1       1       1       1       1
        1       1       1       1       1       1]]


alpha is 1
alpha is 1
alpha is 1
alpha is 1
alpha is 1
mtrx11 after simplify is
[[      1       0       9       0      81     243       0       0       0
    19683   59049  177147  531441 1594323 4782969]
 [      1       0       1       0       1       1       0       0       0
        1       1       1       1       1       1]]
pivot is 1
target is 1
beta is 1.0
-------------------------------------
mtrx11(coefficients of left terms after forward elimination) is
[[  1.00000000e+00   0.00000000e+00   9.00000000e+00   0.00000000e+00
    8.10000000e+01   2.43000000e+02   0.00000000e+00   0.00000000e+00
    0.00000000e+00   1.96830000e+04   5.90490000e+04   1.77147000e+05
    5.31441000e+05   1.59432300e+06   4.78296900e+06]
 [  0.00000000e+00   0.00000000e+00  -8.00000000e+00   0.00000000e+00
   -8.00000000e+01  -2.42000000e+02   0.00000000e+00   0.00000000e+00
    0.00000000e+00  -1.96820000e+04  -5.90480000e+04  -1.77146000e+05
   -5.31440000e+05  -1.59432200e+06  -4.78296800e+06]]
--------------------------------------------
Back from rank 6
mtrx5 now is (6, 100, 1500)
alpha is 243
alpha is -242.0
mtrx11 after updated is
[[  1.00000000e+00   0.00000000e+00   9.00000000e+00   0.00000000e+00
    8.10000000e+01   0.00000000e+00   0.00000000e+00   0.00000000e+00
    0.00000000e+00   1.96830000e+04   5.90490000e+04   1.77147000e+05
    5.31441000e+05   1.59432300e+06   4.78296900e+06]
 [  0.00000000e+00   0.00000000e+00  -8.00000000e+00   0.00000000e+00
   -8.00000000e+01   0.00000000e+00   0.00000000e+00   0.00000000e+00
    0.00000000e+00  -1.96820000e+04  -5.90480000e+04  -1.77146000e+05
   -5.31440000e+05  -1.59432200e+06  -4.78296800e+06]]
pivot is 1
target is 0.0
beta is 0.0
-------------------------------------


Back from rank 3
mtrx5 now is (7, 100, 1500)
alpha is 9
alpha is -8.0
mtrx11 after updated is
[[  1.00000000e+00   0.00000000e+00   0.00000000e+00   0.00000000e+00
    8.10000000e+01   0.00000000e+00   0.00000000e+00   0.00000000e+00
    0.00000000e+00   1.96830000e+04   5.90490000e+04   1.77147000e+05
    5.31441000e+05   1.59432300e+06   4.78296900e+06]
 [  0.00000000e+00   0.00000000e+00   0.00000000e+00   0.00000000e+00
   -8.00000000e+01   0.00000000e+00   0.00000000e+00   0.00000000e+00
    0.00000000e+00  -1.96820000e+04  -5.90480000e+04  -1.77146000e+05
   -5.31440000e+05  -1.59432200e+06  -4.78296800e+06]]
pivot is 1
target is 0.0
beta is 0.0
-------------------------------------


Back from rank 10
mtrx5 now is (8, 100, 1500)
alpha is 19683
alpha is -19682.0
mtrx11 after updated is
[[  1.00000000e+00   0.00000000e+00   0.00000000e+00   0.00000000e+00
    8.10000000e+01   0.00000000e+00   0.00000000e+00   0.00000000e+00
    0.00000000e+00   0.00000000e+00   5.90490000e+04   1.77147000e+05
    5.31441000e+05   1.59432300e+06   4.78296900e+06]
 [  0.00000000e+00   0.00000000e+00   0.00000000e+00   0.00000000e+00
   -8.00000000e+01   0.00000000e+00   0.00000000e+00   0.00000000e+00
    0.00000000e+00   0.00000000e+00  -5.90480000e+04  -1.77146000e+05
   -5.31440000e+05  -1.59432200e+06  -4.78296800e+06]]
pivot is 1
target is 0.0
beta is 0.0
-------------------------------------


Back from rank 1
mtrx5 now is (9, 100, 1500)
alpha is 1
alpha is 0.0
mtrx11 after updated is
[[  0.00000000e+00   0.00000000e+00   0.00000000e+00   0.00000000e+00
    8.10000000e+01   0.00000000e+00   0.00000000e+00   0.00000000e+00
    0.00000000e+00   0.00000000e+00   5.90490000e+04   1.77147000e+05
    5.31441000e+05   1.59432300e+06   4.78296900e+06]
 [  0.00000000e+00   0.00000000e+00   0.00000000e+00   0.00000000e+00
   -8.00000000e+01   0.00000000e+00   0.00000000e+00   0.00000000e+00
    0.00000000e+00   0.00000000e+00  -5.90480000e+04  -1.77146000e+05
   -5.31440000e+05  -1.59432200e+06  -4.78296800e+06]]
pivot is 0
pivot should not be 0, go to next col which is not 0...
pivot now should be 81
target should be -80.0
beta should be -0.987654320988
mtrx11 now should be
[[  0.00000000e+00   0.00000000e+00   0.00000000e+00   0.00000000e+00
    8.10000000e+01   0.00000000e+00   0.00000000e+00   0.00000000e+00
    0.00000000e+00   0.00000000e+00   5.90490000e+04   1.77147000e+05
    5.31441000e+05   1.59432300e+06   4.78296900e+06]
 [  0.00000000e+00   0.00000000e+00   0.00000000e+00   0.00000000e+00
    0.00000000e+00   0.00000000e+00   0.00000000e+00   0.00000000e+00
    0.00000000e+00   0.00000000e+00  -7.28000000e+02  -2.18600000e+03
   -6.56000000e+03  -1.96820000e+04  -5.90480000e+04]]
-------------------------------------


Back from rank 19
mtrx4(redundency-based results) now is (3, 100, 1500)
mtrx11 now is
[[  0.00000000e+00   0.00000000e+00   0.00000000e+00   0.00000000e+00
    8.10000000e+01   0.00000000e+00   0.00000000e+00   0.00000000e+00
    0.00000000e+00   0.00000000e+00   5.90490000e+04   1.77147000e+05
    5.31441000e+05   1.59432300e+06   4.78296900e+06]
 [  0.00000000e+00   0.00000000e+00   0.00000000e+00   0.00000000e+00
    0.00000000e+00   0.00000000e+00   0.00000000e+00   0.00000000e+00
    0.00000000e+00   0.00000000e+00  -7.28000000e+02  -2.18600000e+03
   -6.56000000e+03  -1.96820000e+04  -5.90480000e+04]
 [  1.00000000e+00   4.00000000e+00   1.60000000e+01   6.40000000e+01
    2.56000000e+02   1.02400000e+03   4.09600000e+03   1.63840000e+04
    6.55360000e+04   2.62144000e+05   1.04857600e+06   4.19430400e+06
    1.67772160e+07   6.71088640e+07   2.68435456e+08]]


alpha is 4096
alpha is 4
alpha is 16384
alpha is 64
alpha is 65536
alpha is 1024
alpha is 16
alpha is 262144
alpha is 1
mtrx11 after simplify is
[[  0.00000000e+00   0.00000000e+00   0.00000000e+00   0.00000000e+00
    8.10000000e+01   0.00000000e+00   0.00000000e+00   0.00000000e+00
    0.00000000e+00   0.00000000e+00   5.90490000e+04   1.77147000e+05
    5.31441000e+05   1.59432300e+06   4.78296900e+06]
 [  0.00000000e+00   0.00000000e+00   0.00000000e+00   0.00000000e+00
    0.00000000e+00   0.00000000e+00   0.00000000e+00   0.00000000e+00
    0.00000000e+00   0.00000000e+00  -7.28000000e+02  -2.18600000e+03
   -6.56000000e+03  -1.96820000e+04  -5.90480000e+04]
 [  0.00000000e+00   0.00000000e+00   0.00000000e+00   0.00000000e+00
    2.56000000e+02   0.00000000e+00   0.00000000e+00   0.00000000e+00
    0.00000000e+00   0.00000000e+00   1.04857600e+06   4.19430400e+06
    1.67772160e+07   6.71088640e+07   2.68435456e+08]]
pivot is 0
pivot should not be 0, go to next col which is not 0...
pivot now should be 81
target should be 0.0
beta should be 0.0
mtrx11 now should be
[[  0.00000000e+00   0.00000000e+00   0.00000000e+00   0.00000000e+00
    8.10000000e+01   0.00000000e+00   0.00000000e+00   0.00000000e+00
    0.00000000e+00   0.00000000e+00   5.90490000e+04   1.77147000e+05
    5.31441000e+05   1.59432300e+06   4.78296900e+06]
 [  0.00000000e+00   0.00000000e+00   0.00000000e+00   0.00000000e+00
    0.00000000e+00   0.00000000e+00   0.00000000e+00   0.00000000e+00
    0.00000000e+00   0.00000000e+00  -7.28000000e+02  -2.18600000e+03
   -6.56000000e+03  -1.96820000e+04  -5.90480000e+04]
 [  0.00000000e+00   0.00000000e+00   0.00000000e+00   0.00000000e+00
    2.56000000e+02   0.00000000e+00   0.00000000e+00   0.00000000e+00
    0.00000000e+00   0.00000000e+00   1.04857600e+06   4.19430400e+06
    1.67772160e+07   6.71088640e+07   2.68435456e+08]]
-------------------------------------
target should be 256
beta should be 3.16049382716
mtrx11 now should be
[[  0.00000000e+00   0.00000000e+00   0.00000000e+00   0.00000000e+00
    8.10000000e+01   0.00000000e+00   0.00000000e+00   0.00000000e+00
    0.00000000e+00   0.00000000e+00   5.90490000e+04   1.77147000e+05
    5.31441000e+05   1.59432300e+06   4.78296900e+06]
 [  0.00000000e+00   0.00000000e+00   0.00000000e+00   0.00000000e+00
    0.00000000e+00   0.00000000e+00   0.00000000e+00   0.00000000e+00
    0.00000000e+00   0.00000000e+00  -7.28000000e+02  -2.18600000e+03
   -6.56000000e+03  -1.96820000e+04  -5.90480000e+04]
 [  0.00000000e+00   0.00000000e+00   0.00000000e+00   0.00000000e+00
    0.00000000e+00   0.00000000e+00   0.00000000e+00   0.00000000e+00
    0.00000000e+00   0.00000000e+00   8.61952000e+05   3.63443200e+06
    1.50976000e+07   6.20700160e+07   2.53318912e+08]]
-------------------------------------
pivot is 0.0
pivot should not be 0, go to next col which is not 0...
pivot now should be -728.0
target should be 861952.0
beta should be -1184.0
mtrx11 now should be
[[  0.00000000e+00   0.00000000e+00   0.00000000e+00   0.00000000e+00
    8.10000000e+01   0.00000000e+00   0.00000000e+00   0.00000000e+00
    0.00000000e+00   0.00000000e+00   5.90490000e+04   1.77147000e+05
    5.31441000e+05   1.59432300e+06   4.78296900e+06]
 [  0.00000000e+00   0.00000000e+00   0.00000000e+00   0.00000000e+00
    0.00000000e+00   0.00000000e+00   0.00000000e+00   0.00000000e+00
    0.00000000e+00   0.00000000e+00  -7.28000000e+02  -2.18600000e+03
   -6.56000000e+03  -1.96820000e+04  -5.90480000e+04]
 [  0.00000000e+00   0.00000000e+00   0.00000000e+00   0.00000000e+00
    0.00000000e+00   0.00000000e+00   0.00000000e+00   0.00000000e+00
    0.00000000e+00   0.00000000e+00   0.00000000e+00   1.04620800e+06
    7.33056000e+06   3.87665280e+07   1.83406080e+08]]
-------------------------------------
mtrx11(coefficients of left terms after forward elimination) is
[[  0.00000000e+00   0.00000000e+00   0.00000000e+00   0.00000000e+00
    8.10000000e+01   0.00000000e+00   0.00000000e+00   0.00000000e+00
    0.00000000e+00   0.00000000e+00   5.90490000e+04   1.77147000e+05
    5.31441000e+05   1.59432300e+06   4.78296900e+06]
 [  0.00000000e+00   0.00000000e+00   0.00000000e+00   0.00000000e+00
    0.00000000e+00   0.00000000e+00   0.00000000e+00   0.00000000e+00
    0.00000000e+00   0.00000000e+00  -7.28000000e+02  -2.18600000e+03
   -6.56000000e+03  -1.96820000e+04  -5.90480000e+04]
 [  0.00000000e+00   0.00000000e+00   0.00000000e+00   0.00000000e+00
    0.00000000e+00   0.00000000e+00   0.00000000e+00   0.00000000e+00
    0.00000000e+00   0.00000000e+00   0.00000000e+00   1.04620800e+06
    7.33056000e+06   3.87665280e+07   1.83406080e+08]]
--------------------------------------------
Back from rank 12
mtrx5 now is (10, 100, 1500)
alpha is 177147
alpha is -2186.0
alpha is 1046208.0
mtrx11 after updated is
[[  0.00000000e+00   0.00000000e+00   0.00000000e+00   0.00000000e+00
    8.10000000e+01   0.00000000e+00   0.00000000e+00   0.00000000e+00
    0.00000000e+00   0.00000000e+00   5.90490000e+04   0.00000000e+00
    5.31441000e+05   1.59432300e+06   4.78296900e+06]
 [  0.00000000e+00   0.00000000e+00   0.00000000e+00   0.00000000e+00
    0.00000000e+00   0.00000000e+00   0.00000000e+00   0.00000000e+00
    0.00000000e+00   0.00000000e+00  -7.28000000e+02   0.00000000e+00
   -6.56000000e+03  -1.96820000e+04  -5.90480000e+04]
 [  0.00000000e+00   0.00000000e+00   0.00000000e+00   0.00000000e+00
    0.00000000e+00   0.00000000e+00   0.00000000e+00   0.00000000e+00
    0.00000000e+00   0.00000000e+00   0.00000000e+00   0.00000000e+00
    7.33056000e+06   3.87665280e+07   1.83406080e+08]]
pivot is 0
pivot should not be 0, go to next col which is not 0...
pivot now should be 81
target should be 0.0
beta should be 0.0
mtrx11 now should be
[[  0.00000000e+00   0.00000000e+00   0.00000000e+00   0.00000000e+00
    8.10000000e+01   0.00000000e+00   0.00000000e+00   0.00000000e+00
    0.00000000e+00   0.00000000e+00   5.90490000e+04   0.00000000e+00
    5.31441000e+05   1.59432300e+06   4.78296900e+06]
 [  0.00000000e+00   0.00000000e+00   0.00000000e+00   0.00000000e+00
    0.00000000e+00   0.00000000e+00   0.00000000e+00   0.00000000e+00
    0.00000000e+00   0.00000000e+00  -7.28000000e+02   0.00000000e+00
   -6.56000000e+03  -1.96820000e+04  -5.90480000e+04]
 [  0.00000000e+00   0.00000000e+00   0.00000000e+00   0.00000000e+00
    0.00000000e+00   0.00000000e+00   0.00000000e+00   0.00000000e+00
    0.00000000e+00   0.00000000e+00   0.00000000e+00   0.00000000e+00
    7.33056000e+06   3.87665280e+07   1.83406080e+08]]
-------------------------------------
target should be 0.0
beta should be 0.0
mtrx11 now should be
[[  0.00000000e+00   0.00000000e+00   0.00000000e+00   0.00000000e+00
    8.10000000e+01   0.00000000e+00   0.00000000e+00   0.00000000e+00
    0.00000000e+00   0.00000000e+00   5.90490000e+04   0.00000000e+00
    5.31441000e+05   1.59432300e+06   4.78296900e+06]
 [  0.00000000e+00   0.00000000e+00   0.00000000e+00   0.00000000e+00
    0.00000000e+00   0.00000000e+00   0.00000000e+00   0.00000000e+00
    0.00000000e+00   0.00000000e+00  -7.28000000e+02   0.00000000e+00
   -6.56000000e+03  -1.96820000e+04  -5.90480000e+04]
 [  0.00000000e+00   0.00000000e+00   0.00000000e+00   0.00000000e+00
    0.00000000e+00   0.00000000e+00   0.00000000e+00   0.00000000e+00
    0.00000000e+00   0.00000000e+00   0.00000000e+00   0.00000000e+00
    7.33056000e+06   3.87665280e+07   1.83406080e+08]]
-------------------------------------
pivot is 0.0
pivot should not be 0, go to next col which is not 0...
pivot now should be -728.0
target should be 0.0
beta should be -0.0
mtrx11 now should be
[[  0.00000000e+00   0.00000000e+00   0.00000000e+00   0.00000000e+00
    8.10000000e+01   0.00000000e+00   0.00000000e+00   0.00000000e+00
    0.00000000e+00   0.00000000e+00   5.90490000e+04   0.00000000e+00
    5.31441000e+05   1.59432300e+06   4.78296900e+06]
 [  0.00000000e+00   0.00000000e+00   0.00000000e+00   0.00000000e+00
    0.00000000e+00   0.00000000e+00   0.00000000e+00   0.00000000e+00
    0.00000000e+00   0.00000000e+00  -7.28000000e+02   0.00000000e+00
   -6.56000000e+03  -1.96820000e+04  -5.90480000e+04]
 [  0.00000000e+00   0.00000000e+00   0.00000000e+00   0.00000000e+00
    0.00000000e+00   0.00000000e+00   0.00000000e+00   0.00000000e+00
    0.00000000e+00   0.00000000e+00   0.00000000e+00   0.00000000e+00
    7.33056000e+06   3.87665280e+07   1.83406080e+08]]
-------------------------------------


Back from rank 5
mtrx5 now is (11, 100, 1500)
alpha is 81
alpha is 0.0
alpha is 0.0
mtrx11 after updated is
[[  0.00000000e+00   0.00000000e+00   0.00000000e+00   0.00000000e+00
    0.00000000e+00   0.00000000e+00   0.00000000e+00   0.00000000e+00
    0.00000000e+00   0.00000000e+00   5.90490000e+04   0.00000000e+00
    5.31441000e+05   1.59432300e+06   4.78296900e+06]
 [  0.00000000e+00   0.00000000e+00   0.00000000e+00   0.00000000e+00
    0.00000000e+00   0.00000000e+00   0.00000000e+00   0.00000000e+00
    0.00000000e+00   0.00000000e+00  -7.28000000e+02   0.00000000e+00
   -6.56000000e+03  -1.96820000e+04  -5.90480000e+04]
 [  0.00000000e+00   0.00000000e+00   0.00000000e+00   0.00000000e+00
    0.00000000e+00   0.00000000e+00   0.00000000e+00   0.00000000e+00
    0.00000000e+00   0.00000000e+00   0.00000000e+00   0.00000000e+00
    7.33056000e+06   3.87665280e+07   1.83406080e+08]]
pivot is 0
pivot should not be 0, go to next col which is not 0...
pivot now should be 59049
target should be -728.0
beta should be -0.0123287439245
mtrx11 now should be
[[  0.00000000e+00   0.00000000e+00   0.00000000e+00   0.00000000e+00
    0.00000000e+00   0.00000000e+00   0.00000000e+00   0.00000000e+00
    0.00000000e+00   0.00000000e+00   5.90490000e+04   0.00000000e+00
    5.31441000e+05   1.59432300e+06   4.78296900e+06]
 [  0.00000000e+00   0.00000000e+00   0.00000000e+00   0.00000000e+00
    0.00000000e+00   0.00000000e+00   0.00000000e+00   0.00000000e+00
    0.00000000e+00   0.00000000e+00   0.00000000e+00   0.00000000e+00
   -8.00000000e+00  -2.60000000e+01  -8.00000000e+01]
 [  0.00000000e+00   0.00000000e+00   0.00000000e+00   0.00000000e+00
    0.00000000e+00   0.00000000e+00   0.00000000e+00   0.00000000e+00
    0.00000000e+00   0.00000000e+00   0.00000000e+00   0.00000000e+00
    7.33056000e+06   3.87665280e+07   1.83406080e+08]]
-------------------------------------
target should be 0.0
beta should be 0.0
mtrx11 now should be
[[  0.00000000e+00   0.00000000e+00   0.00000000e+00   0.00000000e+00
    0.00000000e+00   0.00000000e+00   0.00000000e+00   0.00000000e+00
    0.00000000e+00   0.00000000e+00   5.90490000e+04   0.00000000e+00
    5.31441000e+05   1.59432300e+06   4.78296900e+06]
 [  0.00000000e+00   0.00000000e+00   0.00000000e+00   0.00000000e+00
    0.00000000e+00   0.00000000e+00   0.00000000e+00   0.00000000e+00
    0.00000000e+00   0.00000000e+00   0.00000000e+00   0.00000000e+00
   -8.00000000e+00  -2.60000000e+01  -8.00000000e+01]
 [  0.00000000e+00   0.00000000e+00   0.00000000e+00   0.00000000e+00
    0.00000000e+00   0.00000000e+00   0.00000000e+00   0.00000000e+00
    0.00000000e+00   0.00000000e+00   0.00000000e+00   0.00000000e+00
    7.33056000e+06   3.87665280e+07   1.83406080e+08]]
-------------------------------------
pivot is 0.0
pivot should not be 0, go to next col which is not 0...
pivot now should be -8.0
target should be 7330560.0
beta should be -916320.0
mtrx11 now should be
[[  0.00000000e+00   0.00000000e+00   0.00000000e+00   0.00000000e+00
    0.00000000e+00   0.00000000e+00   0.00000000e+00   0.00000000e+00
    0.00000000e+00   0.00000000e+00   5.90490000e+04   0.00000000e+00
    5.31441000e+05   1.59432300e+06   4.78296900e+06]
 [  0.00000000e+00   0.00000000e+00   0.00000000e+00   0.00000000e+00
    0.00000000e+00   0.00000000e+00   0.00000000e+00   0.00000000e+00
    0.00000000e+00   0.00000000e+00   0.00000000e+00   0.00000000e+00
   -8.00000000e+00  -2.60000000e+01  -8.00000000e+01]
 [  0.00000000e+00   0.00000000e+00   0.00000000e+00   0.00000000e+00
    0.00000000e+00   0.00000000e+00   0.00000000e+00   0.00000000e+00
    0.00000000e+00   0.00000000e+00   0.00000000e+00   0.00000000e+00
    0.00000000e+00   1.49422080e+07   1.10100480e+08]]
-------------------------------------


Back from rank 11
mtrx5 now is (12, 100, 1500)
alpha is 59049
alpha is 0.0
alpha is 0.0
mtrx11 after updated is
[[  0.00000000e+00   0.00000000e+00   0.00000000e+00   0.00000000e+00
    0.00000000e+00   0.00000000e+00   0.00000000e+00   0.00000000e+00
    0.00000000e+00   0.00000000e+00   0.00000000e+00   0.00000000e+00
    5.31441000e+05   1.59432300e+06   4.78296900e+06]
 [  0.00000000e+00   0.00000000e+00   0.00000000e+00   0.00000000e+00
    0.00000000e+00   0.00000000e+00   0.00000000e+00   0.00000000e+00
    0.00000000e+00   0.00000000e+00   0.00000000e+00   0.00000000e+00
   -8.00000000e+00  -2.60000000e+01  -8.00000000e+01]
 [  0.00000000e+00   0.00000000e+00   0.00000000e+00   0.00000000e+00
    0.00000000e+00   0.00000000e+00   0.00000000e+00   0.00000000e+00
    0.00000000e+00   0.00000000e+00   0.00000000e+00   0.00000000e+00
    0.00000000e+00   1.49422080e+07   1.10100480e+08]]
pivot is 0
pivot should not be 0, go to next col which is not 0...
pivot now should be 531441
target should be -8.0
beta should be -1.50534113853e-05
mtrx11 now should be
[[  0.00000000e+00   0.00000000e+00   0.00000000e+00   0.00000000e+00
    0.00000000e+00   0.00000000e+00   0.00000000e+00   0.00000000e+00
    0.00000000e+00   0.00000000e+00   0.00000000e+00   0.00000000e+00
    5.31441000e+05   1.59432300e+06   4.78296900e+06]
 [  0.00000000e+00   0.00000000e+00   0.00000000e+00   0.00000000e+00
    0.00000000e+00   0.00000000e+00   0.00000000e+00   0.00000000e+00
    0.00000000e+00   0.00000000e+00   0.00000000e+00   0.00000000e+00
    0.00000000e+00  -2.00000000e+00  -8.00000000e+00]
 [  0.00000000e+00   0.00000000e+00   0.00000000e+00   0.00000000e+00
    0.00000000e+00   0.00000000e+00   0.00000000e+00   0.00000000e+00
    0.00000000e+00   0.00000000e+00   0.00000000e+00   0.00000000e+00
    0.00000000e+00   1.49422080e+07   1.10100480e+08]]
-------------------------------------
target should be 0.0
beta should be 0.0
mtrx11 now should be
[[  0.00000000e+00   0.00000000e+00   0.00000000e+00   0.00000000e+00
    0.00000000e+00   0.00000000e+00   0.00000000e+00   0.00000000e+00
    0.00000000e+00   0.00000000e+00   0.00000000e+00   0.00000000e+00
    5.31441000e+05   1.59432300e+06   4.78296900e+06]
 [  0.00000000e+00   0.00000000e+00   0.00000000e+00   0.00000000e+00
    0.00000000e+00   0.00000000e+00   0.00000000e+00   0.00000000e+00
    0.00000000e+00   0.00000000e+00   0.00000000e+00   0.00000000e+00
    0.00000000e+00  -2.00000000e+00  -8.00000000e+00]
 [  0.00000000e+00   0.00000000e+00   0.00000000e+00   0.00000000e+00
    0.00000000e+00   0.00000000e+00   0.00000000e+00   0.00000000e+00
    0.00000000e+00   0.00000000e+00   0.00000000e+00   0.00000000e+00
    0.00000000e+00   1.49422080e+07   1.10100480e+08]]
-------------------------------------
pivot is -2.0
target is 14942208.0
beta is -7471104.0
-------------------------------------




mtrx12(index of left terms) is [13, 14, 15]
mtrx11(triangular matrix) is
[[  5.31441000e+05   1.59432300e+06   4.78296900e+06]
 [  0.00000000e+00  -2.00000000e+00  -8.00000000e+00]
 [  0.00000000e+00   0.00000000e+00   5.03316480e+07]]
%%%%%%%%%%%%%%%%%%%%%%%%%%%%%%%%%%%%%%%%%%%%%%%%%%%%%%%%%%%
Finally, mtrx4(redundency-based results) is
(3, 100, 1500)
mtrx6(ranks who have contributions to the redundency-based results): [18, 16, 19]
++++++++++++++++++++++++++++++++++++++++
Finally, mtrx5 is
(12, 100, 1500)
mtrx7(ranks who have contributions to the results): [7, 2, 8, 4, 9, 6, 3, 10, 1, 12, 5, 11]
%%%%%%%%%%%%%%%%%%%%%%%%%%%%%%%%%%%%%%%%%%%%%%%%%%%%%%%%%%%
useless workers: []


result now is
[[[ 3393.  3365.  3349. ...,  3401.  3378.  3382.]
  [ 3388.  3354.  3335. ...,  3378.  3375.  3371.]
  [ 3395.  3374.  3342. ...,  3422.  3384.  3388.]
  ..., 
  [ 3338.  3333.  3303. ...,  3381.  3351.  3347.]
  [ 3339.  3317.  3302. ...,  3354.  3333.  3328.]
  [ 3412.  3401.  3376. ...,  3422.  3398.  3395.]]

 [[ 3368.  3355.  3327. ...,  3388.  3344.  3352.]
  [ 3409.  3356.  3334. ...,  3399.  3376.  3380.]
  [ 3387.  3354.  3322. ...,  3383.  3371.  3377.]
  ..., 
  [ 3404.  3364.  3357. ...,  3399.  3389.  3375.]
  [ 3393.  3354.  3359. ...,  3413.  3386.  3382.]
  [ 3398.  3381.  3350. ...,  3408.  3390.  3356.]]

 [[ 3335.  3312.  3298. ...,  3355.  3344.  3339.]
  [ 3376.  3357.  3330. ...,  3374.  3385.  3376.]
  [ 3319.  3305.  3274. ...,  3343.  3308.  3295.]
  ..., 
  [ 3283.  3271.  3250. ...,  3297.  3273.  3280.]
  [ 3366.  3327.  3315. ...,  3363.  3348.  3334.]
  [ 3411.  3382.  3353. ...,  3401.  3380.  3377.]]]


========================================================
--------------------------------------------------------------
mtrx5:
[[[ 3366.  3329.  3303. ...,  3373.  3342.  3340.]
  [ 3402.  3384.  3356. ...,  3394.  3393.  3383.]
  [ 3409.  3377.  3383. ...,  3408.  3409.  3398.]
  ..., 
  [ 3362.  3327.  3318. ...,  3380.  3342.  3370.]
  [ 3371.  3342.  3344. ...,  3384.  3364.  3377.]
  [ 3346.  3316.  3306. ...,  3366.  3339.  3332.]]

 [[ 3434.  3386.  3389. ...,  3449.  3405.  3401.]
  [ 3388.  3344.  3342. ...,  3399.  3365.  3371.]
  [ 3453.  3419.  3428. ...,  3474.  3453.  3436.]
  ..., 
  [ 3410.  3362.  3349. ...,  3414.  3394.  3389.]
  [ 3384.  3349.  3330. ...,  3384.  3351.  3344.]
  [ 3396.  3382.  3351. ...,  3423.  3391.  3376.]]

 [[ 3419.  3378.  3366. ...,  3417.  3411.  3399.]
  [ 3402.  3375.  3367. ...,  3428.  3375.  3401.]
  [ 3359.  3327.  3317. ...,  3375.  3363.  3368.]
  ..., 
  [ 3413.  3379.  3372. ...,  3452.  3402.  3403.]
  [ 3346.  3283.  3273. ...,  3326.  3296.  3303.]
  [ 3430.  3378.  3377. ...,  3443.  3404.  3380.]]

 ..., 
 [[ 3392.  3341.  3321. ...,  3381.  3371.  3366.]
  [ 3378.  3340.  3330. ...,  3379.  3375.  3362.]
  [ 3399.  3381.  3350. ...,  3413.  3388.  3397.]
  ..., 
  [ 3369.  3369.  3343. ...,  3393.  3363.  3371.]
  [ 3431.  3382.  3377. ...,  3419.  3430.  3398.]
  [ 3414.  3363.  3364. ...,  3424.  3401.  3376.]]

 [[ 3385.  3374.  3349. ...,  3401.  3383.  3386.]
  [ 3380.  3358.  3343. ...,  3395.  3351.  3371.]
  [ 3428.  3392.  3384. ...,  3439.  3406.  3399.]
  ..., 
  [ 3374.  3344.  3338. ...,  3388.  3374.  3370.]
  [ 3386.  3358.  3340. ...,  3397.  3346.  3368.]
  [ 3363.  3327.  3318. ...,  3364.  3357.  3340.]]

 [[ 3386.  3360.  3338. ...,  3398.  3378.  3381.]
  [ 3370.  3344.  3317. ...,  3367.  3369.  3365.]
  [ 3386.  3342.  3308. ...,  3388.  3349.  3355.]
  ..., 
  [ 3406.  3376.  3341. ...,  3401.  3373.  3378.]
  [ 3389.  3350.  3356. ...,  3390.  3371.  3365.]
  [ 3463.  3428.  3400. ...,  3459.  3435.  3450.]]]
--------------------------------------------------------------


Time taken in seconds(with sleep) 101.59043478965759


--------------------------------------------------------------
just for comparing...
mtrx1 * mtrx2:
[[3396 3353 3353 ..., 3414 3392 3390]
 [3339 3310 3301 ..., 3350 3318 3322]
 [3394 3373 3333 ..., 3407 3375 3378]
 ..., 
 [3283 3271 3250 ..., 3297 3273 3280]
 [3366 3327 3315 ..., 3363 3348 3334]
 [3411 3382 3353 ..., 3401 3380 3377]]
------------------------------------------------------
Running PBS epilogue script    - 06-Mar-2020 10:32:29
------------------------------------------------------
Checking node qb276 (MS)
Checking node qb308 ok
Checking node qb276 ok
------------------------------------------------------
Concluding PBS epilogue script - 06-Mar-2020 10:32:33
------------------------------------------------------
Exit Status:     0
Job ID:          760364.qb3
Username:        jianjun
Group:           latechusers
Job Name:        test1.pbs
Session Id:      13154
Resource Limits: ncpus=1,neednodes=2:ppn=20,nodes=2:ppn=20,walltime=24:00:00
Resources Used:  cput=00:41:46,mem=1732464kb,vmem=21460684kb,walltime=00:02:13
Queue Used:      workq
Account String:  loni_codedcomp
Node:            qb276
Process id:      14185
------------------------------------------------------
