--------------------------------------
Running PBS prologue script
--------------------------------------
User and Job Data:
--------------------------------------
Job ID:    760044.qb3
Username:  jianjun
Group:     latechusers
Date:      05-Mar-2020 14:03
Node:      qb038 (37180)
--------------------------------------
PBS has allocated the following nodes:

qb038
qb051

A total of 40 processors on 2 nodes allocated
---------------------------------------------
Check nodes and clean them of stray processes
---------------------------------------------
Checking node qb038 14:03:36 
Checking node qb051 14:03:38 
Done clearing all the allocated nodes
------------------------------------------------------
Concluding PBS prologue script - 05-Mar-2020 14:03:38
------------------------------------------------------


------------------------------------------
------------------------------------------
---------------------------------------------
---------------------------------------------
--------------------------------------------------------
There are totally 24 blocks for workers.


========================================================
data is ready!
========================================================
data is sending...


========================================================


prepare the coefficients for figuring out the alpha & beta later...
[[           1            1            1            1            1
             1            1            1            1            1
             1            1]
 [           1            2            4            8           16
            32           64          128          256          512
          1024         2048]
 [           1            3            9           27           81
           243          729         2187         6561        19683
         59049       177147]
 [           1            4           16           64          256
          1024         4096        16384        65536       262144
       1048576      4194304]
 [           1            5           25          125          625
          3125        15625        78125       390625      1953125
       9765625     48828125]
 [           1            6           36          216         1296
          7776        46656       279936      1679616     10077696
      60466176    362797056]
 [           1            7           49          343         2401
         16807       117649       823543      5764801     40353607
     282475249   1977326743]
 [           1            8           64          512         4096
         32768       262144      2097152     16777216    134217728
    1073741824   8589934592]
 [           1            9           81          729         6561
         59049       531441      4782969     43046721    387420489
    3486784401  31381059609]
 [           1           10          100         1000        10000
        100000      1000000     10000000    100000000   1000000000
   10000000000 100000000000]
 [           1           11          121         1331        14641
        161051      1771561     19487171    214358881   2357947691
   25937424601 285311670611]
 [           1           12          144         1728        20736
        248832      2985984     35831808    429981696   5159780352
   61917364224 743008370688]]
---------------------------------------------------------


start receiving...


Back from rank 22
mtrx4(redundency-based results) now is (1, 400, 4800)
mtrx11 now is
[[           1           10          100         1000        10000
        100000      1000000     10000000    100000000   1000000000
   10000000000 100000000000]]


Back from rank 21
mtrx4(redundency-based results) now is (2, 400, 4800)
mtrx11 now is
[[           1           10          100         1000        10000
        100000      1000000     10000000    100000000   1000000000
   10000000000 100000000000]
 [           1            9           81          729         6561
         59049       531441      4782969     43046721    387420489
    3486784401  31381059609]]


pivot is 1
target is 1
beta is 1.0
-------------------------------------
mtrx11(coefficients of left terms after forward elimination) is
[[  1.00000000e+00   1.00000000e+01   1.00000000e+02   1.00000000e+03
    1.00000000e+04   1.00000000e+05   1.00000000e+06   1.00000000e+07
    1.00000000e+08   1.00000000e+09   1.00000000e+10   1.00000000e+11]
 [  0.00000000e+00  -1.00000000e+00  -1.90000000e+01  -2.71000000e+02
   -3.43900000e+03  -4.09510000e+04  -4.68559000e+05  -5.21703100e+06
   -5.69532790e+07  -6.12579511e+08  -6.51321560e+09  -6.86189404e+10]]
--------------------------------------------
Back from rank 20
mtrx4(redundency-based results) now is (3, 400, 4800)
mtrx11 now is
[[  1.00000000e+00   1.00000000e+01   1.00000000e+02   1.00000000e+03
    1.00000000e+04   1.00000000e+05   1.00000000e+06   1.00000000e+07
    1.00000000e+08   1.00000000e+09   1.00000000e+10   1.00000000e+11]
 [  0.00000000e+00  -1.00000000e+00  -1.90000000e+01  -2.71000000e+02
   -3.43900000e+03  -4.09510000e+04  -4.68559000e+05  -5.21703100e+06
   -5.69532790e+07  -6.12579511e+08  -6.51321560e+09  -6.86189404e+10]
 [  1.00000000e+00   8.00000000e+00   6.40000000e+01   5.12000000e+02
    4.09600000e+03   3.27680000e+04   2.62144000e+05   2.09715200e+06
    1.67772160e+07   1.34217728e+08   1.07374182e+09   8.58993459e+09]]


pivot is 1
target is 0.0
beta is 0.0
-------------------------------------
target is 1
beta is 1.0
-------------------------------------
pivot is -1.0
target is -2.0
beta is 2.0
-------------------------------------
mtrx11(coefficients of left terms after forward elimination) is
[[  1.00000000e+00   1.00000000e+01   1.00000000e+02   1.00000000e+03
    1.00000000e+04   1.00000000e+05   1.00000000e+06   1.00000000e+07
    1.00000000e+08   1.00000000e+09   1.00000000e+10   1.00000000e+11]
 [  0.00000000e+00  -1.00000000e+00  -1.90000000e+01  -2.71000000e+02
   -3.43900000e+03  -4.09510000e+04  -4.68559000e+05  -5.21703100e+06
   -5.69532790e+07  -6.12579511e+08  -6.51321560e+09  -6.86189404e+10]
 [  0.00000000e+00   0.00000000e+00   2.00000000e+00   5.40000000e+01
    9.74000000e+02   1.46700000e+04   1.99262000e+05   2.53121400e+06
    3.06837740e+07   3.59376750e+08   4.10017302e+09   4.58278154e+10]]
--------------------------------------------
Back from rank 23
mtrx4(redundency-based results) now is (4, 400, 4800)
mtrx11 now is
[[  1.00000000e+00   1.00000000e+01   1.00000000e+02   1.00000000e+03
    1.00000000e+04   1.00000000e+05   1.00000000e+06   1.00000000e+07
    1.00000000e+08   1.00000000e+09   1.00000000e+10   1.00000000e+11]
 [  0.00000000e+00  -1.00000000e+00  -1.90000000e+01  -2.71000000e+02
   -3.43900000e+03  -4.09510000e+04  -4.68559000e+05  -5.21703100e+06
   -5.69532790e+07  -6.12579511e+08  -6.51321560e+09  -6.86189404e+10]
 [  0.00000000e+00   0.00000000e+00   2.00000000e+00   5.40000000e+01
    9.74000000e+02   1.46700000e+04   1.99262000e+05   2.53121400e+06
    3.06837740e+07   3.59376750e+08   4.10017302e+09   4.58278154e+10]
 [  1.00000000e+00   1.10000000e+01   1.21000000e+02   1.33100000e+03
    1.46410000e+04   1.61051000e+05   1.77156100e+06   1.94871710e+07
    2.14358881e+08   2.35794769e+09   2.59374246e+10   2.85311671e+11]]


pivot is 1
target is 0.0
beta is 0.0
-------------------------------------
target is 0.0
beta is 0.0
-------------------------------------
target is 1
beta is 1.0
-------------------------------------
pivot is -1.0
target is 0.0
beta is -0.0
-------------------------------------
target is 1.0
beta is -1.0
-------------------------------------
pivot is 2.0
target is 2.0
beta is 1.0
-------------------------------------
mtrx11(coefficients of left terms after forward elimination) is
[[  1.00000000e+00   1.00000000e+01   1.00000000e+02   1.00000000e+03
    1.00000000e+04   1.00000000e+05   1.00000000e+06   1.00000000e+07
    1.00000000e+08   1.00000000e+09   1.00000000e+10   1.00000000e+11]
 [  0.00000000e+00  -1.00000000e+00  -1.90000000e+01  -2.71000000e+02
   -3.43900000e+03  -4.09510000e+04  -4.68559000e+05  -5.21703100e+06
   -5.69532790e+07  -6.12579511e+08  -6.51321560e+09  -6.86189404e+10]
 [  0.00000000e+00   0.00000000e+00   2.00000000e+00   5.40000000e+01
    9.74000000e+02   1.46700000e+04   1.99262000e+05   2.53121400e+06
    3.06837740e+07   3.59376750e+08   4.10017302e+09   4.58278154e+10]
 [  0.00000000e+00   0.00000000e+00   0.00000000e+00   6.00000000e+00
    2.28000000e+02   5.43000000e+03   1.03740000e+05   1.73892600e+06
    2.67218280e+07   3.85991430e+08   5.32403598e+09   7.08649148e+10]]
--------------------------------------------
Back from rank 3
mtrx5 now is (1, 400, 4800)
alpha is 100
alpha is -19.0
alpha is 2.0
alpha is 0.0
mtrx11 after updated is
[[  1.00000000e+00   1.00000000e+01   0.00000000e+00   1.00000000e+03
    1.00000000e+04   1.00000000e+05   1.00000000e+06   1.00000000e+07
    1.00000000e+08   1.00000000e+09   1.00000000e+10   1.00000000e+11]
 [  0.00000000e+00  -1.00000000e+00   0.00000000e+00  -2.71000000e+02
   -3.43900000e+03  -4.09510000e+04  -4.68559000e+05  -5.21703100e+06
   -5.69532790e+07  -6.12579511e+08  -6.51321560e+09  -6.86189404e+10]
 [  0.00000000e+00   0.00000000e+00   0.00000000e+00   5.40000000e+01
    9.74000000e+02   1.46700000e+04   1.99262000e+05   2.53121400e+06
    3.06837740e+07   3.59376750e+08   4.10017302e+09   4.58278154e+10]
 [  0.00000000e+00   0.00000000e+00   0.00000000e+00   6.00000000e+00
    2.28000000e+02   5.43000000e+03   1.03740000e+05   1.73892600e+06
    2.67218280e+07   3.85991430e+08   5.32403598e+09   7.08649148e+10]]
pivot is 1
target is 0.0
beta is 0.0
-------------------------------------
target is 0.0
beta is 0.0
-------------------------------------
target is 0.0
beta is 0.0
-------------------------------------
pivot is -1.0
target is 0.0
beta is -0.0
-------------------------------------
target is 0.0
beta is -0.0
-------------------------------------
pivot is 0.0
pivot should not be 0, go to next col which is not 0...
pivot now should be 54.0
target should be 6.0
beta should be 0.111111111111
mtrx11 now should be
[[  1.00000000e+00   1.00000000e+01   0.00000000e+00   1.00000000e+03
    1.00000000e+04   1.00000000e+05   1.00000000e+06   1.00000000e+07
    1.00000000e+08   1.00000000e+09   1.00000000e+10   1.00000000e+11]
 [  0.00000000e+00  -1.00000000e+00   0.00000000e+00  -2.71000000e+02
   -3.43900000e+03  -4.09510000e+04  -4.68559000e+05  -5.21703100e+06
   -5.69532790e+07  -6.12579511e+08  -6.51321560e+09  -6.86189404e+10]
 [  0.00000000e+00   0.00000000e+00   0.00000000e+00   5.40000000e+01
    9.74000000e+02   1.46700000e+04   1.99262000e+05   2.53121400e+06
    3.06837740e+07   3.59376750e+08   4.10017302e+09   4.58278154e+10]
 [  0.00000000e+00   0.00000000e+00   0.00000000e+00   0.00000000e+00
    1.19777778e+02   3.80000000e+03   8.15997778e+04   1.45768000e+06
    2.33125198e+07   3.46060680e+08   4.86846120e+09   6.57729354e+10]]
-------------------------------------


Back from rank 6
mtrx5 now is (2, 400, 4800)
alpha is 100000
alpha is -40951.0
alpha is 14670.0
alpha is 3800.0
mtrx11 after updated is
[[  1.00000000e+00   1.00000000e+01   0.00000000e+00   1.00000000e+03
    1.00000000e+04   0.00000000e+00   1.00000000e+06   1.00000000e+07
    1.00000000e+08   1.00000000e+09   1.00000000e+10   1.00000000e+11]
 [  0.00000000e+00  -1.00000000e+00   0.00000000e+00  -2.71000000e+02
   -3.43900000e+03   0.00000000e+00  -4.68559000e+05  -5.21703100e+06
   -5.69532790e+07  -6.12579511e+08  -6.51321560e+09  -6.86189404e+10]
 [  0.00000000e+00   0.00000000e+00   0.00000000e+00   5.40000000e+01
    9.74000000e+02   0.00000000e+00   1.99262000e+05   2.53121400e+06
    3.06837740e+07   3.59376750e+08   4.10017302e+09   4.58278154e+10]
 [  0.00000000e+00   0.00000000e+00   0.00000000e+00   0.00000000e+00
    1.19777778e+02   0.00000000e+00   8.15997778e+04   1.45768000e+06
    2.33125198e+07   3.46060680e+08   4.86846120e+09   6.57729354e+10]]
pivot is 1
target is 0.0
beta is 0.0
-------------------------------------
target is 0.0
beta is 0.0
-------------------------------------
target is 0.0
beta is 0.0
-------------------------------------
pivot is -1.0
target is 0.0
beta is -0.0
-------------------------------------
target is 0.0
beta is -0.0
-------------------------------------
pivot is 0.0
pivot should not be 0, go to next col which is not 0...
pivot now should be 54.0
target should be 0.0
beta should be 0.0
mtrx11 now should be
[[  1.00000000e+00   1.00000000e+01   0.00000000e+00   1.00000000e+03
    1.00000000e+04   0.00000000e+00   1.00000000e+06   1.00000000e+07
    1.00000000e+08   1.00000000e+09   1.00000000e+10   1.00000000e+11]
 [  0.00000000e+00  -1.00000000e+00   0.00000000e+00  -2.71000000e+02
   -3.43900000e+03   0.00000000e+00  -4.68559000e+05  -5.21703100e+06
   -5.69532790e+07  -6.12579511e+08  -6.51321560e+09  -6.86189404e+10]
 [  0.00000000e+00   0.00000000e+00   0.00000000e+00   5.40000000e+01
    9.74000000e+02   0.00000000e+00   1.99262000e+05   2.53121400e+06
    3.06837740e+07   3.59376750e+08   4.10017302e+09   4.58278154e+10]
 [  0.00000000e+00   0.00000000e+00   0.00000000e+00   0.00000000e+00
    1.19777778e+02   0.00000000e+00   8.15997778e+04   1.45768000e+06
    2.33125198e+07   3.46060680e+08   4.86846120e+09   6.57729354e+10]]
-------------------------------------


Back from rank 9
mtrx5 now is (3, 400, 4800)
alpha is 100000000
alpha is -56953279.0
alpha is 30683774.0
alpha is 23312519.7778
mtrx11 after updated is
[[  1.00000000e+00   1.00000000e+01   0.00000000e+00   1.00000000e+03
    1.00000000e+04   0.00000000e+00   1.00000000e+06   1.00000000e+07
    0.00000000e+00   1.00000000e+09   1.00000000e+10   1.00000000e+11]
 [  0.00000000e+00  -1.00000000e+00   0.00000000e+00  -2.71000000e+02
   -3.43900000e+03   0.00000000e+00  -4.68559000e+05  -5.21703100e+06
    0.00000000e+00  -6.12579511e+08  -6.51321560e+09  -6.86189404e+10]
 [  0.00000000e+00   0.00000000e+00   0.00000000e+00   5.40000000e+01
    9.74000000e+02   0.00000000e+00   1.99262000e+05   2.53121400e+06
    0.00000000e+00   3.59376750e+08   4.10017302e+09   4.58278154e+10]
 [  0.00000000e+00   0.00000000e+00   0.00000000e+00   0.00000000e+00
    1.19777778e+02   0.00000000e+00   8.15997778e+04   1.45768000e+06
    0.00000000e+00   3.46060680e+08   4.86846120e+09   6.57729354e+10]]
pivot is 1
target is 0.0
beta is 0.0
-------------------------------------
target is 0.0
beta is 0.0
-------------------------------------
target is 0.0
beta is 0.0
-------------------------------------
pivot is -1.0
target is 0.0
beta is -0.0
-------------------------------------
target is 0.0
beta is -0.0
-------------------------------------
pivot is 0.0
pivot should not be 0, go to next col which is not 0...
pivot now should be 54.0
target should be 0.0
beta should be 0.0
mtrx11 now should be
[[  1.00000000e+00   1.00000000e+01   0.00000000e+00   1.00000000e+03
    1.00000000e+04   0.00000000e+00   1.00000000e+06   1.00000000e+07
    0.00000000e+00   1.00000000e+09   1.00000000e+10   1.00000000e+11]
 [  0.00000000e+00  -1.00000000e+00   0.00000000e+00  -2.71000000e+02
   -3.43900000e+03   0.00000000e+00  -4.68559000e+05  -5.21703100e+06
    0.00000000e+00  -6.12579511e+08  -6.51321560e+09  -6.86189404e+10]
 [  0.00000000e+00   0.00000000e+00   0.00000000e+00   5.40000000e+01
    9.74000000e+02   0.00000000e+00   1.99262000e+05   2.53121400e+06
    0.00000000e+00   3.59376750e+08   4.10017302e+09   4.58278154e+10]
 [  0.00000000e+00   0.00000000e+00   0.00000000e+00   0.00000000e+00
    1.19777778e+02   0.00000000e+00   8.15997778e+04   1.45768000e+06
    0.00000000e+00   3.46060680e+08   4.86846120e+09   6.57729354e+10]]
-------------------------------------


Back from rank 14
mtrx4(redundency-based results) now is (5, 400, 4800)
mtrx11 now is
[[  1.00000000e+00   1.00000000e+01   0.00000000e+00   1.00000000e+03
    1.00000000e+04   0.00000000e+00   1.00000000e+06   1.00000000e+07
    0.00000000e+00   1.00000000e+09   1.00000000e+10   1.00000000e+11]
 [  0.00000000e+00  -1.00000000e+00   0.00000000e+00  -2.71000000e+02
   -3.43900000e+03   0.00000000e+00  -4.68559000e+05  -5.21703100e+06
    0.00000000e+00  -6.12579511e+08  -6.51321560e+09  -6.86189404e+10]
 [  0.00000000e+00   0.00000000e+00   0.00000000e+00   5.40000000e+01
    9.74000000e+02   0.00000000e+00   1.99262000e+05   2.53121400e+06
    0.00000000e+00   3.59376750e+08   4.10017302e+09   4.58278154e+10]
 [  0.00000000e+00   0.00000000e+00   0.00000000e+00   0.00000000e+00
    1.19777778e+02   0.00000000e+00   8.15997778e+04   1.45768000e+06
    0.00000000e+00   3.46060680e+08   4.86846120e+09   6.57729354e+10]
 [  1.00000000e+00   2.00000000e+00   4.00000000e+00   8.00000000e+00
    1.60000000e+01   3.20000000e+01   6.40000000e+01   1.28000000e+02
    2.56000000e+02   5.12000000e+02   1.02400000e+03   2.04800000e+03]]


alpha is 4
alpha is 32
alpha is 256
mtrx11 after simplify is
[[  1.00000000e+00   1.00000000e+01   0.00000000e+00   1.00000000e+03
    1.00000000e+04   0.00000000e+00   1.00000000e+06   1.00000000e+07
    0.00000000e+00   1.00000000e+09   1.00000000e+10   1.00000000e+11]
 [  0.00000000e+00  -1.00000000e+00   0.00000000e+00  -2.71000000e+02
   -3.43900000e+03   0.00000000e+00  -4.68559000e+05  -5.21703100e+06
    0.00000000e+00  -6.12579511e+08  -6.51321560e+09  -6.86189404e+10]
 [  0.00000000e+00   0.00000000e+00   0.00000000e+00   5.40000000e+01
    9.74000000e+02   0.00000000e+00   1.99262000e+05   2.53121400e+06
    0.00000000e+00   3.59376750e+08   4.10017302e+09   4.58278154e+10]
 [  0.00000000e+00   0.00000000e+00   0.00000000e+00   0.00000000e+00
    1.19777778e+02   0.00000000e+00   8.15997778e+04   1.45768000e+06
    0.00000000e+00   3.46060680e+08   4.86846120e+09   6.57729354e+10]
 [  1.00000000e+00   2.00000000e+00   0.00000000e+00   8.00000000e+00
    1.60000000e+01   0.00000000e+00   6.40000000e+01   1.28000000e+02
    0.00000000e+00   5.12000000e+02   1.02400000e+03   2.04800000e+03]]
pivot is 1
target is 0.0
beta is 0.0
-------------------------------------
target is 0.0
beta is 0.0
-------------------------------------
target is 0.0
beta is 0.0
-------------------------------------
target is 1
beta is 1.0
-------------------------------------
pivot is -1.0
target is 0.0
beta is -0.0
-------------------------------------
target is 0.0
beta is -0.0
-------------------------------------
target is -8.0
beta is 8.0
-------------------------------------
pivot is 0.0
pivot should not be 0, go to next col which is not 0...
pivot now should be 54.0
target should be 0.0
beta should be 0.0
mtrx11 now should be
[[  1.00000000e+00   1.00000000e+01   0.00000000e+00   1.00000000e+03
    1.00000000e+04   0.00000000e+00   1.00000000e+06   1.00000000e+07
    0.00000000e+00   1.00000000e+09   1.00000000e+10   1.00000000e+11]
 [  0.00000000e+00  -1.00000000e+00   0.00000000e+00  -2.71000000e+02
   -3.43900000e+03   0.00000000e+00  -4.68559000e+05  -5.21703100e+06
    0.00000000e+00  -6.12579511e+08  -6.51321560e+09  -6.86189404e+10]
 [  0.00000000e+00   0.00000000e+00   0.00000000e+00   5.40000000e+01
    9.74000000e+02   0.00000000e+00   1.99262000e+05   2.53121400e+06
    0.00000000e+00   3.59376750e+08   4.10017302e+09   4.58278154e+10]
 [  0.00000000e+00   0.00000000e+00   0.00000000e+00   0.00000000e+00
    1.19777778e+02   0.00000000e+00   8.15997778e+04   1.45768000e+06
    0.00000000e+00   3.46060680e+08   4.86846120e+09   6.57729354e+10]
 [  0.00000000e+00   0.00000000e+00   0.00000000e+00   1.17600000e+03
    1.75280000e+04   0.00000000e+00   2.74853600e+06   3.17363760e+07
    0.00000000e+00   3.90063660e+09   4.21057258e+10   4.48951525e+11]]
-------------------------------------
target should be 1176.0
beta should be 21.7777777778
mtrx11 now should be
[[  1.00000000e+00   1.00000000e+01   0.00000000e+00   1.00000000e+03
    1.00000000e+04   0.00000000e+00   1.00000000e+06   1.00000000e+07
    0.00000000e+00   1.00000000e+09   1.00000000e+10   1.00000000e+11]
 [  0.00000000e+00  -1.00000000e+00   0.00000000e+00  -2.71000000e+02
   -3.43900000e+03   0.00000000e+00  -4.68559000e+05  -5.21703100e+06
    0.00000000e+00  -6.12579511e+08  -6.51321560e+09  -6.86189404e+10]
 [  0.00000000e+00   0.00000000e+00   0.00000000e+00   5.40000000e+01
    9.74000000e+02   0.00000000e+00   1.99262000e+05   2.53121400e+06
    0.00000000e+00   3.59376750e+08   4.10017302e+09   4.58278154e+10]
 [  0.00000000e+00   0.00000000e+00   0.00000000e+00   0.00000000e+00
    1.19777778e+02   0.00000000e+00   8.15997778e+04   1.45768000e+06
    0.00000000e+00   3.46060680e+08   4.86846120e+09   6.57729354e+10]
 [  0.00000000e+00   0.00000000e+00   0.00000000e+00   0.00000000e+00
   -3.68355556e+03   0.00000000e+00  -1.59094756e+06  -2.33878400e+07
    0.00000000e+00  -3.92579040e+09  -4.71869311e+10  -5.49076454e+11]]
-------------------------------------
pivot is 119.777777778
target is -3683.55555556
beta is -30.7532467532
-------------------------------------
mtrx11(coefficients of left terms after forward elimination) is
[[  1.00000000e+00   1.00000000e+01   0.00000000e+00   1.00000000e+03
    1.00000000e+04   0.00000000e+00   1.00000000e+06   1.00000000e+07
    0.00000000e+00   1.00000000e+09   1.00000000e+10   1.00000000e+11]
 [  0.00000000e+00  -1.00000000e+00   0.00000000e+00  -2.71000000e+02
   -3.43900000e+03   0.00000000e+00  -4.68559000e+05  -5.21703100e+06
    0.00000000e+00  -6.12579511e+08  -6.51321560e+09  -6.86189404e+10]
 [  0.00000000e+00   0.00000000e+00   0.00000000e+00   5.40000000e+01
    9.74000000e+02   0.00000000e+00   1.99262000e+05   2.53121400e+06
    0.00000000e+00   3.59376750e+08   4.10017302e+09   4.58278154e+10]
 [  0.00000000e+00   0.00000000e+00   0.00000000e+00   0.00000000e+00
    1.19777778e+02   0.00000000e+00   8.15997778e+04   1.45768000e+06
    0.00000000e+00   3.46060680e+08   4.86846120e+09   6.57729354e+10]
 [  0.00000000e+00   0.00000000e+00   0.00000000e+00   0.00000000e+00
    0.00000000e+00   0.00000000e+00   9.18510545e+05   2.14405527e+07
    0.00000000e+00   6.71669908e+09   1.02534057e+11   1.47365486e+12]]
--------------------------------------------
Back from rank 11
mtrx5 now is (4, 400, 4800)
alpha is 10000000000
alpha is -6513215599.0
alpha is 4100173022.0
alpha is 4868461199.78
alpha is 102534057478.0
mtrx11 after updated is
[[  1.00000000e+00   1.00000000e+01   0.00000000e+00   1.00000000e+03
    1.00000000e+04   0.00000000e+00   1.00000000e+06   1.00000000e+07
    0.00000000e+00   1.00000000e+09   0.00000000e+00   1.00000000e+11]
 [  0.00000000e+00  -1.00000000e+00   0.00000000e+00  -2.71000000e+02
   -3.43900000e+03   0.00000000e+00  -4.68559000e+05  -5.21703100e+06
    0.00000000e+00  -6.12579511e+08   0.00000000e+00  -6.86189404e+10]
 [  0.00000000e+00   0.00000000e+00   0.00000000e+00   5.40000000e+01
    9.74000000e+02   0.00000000e+00   1.99262000e+05   2.53121400e+06
    0.00000000e+00   3.59376750e+08   0.00000000e+00   4.58278154e+10]
 [  0.00000000e+00   0.00000000e+00   0.00000000e+00   0.00000000e+00
    1.19777778e+02   0.00000000e+00   8.15997778e+04   1.45768000e+06
    0.00000000e+00   3.46060680e+08   0.00000000e+00   6.57729354e+10]
 [  0.00000000e+00   0.00000000e+00   0.00000000e+00   0.00000000e+00
    0.00000000e+00   0.00000000e+00   9.18510545e+05   2.14405527e+07
    0.00000000e+00   6.71669908e+09   0.00000000e+00   1.47365486e+12]]
pivot is 1
target is 0.0
beta is 0.0
-------------------------------------
target is 0.0
beta is 0.0
-------------------------------------
target is 0.0
beta is 0.0
-------------------------------------
target is 0.0
beta is 0.0
-------------------------------------
pivot is -1.0
target is 0.0
beta is -0.0
-------------------------------------
target is 0.0
beta is -0.0
-------------------------------------
target is 0.0
beta is -0.0
-------------------------------------
pivot is 0.0
pivot should not be 0, go to next col which is not 0...
pivot now should be 54.0
target should be 0.0
beta should be 0.0
mtrx11 now should be
[[  1.00000000e+00   1.00000000e+01   0.00000000e+00   1.00000000e+03
    1.00000000e+04   0.00000000e+00   1.00000000e+06   1.00000000e+07
    0.00000000e+00   1.00000000e+09   0.00000000e+00   1.00000000e+11]
 [  0.00000000e+00  -1.00000000e+00   0.00000000e+00  -2.71000000e+02
   -3.43900000e+03   0.00000000e+00  -4.68559000e+05  -5.21703100e+06
    0.00000000e+00  -6.12579511e+08   0.00000000e+00  -6.86189404e+10]
 [  0.00000000e+00   0.00000000e+00   0.00000000e+00   5.40000000e+01
    9.74000000e+02   0.00000000e+00   1.99262000e+05   2.53121400e+06
    0.00000000e+00   3.59376750e+08   0.00000000e+00   4.58278154e+10]
 [  0.00000000e+00   0.00000000e+00   0.00000000e+00   0.00000000e+00
    1.19777778e+02   0.00000000e+00   8.15997778e+04   1.45768000e+06
    0.00000000e+00   3.46060680e+08   0.00000000e+00   6.57729354e+10]
 [  0.00000000e+00   0.00000000e+00   0.00000000e+00   0.00000000e+00
    0.00000000e+00   0.00000000e+00   9.18510545e+05   2.14405527e+07
    0.00000000e+00   6.71669908e+09   0.00000000e+00   1.47365486e+12]]
-------------------------------------
target should be 0.0
beta should be 0.0
mtrx11 now should be
[[  1.00000000e+00   1.00000000e+01   0.00000000e+00   1.00000000e+03
    1.00000000e+04   0.00000000e+00   1.00000000e+06   1.00000000e+07
    0.00000000e+00   1.00000000e+09   0.00000000e+00   1.00000000e+11]
 [  0.00000000e+00  -1.00000000e+00   0.00000000e+00  -2.71000000e+02
   -3.43900000e+03   0.00000000e+00  -4.68559000e+05  -5.21703100e+06
    0.00000000e+00  -6.12579511e+08   0.00000000e+00  -6.86189404e+10]
 [  0.00000000e+00   0.00000000e+00   0.00000000e+00   5.40000000e+01
    9.74000000e+02   0.00000000e+00   1.99262000e+05   2.53121400e+06
    0.00000000e+00   3.59376750e+08   0.00000000e+00   4.58278154e+10]
 [  0.00000000e+00   0.00000000e+00   0.00000000e+00   0.00000000e+00
    1.19777778e+02   0.00000000e+00   8.15997778e+04   1.45768000e+06
    0.00000000e+00   3.46060680e+08   0.00000000e+00   6.57729354e+10]
 [  0.00000000e+00   0.00000000e+00   0.00000000e+00   0.00000000e+00
    0.00000000e+00   0.00000000e+00   9.18510545e+05   2.14405527e+07
    0.00000000e+00   6.71669908e+09   0.00000000e+00   1.47365486e+12]]
-------------------------------------
pivot is 119.777777778
target is 0.0
beta is 0.0
-------------------------------------


Back from rank 13
mtrx4(redundency-based results) now is (6, 400, 4800)
mtrx11 now is
[[  1.00000000e+00   1.00000000e+01   0.00000000e+00   1.00000000e+03
    1.00000000e+04   0.00000000e+00   1.00000000e+06   1.00000000e+07
    0.00000000e+00   1.00000000e+09   0.00000000e+00   1.00000000e+11]
 [  0.00000000e+00  -1.00000000e+00   0.00000000e+00  -2.71000000e+02
   -3.43900000e+03   0.00000000e+00  -4.68559000e+05  -5.21703100e+06
    0.00000000e+00  -6.12579511e+08   0.00000000e+00  -6.86189404e+10]
 [  0.00000000e+00   0.00000000e+00   0.00000000e+00   5.40000000e+01
    9.74000000e+02   0.00000000e+00   1.99262000e+05   2.53121400e+06
    0.00000000e+00   3.59376750e+08   0.00000000e+00   4.58278154e+10]
 [  0.00000000e+00   0.00000000e+00   0.00000000e+00   0.00000000e+00
    1.19777778e+02   0.00000000e+00   8.15997778e+04   1.45768000e+06
    0.00000000e+00   3.46060680e+08   0.00000000e+00   6.57729354e+10]
 [  0.00000000e+00   0.00000000e+00   0.00000000e+00   0.00000000e+00
    0.00000000e+00   0.00000000e+00   9.18510545e+05   2.14405527e+07
    0.00000000e+00   6.71669908e+09   0.00000000e+00   1.47365486e+12]
 [  1.00000000e+00   1.00000000e+00   1.00000000e+00   1.00000000e+00
    1.00000000e+00   1.00000000e+00   1.00000000e+00   1.00000000e+00
    1.00000000e+00   1.00000000e+00   1.00000000e+00   1.00000000e+00]]


alpha is 1
alpha is 1
alpha is 1
alpha is 1
mtrx11 after simplify is
[[  1.00000000e+00   1.00000000e+01   0.00000000e+00   1.00000000e+03
    1.00000000e+04   0.00000000e+00   1.00000000e+06   1.00000000e+07
    0.00000000e+00   1.00000000e+09   0.00000000e+00   1.00000000e+11]
 [  0.00000000e+00  -1.00000000e+00   0.00000000e+00  -2.71000000e+02
   -3.43900000e+03   0.00000000e+00  -4.68559000e+05  -5.21703100e+06
    0.00000000e+00  -6.12579511e+08   0.00000000e+00  -6.86189404e+10]
 [  0.00000000e+00   0.00000000e+00   0.00000000e+00   5.40000000e+01
    9.74000000e+02   0.00000000e+00   1.99262000e+05   2.53121400e+06
    0.00000000e+00   3.59376750e+08   0.00000000e+00   4.58278154e+10]
 [  0.00000000e+00   0.00000000e+00   0.00000000e+00   0.00000000e+00
    1.19777778e+02   0.00000000e+00   8.15997778e+04   1.45768000e+06
    0.00000000e+00   3.46060680e+08   0.00000000e+00   6.57729354e+10]
 [  0.00000000e+00   0.00000000e+00   0.00000000e+00   0.00000000e+00
    0.00000000e+00   0.00000000e+00   9.18510545e+05   2.14405527e+07
    0.00000000e+00   6.71669908e+09   0.00000000e+00   1.47365486e+12]
 [  1.00000000e+00   1.00000000e+00   0.00000000e+00   1.00000000e+00
    1.00000000e+00   0.00000000e+00   1.00000000e+00   1.00000000e+00
    0.00000000e+00   1.00000000e+00   0.00000000e+00   1.00000000e+00]]
pivot is 1
target is 0.0
beta is 0.0
-------------------------------------
target is 0.0
beta is 0.0
-------------------------------------
target is 0.0
beta is 0.0
-------------------------------------
target is 0.0
beta is 0.0
-------------------------------------
target is 1
beta is 1.0
-------------------------------------
pivot is -1.0
target is 0.0
beta is -0.0
-------------------------------------
target is 0.0
beta is -0.0
-------------------------------------
target is 0.0
beta is -0.0
-------------------------------------
target is -9.0
beta is 9.0
-------------------------------------
pivot is 0.0
pivot should not be 0, go to next col which is not 0...
pivot now should be 54.0
target should be 0.0
beta should be 0.0
mtrx11 now should be
[[  1.00000000e+00   1.00000000e+01   0.00000000e+00   1.00000000e+03
    1.00000000e+04   0.00000000e+00   1.00000000e+06   1.00000000e+07
    0.00000000e+00   1.00000000e+09   0.00000000e+00   1.00000000e+11]
 [  0.00000000e+00  -1.00000000e+00   0.00000000e+00  -2.71000000e+02
   -3.43900000e+03   0.00000000e+00  -4.68559000e+05  -5.21703100e+06
    0.00000000e+00  -6.12579511e+08   0.00000000e+00  -6.86189404e+10]
 [  0.00000000e+00   0.00000000e+00   0.00000000e+00   5.40000000e+01
    9.74000000e+02   0.00000000e+00   1.99262000e+05   2.53121400e+06
    0.00000000e+00   3.59376750e+08   0.00000000e+00   4.58278154e+10]
 [  0.00000000e+00   0.00000000e+00   0.00000000e+00   0.00000000e+00
    1.19777778e+02   0.00000000e+00   8.15997778e+04   1.45768000e+06
    0.00000000e+00   3.46060680e+08   0.00000000e+00   6.57729354e+10]
 [  0.00000000e+00   0.00000000e+00   0.00000000e+00   0.00000000e+00
    0.00000000e+00   0.00000000e+00   9.18510545e+05   2.14405527e+07
    0.00000000e+00   6.71669908e+09   0.00000000e+00   1.47365486e+12]
 [  0.00000000e+00   0.00000000e+00   0.00000000e+00   1.44000000e+03
    2.09520000e+04   0.00000000e+00   3.21703200e+06   3.69532800e+07
    0.00000000e+00   4.51321560e+09   0.00000000e+00   5.17570464e+11]]
-------------------------------------
target should be 0.0
beta should be 0.0
mtrx11 now should be
[[  1.00000000e+00   1.00000000e+01   0.00000000e+00   1.00000000e+03
    1.00000000e+04   0.00000000e+00   1.00000000e+06   1.00000000e+07
    0.00000000e+00   1.00000000e+09   0.00000000e+00   1.00000000e+11]
 [  0.00000000e+00  -1.00000000e+00   0.00000000e+00  -2.71000000e+02
   -3.43900000e+03   0.00000000e+00  -4.68559000e+05  -5.21703100e+06
    0.00000000e+00  -6.12579511e+08   0.00000000e+00  -6.86189404e+10]
 [  0.00000000e+00   0.00000000e+00   0.00000000e+00   5.40000000e+01
    9.74000000e+02   0.00000000e+00   1.99262000e+05   2.53121400e+06
    0.00000000e+00   3.59376750e+08   0.00000000e+00   4.58278154e+10]
 [  0.00000000e+00   0.00000000e+00   0.00000000e+00   0.00000000e+00
    1.19777778e+02   0.00000000e+00   8.15997778e+04   1.45768000e+06
    0.00000000e+00   3.46060680e+08   0.00000000e+00   6.57729354e+10]
 [  0.00000000e+00   0.00000000e+00   0.00000000e+00   0.00000000e+00
    0.00000000e+00   0.00000000e+00   9.18510545e+05   2.14405527e+07
    0.00000000e+00   6.71669908e+09   0.00000000e+00   1.47365486e+12]
 [  0.00000000e+00   0.00000000e+00   0.00000000e+00   1.44000000e+03
    2.09520000e+04   0.00000000e+00   3.21703200e+06   3.69532800e+07
    0.00000000e+00   4.51321560e+09   0.00000000e+00   5.17570464e+11]]
-------------------------------------
target should be 1440.0
beta should be 26.6666666667
mtrx11 now should be
[[  1.00000000e+00   1.00000000e+01   0.00000000e+00   1.00000000e+03
    1.00000000e+04   0.00000000e+00   1.00000000e+06   1.00000000e+07
    0.00000000e+00   1.00000000e+09   0.00000000e+00   1.00000000e+11]
 [  0.00000000e+00  -1.00000000e+00   0.00000000e+00  -2.71000000e+02
   -3.43900000e+03   0.00000000e+00  -4.68559000e+05  -5.21703100e+06
    0.00000000e+00  -6.12579511e+08   0.00000000e+00  -6.86189404e+10]
 [  0.00000000e+00   0.00000000e+00   0.00000000e+00   5.40000000e+01
    9.74000000e+02   0.00000000e+00   1.99262000e+05   2.53121400e+06
    0.00000000e+00   3.59376750e+08   0.00000000e+00   4.58278154e+10]
 [  0.00000000e+00   0.00000000e+00   0.00000000e+00   0.00000000e+00
    1.19777778e+02   0.00000000e+00   8.15997778e+04   1.45768000e+06
    0.00000000e+00   3.46060680e+08   0.00000000e+00   6.57729354e+10]
 [  0.00000000e+00   0.00000000e+00   0.00000000e+00   0.00000000e+00
    0.00000000e+00   0.00000000e+00   9.18510545e+05   2.14405527e+07
    0.00000000e+00   6.71669908e+09   0.00000000e+00   1.47365486e+12]
 [  0.00000000e+00   0.00000000e+00   0.00000000e+00   0.00000000e+00
   -5.02133333e+03   0.00000000e+00  -2.09662133e+06  -3.05457600e+07
    0.00000000e+00  -5.07016440e+09   0.00000000e+00  -7.04504613e+11]]
-------------------------------------
pivot is 119.777777778
target is 0.0
beta is 0.0
-------------------------------------
target is -5021.33333333
beta is -41.9220779221
-------------------------------------
pivot is 0.0
pivot should not be 0, go to next col which is not 0...
pivot now should be 918510.545455
target should be 1324210.90909
beta should be 1.44169374608
mtrx11 now should be
[[  1.00000000e+00   1.00000000e+01   0.00000000e+00   1.00000000e+03
    1.00000000e+04   0.00000000e+00   1.00000000e+06   1.00000000e+07
    0.00000000e+00   1.00000000e+09   0.00000000e+00   1.00000000e+11]
 [  0.00000000e+00  -1.00000000e+00   0.00000000e+00  -2.71000000e+02
   -3.43900000e+03   0.00000000e+00  -4.68559000e+05  -5.21703100e+06
    0.00000000e+00  -6.12579511e+08   0.00000000e+00  -6.86189404e+10]
 [  0.00000000e+00   0.00000000e+00   0.00000000e+00   5.40000000e+01
    9.74000000e+02   0.00000000e+00   1.99262000e+05   2.53121400e+06
    0.00000000e+00   3.59376750e+08   0.00000000e+00   4.58278154e+10]
 [  0.00000000e+00   0.00000000e+00   0.00000000e+00   0.00000000e+00
    1.19777778e+02   0.00000000e+00   8.15997778e+04   1.45768000e+06
    0.00000000e+00   3.46060680e+08   0.00000000e+00   6.57729354e+10]
 [  0.00000000e+00   0.00000000e+00   0.00000000e+00   0.00000000e+00
    0.00000000e+00   0.00000000e+00   9.18510545e+05   2.14405527e+07
    0.00000000e+00   6.71669908e+09   0.00000000e+00   1.47365486e+12]
 [  0.00000000e+00   0.00000000e+00   0.00000000e+00   0.00000000e+00
    0.00000000e+00   0.00000000e+00   0.00000000e+00  -3.47496234e+05
    0.00000000e+00  -2.46004670e+08   0.00000000e+00  -7.17254826e+10]]
-------------------------------------
mtrx11(coefficients of left terms after forward elimination) is
[[  1.00000000e+00   1.00000000e+01   0.00000000e+00   1.00000000e+03
    1.00000000e+04   0.00000000e+00   1.00000000e+06   1.00000000e+07
    0.00000000e+00   1.00000000e+09   0.00000000e+00   1.00000000e+11]
 [  0.00000000e+00  -1.00000000e+00   0.00000000e+00  -2.71000000e+02
   -3.43900000e+03   0.00000000e+00  -4.68559000e+05  -5.21703100e+06
    0.00000000e+00  -6.12579511e+08   0.00000000e+00  -6.86189404e+10]
 [  0.00000000e+00   0.00000000e+00   0.00000000e+00   5.40000000e+01
    9.74000000e+02   0.00000000e+00   1.99262000e+05   2.53121400e+06
    0.00000000e+00   3.59376750e+08   0.00000000e+00   4.58278154e+10]
 [  0.00000000e+00   0.00000000e+00   0.00000000e+00   0.00000000e+00
    1.19777778e+02   0.00000000e+00   8.15997778e+04   1.45768000e+06
    0.00000000e+00   3.46060680e+08   0.00000000e+00   6.57729354e+10]
 [  0.00000000e+00   0.00000000e+00   0.00000000e+00   0.00000000e+00
    0.00000000e+00   0.00000000e+00   9.18510545e+05   2.14405527e+07
    0.00000000e+00   6.71669908e+09   0.00000000e+00   1.47365486e+12]
 [  0.00000000e+00   0.00000000e+00   0.00000000e+00   0.00000000e+00
    0.00000000e+00   0.00000000e+00   0.00000000e+00  -3.47496234e+05
    0.00000000e+00  -2.46004670e+08   0.00000000e+00  -7.17254826e+10]]
--------------------------------------------
Back from rank 16
mtrx4(redundency-based results) now is (7, 400, 4800)
mtrx11 now is
[[  1.00000000e+00   1.00000000e+01   0.00000000e+00   1.00000000e+03
    1.00000000e+04   0.00000000e+00   1.00000000e+06   1.00000000e+07
    0.00000000e+00   1.00000000e+09   0.00000000e+00   1.00000000e+11]
 [  0.00000000e+00  -1.00000000e+00   0.00000000e+00  -2.71000000e+02
   -3.43900000e+03   0.00000000e+00  -4.68559000e+05  -5.21703100e+06
    0.00000000e+00  -6.12579511e+08   0.00000000e+00  -6.86189404e+10]
 [  0.00000000e+00   0.00000000e+00   0.00000000e+00   5.40000000e+01
    9.74000000e+02   0.00000000e+00   1.99262000e+05   2.53121400e+06
    0.00000000e+00   3.59376750e+08   0.00000000e+00   4.58278154e+10]
 [  0.00000000e+00   0.00000000e+00   0.00000000e+00   0.00000000e+00
    1.19777778e+02   0.00000000e+00   8.15997778e+04   1.45768000e+06
    0.00000000e+00   3.46060680e+08   0.00000000e+00   6.57729354e+10]
 [  0.00000000e+00   0.00000000e+00   0.00000000e+00   0.00000000e+00
    0.00000000e+00   0.00000000e+00   9.18510545e+05   2.14405527e+07
    0.00000000e+00   6.71669908e+09   0.00000000e+00   1.47365486e+12]
 [  0.00000000e+00   0.00000000e+00   0.00000000e+00   0.00000000e+00
    0.00000000e+00   0.00000000e+00   0.00000000e+00  -3.47496234e+05
    0.00000000e+00  -2.46004670e+08   0.00000000e+00  -7.17254826e+10]
 [  1.00000000e+00   4.00000000e+00   1.60000000e+01   6.40000000e+01
    2.56000000e+02   1.02400000e+03   4.09600000e+03   1.63840000e+04
    6.55360000e+04   2.62144000e+05   1.04857600e+06   4.19430400e+06]]


alpha is 16
alpha is 1024
alpha is 65536
alpha is 1048576
mtrx11 after simplify is
[[  1.00000000e+00   1.00000000e+01   0.00000000e+00   1.00000000e+03
    1.00000000e+04   0.00000000e+00   1.00000000e+06   1.00000000e+07
    0.00000000e+00   1.00000000e+09   0.00000000e+00   1.00000000e+11]
 [  0.00000000e+00  -1.00000000e+00   0.00000000e+00  -2.71000000e+02
   -3.43900000e+03   0.00000000e+00  -4.68559000e+05  -5.21703100e+06
    0.00000000e+00  -6.12579511e+08   0.00000000e+00  -6.86189404e+10]
 [  0.00000000e+00   0.00000000e+00   0.00000000e+00   5.40000000e+01
    9.74000000e+02   0.00000000e+00   1.99262000e+05   2.53121400e+06
    0.00000000e+00   3.59376750e+08   0.00000000e+00   4.58278154e+10]
 [  0.00000000e+00   0.00000000e+00   0.00000000e+00   0.00000000e+00
    1.19777778e+02   0.00000000e+00   8.15997778e+04   1.45768000e+06
    0.00000000e+00   3.46060680e+08   0.00000000e+00   6.57729354e+10]
 [  0.00000000e+00   0.00000000e+00   0.00000000e+00   0.00000000e+00
    0.00000000e+00   0.00000000e+00   9.18510545e+05   2.14405527e+07
    0.00000000e+00   6.71669908e+09   0.00000000e+00   1.47365486e+12]
 [  0.00000000e+00   0.00000000e+00   0.00000000e+00   0.00000000e+00
    0.00000000e+00   0.00000000e+00   0.00000000e+00  -3.47496234e+05
    0.00000000e+00  -2.46004670e+08   0.00000000e+00  -7.17254826e+10]
 [  1.00000000e+00   4.00000000e+00   0.00000000e+00   6.40000000e+01
    2.56000000e+02   0.00000000e+00   4.09600000e+03   1.63840000e+04
    0.00000000e+00   2.62144000e+05   0.00000000e+00   4.19430400e+06]]
pivot is 1
target is 0.0
beta is 0.0
-------------------------------------
target is 0.0
beta is 0.0
-------------------------------------
target is 0.0
beta is 0.0
-------------------------------------
target is 0.0
beta is 0.0
-------------------------------------
target is 0.0
beta is 0.0
-------------------------------------
target is 1
beta is 1.0
-------------------------------------
pivot is -1.0
target is 0.0
beta is -0.0
-------------------------------------
target is 0.0
beta is -0.0
-------------------------------------
target is 0.0
beta is -0.0
-------------------------------------
target is 0.0
beta is -0.0
-------------------------------------
target is -6.0
beta is 6.0
-------------------------------------
pivot is 0.0
pivot should not be 0, go to next col which is not 0...
pivot now should be 54.0
target should be 0.0
beta should be 0.0
mtrx11 now should be
[[  1.00000000e+00   1.00000000e+01   0.00000000e+00   1.00000000e+03
    1.00000000e+04   0.00000000e+00   1.00000000e+06   1.00000000e+07
    0.00000000e+00   1.00000000e+09   0.00000000e+00   1.00000000e+11]
 [  0.00000000e+00  -1.00000000e+00   0.00000000e+00  -2.71000000e+02
   -3.43900000e+03   0.00000000e+00  -4.68559000e+05  -5.21703100e+06
    0.00000000e+00  -6.12579511e+08   0.00000000e+00  -6.86189404e+10]
 [  0.00000000e+00   0.00000000e+00   0.00000000e+00   5.40000000e+01
    9.74000000e+02   0.00000000e+00   1.99262000e+05   2.53121400e+06
    0.00000000e+00   3.59376750e+08   0.00000000e+00   4.58278154e+10]
 [  0.00000000e+00   0.00000000e+00   0.00000000e+00   0.00000000e+00
    1.19777778e+02   0.00000000e+00   8.15997778e+04   1.45768000e+06
    0.00000000e+00   3.46060680e+08   0.00000000e+00   6.57729354e+10]
 [  0.00000000e+00   0.00000000e+00   0.00000000e+00   0.00000000e+00
    0.00000000e+00   0.00000000e+00   9.18510545e+05   2.14405527e+07
    0.00000000e+00   6.71669908e+09   0.00000000e+00   1.47365486e+12]
 [  0.00000000e+00   0.00000000e+00   0.00000000e+00   0.00000000e+00
    0.00000000e+00   0.00000000e+00   0.00000000e+00  -3.47496234e+05
    0.00000000e+00  -2.46004670e+08   0.00000000e+00  -7.17254826e+10]
 [  0.00000000e+00   0.00000000e+00   0.00000000e+00   6.90000000e+02
    1.08900000e+04   0.00000000e+00   1.81545000e+06   2.13185700e+07
    0.00000000e+00   2.67573921e+09   0.00000000e+00   3.11717837e+11]]
-------------------------------------
target should be 0.0
beta should be 0.0
mtrx11 now should be
[[  1.00000000e+00   1.00000000e+01   0.00000000e+00   1.00000000e+03
    1.00000000e+04   0.00000000e+00   1.00000000e+06   1.00000000e+07
    0.00000000e+00   1.00000000e+09   0.00000000e+00   1.00000000e+11]
 [  0.00000000e+00  -1.00000000e+00   0.00000000e+00  -2.71000000e+02
   -3.43900000e+03   0.00000000e+00  -4.68559000e+05  -5.21703100e+06
    0.00000000e+00  -6.12579511e+08   0.00000000e+00  -6.86189404e+10]
 [  0.00000000e+00   0.00000000e+00   0.00000000e+00   5.40000000e+01
    9.74000000e+02   0.00000000e+00   1.99262000e+05   2.53121400e+06
    0.00000000e+00   3.59376750e+08   0.00000000e+00   4.58278154e+10]
 [  0.00000000e+00   0.00000000e+00   0.00000000e+00   0.00000000e+00
    1.19777778e+02   0.00000000e+00   8.15997778e+04   1.45768000e+06
    0.00000000e+00   3.46060680e+08   0.00000000e+00   6.57729354e+10]
 [  0.00000000e+00   0.00000000e+00   0.00000000e+00   0.00000000e+00
    0.00000000e+00   0.00000000e+00   9.18510545e+05   2.14405527e+07
    0.00000000e+00   6.71669908e+09   0.00000000e+00   1.47365486e+12]
 [  0.00000000e+00   0.00000000e+00   0.00000000e+00   0.00000000e+00
    0.00000000e+00   0.00000000e+00   0.00000000e+00  -3.47496234e+05
    0.00000000e+00  -2.46004670e+08   0.00000000e+00  -7.17254826e+10]
 [  0.00000000e+00   0.00000000e+00   0.00000000e+00   6.90000000e+02
    1.08900000e+04   0.00000000e+00   1.81545000e+06   2.13185700e+07
    0.00000000e+00   2.67573921e+09   0.00000000e+00   3.11717837e+11]]
-------------------------------------
target should be 0.0
beta should be 0.0
mtrx11 now should be
[[  1.00000000e+00   1.00000000e+01   0.00000000e+00   1.00000000e+03
    1.00000000e+04   0.00000000e+00   1.00000000e+06   1.00000000e+07
    0.00000000e+00   1.00000000e+09   0.00000000e+00   1.00000000e+11]
 [  0.00000000e+00  -1.00000000e+00   0.00000000e+00  -2.71000000e+02
   -3.43900000e+03   0.00000000e+00  -4.68559000e+05  -5.21703100e+06
    0.00000000e+00  -6.12579511e+08   0.00000000e+00  -6.86189404e+10]
 [  0.00000000e+00   0.00000000e+00   0.00000000e+00   5.40000000e+01
    9.74000000e+02   0.00000000e+00   1.99262000e+05   2.53121400e+06
    0.00000000e+00   3.59376750e+08   0.00000000e+00   4.58278154e+10]
 [  0.00000000e+00   0.00000000e+00   0.00000000e+00   0.00000000e+00
    1.19777778e+02   0.00000000e+00   8.15997778e+04   1.45768000e+06
    0.00000000e+00   3.46060680e+08   0.00000000e+00   6.57729354e+10]
 [  0.00000000e+00   0.00000000e+00   0.00000000e+00   0.00000000e+00
    0.00000000e+00   0.00000000e+00   9.18510545e+05   2.14405527e+07
    0.00000000e+00   6.71669908e+09   0.00000000e+00   1.47365486e+12]
 [  0.00000000e+00   0.00000000e+00   0.00000000e+00   0.00000000e+00
    0.00000000e+00   0.00000000e+00   0.00000000e+00  -3.47496234e+05
    0.00000000e+00  -2.46004670e+08   0.00000000e+00  -7.17254826e+10]
 [  0.00000000e+00   0.00000000e+00   0.00000000e+00   6.90000000e+02
    1.08900000e+04   0.00000000e+00   1.81545000e+06   2.13185700e+07
    0.00000000e+00   2.67573921e+09   0.00000000e+00   3.11717837e+11]]
-------------------------------------
target should be 690.0
beta should be 12.7777777778
mtrx11 now should be
[[  1.00000000e+00   1.00000000e+01   0.00000000e+00   1.00000000e+03
    1.00000000e+04   0.00000000e+00   1.00000000e+06   1.00000000e+07
    0.00000000e+00   1.00000000e+09   0.00000000e+00   1.00000000e+11]
 [  0.00000000e+00  -1.00000000e+00   0.00000000e+00  -2.71000000e+02
   -3.43900000e+03   0.00000000e+00  -4.68559000e+05  -5.21703100e+06
    0.00000000e+00  -6.12579511e+08   0.00000000e+00  -6.86189404e+10]
 [  0.00000000e+00   0.00000000e+00   0.00000000e+00   5.40000000e+01
    9.74000000e+02   0.00000000e+00   1.99262000e+05   2.53121400e+06
    0.00000000e+00   3.59376750e+08   0.00000000e+00   4.58278154e+10]
 [  0.00000000e+00   0.00000000e+00   0.00000000e+00   0.00000000e+00
    1.19777778e+02   0.00000000e+00   8.15997778e+04   1.45768000e+06
    0.00000000e+00   3.46060680e+08   0.00000000e+00   6.57729354e+10]
 [  0.00000000e+00   0.00000000e+00   0.00000000e+00   0.00000000e+00
    0.00000000e+00   0.00000000e+00   9.18510545e+05   2.14405527e+07
    0.00000000e+00   6.71669908e+09   0.00000000e+00   1.47365486e+12]
 [  0.00000000e+00   0.00000000e+00   0.00000000e+00   0.00000000e+00
    0.00000000e+00   0.00000000e+00   0.00000000e+00  -3.47496234e+05
    0.00000000e+00  -2.46004670e+08   0.00000000e+00  -7.17254826e+10]
 [  0.00000000e+00   0.00000000e+00   0.00000000e+00   0.00000000e+00
   -1.55555556e+03   0.00000000e+00  -7.30675556e+05  -1.10247200e+07
    0.00000000e+00  -1.91629704e+09   0.00000000e+00  -2.73859804e+11]]
-------------------------------------
pivot is 119.777777778
target is 0.0
beta is 0.0
-------------------------------------
target is 0.0
beta is 0.0
-------------------------------------
target is -1555.55555556
beta is -12.987012987
-------------------------------------
pivot is 0.0
pivot should not be 0, go to next col which is not 0...
pivot now should be 918510.545455
target should be 0.0
beta should be 0.0
mtrx11 now should be
[[  1.00000000e+00   1.00000000e+01   0.00000000e+00   1.00000000e+03
    1.00000000e+04   0.00000000e+00   1.00000000e+06   1.00000000e+07
    0.00000000e+00   1.00000000e+09   0.00000000e+00   1.00000000e+11]
 [  0.00000000e+00  -1.00000000e+00   0.00000000e+00  -2.71000000e+02
   -3.43900000e+03   0.00000000e+00  -4.68559000e+05  -5.21703100e+06
    0.00000000e+00  -6.12579511e+08   0.00000000e+00  -6.86189404e+10]
 [  0.00000000e+00   0.00000000e+00   0.00000000e+00   5.40000000e+01
    9.74000000e+02   0.00000000e+00   1.99262000e+05   2.53121400e+06
    0.00000000e+00   3.59376750e+08   0.00000000e+00   4.58278154e+10]
 [  0.00000000e+00   0.00000000e+00   0.00000000e+00   0.00000000e+00
    1.19777778e+02   0.00000000e+00   8.15997778e+04   1.45768000e+06
    0.00000000e+00   3.46060680e+08   0.00000000e+00   6.57729354e+10]
 [  0.00000000e+00   0.00000000e+00   0.00000000e+00   0.00000000e+00
    0.00000000e+00   0.00000000e+00   9.18510545e+05   2.14405527e+07
    0.00000000e+00   6.71669908e+09   0.00000000e+00   1.47365486e+12]
 [  0.00000000e+00   0.00000000e+00   0.00000000e+00   0.00000000e+00
    0.00000000e+00   0.00000000e+00   0.00000000e+00  -3.47496234e+05
    0.00000000e+00  -2.46004670e+08   0.00000000e+00  -7.17254826e+10]
 [  0.00000000e+00   0.00000000e+00   0.00000000e+00   0.00000000e+00
    0.00000000e+00   0.00000000e+00   3.29061818e+05   7.90618909e+06
    0.00000000e+00   2.57799751e+09   0.00000000e+00   5.80334161e+11]]
-------------------------------------
target should be 329061.818182
beta should be 0.358255895711
mtrx11 now should be
[[  1.00000000e+00   1.00000000e+01   0.00000000e+00   1.00000000e+03
    1.00000000e+04   0.00000000e+00   1.00000000e+06   1.00000000e+07
    0.00000000e+00   1.00000000e+09   0.00000000e+00   1.00000000e+11]
 [  0.00000000e+00  -1.00000000e+00   0.00000000e+00  -2.71000000e+02
   -3.43900000e+03   0.00000000e+00  -4.68559000e+05  -5.21703100e+06
    0.00000000e+00  -6.12579511e+08   0.00000000e+00  -6.86189404e+10]
 [  0.00000000e+00   0.00000000e+00   0.00000000e+00   5.40000000e+01
    9.74000000e+02   0.00000000e+00   1.99262000e+05   2.53121400e+06
    0.00000000e+00   3.59376750e+08   0.00000000e+00   4.58278154e+10]
 [  0.00000000e+00   0.00000000e+00   0.00000000e+00   0.00000000e+00
    1.19777778e+02   0.00000000e+00   8.15997778e+04   1.45768000e+06
    0.00000000e+00   3.46060680e+08   0.00000000e+00   6.57729354e+10]
 [  0.00000000e+00   0.00000000e+00   0.00000000e+00   0.00000000e+00
    0.00000000e+00   0.00000000e+00   9.18510545e+05   2.14405527e+07
    0.00000000e+00   6.71669908e+09   0.00000000e+00   1.47365486e+12]
 [  0.00000000e+00   0.00000000e+00   0.00000000e+00   0.00000000e+00
    0.00000000e+00   0.00000000e+00   0.00000000e+00  -3.47496234e+05
    0.00000000e+00  -2.46004670e+08   0.00000000e+00  -7.17254826e+10]
 [  0.00000000e+00   0.00000000e+00   0.00000000e+00   0.00000000e+00
    0.00000000e+00   0.00000000e+00   0.00000000e+00   2.24984669e+05
    0.00000000e+00   1.71700459e+08   0.00000000e+00   5.23886208e+10]]
-------------------------------------
pivot is -347496.233966
target is 224984.669061
beta is -0.647444913268
-------------------------------------
mtrx11(coefficients of left terms after forward elimination) is
[[  1.00000000e+00   1.00000000e+01   0.00000000e+00   1.00000000e+03
    1.00000000e+04   0.00000000e+00   1.00000000e+06   1.00000000e+07
    0.00000000e+00   1.00000000e+09   0.00000000e+00   1.00000000e+11]
 [  0.00000000e+00  -1.00000000e+00   0.00000000e+00  -2.71000000e+02
   -3.43900000e+03   0.00000000e+00  -4.68559000e+05  -5.21703100e+06
    0.00000000e+00  -6.12579511e+08   0.00000000e+00  -6.86189404e+10]
 [  0.00000000e+00   0.00000000e+00   0.00000000e+00   5.40000000e+01
    9.74000000e+02   0.00000000e+00   1.99262000e+05   2.53121400e+06
    0.00000000e+00   3.59376750e+08   0.00000000e+00   4.58278154e+10]
 [  0.00000000e+00   0.00000000e+00   0.00000000e+00   0.00000000e+00
    1.19777778e+02   0.00000000e+00   8.15997778e+04   1.45768000e+06
    0.00000000e+00   3.46060680e+08   0.00000000e+00   6.57729354e+10]
 [  0.00000000e+00   0.00000000e+00   0.00000000e+00   0.00000000e+00
    0.00000000e+00   0.00000000e+00   9.18510545e+05   2.14405527e+07
    0.00000000e+00   6.71669908e+09   0.00000000e+00   1.47365486e+12]
 [  0.00000000e+00   0.00000000e+00   0.00000000e+00   0.00000000e+00
    0.00000000e+00   0.00000000e+00   0.00000000e+00  -3.47496234e+05
    0.00000000e+00  -2.46004670e+08   0.00000000e+00  -7.17254826e+10]
 [  0.00000000e+00   0.00000000e+00   0.00000000e+00   0.00000000e+00
    0.00000000e+00   0.00000000e+00   0.00000000e+00   0.00000000e+00
    0.00000000e+00   1.24259865e+07   0.00000000e+00   5.95032193e+09]]
--------------------------------------------
Back from rank 7
mtrx5 now is (5, 400, 4800)
alpha is 1000000
alpha is -468559.0
alpha is 199262.0
alpha is 81599.7777778
alpha is 918510.545455
alpha is 0.0
alpha is 0.0
mtrx11 after updated is
[[  1.00000000e+00   1.00000000e+01   0.00000000e+00   1.00000000e+03
    1.00000000e+04   0.00000000e+00   0.00000000e+00   1.00000000e+07
    0.00000000e+00   1.00000000e+09   0.00000000e+00   1.00000000e+11]
 [  0.00000000e+00  -1.00000000e+00   0.00000000e+00  -2.71000000e+02
   -3.43900000e+03   0.00000000e+00   0.00000000e+00  -5.21703100e+06
    0.00000000e+00  -6.12579511e+08   0.00000000e+00  -6.86189404e+10]
 [  0.00000000e+00   0.00000000e+00   0.00000000e+00   5.40000000e+01
    9.74000000e+02   0.00000000e+00   0.00000000e+00   2.53121400e+06
    0.00000000e+00   3.59376750e+08   0.00000000e+00   4.58278154e+10]
 [  0.00000000e+00   0.00000000e+00   0.00000000e+00   0.00000000e+00
    1.19777778e+02   0.00000000e+00   0.00000000e+00   1.45768000e+06
    0.00000000e+00   3.46060680e+08   0.00000000e+00   6.57729354e+10]
 [  0.00000000e+00   0.00000000e+00   0.00000000e+00   0.00000000e+00
    0.00000000e+00   0.00000000e+00   0.00000000e+00   2.14405527e+07
    0.00000000e+00   6.71669908e+09   0.00000000e+00   1.47365486e+12]
 [  0.00000000e+00   0.00000000e+00   0.00000000e+00   0.00000000e+00
    0.00000000e+00   0.00000000e+00   0.00000000e+00  -3.47496234e+05
    0.00000000e+00  -2.46004670e+08   0.00000000e+00  -7.17254826e+10]
 [  0.00000000e+00   0.00000000e+00   0.00000000e+00   0.00000000e+00
    0.00000000e+00   0.00000000e+00   0.00000000e+00   0.00000000e+00
    0.00000000e+00   1.24259865e+07   0.00000000e+00   5.95032193e+09]]
pivot is 1
target is 0.0
beta is 0.0
-------------------------------------
target is 0.0
beta is 0.0
-------------------------------------
target is 0.0
beta is 0.0
-------------------------------------
target is 0.0
beta is 0.0
-------------------------------------
target is 0.0
beta is 0.0
-------------------------------------
target is 0.0
beta is 0.0
-------------------------------------
pivot is -1.0
target is 0.0
beta is -0.0
-------------------------------------
target is 0.0
beta is -0.0
-------------------------------------
target is 0.0
beta is -0.0
-------------------------------------
target is 0.0
beta is -0.0
-------------------------------------
target is 0.0
beta is -0.0
-------------------------------------
pivot is 0.0
pivot should not be 0, go to next col which is not 0...
pivot now should be 54.0
target should be 0.0
beta should be 0.0
mtrx11 now should be
[[  1.00000000e+00   1.00000000e+01   0.00000000e+00   1.00000000e+03
    1.00000000e+04   0.00000000e+00   0.00000000e+00   1.00000000e+07
    0.00000000e+00   1.00000000e+09   0.00000000e+00   1.00000000e+11]
 [  0.00000000e+00  -1.00000000e+00   0.00000000e+00  -2.71000000e+02
   -3.43900000e+03   0.00000000e+00   0.00000000e+00  -5.21703100e+06
    0.00000000e+00  -6.12579511e+08   0.00000000e+00  -6.86189404e+10]
 [  0.00000000e+00   0.00000000e+00   0.00000000e+00   5.40000000e+01
    9.74000000e+02   0.00000000e+00   0.00000000e+00   2.53121400e+06
    0.00000000e+00   3.59376750e+08   0.00000000e+00   4.58278154e+10]
 [  0.00000000e+00   0.00000000e+00   0.00000000e+00   0.00000000e+00
    1.19777778e+02   0.00000000e+00   0.00000000e+00   1.45768000e+06
    0.00000000e+00   3.46060680e+08   0.00000000e+00   6.57729354e+10]
 [  0.00000000e+00   0.00000000e+00   0.00000000e+00   0.00000000e+00
    0.00000000e+00   0.00000000e+00   0.00000000e+00   2.14405527e+07
    0.00000000e+00   6.71669908e+09   0.00000000e+00   1.47365486e+12]
 [  0.00000000e+00   0.00000000e+00   0.00000000e+00   0.00000000e+00
    0.00000000e+00   0.00000000e+00   0.00000000e+00  -3.47496234e+05
    0.00000000e+00  -2.46004670e+08   0.00000000e+00  -7.17254826e+10]
 [  0.00000000e+00   0.00000000e+00   0.00000000e+00   0.00000000e+00
    0.00000000e+00   0.00000000e+00   0.00000000e+00   0.00000000e+00
    0.00000000e+00   1.24259865e+07   0.00000000e+00   5.95032193e+09]]
-------------------------------------
target should be 0.0
beta should be 0.0
mtrx11 now should be
[[  1.00000000e+00   1.00000000e+01   0.00000000e+00   1.00000000e+03
    1.00000000e+04   0.00000000e+00   0.00000000e+00   1.00000000e+07
    0.00000000e+00   1.00000000e+09   0.00000000e+00   1.00000000e+11]
 [  0.00000000e+00  -1.00000000e+00   0.00000000e+00  -2.71000000e+02
   -3.43900000e+03   0.00000000e+00   0.00000000e+00  -5.21703100e+06
    0.00000000e+00  -6.12579511e+08   0.00000000e+00  -6.86189404e+10]
 [  0.00000000e+00   0.00000000e+00   0.00000000e+00   5.40000000e+01
    9.74000000e+02   0.00000000e+00   0.00000000e+00   2.53121400e+06
    0.00000000e+00   3.59376750e+08   0.00000000e+00   4.58278154e+10]
 [  0.00000000e+00   0.00000000e+00   0.00000000e+00   0.00000000e+00
    1.19777778e+02   0.00000000e+00   0.00000000e+00   1.45768000e+06
    0.00000000e+00   3.46060680e+08   0.00000000e+00   6.57729354e+10]
 [  0.00000000e+00   0.00000000e+00   0.00000000e+00   0.00000000e+00
    0.00000000e+00   0.00000000e+00   0.00000000e+00   2.14405527e+07
    0.00000000e+00   6.71669908e+09   0.00000000e+00   1.47365486e+12]
 [  0.00000000e+00   0.00000000e+00   0.00000000e+00   0.00000000e+00
    0.00000000e+00   0.00000000e+00   0.00000000e+00  -3.47496234e+05
    0.00000000e+00  -2.46004670e+08   0.00000000e+00  -7.17254826e+10]
 [  0.00000000e+00   0.00000000e+00   0.00000000e+00   0.00000000e+00
    0.00000000e+00   0.00000000e+00   0.00000000e+00   0.00000000e+00
    0.00000000e+00   1.24259865e+07   0.00000000e+00   5.95032193e+09]]
-------------------------------------
target should be 0.0
beta should be 0.0
mtrx11 now should be
[[  1.00000000e+00   1.00000000e+01   0.00000000e+00   1.00000000e+03
    1.00000000e+04   0.00000000e+00   0.00000000e+00   1.00000000e+07
    0.00000000e+00   1.00000000e+09   0.00000000e+00   1.00000000e+11]
 [  0.00000000e+00  -1.00000000e+00   0.00000000e+00  -2.71000000e+02
   -3.43900000e+03   0.00000000e+00   0.00000000e+00  -5.21703100e+06
    0.00000000e+00  -6.12579511e+08   0.00000000e+00  -6.86189404e+10]
 [  0.00000000e+00   0.00000000e+00   0.00000000e+00   5.40000000e+01
    9.74000000e+02   0.00000000e+00   0.00000000e+00   2.53121400e+06
    0.00000000e+00   3.59376750e+08   0.00000000e+00   4.58278154e+10]
 [  0.00000000e+00   0.00000000e+00   0.00000000e+00   0.00000000e+00
    1.19777778e+02   0.00000000e+00   0.00000000e+00   1.45768000e+06
    0.00000000e+00   3.46060680e+08   0.00000000e+00   6.57729354e+10]
 [  0.00000000e+00   0.00000000e+00   0.00000000e+00   0.00000000e+00
    0.00000000e+00   0.00000000e+00   0.00000000e+00   2.14405527e+07
    0.00000000e+00   6.71669908e+09   0.00000000e+00   1.47365486e+12]
 [  0.00000000e+00   0.00000000e+00   0.00000000e+00   0.00000000e+00
    0.00000000e+00   0.00000000e+00   0.00000000e+00  -3.47496234e+05
    0.00000000e+00  -2.46004670e+08   0.00000000e+00  -7.17254826e+10]
 [  0.00000000e+00   0.00000000e+00   0.00000000e+00   0.00000000e+00
    0.00000000e+00   0.00000000e+00   0.00000000e+00   0.00000000e+00
    0.00000000e+00   1.24259865e+07   0.00000000e+00   5.95032193e+09]]
-------------------------------------
target should be 0.0
beta should be 0.0
mtrx11 now should be
[[  1.00000000e+00   1.00000000e+01   0.00000000e+00   1.00000000e+03
    1.00000000e+04   0.00000000e+00   0.00000000e+00   1.00000000e+07
    0.00000000e+00   1.00000000e+09   0.00000000e+00   1.00000000e+11]
 [  0.00000000e+00  -1.00000000e+00   0.00000000e+00  -2.71000000e+02
   -3.43900000e+03   0.00000000e+00   0.00000000e+00  -5.21703100e+06
    0.00000000e+00  -6.12579511e+08   0.00000000e+00  -6.86189404e+10]
 [  0.00000000e+00   0.00000000e+00   0.00000000e+00   5.40000000e+01
    9.74000000e+02   0.00000000e+00   0.00000000e+00   2.53121400e+06
    0.00000000e+00   3.59376750e+08   0.00000000e+00   4.58278154e+10]
 [  0.00000000e+00   0.00000000e+00   0.00000000e+00   0.00000000e+00
    1.19777778e+02   0.00000000e+00   0.00000000e+00   1.45768000e+06
    0.00000000e+00   3.46060680e+08   0.00000000e+00   6.57729354e+10]
 [  0.00000000e+00   0.00000000e+00   0.00000000e+00   0.00000000e+00
    0.00000000e+00   0.00000000e+00   0.00000000e+00   2.14405527e+07
    0.00000000e+00   6.71669908e+09   0.00000000e+00   1.47365486e+12]
 [  0.00000000e+00   0.00000000e+00   0.00000000e+00   0.00000000e+00
    0.00000000e+00   0.00000000e+00   0.00000000e+00  -3.47496234e+05
    0.00000000e+00  -2.46004670e+08   0.00000000e+00  -7.17254826e+10]
 [  0.00000000e+00   0.00000000e+00   0.00000000e+00   0.00000000e+00
    0.00000000e+00   0.00000000e+00   0.00000000e+00   0.00000000e+00
    0.00000000e+00   1.24259865e+07   0.00000000e+00   5.95032193e+09]]
-------------------------------------
pivot is 119.777777778
target is 0.0
beta is 0.0
-------------------------------------
target is 0.0
beta is 0.0
-------------------------------------
target is 0.0
beta is 0.0
-------------------------------------
pivot is 0.0
pivot should not be 0, go to next col which is not 0...
pivot now should be 21440552.7273
target should be -347496.233966
beta should be -0.0162074289029
mtrx11 now should be
[[  1.00000000e+00   1.00000000e+01   0.00000000e+00   1.00000000e+03
    1.00000000e+04   0.00000000e+00   0.00000000e+00   1.00000000e+07
    0.00000000e+00   1.00000000e+09   0.00000000e+00   1.00000000e+11]
 [  0.00000000e+00  -1.00000000e+00   0.00000000e+00  -2.71000000e+02
   -3.43900000e+03   0.00000000e+00   0.00000000e+00  -5.21703100e+06
    0.00000000e+00  -6.12579511e+08   0.00000000e+00  -6.86189404e+10]
 [  0.00000000e+00   0.00000000e+00   0.00000000e+00   5.40000000e+01
    9.74000000e+02   0.00000000e+00   0.00000000e+00   2.53121400e+06
    0.00000000e+00   3.59376750e+08   0.00000000e+00   4.58278154e+10]
 [  0.00000000e+00   0.00000000e+00   0.00000000e+00   0.00000000e+00
    1.19777778e+02   0.00000000e+00   0.00000000e+00   1.45768000e+06
    0.00000000e+00   3.46060680e+08   0.00000000e+00   6.57729354e+10]
 [  0.00000000e+00   0.00000000e+00   0.00000000e+00   0.00000000e+00
    0.00000000e+00   0.00000000e+00   0.00000000e+00   2.14405527e+07
    0.00000000e+00   6.71669908e+09   0.00000000e+00   1.47365486e+12]
 [  0.00000000e+00   0.00000000e+00   0.00000000e+00   0.00000000e+00
    0.00000000e+00   0.00000000e+00   0.00000000e+00  -5.82076609e-11
    0.00000000e+00  -1.37144248e+08   0.00000000e+00  -4.78413263e+10]
 [  0.00000000e+00   0.00000000e+00   0.00000000e+00   0.00000000e+00
    0.00000000e+00   0.00000000e+00   0.00000000e+00   0.00000000e+00
    0.00000000e+00   1.24259865e+07   0.00000000e+00   5.95032193e+09]]
-------------------------------------
target should be 0.0
beta should be 0.0
mtrx11 now should be
[[  1.00000000e+00   1.00000000e+01   0.00000000e+00   1.00000000e+03
    1.00000000e+04   0.00000000e+00   0.00000000e+00   1.00000000e+07
    0.00000000e+00   1.00000000e+09   0.00000000e+00   1.00000000e+11]
 [  0.00000000e+00  -1.00000000e+00   0.00000000e+00  -2.71000000e+02
   -3.43900000e+03   0.00000000e+00   0.00000000e+00  -5.21703100e+06
    0.00000000e+00  -6.12579511e+08   0.00000000e+00  -6.86189404e+10]
 [  0.00000000e+00   0.00000000e+00   0.00000000e+00   5.40000000e+01
    9.74000000e+02   0.00000000e+00   0.00000000e+00   2.53121400e+06
    0.00000000e+00   3.59376750e+08   0.00000000e+00   4.58278154e+10]
 [  0.00000000e+00   0.00000000e+00   0.00000000e+00   0.00000000e+00
    1.19777778e+02   0.00000000e+00   0.00000000e+00   1.45768000e+06
    0.00000000e+00   3.46060680e+08   0.00000000e+00   6.57729354e+10]
 [  0.00000000e+00   0.00000000e+00   0.00000000e+00   0.00000000e+00
    0.00000000e+00   0.00000000e+00   0.00000000e+00   2.14405527e+07
    0.00000000e+00   6.71669908e+09   0.00000000e+00   1.47365486e+12]
 [  0.00000000e+00   0.00000000e+00   0.00000000e+00   0.00000000e+00
    0.00000000e+00   0.00000000e+00   0.00000000e+00  -5.82076609e-11
    0.00000000e+00  -1.37144248e+08   0.00000000e+00  -4.78413263e+10]
 [  0.00000000e+00   0.00000000e+00   0.00000000e+00   0.00000000e+00
    0.00000000e+00   0.00000000e+00   0.00000000e+00   0.00000000e+00
    0.00000000e+00   1.24259865e+07   0.00000000e+00   5.95032193e+09]]
-------------------------------------
pivot is 0.0
pivot should not be 0, go to next col which is not 0...
pivot now should be -137144247.596
target should be 12425986.4979
beta should be -0.0906052329258
mtrx11 now should be
[[  1.00000000e+00   1.00000000e+01   0.00000000e+00   1.00000000e+03
    1.00000000e+04   0.00000000e+00   0.00000000e+00   1.00000000e+07
    0.00000000e+00   1.00000000e+09   0.00000000e+00   1.00000000e+11]
 [  0.00000000e+00  -1.00000000e+00   0.00000000e+00  -2.71000000e+02
   -3.43900000e+03   0.00000000e+00   0.00000000e+00  -5.21703100e+06
    0.00000000e+00  -6.12579511e+08   0.00000000e+00  -6.86189404e+10]
 [  0.00000000e+00   0.00000000e+00   0.00000000e+00   5.40000000e+01
    9.74000000e+02   0.00000000e+00   0.00000000e+00   2.53121400e+06
    0.00000000e+00   3.59376750e+08   0.00000000e+00   4.58278154e+10]
 [  0.00000000e+00   0.00000000e+00   0.00000000e+00   0.00000000e+00
    1.19777778e+02   0.00000000e+00   0.00000000e+00   1.45768000e+06
    0.00000000e+00   3.46060680e+08   0.00000000e+00   6.57729354e+10]
 [  0.00000000e+00   0.00000000e+00   0.00000000e+00   0.00000000e+00
    0.00000000e+00   0.00000000e+00   0.00000000e+00   2.14405527e+07
    0.00000000e+00   6.71669908e+09   0.00000000e+00   1.47365486e+12]
 [  0.00000000e+00   0.00000000e+00   0.00000000e+00   0.00000000e+00
    0.00000000e+00   0.00000000e+00   0.00000000e+00  -5.82076609e-11
    0.00000000e+00  -1.37144248e+08   0.00000000e+00  -4.78413263e+10]
 [  0.00000000e+00   0.00000000e+00   0.00000000e+00   0.00000000e+00
    0.00000000e+00   0.00000000e+00   0.00000000e+00  -5.27391868e-12
    0.00000000e+00   0.00000000e+00   0.00000000e+00   1.61564742e+09]]
-------------------------------------




mtrx12(index of left terms) is [1, 2, 4, 5, 8, 10, 12]
mtrx11(triangular matrix) is
[[  1.00000000e+00   1.00000000e+01   1.00000000e+03   1.00000000e+04
    1.00000000e+07   1.00000000e+09   1.00000000e+11]
 [  0.00000000e+00  -1.00000000e+00  -2.71000000e+02  -3.43900000e+03
   -5.21703100e+06  -6.12579511e+08  -6.86189404e+10]
 [  0.00000000e+00   0.00000000e+00   5.40000000e+01   9.74000000e+02
    2.53121400e+06   3.59376750e+08   4.58278154e+10]
 [  0.00000000e+00   0.00000000e+00   0.00000000e+00   1.19777778e+02
    1.45768000e+06   3.46060680e+08   6.57729354e+10]
 [  0.00000000e+00   0.00000000e+00   0.00000000e+00   0.00000000e+00
    2.14405527e+07   6.71669908e+09   1.47365486e+12]
 [  0.00000000e+00   0.00000000e+00   0.00000000e+00   0.00000000e+00
   -5.82076609e-11  -1.37144248e+08  -4.78413263e+10]
 [  0.00000000e+00   0.00000000e+00   0.00000000e+00   0.00000000e+00
   -5.27391868e-12   0.00000000e+00   1.61564742e+09]]
%%%%%%%%%%%%%%%%%%%%%%%%%%%%%%%%%%%%%%%%%%%%%%%%%%%%%%%%%%%
Finally, mtrx4(redundency-based results) is
(7, 400, 4800)
mtrx6(ranks who have contributions to the redundency-based results): [22, 21, 20, 23, 14, 13, 16]
++++++++++++++++++++++++++++++++++++++++
Finally, mtrx5 is
(5, 400, 4800)
mtrx7(ranks who have contributions to the results): [3, 6, 9, 11, 7]
%%%%%%%%%%%%%%%%%%%%%%%%%%%%%%%%%%%%%%%%%%%%%%%%%%%%%%%%%%%
useless workers: []


result now is
[[[ 10878.375       10883.25        10862.375      ...,  10872.125
    10925.875       10904.5       ]
  [ 10936.5         10902.125       10891.         ...,  10886.625
    10958.875       10940.125     ]
  [ 10929.375       10901.          10907.125      ...,  10901.875       10929.
    10950.625     ]
  ..., 
  [ 10931.625       10831.125       10846.375      ...,  10877.125       10873.
    10900.125     ]
  [ 10867.          10774.625       10838.375      ...,  10834.5         10879.
    10865.375     ]
  [ 10943.125       10898.125       10946.625      ...,  10900.25
    10963.125       10985.5       ]]

 [[ 10787.25        10806.625       10760.75       ...,  10784.375
    10818.375       10791.        ]
  [ 10955.125       10910.125       10917.125      ...,  10862.25
    10937.625       10941.        ]
  [ 10924.625       10879.125       10903.5        ...,  10900.          10935.375
    10922.875     ]
  ..., 
  [ 10874.25        10874.125       10868.75       ...,  10823.25
    10914.875       10906.875     ]
  [ 10920.25        10887.125       10853.375      ...,  10889.375       10900.
    10899.75      ]
  [ 10901.5         10812.375       10861.625      ...,  10868.625       10908.5
    10916.        ]]

 [[ 10950.34490741  10928.30439815  10945.46643519 ...,  10925.75231481
    10965.2349537   10978.31944444]
  [ 10868.0162037   10881.76967593  10845.87268519 ...,  10837.05092593
    10906.23032407  10930.57175926]
  [ 10849.73958333  10824.29398148  10843.50694444 ...,  10835.2662037
    10853.69444444  10888.06481481]
  ..., 
  [ 10786.06712963  10751.31944444  10785.15509259 ...,  10761.37152778
    10825.29398148  10856.12962963]
  [ 10973.5150463   10941.89814815  10977.86574074 ...,  10959.82291667
    11010.45138889  11009.97916667]
  [ 10818.20023148  10776.48263889  10787.97569444 ...,  10810.48032407
    10877.08680556  10844.35416667]]

 ..., 
 [[ 10798.00006105  10818.0000489   10847.99991533 ...,  10809.00011823
    10881.00002213  10855.00004195]
  [ 10852.99985518  10842.99996176  10814.999831   ...,  10815.00000497
    10907.99988353  10871.99994753]
  [ 10777.99996425  10759.00004222  10806.00008242 ...,  10722.99989373
    10826.99980037  10788.0000098 ]
  ..., 
  [ 10828.00015611  10802.99990342  10817.9998836  ...,  10812.00006039
    10826.99988526  10862.99986538]
  [ 10867.99992407  10818.99997862  10830.99997635 ...,  10859.99997126
    10855.99993213  10871.00000885]
  [ 10892.99988712  10853.00006273  10841.0001372  ...,  10867.99978135
    10916.00000546  10907.99989921]]

 [[ 10924.99999949  10904.9999996   10894.0000007  ...,  10922.99999903
    10978.99999984  10948.99999966]
  [ 10894.00000118  10885.00000032  10877.00000138 ...,  10868.99999996
    10919.00000095  10886.00000041]
  [ 10827.00000029  10800.99999966  10816.99999932 ...,  10796.00000087
    10910.00000163  10849.99999993]
  ..., 
  [ 10787.99999873  10747.00000078  10744.00000093 ...,  10761.9999995
    10802.00000095  10800.0000011 ]
  [ 10827.00000063  10772.00000018  10803.0000002  ...,  10813.00000024
    10849.00000053  10829.99999991]
  [ 10829.00000091  10812.99999951  10827.99999889 ...,  10835.00000177
    10859.99999997  10867.00000083]]

 [[ 10843.          10770.          10822.         ...,  10758.          10816.
    10837.        ]
  [ 10978.          10976.          10943.         ...,  10935.          11014.
    11025.        ]
  [ 10888.          10857.          10868.         ...,  10850.          10936.
    10857.        ]
  ..., 
  [ 10900.          10842.          10899.         ...,  10884.          10900.
    10927.        ]
  [ 10856.          10841.          10845.         ...,  10845.          10901.
    10878.        ]
  [ 10827.          10813.          10816.         ...,  10811.          10892.
    10846.        ]]]


========================================================
--------------------------------------------------------------
mtrx5:
[[[10829 10813 10816 ..., 10812 10836 10863]
  [10951 10889 10901 ..., 10880 10935 10947]
  [10783 10798 10772 ..., 10785 10833 10833]
  ..., 
  [10939 10911 10910 ..., 10895 10953 10954]
  [10804 10812 10805 ..., 10770 10820 10827]
  [10882 10817 10831 ..., 10849 10890 10910]]

 [[10894 10833 10863 ..., 10849 10895 10880]
  [10838 10804 10823 ..., 10840 10863 10882]
  [10857 10808 10825 ..., 10818 10876 10849]
  ..., 
  [10881 10842 10876 ..., 10883 10866 10925]
  [10877 10870 10858 ..., 10872 10908 10924]
  [10883 10886 10868 ..., 10887 10937 10948]]

 [[10884 10847 10886 ..., 10877 10934 10891]
  [10768 10764 10741 ..., 10725 10793 10823]
  [10849 10836 10857 ..., 10829 10900 10887]
  ..., 
  [10775 10734 10738 ..., 10749 10779 10763]
  [10892 10909 10912 ..., 10908 10952 10950]
  [10861 10872 10850 ..., 10842 10873 10896]]

 [[10801 10757 10816 ..., 10796 10864 10836]
  [10812 10779 10799 ..., 10818 10817 10850]
  [10882 10845 10881 ..., 10861 10902 10904]
  ..., 
  [10865 10806 10821 ..., 10829 10908 10885]
  [10832 10797 10813 ..., 10842 10845 10864]
  [10887 10864 10910 ..., 10906 10890 10931]]

 [[10895 10862 10871 ..., 10842 10880 10913]
  [10860 10848 10833 ..., 10843 10872 10879]
  [10867 10819 10819 ..., 10806 10866 10842]
  ..., 
  [10801 10759 10738 ..., 10795 10807 10803]
  [10860 10840 10811 ..., 10779 10853 10873]
  [10813 10782 10807 ..., 10794 10813 10849]]]
--------------------------------------------------------------


Time taken in seconds(with sleep) 3536.719071626663


--------------------------------------------------------------
just for comparing...
mtrx1 * mtrx2:
[[10879 10881 10863 ..., 10870 10914 10898]
 [10946 10905 10907 ..., 10880 10965 10946]
 [10938 10898 10906 ..., 10915 10935 10958]
 ..., 
 [10900 10842 10899 ..., 10884 10900 10927]
 [10856 10841 10845 ..., 10845 10901 10878]
 [10827 10813 10816 ..., 10811 10892 10846]]
------------------------------------------------------
Running PBS epilogue script    - 05-Mar-2020 15:17:25
------------------------------------------------------
Checking node qb038 (MS)
Checking node qb051 ok
Checking node qb038 ok
------------------------------------------------------
Concluding PBS epilogue script - 05-Mar-2020 15:17:29
------------------------------------------------------
Exit Status:     0
Job ID:          760044.qb3
Username:        jianjun
Group:           latechusers
Job Name:        test.pbs
Session Id:      37179
Resource Limits: ncpus=1,neednodes=2:ppn=20,nodes=2:ppn=20,walltime=24:00:00
Resources Used:  cput=24:33:47,mem=11654744kb,vmem=31410184kb,walltime=01:13:51
Queue Used:      checkpt
Account String:  loni_codedcomp
Node:            qb038
Process id:      39544
Last status:     05-Mar-2020:15:05 PBS_job=760044.qb3 user=jianjun allocation=loni_codedcomp queue=checkpt total_load=25.06 cpu_hours=7.06 wall_hours=0.26 unused_nodes=0 total_nodes=2 ppn=20 avg_load=12.53 avg_cpu=1218% avg_mem=5588mb avg_vmem=17038mb top_proc=jianjun:python:qb051:1.0G:231M:0.2hr:101% toppm=jianjun:python:qb038:2385M:1446M node_processes=7 avg_avail_mem=58930mb min_avail_mem=55372mb reverified_avg_load=12.50
------------------------------------------------------
