--------------------------------------
Running PBS prologue script
--------------------------------------
User and Job Data:
--------------------------------------
Job ID:    760278.qb3
Username:  jianjun
Group:     latechusers
Date:      05-Mar-2020 23:35
Node:      qb307 (44983)
--------------------------------------
PBS has allocated the following nodes:

qb307
qb402

A total of 40 processors on 2 nodes allocated
---------------------------------------------
Check nodes and clean them of stray processes
---------------------------------------------
Checking node qb307 23:35:50 
Checking node qb402 23:35:51 
Done clearing all the allocated nodes
------------------------------------------------------
Concluding PBS prologue script - 05-Mar-2020 23:35:51
------------------------------------------------------


redun:
[[  1.00000000e+00   0.00000000e+00   0.00000000e+00 ...,   0.00000000e+00
    0.00000000e+00   0.00000000e+00]
 [  0.00000000e+00   1.00000000e+00   0.00000000e+00 ...,   0.00000000e+00
    0.00000000e+00   0.00000000e+00]
 [  0.00000000e+00   0.00000000e+00   1.00000000e+00 ...,   0.00000000e+00
    0.00000000e+00   0.00000000e+00]
 ..., 
 [  0.00000000e+00   0.00000000e+00   0.00000000e+00 ...,   7.43008371e+11
    0.00000000e+00   0.00000000e+00]
 [  0.00000000e+00   0.00000000e+00   0.00000000e+00 ...,   0.00000000e+00
    7.43008371e+11   0.00000000e+00]
 [  0.00000000e+00   0.00000000e+00   0.00000000e+00 ...,   0.00000000e+00
    0.00000000e+00   7.43008371e+11]]
(1200, 1200)
encoder:
[[  1.00000000e+00   0.00000000e+00   0.00000000e+00 ...,   0.00000000e+00
    0.00000000e+00   0.00000000e+00]
 [  0.00000000e+00   1.00000000e+00   0.00000000e+00 ...,   0.00000000e+00
    0.00000000e+00   0.00000000e+00]
 [  0.00000000e+00   0.00000000e+00   1.00000000e+00 ...,   0.00000000e+00
    0.00000000e+00   0.00000000e+00]
 ..., 
 [  0.00000000e+00   0.00000000e+00   0.00000000e+00 ...,   7.43008371e+11
    0.00000000e+00   0.00000000e+00]
 [  0.00000000e+00   0.00000000e+00   0.00000000e+00 ...,   0.00000000e+00
    7.43008371e+11   0.00000000e+00]
 [  0.00000000e+00   0.00000000e+00   0.00000000e+00 ...,   0.00000000e+00
    0.00000000e+00   7.43008371e+11]]
(2400, 1200)
------------------------------------------
mtrx1:
[[0 1 0 ..., 0 1 0]
 [1 0 0 ..., 0 1 1]
 [0 1 1 ..., 1 0 1]
 ..., 
 [1 0 1 ..., 1 0 1]
 [0 1 0 ..., 0 0 0]
 [1 0 0 ..., 0 1 0]]
(1200, 1200)
---------------------------------------------
mtrx1_coded:
(2400, 1200)
---------------------------------------------
mtrx2:
[[1 1 1 ..., 1 0 0]
 [1 0 1 ..., 1 0 1]
 [1 1 1 ..., 0 0 1]
 ..., 
 [1 1 0 ..., 0 0 1]
 [1 1 1 ..., 1 0 0]
 [0 0 1 ..., 0 0 1]]
(1200, 1200)
--------------------------------------------------------
There are totally 24 blocks for workers.


========================================================
data is ready!
========================================================
data is sending...


data is sending to rank 24
data is sending to rank 23
data is sending to rank 22
data is sending to rank 21
data is sending to rank 20
data is sending to rank 19
data is sending to rank 18
data is sending to rank 17
data is sending to rank 16
data is sending to rank 15
data is sending to rank 14
data is sending to rank 13
data is sending to rank 12
data is sending to rank 11
data is sending to rank 10
data is sending to rank 9
data is sending to rank 8
data is sending to rank 7
data is sending to rank 6
data is sending to rank 5
data is sending to rank 4
data is sending to rank 3
data is sending to rank 2
data is sending to rank 1
========================================================
vander_matrix which is used to figure out the factor...
[[           1            1            1            1            1
             1            1            1            1            1
             1            1]
 [           1            2            4            8           16
            32           64          128          256          512
          1024         2048]
 [           1            3            9           27           81
           243          729         2187         6561        19683
         59049       177147]
 [           1            4           16           64          256
          1024         4096        16384        65536       262144
       1048576      4194304]
 [           1            5           25          125          625
          3125        15625        78125       390625      1953125
       9765625     48828125]
 [           1            6           36          216         1296
          7776        46656       279936      1679616     10077696
      60466176    362797056]
 [           1            7           49          343         2401
         16807       117649       823543      5764801     40353607
     282475249   1977326743]
 [           1            8           64          512         4096
         32768       262144      2097152     16777216    134217728
    1073741824   8589934592]
 [           1            9           81          729         6561
         59049       531441      4782969     43046721    387420489
    3486784401  31381059609]
 [           1           10          100         1000        10000
        100000      1000000     10000000    100000000   1000000000
   10000000000 100000000000]
 [           1           11          121         1331        14641
        161051      1771561     19487171    214358881   2357947691
   25937424601 285311670611]
 [           1           12          144         1728        20736
        248832      2985984     35831808    429981696   5159780352
   61917364224 743008370688]]
---------------------------------------------------------


receiving partial results...


Back from rank 24
mtrx4(redundency group) now is (1, 100, 1200)


Back from rank 22
mtrx4(redundency group) now is (2, 100, 1200)


Back from rank 23
mtrx4(redundency group) now is (3, 100, 1200)


Back from rank 20
mtrx4(redundency group) now is (4, 100, 1200)


Back from rank 21
mtrx4(redundency group) now is (5, 100, 1200)


Back from rank 18
mtrx4(redundency group) now is (6, 100, 1200)


Back from rank 12
mtrx5 now is (1, 100, 1200)


Back from rank 6
mtrx5 now is (2, 100, 1200)


Back from rank 19
mtrx4(redundency group) now is (7, 100, 1200)


Back from rank 4
mtrx5 now is (3, 100, 1200)


Back from rank 5
mtrx5 now is (4, 100, 1200)


Back from rank 1
mtrx5 now is (5, 100, 1200)


useless workers: []


Finally, mtrx4(redundency-based results) is
(7, 100, 1200)
mtrx6(ranks who have contributions to the redundency-based results): [24, 22, 23, 20, 21, 18, 19]
++++++++++++++++++++++++++++++++++++++++
Finally, mtrx5 is
(5, 100, 1200)
mtrx7(ranks who have contributions to the results): [12, 6, 4, 5, 1]


========================================================


starting decoding...


---------------------------------------------------------
mtrx4 length: 7
mtrx5 length: 5
mtrx6 length(rank): 7
mtrx7 length(rank): 5
---------------------------------------------------------
alpha is 743008370688
alpha is 248832
alpha is 1728
alpha is 20736
alpha is 1
alpha is 100000000000
alpha is 100000
alpha is 1000
alpha is 10000
alpha is 1
alpha is 285311670611
alpha is 161051
alpha is 1331
alpha is 14641
alpha is 1
alpha is 8589934592
alpha is 32768
alpha is 512
alpha is 4096
alpha is 1
alpha is 31381059609
alpha is 59049
alpha is 729
alpha is 6561
alpha is 1
alpha is 362797056
alpha is 7776
alpha is 216
alpha is 1296
alpha is 1
alpha is 1977326743
alpha is 16807
alpha is 343
alpha is 2401
alpha is 1
--------------------------------------------
mtrx8 is
[[           1           12          144         1728        20736
        248832      2985984     35831808    429981696   5159780352
   61917364224 743008370688]
 [           1           10          100         1000        10000
        100000      1000000     10000000    100000000   1000000000
   10000000000 100000000000]
 [           1           11          121         1331        14641
        161051      1771561     19487171    214358881   2357947691
   25937424601 285311670611]
 [           1            8           64          512         4096
         32768       262144      2097152     16777216    134217728
    1073741824   8589934592]
 [           1            9           81          729         6561
         59049       531441      4782969     43046721    387420489
    3486784401  31381059609]
 [           1            6           36          216         1296
          7776        46656       279936      1679616     10077696
      60466176    362797056]
 [           1            7           49          343         2401
         16807       117649       823543      5764801     40353607
     282475249   1977326743]]
--------------------------------------------
rank that did not send back partial results(mtrx9):
[2, 3, 7, 8, 9, 10, 11]
---------------------------------------------------------
mtrx10 is
[[         12         144     2985984    35831808   429981696  5159780352
  61917364224]
 [         10         100     1000000    10000000   100000000  1000000000
  10000000000]
 [         11         121     1771561    19487171   214358881  2357947691
  25937424601]
 [          8          64      262144     2097152    16777216   134217728
   1073741824]
 [          9          81      531441     4782969    43046721   387420489
   3486784401]
 [          6          36       46656      279936     1679616    10077696
     60466176]
 [          7          49      117649      823543     5764801    40353607
    282475249]]
beta is 0.833333333333
beta is 0.916666666667
beta is 0.666666666667
beta is 0.75
beta is 0.5
beta is 0.583333333333
beta is 0.55
beta is 1.6
beta is 1.35
beta is 1.8
beta is 1.75
beta is -4.44036322824
beta is -2.04866850321
beta is -8.38445056627
beta is -6.66860524436
beta is 0.325240645689
beta is 2.78201657311
beta is 1.88624255524
beta is -14.6013496076
beta is -5.25142072095
beta is 0.249345404568
--------------------------------------------
mtrx10 now(triangular matrix) is
[[  1.20000000e+01   1.44000000e+02   2.98598400e+06   3.58318080e+07
    4.29981696e+08   5.15978035e+09   6.19173642e+10]
 [  0.00000000e+00  -2.00000000e+01  -1.48832000e+06  -1.98598400e+07
   -2.58318080e+08  -3.29981696e+09  -4.15978035e+10]
 [  0.00000000e+00   0.00000000e+00  -1.47015000e+05  -2.43574100e+06
   -3.77160630e+07  -5.56951637e+08  -7.94136734e+09]
 [  0.00000000e+00   0.00000000e+00   0.00000000e+00  -8.30550770e+05
   -2.40413393e+07  -4.98996273e+08  -8.91057086e+09]
 [  0.00000000e+00   0.00000000e+00   0.00000000e+00   0.00000000e+00
   -1.58632629e+05  -6.37728556e+06  -1.65353328e+08]
 [  0.00000000e+00   0.00000000e+00   2.32830644e-10   0.00000000e+00
    0.00000000e+00  -4.77649525e+06  -2.31197400e+08]
 [  0.00000000e+00   0.00000000e+00  -5.80552510e-11   0.00000000e+00
    0.00000000e+00   0.00000000e+00  -8.68855132e+05]]
--------------------------------------------
results for workers of mtrx9 which are [2, 3, 7, 8, 9, 10, 11]
[[[ 283.97916667  300.92447917  292.90625    ...,  329.96321615
    308.04459635  325.09928385]
  [ 288.09016927  308.95735677  278.99804688 ...,  314.8610026
    277.07063802  308.0797526 ]
  [ 280.04882812  287.98502604  274.86132812 ...,  310.89973958
    281.08626302  315.09309896]
  ..., 
  [ 278.07845052  302.09602865  276.02115885 ...,  318.96842448
    291.96516927  305.12597656]
  [ 295.86686198  309.8844401   278.97949219 ...,  318.05533854
    264.95410156  302.02278646]
  [ 282.83496094  328.07552083  284.93098958 ...,  324.09440104
    300.02311198  325.09667969]]

 [[ 292.00546875  327.01914062  307.02529297 ...,  337.00927734
    310.98916016  314.97373047]
  [ 296.97597656  319.01074219  309.00029297 ...,  345.03613281
    319.98173828  327.97919922]
  [ 292.98681641  302.00419922  304.03613281 ...,  325.02607422
    305.97675781  316.97558594]
  ..., 
  [ 284.97841797  289.97451172  275.99414062 ...,  309.00742187
    281.00869141  297.96669922]
  [ 297.03623047  307.03125     293.00644531 ...,  315.98486328
    294.01210938  324.99433594]
  [ 275.04423828  287.98017578  298.01816406 ...,  307.97509766
    281.99365234  306.97421875]]

 [[ 267.99998301  281.99996063  279.99993543 ...,  292.99998462
    267.00001511  290.00005995]
  [ 280.00005636  318.99997634  284.99999947 ...,  327.99991967
    290.00004081  298.0000502 ]
  [ 284.00003475  306.99998834  286.99991194 ...,  326.99994139
    296.00005676  317.00005523]
  ..., 
  [ 262.00005759  292.00006024  284.00001254 ...,  301.99998795
    272.99998366  285.00008079]
  [ 305.9999036   324.99991742  305.99997742 ...,  332.00003972
    287.99996835  316.00000986]
  [ 276.99988678  306.00004647  273.99995223 ...,  325.00005818
    289.00001635  310.00006338]]

 ..., 
 [[ 291.9999993   309.99999871  290.99999765 ...,  308.99999956
    295.00000034  300.00000204]
  [ 289.00000193  298.99999918  286.99999997 ...,  327.99999727
    298.00000138  300.00000176]
  [ 298.00000125  316.99999956  293.99999684 ...,  322.99999799
    294.00000197  314.00000187]
  ..., 
  [ 300.00000208  304.00000208  278.0000004  ...,  331.99999964
    295.99999948  310.00000283]
  [ 287.99999647  289.99999697  282.99999909 ...,  324.00000142
    278.99999881  304.00000028]
  [ 295.9999959   319.00000161  277.99999821 ...,  323.000002    294.00000057
    324.00000223]]

 [[ 288.00000004  282.00000007  289.00000013 ...,  284.00000002
    274.99999999  299.99999989]
  [ 294.9999999   287.00000005  280.         ...,  302.00000015
    281.99999993  314.9999999 ]
  [ 287.99999993  285.00000002  281.00000017 ...,  335.00000011
    294.99999989  301.9999999 ]
  ..., 
  [ 296.99999989  306.99999989  292.99999998 ...,  320.00000002
    292.00000003  309.99999985]
  [ 290.0000002   320.00000017  300.00000005 ...,  339.99999992
    285.00000007  331.99999999]
  [ 285.00000023  300.99999991  295.0000001  ...,  328.99999989
    283.99999997  307.99999988]]

 [[ 281.          296.          274.         ...,  332.          280.          297.        ]
  [ 302.          315.          290.         ...,  310.          293.          306.        ]
  [ 296.          297.          275.         ...,  329.          293.          313.        ]
  ..., 
  [ 303.          316.          302.         ...,  334.          309.          327.        ]
  [ 277.          284.          261.         ...,  298.          280.          287.        ]
  [ 282.          306.          275.         ...,  332.          307.          315.        ]]]
--------------------------------------------------------------
mtrx5:
[[[ 274.  289.  272. ...,  302.  289.  284.]
  [ 281.  318.  274. ...,  313.  266.  294.]
  [ 270.  282.  263. ...,  302.  270.  308.]
  ..., 
  [ 301.  312.  288. ...,  307.  287.  309.]
  [ 290.  297.  300. ...,  346.  274.  306.]
  [ 299.  309.  307. ...,  349.  304.  316.]]

 [[ 279.  286.  272. ...,  307.  298.  288.]
  [ 304.  320.  308. ...,  347.  289.  324.]
  [ 266.  296.  280. ...,  321.  284.  301.]
  ..., 
  [ 294.  314.  280. ...,  327.  297.  313.]
  [ 284.  305.  284. ...,  328.  310.  315.]
  [ 305.  311.  298. ...,  334.  279.  316.]]

 [[ 329.  337.  325. ...,  353.  327.  331.]
  [ 301.  322.  302. ...,  335.  290.  320.]
  [ 277.  304.  282. ...,  329.  295.  313.]
  ..., 
  [ 273.  284.  263. ...,  306.  280.  301.]
  [ 291.  337.  296. ...,  337.  316.  316.]
  [ 273.  312.  292. ...,  330.  286.  304.]]

 [[ 294.  305.  296. ...,  331.  299.  319.]
  [ 272.  291.  269. ...,  292.  273.  296.]
  [ 304.  326.  295. ...,  324.  297.  329.]
  ..., 
  [ 293.  313.  281. ...,  312.  280.  297.]
  [ 271.  302.  297. ...,  319.  279.  306.]
  [ 282.  293.  285. ...,  322.  310.  306.]]

 [[ 280.  296.  288. ...,  321.  292.  311.]
  [ 288.  292.  262. ...,  314.  283.  296.]
  [ 301.  285.  286. ...,  322.  260.  285.]
  ..., 
  [ 289.  326.  284. ...,  318.  299.  323.]
  [ 291.  290.  273. ...,  319.  291.  311.]
  [ 290.  314.  291. ...,  319.  289.  320.]]]
--------------------------------------------------------------


Time taken in seconds(with sleep) 55.233394145965576


--------------------------------------------------------------
just for comparing...
mtrx1 * mtrx2:
[[280 296 288 ..., 321 292 311]
 [288 292 262 ..., 314 283 296]
 [301 285 286 ..., 322 260 285]
 ..., 
 [301 312 288 ..., 307 287 309]
 [290 297 300 ..., 346 274 306]
 [299 309 307 ..., 349 304 316]]
------------------------------------------------------
Running PBS epilogue script    - 05-Mar-2020 23:36:52
------------------------------------------------------
Checking node qb307 (MS)
Checking node qb402 ok
Checking node qb307 ok
------------------------------------------------------
Concluding PBS epilogue script - 05-Mar-2020 23:36:55
------------------------------------------------------
Exit Status:     0
Job ID:          760278.qb3
Username:        jianjun
Group:           latechusers
Job Name:        test1.pbs
Session Id:      44982
Resource Limits: ncpus=1,neednodes=2:ppn=20,nodes=2:ppn=20,walltime=24:00:00
Resources Used:  cput=00:19:15,mem=1357684kb,vmem=21049532kb,walltime=00:01:04
Queue Used:      checkpt
Account String:  loni_codedcomp
Node:            qb307
Process id:      46010
------------------------------------------------------
