--------------------------------------
Running PBS prologue script
--------------------------------------
User and Job Data:
--------------------------------------
Job ID:    760422.qb3
Username:  jianjun
Group:     latechusers
Date:      06-Mar-2020 12:55
Node:      qb232 (15505)
--------------------------------------
PBS has allocated the following nodes:

qb232
qb266

A total of 40 processors on 2 nodes allocated
---------------------------------------------
Check nodes and clean them of stray processes
---------------------------------------------
Checking node qb232 12:56:00 
Checking node qb266 12:56:02 
Done clearing all the allocated nodes
------------------------------------------------------
Concluding PBS prologue script - 06-Mar-2020 12:56:02
------------------------------------------------------


------------------------------------------
------------------------------------------
---------------------------------------------
---------------------------------------------
--------------------------------------------------------
There are totally 30 blocks for workers.


========================================================
data is ready!
========================================================
data is sending...


========================================================


prepare the coefficients for figuring out the alpha & beta later...
[[                1                 1                 1                 1
                  1                 1                 1                 1
                  1                 1                 1                 1
                  1                 1                 1]
 [                1                 2                 4                 8
                 16                32                64               128
                256               512              1024              2048
               4096              8192             16384]
 [                1                 3                 9                27
                 81               243               729              2187
               6561             19683             59049            177147
             531441           1594323           4782969]
 [                1                 4                16                64
                256              1024              4096             16384
              65536            262144           1048576           4194304
           16777216          67108864         268435456]
 [                1                 5                25               125
                625              3125             15625             78125
             390625           1953125           9765625          48828125
          244140625        1220703125        6103515625]
 [                1                 6                36               216
               1296              7776             46656            279936
            1679616          10077696          60466176         362797056
         2176782336       13060694016       78364164096]
 [                1                 7                49               343
               2401             16807            117649            823543
            5764801          40353607         282475249        1977326743
        13841287201       96889010407      678223072849]
 [                1                 8                64               512
               4096             32768            262144           2097152
           16777216         134217728        1073741824        8589934592
        68719476736      549755813888     4398046511104]
 [                1                 9                81               729
               6561             59049            531441           4782969
           43046721         387420489        3486784401       31381059609
       282429536481     2541865828329    22876792454961]
 [                1                10               100              1000
              10000            100000           1000000          10000000
          100000000        1000000000       10000000000      100000000000
      1000000000000    10000000000000   100000000000000]
 [                1                11               121              1331
              14641            161051           1771561          19487171
          214358881        2357947691       25937424601      285311670611
      3138428376721    34522712143931   379749833583241]
 [                1                12               144              1728
              20736            248832           2985984          35831808
          429981696        5159780352       61917364224      743008370688
      8916100448256   106993205379072  1283918464548864]
 [                1                13               169              2197
              28561            371293           4826809          62748517
          815730721       10604499373      137858491849     1792160394037
     23298085122481   302875106592253  3937376385699289]
 [                1                14               196              2744
              38416            537824           7529536         105413504
         1475789056       20661046784      289254654976     4049565169664
     56693912375296   793714773254144 11112006825558016]
 [                1                15               225              3375
              50625            759375          11390625         170859375
         2562890625       38443359375      576650390625     8649755859375
    129746337890625  1946195068359375 29192926025390625]]
---------------------------------------------------------


start receiving...


Back from rank 17
mtrx4(redundency-based results) now is (1, 300, 4500)
mtrx11 now is
[[    1     2     4     8    16    32    64   128   256   512  1024  2048
   4096  8192 16384]]


Back from rank 10
mtrx5 now is (1, 300, 4500)
alpha is 512
mtrx11 after updated is
[[    1     2     4     8    16    32    64   128   256     0  1024  2048
   4096  8192 16384]]


Back from rank 2
mtrx5 now is (2, 300, 4500)
alpha is 2
mtrx11 after updated is
[[    1     0     4     8    16    32    64   128   256     0  1024  2048
   4096  8192 16384]]


Back from rank 3
mtrx5 now is (3, 300, 4500)
alpha is 4
mtrx11 after updated is
[[    1     0     0     8    16    32    64   128   256     0  1024  2048
   4096  8192 16384]]


Back from rank 8
mtrx5 now is (4, 300, 4500)
alpha is 128
mtrx11 after updated is
[[    1     0     0     8    16    32    64     0   256     0  1024  2048
   4096  8192 16384]]


Back from rank 12
mtrx5 now is (5, 300, 4500)
alpha is 2048
mtrx11 after updated is
[[    1     0     0     8    16    32    64     0   256     0  1024     0
   4096  8192 16384]]


Back from rank 16
mtrx4(redundency-based results) now is (2, 300, 4500)
mtrx11 now is
[[    1     0     0     8    16    32    64     0   256     0  1024     0
   4096  8192 16384]
 [    1     1     1     1     1     1     1     1     1     1     1     1
      1     1     1]]


alpha is 1
alpha is 1
alpha is 1
alpha is 1
alpha is 1
mtrx11 after simplify is
[[    1     0     0     8    16    32    64     0   256     0  1024     0
   4096  8192 16384]
 [    1     0     0     1     1     1     1     0     1     0     1     0
      1     1     1]]
pivot is 1
target is 1
beta is 1.0
-------------------------------------
mtrx11(coefficients of left terms after forward elimination) is
[[  1.00000000e+00   0.00000000e+00   0.00000000e+00   8.00000000e+00
    1.60000000e+01   3.20000000e+01   6.40000000e+01   0.00000000e+00
    2.56000000e+02   0.00000000e+00   1.02400000e+03   0.00000000e+00
    4.09600000e+03   8.19200000e+03   1.63840000e+04]
 [  0.00000000e+00   0.00000000e+00   0.00000000e+00  -7.00000000e+00
   -1.50000000e+01  -3.10000000e+01  -6.30000000e+01   0.00000000e+00
   -2.55000000e+02   0.00000000e+00  -1.02300000e+03   0.00000000e+00
   -4.09500000e+03  -8.19100000e+03  -1.63830000e+04]]
--------------------------------------------
Back from rank 13
mtrx5 now is (6, 300, 4500)
alpha is 4096
alpha is -4095.0
mtrx11 after updated is
[[  1.00000000e+00   0.00000000e+00   0.00000000e+00   8.00000000e+00
    1.60000000e+01   3.20000000e+01   6.40000000e+01   0.00000000e+00
    2.56000000e+02   0.00000000e+00   1.02400000e+03   0.00000000e+00
    0.00000000e+00   8.19200000e+03   1.63840000e+04]
 [  0.00000000e+00   0.00000000e+00   0.00000000e+00  -7.00000000e+00
   -1.50000000e+01  -3.10000000e+01  -6.30000000e+01   0.00000000e+00
   -2.55000000e+02   0.00000000e+00  -1.02300000e+03   0.00000000e+00
    0.00000000e+00  -8.19100000e+03  -1.63830000e+04]]
pivot is 1
target is 0.0
beta is 0.0
-------------------------------------


Back from rank 14
mtrx5 now is (7, 300, 4500)
alpha is 8192
alpha is -8191.0
mtrx11 after updated is
[[  1.00000000e+00   0.00000000e+00   0.00000000e+00   8.00000000e+00
    1.60000000e+01   3.20000000e+01   6.40000000e+01   0.00000000e+00
    2.56000000e+02   0.00000000e+00   1.02400000e+03   0.00000000e+00
    0.00000000e+00   0.00000000e+00   1.63840000e+04]
 [  0.00000000e+00   0.00000000e+00   0.00000000e+00  -7.00000000e+00
   -1.50000000e+01  -3.10000000e+01  -6.30000000e+01   0.00000000e+00
   -2.55000000e+02   0.00000000e+00  -1.02300000e+03   0.00000000e+00
    0.00000000e+00   0.00000000e+00  -1.63830000e+04]]
pivot is 1
target is 0.0
beta is 0.0
-------------------------------------


Back from rank 7
mtrx5 now is (8, 300, 4500)
alpha is 64
alpha is -63.0
mtrx11 after updated is
[[  1.00000000e+00   0.00000000e+00   0.00000000e+00   8.00000000e+00
    1.60000000e+01   3.20000000e+01   0.00000000e+00   0.00000000e+00
    2.56000000e+02   0.00000000e+00   1.02400000e+03   0.00000000e+00
    0.00000000e+00   0.00000000e+00   1.63840000e+04]
 [  0.00000000e+00   0.00000000e+00   0.00000000e+00  -7.00000000e+00
   -1.50000000e+01  -3.10000000e+01   0.00000000e+00   0.00000000e+00
   -2.55000000e+02   0.00000000e+00  -1.02300000e+03   0.00000000e+00
    0.00000000e+00   0.00000000e+00  -1.63830000e+04]]
pivot is 1
target is 0.0
beta is 0.0
-------------------------------------


Back from rank 6
mtrx5 now is (9, 300, 4500)
alpha is 32
alpha is -31.0
mtrx11 after updated is
[[  1.00000000e+00   0.00000000e+00   0.00000000e+00   8.00000000e+00
    1.60000000e+01   0.00000000e+00   0.00000000e+00   0.00000000e+00
    2.56000000e+02   0.00000000e+00   1.02400000e+03   0.00000000e+00
    0.00000000e+00   0.00000000e+00   1.63840000e+04]
 [  0.00000000e+00   0.00000000e+00   0.00000000e+00  -7.00000000e+00
   -1.50000000e+01   0.00000000e+00   0.00000000e+00   0.00000000e+00
   -2.55000000e+02   0.00000000e+00  -1.02300000e+03   0.00000000e+00
    0.00000000e+00   0.00000000e+00  -1.63830000e+04]]
pivot is 1
target is 0.0
beta is 0.0
-------------------------------------


Back from rank 1
mtrx5 now is (10, 300, 4500)
alpha is 1
alpha is 0.0
mtrx11 after updated is
[[  0.00000000e+00   0.00000000e+00   0.00000000e+00   8.00000000e+00
    1.60000000e+01   0.00000000e+00   0.00000000e+00   0.00000000e+00
    2.56000000e+02   0.00000000e+00   1.02400000e+03   0.00000000e+00
    0.00000000e+00   0.00000000e+00   1.63840000e+04]
 [  0.00000000e+00   0.00000000e+00   0.00000000e+00  -7.00000000e+00
   -1.50000000e+01   0.00000000e+00   0.00000000e+00   0.00000000e+00
   -2.55000000e+02   0.00000000e+00  -1.02300000e+03   0.00000000e+00
    0.00000000e+00   0.00000000e+00  -1.63830000e+04]]
pivot is 0
pivot should not be 0, go to next col which is not 0...
pivot now should be 8
target should be -7.0
beta should be -0.875
mtrx11 now should be
[[  0.00000000e+00   0.00000000e+00   0.00000000e+00   8.00000000e+00
    1.60000000e+01   0.00000000e+00   0.00000000e+00   0.00000000e+00
    2.56000000e+02   0.00000000e+00   1.02400000e+03   0.00000000e+00
    0.00000000e+00   0.00000000e+00   1.63840000e+04]
 [  0.00000000e+00   0.00000000e+00   0.00000000e+00   0.00000000e+00
   -1.00000000e+00   0.00000000e+00   0.00000000e+00   0.00000000e+00
   -3.10000000e+01   0.00000000e+00  -1.27000000e+02   0.00000000e+00
    0.00000000e+00   0.00000000e+00  -2.04700000e+03]]
-------------------------------------


Back from rank 18
mtrx4(redundency-based results) now is (3, 300, 4500)
mtrx11 now is
[[  0.00000000e+00   0.00000000e+00   0.00000000e+00   8.00000000e+00
    1.60000000e+01   0.00000000e+00   0.00000000e+00   0.00000000e+00
    2.56000000e+02   0.00000000e+00   1.02400000e+03   0.00000000e+00
    0.00000000e+00   0.00000000e+00   1.63840000e+04]
 [  0.00000000e+00   0.00000000e+00   0.00000000e+00   0.00000000e+00
   -1.00000000e+00   0.00000000e+00   0.00000000e+00   0.00000000e+00
   -3.10000000e+01   0.00000000e+00  -1.27000000e+02   0.00000000e+00
    0.00000000e+00   0.00000000e+00  -2.04700000e+03]
 [  1.00000000e+00   3.00000000e+00   9.00000000e+00   2.70000000e+01
    8.10000000e+01   2.43000000e+02   7.29000000e+02   2.18700000e+03
    6.56100000e+03   1.96830000e+04   5.90490000e+04   1.77147000e+05
    5.31441000e+05   1.59432300e+06   4.78296900e+06]]


alpha is 19683
alpha is 3
alpha is 9
alpha is 2187
alpha is 177147
alpha is 531441
alpha is 1594323
alpha is 729
alpha is 243
alpha is 1
mtrx11 after simplify is
[[  0.00000000e+00   0.00000000e+00   0.00000000e+00   8.00000000e+00
    1.60000000e+01   0.00000000e+00   0.00000000e+00   0.00000000e+00
    2.56000000e+02   0.00000000e+00   1.02400000e+03   0.00000000e+00
    0.00000000e+00   0.00000000e+00   1.63840000e+04]
 [  0.00000000e+00   0.00000000e+00   0.00000000e+00   0.00000000e+00
   -1.00000000e+00   0.00000000e+00   0.00000000e+00   0.00000000e+00
   -3.10000000e+01   0.00000000e+00  -1.27000000e+02   0.00000000e+00
    0.00000000e+00   0.00000000e+00  -2.04700000e+03]
 [  0.00000000e+00   0.00000000e+00   0.00000000e+00   2.70000000e+01
    8.10000000e+01   0.00000000e+00   0.00000000e+00   0.00000000e+00
    6.56100000e+03   0.00000000e+00   5.90490000e+04   0.00000000e+00
    0.00000000e+00   0.00000000e+00   4.78296900e+06]]
pivot is 0
pivot should not be 0, go to next col which is not 0...
pivot now should be 8
target should be 0.0
beta should be 0.0
mtrx11 now should be
[[  0.00000000e+00   0.00000000e+00   0.00000000e+00   8.00000000e+00
    1.60000000e+01   0.00000000e+00   0.00000000e+00   0.00000000e+00
    2.56000000e+02   0.00000000e+00   1.02400000e+03   0.00000000e+00
    0.00000000e+00   0.00000000e+00   1.63840000e+04]
 [  0.00000000e+00   0.00000000e+00   0.00000000e+00   0.00000000e+00
   -1.00000000e+00   0.00000000e+00   0.00000000e+00   0.00000000e+00
   -3.10000000e+01   0.00000000e+00  -1.27000000e+02   0.00000000e+00
    0.00000000e+00   0.00000000e+00  -2.04700000e+03]
 [  0.00000000e+00   0.00000000e+00   0.00000000e+00   2.70000000e+01
    8.10000000e+01   0.00000000e+00   0.00000000e+00   0.00000000e+00
    6.56100000e+03   0.00000000e+00   5.90490000e+04   0.00000000e+00
    0.00000000e+00   0.00000000e+00   4.78296900e+06]]
-------------------------------------
target should be 27
beta should be 3.375
mtrx11 now should be
[[  0.00000000e+00   0.00000000e+00   0.00000000e+00   8.00000000e+00
    1.60000000e+01   0.00000000e+00   0.00000000e+00   0.00000000e+00
    2.56000000e+02   0.00000000e+00   1.02400000e+03   0.00000000e+00
    0.00000000e+00   0.00000000e+00   1.63840000e+04]
 [  0.00000000e+00   0.00000000e+00   0.00000000e+00   0.00000000e+00
   -1.00000000e+00   0.00000000e+00   0.00000000e+00   0.00000000e+00
   -3.10000000e+01   0.00000000e+00  -1.27000000e+02   0.00000000e+00
    0.00000000e+00   0.00000000e+00  -2.04700000e+03]
 [  0.00000000e+00   0.00000000e+00   0.00000000e+00   0.00000000e+00
    2.70000000e+01   0.00000000e+00   0.00000000e+00   0.00000000e+00
    5.69700000e+03   0.00000000e+00   5.55930000e+04   0.00000000e+00
    0.00000000e+00   0.00000000e+00   4.72767300e+06]]
-------------------------------------
pivot is -1.0
target is 27.0
beta is -27.0
-------------------------------------
mtrx11(coefficients of left terms after forward elimination) is
[[  0.00000000e+00   0.00000000e+00   0.00000000e+00   8.00000000e+00
    1.60000000e+01   0.00000000e+00   0.00000000e+00   0.00000000e+00
    2.56000000e+02   0.00000000e+00   1.02400000e+03   0.00000000e+00
    0.00000000e+00   0.00000000e+00   1.63840000e+04]
 [  0.00000000e+00   0.00000000e+00   0.00000000e+00   0.00000000e+00
   -1.00000000e+00   0.00000000e+00   0.00000000e+00   0.00000000e+00
   -3.10000000e+01   0.00000000e+00  -1.27000000e+02   0.00000000e+00
    0.00000000e+00   0.00000000e+00  -2.04700000e+03]
 [  0.00000000e+00   0.00000000e+00   0.00000000e+00   0.00000000e+00
    0.00000000e+00   0.00000000e+00   0.00000000e+00   0.00000000e+00
    4.86000000e+03   0.00000000e+00   5.21640000e+04   0.00000000e+00
    0.00000000e+00   0.00000000e+00   4.67240400e+06]]
--------------------------------------------
Back from rank 19
mtrx4(redundency-based results) now is (4, 300, 4500)
mtrx11 now is
[[  0.00000000e+00   0.00000000e+00   0.00000000e+00   8.00000000e+00
    1.60000000e+01   0.00000000e+00   0.00000000e+00   0.00000000e+00
    2.56000000e+02   0.00000000e+00   1.02400000e+03   0.00000000e+00
    0.00000000e+00   0.00000000e+00   1.63840000e+04]
 [  0.00000000e+00   0.00000000e+00   0.00000000e+00   0.00000000e+00
   -1.00000000e+00   0.00000000e+00   0.00000000e+00   0.00000000e+00
   -3.10000000e+01   0.00000000e+00  -1.27000000e+02   0.00000000e+00
    0.00000000e+00   0.00000000e+00  -2.04700000e+03]
 [  0.00000000e+00   0.00000000e+00   0.00000000e+00   0.00000000e+00
    0.00000000e+00   0.00000000e+00   0.00000000e+00   0.00000000e+00
    4.86000000e+03   0.00000000e+00   5.21640000e+04   0.00000000e+00
    0.00000000e+00   0.00000000e+00   4.67240400e+06]
 [  1.00000000e+00   4.00000000e+00   1.60000000e+01   6.40000000e+01
    2.56000000e+02   1.02400000e+03   4.09600000e+03   1.63840000e+04
    6.55360000e+04   2.62144000e+05   1.04857600e+06   4.19430400e+06
    1.67772160e+07   6.71088640e+07   2.68435456e+08]]


alpha is 262144
alpha is 4
alpha is 16
alpha is 16384
alpha is 4194304
alpha is 16777216
alpha is 67108864
alpha is 4096
alpha is 1024
alpha is 1
mtrx11 after simplify is
[[  0.00000000e+00   0.00000000e+00   0.00000000e+00   8.00000000e+00
    1.60000000e+01   0.00000000e+00   0.00000000e+00   0.00000000e+00
    2.56000000e+02   0.00000000e+00   1.02400000e+03   0.00000000e+00
    0.00000000e+00   0.00000000e+00   1.63840000e+04]
 [  0.00000000e+00   0.00000000e+00   0.00000000e+00   0.00000000e+00
   -1.00000000e+00   0.00000000e+00   0.00000000e+00   0.00000000e+00
   -3.10000000e+01   0.00000000e+00  -1.27000000e+02   0.00000000e+00
    0.00000000e+00   0.00000000e+00  -2.04700000e+03]
 [  0.00000000e+00   0.00000000e+00   0.00000000e+00   0.00000000e+00
    0.00000000e+00   0.00000000e+00   0.00000000e+00   0.00000000e+00
    4.86000000e+03   0.00000000e+00   5.21640000e+04   0.00000000e+00
    0.00000000e+00   0.00000000e+00   4.67240400e+06]
 [  0.00000000e+00   0.00000000e+00   0.00000000e+00   6.40000000e+01
    2.56000000e+02   0.00000000e+00   0.00000000e+00   0.00000000e+00
    6.55360000e+04   0.00000000e+00   1.04857600e+06   0.00000000e+00
    0.00000000e+00   0.00000000e+00   2.68435456e+08]]
pivot is 0
pivot should not be 0, go to next col which is not 0...
pivot now should be 8
target should be 0.0
beta should be 0.0
mtrx11 now should be
[[  0.00000000e+00   0.00000000e+00   0.00000000e+00   8.00000000e+00
    1.60000000e+01   0.00000000e+00   0.00000000e+00   0.00000000e+00
    2.56000000e+02   0.00000000e+00   1.02400000e+03   0.00000000e+00
    0.00000000e+00   0.00000000e+00   1.63840000e+04]
 [  0.00000000e+00   0.00000000e+00   0.00000000e+00   0.00000000e+00
   -1.00000000e+00   0.00000000e+00   0.00000000e+00   0.00000000e+00
   -3.10000000e+01   0.00000000e+00  -1.27000000e+02   0.00000000e+00
    0.00000000e+00   0.00000000e+00  -2.04700000e+03]
 [  0.00000000e+00   0.00000000e+00   0.00000000e+00   0.00000000e+00
    0.00000000e+00   0.00000000e+00   0.00000000e+00   0.00000000e+00
    4.86000000e+03   0.00000000e+00   5.21640000e+04   0.00000000e+00
    0.00000000e+00   0.00000000e+00   4.67240400e+06]
 [  0.00000000e+00   0.00000000e+00   0.00000000e+00   6.40000000e+01
    2.56000000e+02   0.00000000e+00   0.00000000e+00   0.00000000e+00
    6.55360000e+04   0.00000000e+00   1.04857600e+06   0.00000000e+00
    0.00000000e+00   0.00000000e+00   2.68435456e+08]]
-------------------------------------
target should be 0.0
beta should be 0.0
mtrx11 now should be
[[  0.00000000e+00   0.00000000e+00   0.00000000e+00   8.00000000e+00
    1.60000000e+01   0.00000000e+00   0.00000000e+00   0.00000000e+00
    2.56000000e+02   0.00000000e+00   1.02400000e+03   0.00000000e+00
    0.00000000e+00   0.00000000e+00   1.63840000e+04]
 [  0.00000000e+00   0.00000000e+00   0.00000000e+00   0.00000000e+00
   -1.00000000e+00   0.00000000e+00   0.00000000e+00   0.00000000e+00
   -3.10000000e+01   0.00000000e+00  -1.27000000e+02   0.00000000e+00
    0.00000000e+00   0.00000000e+00  -2.04700000e+03]
 [  0.00000000e+00   0.00000000e+00   0.00000000e+00   0.00000000e+00
    0.00000000e+00   0.00000000e+00   0.00000000e+00   0.00000000e+00
    4.86000000e+03   0.00000000e+00   5.21640000e+04   0.00000000e+00
    0.00000000e+00   0.00000000e+00   4.67240400e+06]
 [  0.00000000e+00   0.00000000e+00   0.00000000e+00   6.40000000e+01
    2.56000000e+02   0.00000000e+00   0.00000000e+00   0.00000000e+00
    6.55360000e+04   0.00000000e+00   1.04857600e+06   0.00000000e+00
    0.00000000e+00   0.00000000e+00   2.68435456e+08]]
-------------------------------------
target should be 64
beta should be 8.0
mtrx11 now should be
[[  0.00000000e+00   0.00000000e+00   0.00000000e+00   8.00000000e+00
    1.60000000e+01   0.00000000e+00   0.00000000e+00   0.00000000e+00
    2.56000000e+02   0.00000000e+00   1.02400000e+03   0.00000000e+00
    0.00000000e+00   0.00000000e+00   1.63840000e+04]
 [  0.00000000e+00   0.00000000e+00   0.00000000e+00   0.00000000e+00
   -1.00000000e+00   0.00000000e+00   0.00000000e+00   0.00000000e+00
   -3.10000000e+01   0.00000000e+00  -1.27000000e+02   0.00000000e+00
    0.00000000e+00   0.00000000e+00  -2.04700000e+03]
 [  0.00000000e+00   0.00000000e+00   0.00000000e+00   0.00000000e+00
    0.00000000e+00   0.00000000e+00   0.00000000e+00   0.00000000e+00
    4.86000000e+03   0.00000000e+00   5.21640000e+04   0.00000000e+00
    0.00000000e+00   0.00000000e+00   4.67240400e+06]
 [  0.00000000e+00   0.00000000e+00   0.00000000e+00   0.00000000e+00
    1.28000000e+02   0.00000000e+00   0.00000000e+00   0.00000000e+00
    6.34880000e+04   0.00000000e+00   1.04038400e+06   0.00000000e+00
    0.00000000e+00   0.00000000e+00   2.68304384e+08]]
-------------------------------------
pivot is -1.0
target is 0.0
beta is -0.0
-------------------------------------
target is 128.0
beta is -128.0
-------------------------------------
pivot is 0.0
pivot should not be 0, go to next col which is not 0...
pivot now should be 4860.0
target should be 59520.0
beta should be 12.2469135802
mtrx11 now should be
[[  0.00000000e+00   0.00000000e+00   0.00000000e+00   8.00000000e+00
    1.60000000e+01   0.00000000e+00   0.00000000e+00   0.00000000e+00
    2.56000000e+02   0.00000000e+00   1.02400000e+03   0.00000000e+00
    0.00000000e+00   0.00000000e+00   1.63840000e+04]
 [  0.00000000e+00   0.00000000e+00   0.00000000e+00   0.00000000e+00
   -1.00000000e+00   0.00000000e+00   0.00000000e+00   0.00000000e+00
   -3.10000000e+01   0.00000000e+00  -1.27000000e+02   0.00000000e+00
    0.00000000e+00   0.00000000e+00  -2.04700000e+03]
 [  0.00000000e+00   0.00000000e+00   0.00000000e+00   0.00000000e+00
    0.00000000e+00   0.00000000e+00   0.00000000e+00   0.00000000e+00
    4.86000000e+03   0.00000000e+00   5.21640000e+04   0.00000000e+00
    0.00000000e+00   0.00000000e+00   4.67240400e+06]
 [  0.00000000e+00   0.00000000e+00   0.00000000e+00   0.00000000e+00
    0.00000000e+00   0.00000000e+00   0.00000000e+00   0.00000000e+00
    0.00000000e+00   0.00000000e+00   3.85280000e+05   0.00000000e+00
    0.00000000e+00   0.00000000e+00   2.10819840e+08]]
-------------------------------------
mtrx11(coefficients of left terms after forward elimination) is
[[  0.00000000e+00   0.00000000e+00   0.00000000e+00   8.00000000e+00
    1.60000000e+01   0.00000000e+00   0.00000000e+00   0.00000000e+00
    2.56000000e+02   0.00000000e+00   1.02400000e+03   0.00000000e+00
    0.00000000e+00   0.00000000e+00   1.63840000e+04]
 [  0.00000000e+00   0.00000000e+00   0.00000000e+00   0.00000000e+00
   -1.00000000e+00   0.00000000e+00   0.00000000e+00   0.00000000e+00
   -3.10000000e+01   0.00000000e+00  -1.27000000e+02   0.00000000e+00
    0.00000000e+00   0.00000000e+00  -2.04700000e+03]
 [  0.00000000e+00   0.00000000e+00   0.00000000e+00   0.00000000e+00
    0.00000000e+00   0.00000000e+00   0.00000000e+00   0.00000000e+00
    4.86000000e+03   0.00000000e+00   5.21640000e+04   0.00000000e+00
    0.00000000e+00   0.00000000e+00   4.67240400e+06]
 [  0.00000000e+00   0.00000000e+00   0.00000000e+00   0.00000000e+00
    0.00000000e+00   0.00000000e+00   0.00000000e+00   0.00000000e+00
    0.00000000e+00   0.00000000e+00   3.85280000e+05   0.00000000e+00
    0.00000000e+00   0.00000000e+00   2.10819840e+08]]
--------------------------------------------
Back from rank 11
mtrx5 now is (11, 300, 4500)
alpha is 1024
alpha is -127.0
alpha is 52164.0
alpha is 385280.0
mtrx11 after updated is
[[  0.00000000e+00   0.00000000e+00   0.00000000e+00   8.00000000e+00
    1.60000000e+01   0.00000000e+00   0.00000000e+00   0.00000000e+00
    2.56000000e+02   0.00000000e+00   0.00000000e+00   0.00000000e+00
    0.00000000e+00   0.00000000e+00   1.63840000e+04]
 [  0.00000000e+00   0.00000000e+00   0.00000000e+00   0.00000000e+00
   -1.00000000e+00   0.00000000e+00   0.00000000e+00   0.00000000e+00
   -3.10000000e+01   0.00000000e+00   0.00000000e+00   0.00000000e+00
    0.00000000e+00   0.00000000e+00  -2.04700000e+03]
 [  0.00000000e+00   0.00000000e+00   0.00000000e+00   0.00000000e+00
    0.00000000e+00   0.00000000e+00   0.00000000e+00   0.00000000e+00
    4.86000000e+03   0.00000000e+00   0.00000000e+00   0.00000000e+00
    0.00000000e+00   0.00000000e+00   4.67240400e+06]
 [  0.00000000e+00   0.00000000e+00   0.00000000e+00   0.00000000e+00
    0.00000000e+00   0.00000000e+00   0.00000000e+00   0.00000000e+00
    0.00000000e+00   0.00000000e+00   0.00000000e+00   0.00000000e+00
    0.00000000e+00   0.00000000e+00   2.10819840e+08]]
pivot is 0
pivot should not be 0, go to next col which is not 0...
pivot now should be 8
target should be 0.0
beta should be 0.0
mtrx11 now should be
[[  0.00000000e+00   0.00000000e+00   0.00000000e+00   8.00000000e+00
    1.60000000e+01   0.00000000e+00   0.00000000e+00   0.00000000e+00
    2.56000000e+02   0.00000000e+00   0.00000000e+00   0.00000000e+00
    0.00000000e+00   0.00000000e+00   1.63840000e+04]
 [  0.00000000e+00   0.00000000e+00   0.00000000e+00   0.00000000e+00
   -1.00000000e+00   0.00000000e+00   0.00000000e+00   0.00000000e+00
   -3.10000000e+01   0.00000000e+00   0.00000000e+00   0.00000000e+00
    0.00000000e+00   0.00000000e+00  -2.04700000e+03]
 [  0.00000000e+00   0.00000000e+00   0.00000000e+00   0.00000000e+00
    0.00000000e+00   0.00000000e+00   0.00000000e+00   0.00000000e+00
    4.86000000e+03   0.00000000e+00   0.00000000e+00   0.00000000e+00
    0.00000000e+00   0.00000000e+00   4.67240400e+06]
 [  0.00000000e+00   0.00000000e+00   0.00000000e+00   0.00000000e+00
    0.00000000e+00   0.00000000e+00   0.00000000e+00   0.00000000e+00
    0.00000000e+00   0.00000000e+00   0.00000000e+00   0.00000000e+00
    0.00000000e+00   0.00000000e+00   2.10819840e+08]]
-------------------------------------
target should be 0.0
beta should be 0.0
mtrx11 now should be
[[  0.00000000e+00   0.00000000e+00   0.00000000e+00   8.00000000e+00
    1.60000000e+01   0.00000000e+00   0.00000000e+00   0.00000000e+00
    2.56000000e+02   0.00000000e+00   0.00000000e+00   0.00000000e+00
    0.00000000e+00   0.00000000e+00   1.63840000e+04]
 [  0.00000000e+00   0.00000000e+00   0.00000000e+00   0.00000000e+00
   -1.00000000e+00   0.00000000e+00   0.00000000e+00   0.00000000e+00
   -3.10000000e+01   0.00000000e+00   0.00000000e+00   0.00000000e+00
    0.00000000e+00   0.00000000e+00  -2.04700000e+03]
 [  0.00000000e+00   0.00000000e+00   0.00000000e+00   0.00000000e+00
    0.00000000e+00   0.00000000e+00   0.00000000e+00   0.00000000e+00
    4.86000000e+03   0.00000000e+00   0.00000000e+00   0.00000000e+00
    0.00000000e+00   0.00000000e+00   4.67240400e+06]
 [  0.00000000e+00   0.00000000e+00   0.00000000e+00   0.00000000e+00
    0.00000000e+00   0.00000000e+00   0.00000000e+00   0.00000000e+00
    0.00000000e+00   0.00000000e+00   0.00000000e+00   0.00000000e+00
    0.00000000e+00   0.00000000e+00   2.10819840e+08]]
-------------------------------------
target should be 0.0
beta should be 0.0
mtrx11 now should be
[[  0.00000000e+00   0.00000000e+00   0.00000000e+00   8.00000000e+00
    1.60000000e+01   0.00000000e+00   0.00000000e+00   0.00000000e+00
    2.56000000e+02   0.00000000e+00   0.00000000e+00   0.00000000e+00
    0.00000000e+00   0.00000000e+00   1.63840000e+04]
 [  0.00000000e+00   0.00000000e+00   0.00000000e+00   0.00000000e+00
   -1.00000000e+00   0.00000000e+00   0.00000000e+00   0.00000000e+00
   -3.10000000e+01   0.00000000e+00   0.00000000e+00   0.00000000e+00
    0.00000000e+00   0.00000000e+00  -2.04700000e+03]
 [  0.00000000e+00   0.00000000e+00   0.00000000e+00   0.00000000e+00
    0.00000000e+00   0.00000000e+00   0.00000000e+00   0.00000000e+00
    4.86000000e+03   0.00000000e+00   0.00000000e+00   0.00000000e+00
    0.00000000e+00   0.00000000e+00   4.67240400e+06]
 [  0.00000000e+00   0.00000000e+00   0.00000000e+00   0.00000000e+00
    0.00000000e+00   0.00000000e+00   0.00000000e+00   0.00000000e+00
    0.00000000e+00   0.00000000e+00   0.00000000e+00   0.00000000e+00
    0.00000000e+00   0.00000000e+00   2.10819840e+08]]
-------------------------------------
pivot is -1.0
target is 0.0
beta is -0.0
-------------------------------------
target is 0.0
beta is -0.0
-------------------------------------
pivot is 0.0
pivot should not be 0, go to next col which is not 0...
pivot now should be 4860.0
target should be 0.0
beta should be 0.0
mtrx11 now should be
[[  0.00000000e+00   0.00000000e+00   0.00000000e+00   8.00000000e+00
    1.60000000e+01   0.00000000e+00   0.00000000e+00   0.00000000e+00
    2.56000000e+02   0.00000000e+00   0.00000000e+00   0.00000000e+00
    0.00000000e+00   0.00000000e+00   1.63840000e+04]
 [  0.00000000e+00   0.00000000e+00   0.00000000e+00   0.00000000e+00
   -1.00000000e+00   0.00000000e+00   0.00000000e+00   0.00000000e+00
   -3.10000000e+01   0.00000000e+00   0.00000000e+00   0.00000000e+00
    0.00000000e+00   0.00000000e+00  -2.04700000e+03]
 [  0.00000000e+00   0.00000000e+00   0.00000000e+00   0.00000000e+00
    0.00000000e+00   0.00000000e+00   0.00000000e+00   0.00000000e+00
    4.86000000e+03   0.00000000e+00   0.00000000e+00   0.00000000e+00
    0.00000000e+00   0.00000000e+00   4.67240400e+06]
 [  0.00000000e+00   0.00000000e+00   0.00000000e+00   0.00000000e+00
    0.00000000e+00   0.00000000e+00   0.00000000e+00   0.00000000e+00
    0.00000000e+00   0.00000000e+00   0.00000000e+00   0.00000000e+00
    0.00000000e+00   0.00000000e+00   2.10819840e+08]]
-------------------------------------




mtrx12(index of left terms) is [4, 5, 9, 15]
mtrx11(triangular matrix) is
[[  8.00000000e+00   1.60000000e+01   2.56000000e+02   1.63840000e+04]
 [  0.00000000e+00  -1.00000000e+00  -3.10000000e+01  -2.04700000e+03]
 [  0.00000000e+00   0.00000000e+00   4.86000000e+03   4.67240400e+06]
 [  0.00000000e+00   0.00000000e+00   0.00000000e+00   2.10819840e+08]]
%%%%%%%%%%%%%%%%%%%%%%%%%%%%%%%%%%%%%%%%%%%%%%%%%%%%%%%%%%%
Finally, mtrx4(redundency-based results) is
(4, 300, 4500)
mtrx6(ranks who have contributions to the redundency-based results): [17, 16, 18, 19]
++++++++++++++++++++++++++++++++++++++++
Finally, mtrx5 is
(11, 300, 4500)
mtrx7(ranks who have contributions to the results): [10, 2, 3, 8, 12, 13, 14, 7, 6, 1, 11]
%%%%%%%%%%%%%%%%%%%%%%%%%%%%%%%%%%%%%%%%%%%%%%%%%%%%%%%%%%%
useless workers: []


result now is
[[[ 10170.  10083.  10186. ...,  10196.  10125.  10146.]
  [ 10025.   9959.  10025. ...,  10083.  10004.  10012.]
  [ 10133.  10049.  10099. ...,  10194.  10068.  10105.]
  ..., 
  [ 10093.   9985.  10060. ...,  10103.  10051.  10043.]
  [ 10139.  10053.  10142. ...,  10154.  10111.  10092.]
  [ 10144.  10065.  10150. ...,  10180.  10108.  10122.]]

 [[ 10179.  10076.  10144. ...,  10207.  10137.  10134.]
  [ 10175.  10046.  10119. ...,  10213.  10081.  10124.]
  [ 10218.  10170.  10201. ...,  10277.  10183.  10196.]
  ..., 
  [ 10194.  10124.  10177. ...,  10237.  10156.  10140.]
  [ 10042.   9951.  10054. ...,  10092.   9997.  10045.]
  [ 10099.   9988.  10074. ...,  10139.  10034.  10026.]]

 [[ 10058.   9931.  10027. ...,  10073.  10011.  10023.]
  [ 10092.   9974.  10092. ...,  10148.  10020.  10039.]
  [ 10123.  10016.  10066. ...,  10148.  10089.  10114.]
  ..., 
  [ 10084.  10020.  10110. ...,  10127.  10057.  10074.]
  [  9951.   9900.   9962. ...,   9978.   9911.   9916.]
  [ 10106.   9993.  10092. ...,  10150.  10075.  10085.]]

 [[ 10187.  10104.  10142. ...,  10227.  10165.  10203.]
  [ 10224.  10126.  10168. ...,  10247.  10155.  10153.]
  [ 10153.  10086.  10169. ...,  10241.  10091.  10123.]
  ..., 
  [ 10167.  10078.  10145. ...,  10198.  10100.  10120.]
  [ 10113.  10031.  10111. ...,  10144.  10117.  10081.]
  [ 10128.   9988.  10102. ...,  10136.  10089.  10072.]]]


========================================================
--------------------------------------------------------------
mtrx5:
[[[ 10106.  10021.  10084. ...,  10150.  10048.  10071.]
  [ 10133.  10003.  10107. ...,  10174.  10102.  10123.]
  [ 10126.  10036.  10106. ...,  10132.  10063.  10087.]
  ..., 
  [ 10316.  10203.  10281. ...,  10318.  10242.  10274.]
  [ 10179.  10102.  10156. ...,  10205.  10131.  10162.]
  [ 10112.  10016.  10121. ...,  10148.  10107.  10088.]]

 [[ 10139.  10066.  10112. ...,  10201.  10143.  10096.]
  [ 10100.   9994.  10070. ...,  10099.  10041.  10062.]
  [ 10093.  10004.  10080. ...,  10136.  10079.  10066.]
  ..., 
  [ 10250.  10153.  10226. ...,  10270.  10198.  10216.]
  [ 10077.   9992.  10071. ...,  10138.  10034.  10044.]
  [ 10174.  10083.  10115. ...,  10152.  10121.  10161.]]

 [[ 10051.   9938.   9988. ...,  10066.   9980.   9988.]
  [ 10113.  10069.  10133. ...,  10144.  10095.  10130.]
  [ 10035.   9955.  10045. ...,  10094.  10012.  10027.]
  ..., 
  [ 10122.  10028.  10128. ...,  10120.  10082.  10079.]
  [ 10166.  10072.  10135. ...,  10171.  10134.  10075.]
  [ 10090.  10031.  10052. ...,  10117.  10063.  10066.]]

 ..., 
 [[ 10188.  10076.  10188. ...,  10229.  10126.  10134.]
  [ 10148.  10029.  10105. ...,  10172.  10120.  10134.]
  [ 10137.  10023.  10088. ...,  10156.  10103.  10083.]
  ..., 
  [ 10065.   9951.  10022. ...,  10044.  10047.  10023.]
  [ 10131.  10052.  10121. ...,  10195.  10118.  10078.]
  [ 10186.  10106.  10179. ...,  10214.  10142.  10134.]]

 [[ 10165.  10080.  10158. ...,  10203.  10124.  10136.]
  [ 10087.   9970.  10082. ...,  10110.  10044.  10063.]
  [ 10092.   9946.  10048. ...,  10113.   9997.  10023.]
  ..., 
  [ 10129.  10074.  10130. ...,  10223.  10148.  10150.]
  [ 10134.  10038.  10145. ...,  10181.  10111.  10098.]
  [ 10212.  10118.  10197. ...,  10227.  10200.  10175.]]

 [[ 10191.  10109.  10171. ...,  10201.  10146.  10147.]
  [ 10133.  10070.  10145. ...,  10170.  10110.  10100.]
  [ 10182.  10055.  10157. ...,  10220.  10133.  10139.]
  ..., 
  [ 10131.  10038.  10075. ...,  10158.  10076.  10075.]
  [ 10175.  10095.  10115. ...,  10182.  10144.  10122.]
  [ 10073.  10001.  10077. ...,  10138.  10031.  10062.]]]
--------------------------------------------------------------


Time taken in seconds(with sleep) 2695.0224764347076


--------------------------------------------------------------
just for comparing...
mtrx1 * mtrx2:
[[10165 10080 10158 ..., 10203 10124 10136]
 [10087  9970 10082 ..., 10110 10044 10063]
 [10092  9946 10048 ..., 10113  9997 10023]
 ..., 
 [10167 10078 10145 ..., 10198 10100 10120]
 [10113 10031 10111 ..., 10144 10117 10081]
 [10128  9988 10102 ..., 10136 10089 10072]]
------------------------------------------------------
Running PBS epilogue script    - 06-Mar-2020 13:49:02
------------------------------------------------------
Checking node qb232 (MS)
Checking node qb266 ok
Checking node qb232 ok
------------------------------------------------------
Concluding PBS epilogue script - 06-Mar-2020 13:49:05
------------------------------------------------------
Exit Status:     0
Job ID:          760422.qb3
Username:        jianjun
Group:           latechusers
Job Name:        test1.pbs
Session Id:      15504
Resource Limits: ncpus=1,neednodes=2:ppn=20,nodes=2:ppn=20,walltime=24:00:00
Resources Used:  cput=17:38:14,mem=11215128kb,vmem=30936636kb,walltime=00:53:03
Queue Used:      workq
Account String:  loni_codedcomp
Node:            qb232
Process id:      17344
------------------------------------------------------
