--------------------------------------
Running PBS prologue script
--------------------------------------
User and Job Data:
--------------------------------------
Job ID:    760292.qb3
Username:  jianjun
Group:     latechusers
Date:      06-Mar-2020 00:48
Node:      qb290 (24990)
--------------------------------------
PBS has allocated the following nodes:

qb290
qb292

A total of 40 processors on 2 nodes allocated
---------------------------------------------
Check nodes and clean them of stray processes
---------------------------------------------
Checking node qb290 00:48:27 
Checking node qb292 00:48:28 
Done clearing all the allocated nodes
------------------------------------------------------
Concluding PBS prologue script - 06-Mar-2020 00:48:28
------------------------------------------------------


redun:
[[  1.00000000e+00   0.00000000e+00   0.00000000e+00 ...,   0.00000000e+00
    0.00000000e+00   0.00000000e+00]
 [  0.00000000e+00   1.00000000e+00   0.00000000e+00 ...,   0.00000000e+00
    0.00000000e+00   0.00000000e+00]
 [  0.00000000e+00   0.00000000e+00   1.00000000e+00 ...,   0.00000000e+00
    0.00000000e+00   0.00000000e+00]
 ..., 
 [  0.00000000e+00   0.00000000e+00   0.00000000e+00 ...,   2.91929260e+16
    0.00000000e+00   0.00000000e+00]
 [  0.00000000e+00   0.00000000e+00   0.00000000e+00 ...,   0.00000000e+00
    2.91929260e+16   0.00000000e+00]
 [  0.00000000e+00   0.00000000e+00   0.00000000e+00 ...,   0.00000000e+00
    0.00000000e+00   2.91929260e+16]]
(9000, 9000)
encoder:
[[  1.00000000e+00   0.00000000e+00   0.00000000e+00 ...,   0.00000000e+00
    0.00000000e+00   0.00000000e+00]
 [  0.00000000e+00   1.00000000e+00   0.00000000e+00 ...,   0.00000000e+00
    0.00000000e+00   0.00000000e+00]
 [  0.00000000e+00   0.00000000e+00   1.00000000e+00 ...,   0.00000000e+00
    0.00000000e+00   0.00000000e+00]
 ..., 
 [  0.00000000e+00   0.00000000e+00   0.00000000e+00 ...,   2.91929260e+16
    0.00000000e+00   0.00000000e+00]
 [  0.00000000e+00   0.00000000e+00   0.00000000e+00 ...,   0.00000000e+00
    2.91929260e+16   0.00000000e+00]
 [  0.00000000e+00   0.00000000e+00   0.00000000e+00 ...,   0.00000000e+00
    0.00000000e+00   2.91929260e+16]]
(18000, 9000)
------------------------------------------
mtrx1:
[[1 0 1 ..., 1 1 0]
 [0 1 1 ..., 1 0 0]
 [1 1 1 ..., 0 1 1]
 ..., 
 [0 0 0 ..., 0 0 0]
 [1 1 0 ..., 0 0 1]
 [1 0 0 ..., 0 1 1]]
(9000, 9000)
---------------------------------------------
mtrx1_coded:
(18000, 9000)
---------------------------------------------
mtrx2:
[[1 1 0 ..., 0 1 1]
 [0 0 1 ..., 0 0 0]
 [0 1 0 ..., 1 1 1]
 ..., 
 [1 1 1 ..., 0 1 1]
 [1 0 0 ..., 1 0 0]
 [1 1 0 ..., 1 1 1]]
(9000, 9000)
--------------------------------------------------------
There are totally 30 blocks for workers.


========================================================
data is ready!
========================================================
data is sending...


data is sending to rank 30
data is sending to rank 29
data is sending to rank 28
data is sending to rank 27
data is sending to rank 26
data is sending to rank 25
data is sending to rank 24
data is sending to rank 23
data is sending to rank 22
data is sending to rank 21
data is sending to rank 20
data is sending to rank 19
data is sending to rank 18
data is sending to rank 17
data is sending to rank 16
data is sending to rank 15
data is sending to rank 14
data is sending to rank 13
data is sending to rank 12
data is sending to rank 11
data is sending to rank 10
data is sending to rank 9
data is sending to rank 8
data is sending to rank 7
data is sending to rank 6
data is sending to rank 5
data is sending to rank 4
data is sending to rank 3
data is sending to rank 2
data is sending to rank 1
========================================================
vander_matrix which is used to figure out the factor...
[[                1                 1                 1                 1
                  1                 1                 1                 1
                  1                 1                 1                 1
                  1                 1                 1]
 [                1                 2                 4                 8
                 16                32                64               128
                256               512              1024              2048
               4096              8192             16384]
 [                1                 3                 9                27
                 81               243               729              2187
               6561             19683             59049            177147
             531441           1594323           4782969]
 [                1                 4                16                64
                256              1024              4096             16384
              65536            262144           1048576           4194304
           16777216          67108864         268435456]
 [                1                 5                25               125
                625              3125             15625             78125
             390625           1953125           9765625          48828125
          244140625        1220703125        6103515625]
 [                1                 6                36               216
               1296              7776             46656            279936
            1679616          10077696          60466176         362797056
         2176782336       13060694016       78364164096]
 [                1                 7                49               343
               2401             16807            117649            823543
            5764801          40353607         282475249        1977326743
        13841287201       96889010407      678223072849]
 [                1                 8                64               512
               4096             32768            262144           2097152
           16777216         134217728        1073741824        8589934592
        68719476736      549755813888     4398046511104]
 [                1                 9                81               729
               6561             59049            531441           4782969
           43046721         387420489        3486784401       31381059609
       282429536481     2541865828329    22876792454961]
 [                1                10               100              1000
              10000            100000           1000000          10000000
          100000000        1000000000       10000000000      100000000000
      1000000000000    10000000000000   100000000000000]
 [                1                11               121              1331
              14641            161051           1771561          19487171
          214358881        2357947691       25937424601      285311670611
      3138428376721    34522712143931   379749833583241]
 [                1                12               144              1728
              20736            248832           2985984          35831808
          429981696        5159780352       61917364224      743008370688
      8916100448256   106993205379072  1283918464548864]
 [                1                13               169              2197
              28561            371293           4826809          62748517
          815730721       10604499373      137858491849     1792160394037
     23298085122481   302875106592253  3937376385699289]
 [                1                14               196              2744
              38416            537824           7529536         105413504
         1475789056       20661046784      289254654976     4049565169664
     56693912375296   793714773254144 11112006825558016]
 [                1                15               225              3375
              50625            759375          11390625         170859375
         2562890625       38443359375      576650390625     8649755859375
    129746337890625  1946195068359375 29192926025390625]]
---------------------------------------------------------


receiving partial results...


Back from rank 19
mtrx4(redundency group) now is (1, 600, 9000)


Back from rank 1
mtrx5 now is (1, 600, 9000)


Back from rank 10
mtrx5 now is (2, 600, 9000)


Back from rank 15
mtrx5 now is (3, 600, 9000)


Back from rank 21
mtrx4(redundency group) now is (2, 600, 9000)


Back from rank 17
mtrx4(redundency group) now is (3, 600, 9000)


Back from rank 23
mtrx4(redundency group) now is (4, 600, 9000)


Back from rank 20
mtrx4(redundency group) now is (5, 600, 9000)


Back from rank 3
mtrx5 now is (4, 600, 9000)


Back from rank 16
mtrx4(redundency group) now is (6, 600, 9000)


Back from rank 7
mtrx5 now is (5, 600, 9000)


Back from rank 5
mtrx5 now is (6, 600, 9000)


Back from rank 27
mtrx4(redundency group) now is (7, 600, 9000)


Back from rank 8
mtrx5 now is (7, 600, 9000)


Back from rank 13
mtrx5 now is (8, 600, 9000)


useless workers: []


Finally, mtrx4(redundency-based results) is
(7, 600, 9000)
mtrx6(ranks who have contributions to the redundency-based results): [19, 21, 17, 23, 20, 16, 27]
++++++++++++++++++++++++++++++++++++++++
Finally, mtrx5 is
(8, 600, 9000)
mtrx7(ranks who have contributions to the results): [1, 10, 15, 3, 7, 5, 8, 13]


========================================================


starting decoding...


---------------------------------------------------------
mtrx4 length: 7
mtrx5 length: 8
mtrx6 length(rank): 7
mtrx7 length(rank): 8
---------------------------------------------------------
alpha is 1
alpha is 262144
alpha is 268435456
alpha is 16
alpha is 4096
alpha is 256
alpha is 16384
alpha is 16777216
alpha is 1
alpha is 10077696
alpha is 78364164096
alpha is 36
alpha is 46656
alpha is 1296
alpha is 279936
alpha is 2176782336
alpha is 1
alpha is 512
alpha is 16384
alpha is 4
alpha is 64
alpha is 16
alpha is 128
alpha is 4096
alpha is 1
alpha is 134217728
alpha is 4398046511104
alpha is 64
alpha is 262144
alpha is 4096
alpha is 2097152
alpha is 68719476736
alpha is 1
alpha is 1953125
alpha is 6103515625
alpha is 25
alpha is 15625
alpha is 625
alpha is 78125
alpha is 244140625
alpha is 1
alpha is 1
alpha is 1
alpha is 1
alpha is 1
alpha is 1
alpha is 1
alpha is 1
alpha is 1
alpha is 5159780352
alpha is 1283918464548864
alpha is 144
alpha is 2985984
alpha is 20736
alpha is 35831808
alpha is 8916100448256
--------------------------------------------
mtrx8 is
[[               1                4               16               64
               256             1024             4096            16384
             65536           262144          1048576          4194304
          16777216         67108864        268435456]
 [               1                6               36              216
              1296             7776            46656           279936
           1679616         10077696         60466176        362797056
        2176782336      13060694016      78364164096]
 [               1                2                4                8
                16               32               64              128
               256              512             1024             2048
              4096             8192            16384]
 [               1                8               64              512
              4096            32768           262144          2097152
          16777216        134217728       1073741824       8589934592
       68719476736     549755813888    4398046511104]
 [               1                5               25              125
               625             3125            15625            78125
            390625          1953125          9765625         48828125
         244140625       1220703125       6103515625]
 [               1                1                1                1
                 1                1                1                1
                 1                1                1                1
                 1                1                1]
 [               1               12              144             1728
             20736           248832          2985984         35831808
         429981696       5159780352      61917364224     743008370688
     8916100448256  106993205379072 1283918464548864]]
--------------------------------------------
rank that did not send back partial results(mtrx9):
[2, 4, 6, 9, 11, 12, 14]
---------------------------------------------------------
mtrx10 is
[[              4              64            1024           65536
          1048576         4194304        67108864]
 [              6             216            7776         1679616
         60466176       362797056     13060694016]
 [              2               8              32             256
             1024            2048            8192]
 [              8             512           32768        16777216
       1073741824      8589934592    549755813888]
 [              5             125            3125          390625
          9765625        48828125      1220703125]
 [              1               1               1               1
                1               1               1]
 [             12            1728          248832       429981696
      61917364224    743008370688 106993205379072]]
beta is 1.5
beta is 0.5
beta is 2.0
beta is 1.25
beta is 0.25
beta is 3.0
beta is -0.2
beta is 3.2
beta is 0.375
beta is -0.125
beta is 12.8
beta is 14.0
beta is -0.64453125
beta is 0.68359375
beta is 216.0
beta is -0.0133186838013
beta is -0.00166665791022
beta is 45.7420309348
beta is 0.186935356212
beta is 7765.84002902
beta is -180949.442536
--------------------------------------------
mtrx10 now(triangular matrix) is
[[  4.00000000e+00   6.40000000e+01   1.02400000e+03   6.55360000e+04
    1.04857600e+06   4.19430400e+06   6.71088640e+07]
 [  0.00000000e+00   1.20000000e+02   6.24000000e+03   1.58131200e+06
    5.88933120e+07   3.56505600e+08   1.29600307e+10]
 [  0.00000000e+00   0.00000000e+00   7.68000000e+02   2.83750400e+05
    1.12553984e+07   6.92060160e+07   2.55845990e+09]
 [  0.00000000e+00   0.00000000e+00   0.00000000e+00   7.61344000e+06
    7.25610496e+08   6.47184384e+09   4.72331059e+11]
 [  0.00000000e+00   0.00000000e+00   0.00000000e+00   0.00000000e+00
    3.28854576e+06   4.06975267e+07   4.21664091e+09]
 [  0.00000000e+00   0.00000000e+00   0.00000000e+00   0.00000000e+00
    0.00000000e+00  -6.15631924e+05  -1.46745550e+08]
 [  0.00000000e+00   0.00000000e+00   0.00000000e+00   0.00000000e+00
    0.00000000e+00   0.00000000e+00   2.53698222e+13]]
--------------------------------------------
results for workers of mtrx9 which are [2, 4, 6, 9, 11, 12, 14]
[[[ 2222.01439667  2252.01816559  2247.01445007 ...,  2223.01742554
    2244.01857758  2290.01700592]
  [ 2195.01474762  2189.01586151  2178.01683807 ...,  2238.01727295
    2189.01742554  2253.01838684]
  [ 2222.01802826  2263.01803589  2219.01586914 ...,  2265.01677704
    2302.01843262  2264.01663208]
  ..., 
  [ 2248.0153656   2209.01758575  2193.01457214 ...,  2244.01911926
    2240.01597595  2266.01836395]
  [ 2133.01681519  2251.01836395  2160.01841736 ...,  2191.02031708
    2191.01822662  2265.02022552]
  [ 2202.01655579  2235.01880646  2191.01620483 ...,  2205.01842499
    2257.0172348   2258.01894379]]

 [[ 2217.97981771  2226.9758138   2179.97936198 ...,  2235.97561849
    2250.9758138   2272.97675781]
  [ 2227.98098958  2268.97698568  2251.97809245 ...,  2248.97555339
    2227.97669271  2264.97526042]
  [ 2249.97597656  2296.97610677  2311.97903646 ...,  2286.97705078
    2289.97620443  2346.9773763 ]
  ..., 
  [ 2209.98027344  2259.97522786  2191.98164063 ...,  2269.97545573
    2255.97802734  2255.97620443]
  [ 2260.9766276   2280.97587891  2246.97568359 ...,  2259.97434896
    2300.97584635  2284.97298177]
  [ 2255.97848307  2290.97408854  2193.97773438 ...,  2259.97555339
    2261.97604167  2309.97513021]]

 [[ 2231.00524775  2250.0062205   2229.00534693 ...,  2273.00634638
    2280.00620651  2251.00601959]
  [ 2241.00487645  2259.00599289  2223.00564957 ...,  2247.00634766
    2260.00601705  2292.00634257]
  [ 2173.0062294   2211.00618998  2169.00544103 ...,  2248.00596237
    2257.00613149  2268.00584412]
  ..., 
  [ 2212.00506719  2289.00642776  2198.00474548 ...,  2270.00627009
    2251.00571314  2274.00616709]
  [ 2162.00602595  2209.00621287  2209.00627772 ...,  2198.00658162
    2252.00624339  2218.0069809 ]
  [ 2206.0055275   2256.00669352  2232.00575256 ...,  2268.00629679
    2273.00621287  2249.00642649]]

 ..., 
 [[ 2270.00001499  2310.00001762  2233.00001534 ...,  2319.00001806
    2280.0000175   2301.00001712]
  [ 2228.0000139   2254.00001713  2210.00001616 ...,  2235.00001807
    2275.00001714  2245.00001797]
  [ 2215.00001769  2250.00001766  2205.00001548 ...,  2272.00001697
    2268.00001738  2230.00001649]
  ..., 
  [ 2237.00001432  2252.00001814  2171.00001346 ...,  2275.00001766
    2275.00001617  2267.00001752]
  [ 2179.00001706  2209.00001762  2205.00001789 ...,  2197.00001865
    2196.00001774  2251.00001986]
  [ 2266.00001566  2236.00001891  2220.00001612 ...,  2266.00001772
    2285.00001752  2249.00001809]]

 [[ 2241.99999803  2258.99999769  2220.99999797 ...,  2261.99999763
    2263.9999977   2324.99999775]
  [ 2161.99999817  2235.99999774  2182.99999787 ...,  2237.99999762
    2194.99999774  2235.99999764]
  [ 2209.99999768  2200.99999767  2187.99999797 ...,  2259.99999777
    2234.99999772  2264.99999784]
  ..., 
  [ 2222.99999812  2263.99999763  2212.99999823 ...,  2289.99999768
    2266.99999788  2265.9999977 ]
  [ 2215.99999776  2266.99999768  2249.99999764 ...,  2250.99999755
    2262.99999767  2267.99999739]
  [ 2224.99999794  2274.99999752  2207.9999979  ...,  2230.99999768
    2289.99999771  2269.99999763]]

 [[ 2224.00000001  2233.00000001  2206.00000001 ...,  2243.00000001
    2247.00000001  2228.00000001]
  [ 2201.00000001  2229.00000001  2213.00000001 ...,  2240.00000001
    2221.00000001  2244.00000001]
  [ 2200.00000001  2204.00000001  2163.00000001 ...,  2239.00000001
    2247.00000001  2257.00000001]
  ..., 
  [ 2212.00000001  2293.00000001  2247.00000001 ...,  2289.00000001
    2258.00000001  2299.00000001]
  [ 2186.00000001  2245.00000001  2174.00000001 ...,  2228.00000001
    2252.00000001  2265.00000001]
  [ 2199.00000001  2291.00000001  2228.00000001 ...,  2294.00000001
    2302.00000001  2303.00000001]]]
--------------------------------------------------------------
mtrx5:
[[[ 2229.  2252.  2243. ...,  2256.  2280.  2306.]
  [ 2145.  2304.  2218. ...,  2236.  2235.  2235.]
  [ 2227.  2248.  2193. ...,  2260.  2257.  2270.]
  ..., 
  [ 2211.  2253.  2207. ...,  2286.  2246.  2277.]
  [ 2223.  2261.  2242. ...,  2245.  2317.  2336.]
  [ 2198.  2255.  2183. ...,  2215.  2233.  2267.]]

 [[ 2180.  2204.  2131. ...,  2235.  2187.  2216.]
  [ 2165.  2253.  2185. ...,  2251.  2216.  2195.]
  [ 2211.  2179.  2228. ...,  2239.  2250.  2261.]
  ..., 
  [ 2141.  2191.  2130. ...,  2228.  2211.  2185.]
  [ 2211.  2219.  2131. ...,  2261.  2255.  2213.]
  [ 2219.  2229.  2161. ...,  2245.  2200.  2216.]]

 [[ 2136.  2232.  2154. ...,  2238.  2227.  2187.]
  [ 2129.  2207.  2148. ...,  2249.  2204.  2256.]
  [ 2271.  2237.  2223. ...,  2261.  2288.  2241.]
  ..., 
  [ 2171.  2275.  2166. ...,  2234.  2236.  2256.]
  [ 2231.  2233.  2219. ...,  2256.  2211.  2268.]
  [ 2206.  2314.  2259. ...,  2274.  2279.  2274.]]

 ..., 
 [[ 2244.  2211.  2180. ...,  2244.  2229.  2247.]
  [ 2219.  2281.  2208. ...,  2308.  2324.  2283.]
  [ 2216.  2278.  2190. ...,  2195.  2210.  2264.]
  ..., 
  [ 2243.  2308.  2237. ...,  2279.  2247.  2282.]
  [ 2169.  2215.  2191. ...,  2219.  2227.  2261.]
  [ 2153.  2173.  2183. ...,  2187.  2237.  2254.]]

 [[ 2274.  2291.  2213. ...,  2261.  2276.  2264.]
  [ 2176.  2241.  2220. ...,  2240.  2247.  2290.]
  [ 2206.  2264.  2222. ...,  2236.  2256.  2278.]
  ..., 
  [ 2175.  2235.  2189. ...,  2218.  2211.  2256.]
  [ 2239.  2236.  2218. ...,  2226.  2239.  2253.]
  [ 2221.  2245.  2226. ...,  2262.  2263.  2277.]]

 [[ 2271.  2335.  2238. ...,  2337.  2331.  2339.]
  [ 2207.  2244.  2207. ...,  2232.  2293.  2292.]
  [ 2225.  2263.  2155. ...,  2289.  2289.  2270.]
  ..., 
  [ 2207.  2266.  2189. ...,  2285.  2277.  2287.]
  [ 2188.  2187.  2160. ...,  2223.  2216.  2225.]
  [ 2233.  2295.  2250. ...,  2273.  2249.  2265.]]]
--------------------------------------------------------------


Time taken in seconds(with sleep) 21290.969255924225


--------------------------------------------------------------
just for comparing...
mtrx1 * mtrx2:
[[2229 2252 2243 ..., 2256 2280 2306]
 [2145 2304 2218 ..., 2236 2235 2235]
 [2227 2248 2193 ..., 2260 2257 2270]
 ..., 
 [2171 2275 2166 ..., 2234 2236 2256]
 [2231 2233 2219 ..., 2256 2211 2268]
 [2206 2314 2259 ..., 2274 2279 2274]]
------------------------------------------------------
Running PBS epilogue script    - 06-Mar-2020 07:21:49
------------------------------------------------------
Checking node qb290 (MS)
Checking node qb292 ok
Checking node qb290 ok
------------------------------------------------------
Concluding PBS epilogue script - 06-Mar-2020 07:21:52
------------------------------------------------------
Exit Status:     0
Job ID:          760292.qb3
Username:        jianjun
Group:           latechusers
Job Name:        test1.pbs
Session Id:      24989
Resource Limits: ncpus=1,neednodes=2:ppn=20,nodes=2:ppn=20,walltime=24:00:00
Resources Used:  cput=131:06:02,mem=41848176kb,vmem=61620112kb,walltime=06:33:24
Queue Used:      checkpt
Account String:  loni_codedcomp
Node:            qb290
Process id:      31505
Last status:     06-Mar-2020:07:05 PBS_job=760292.qb3 user=jianjun allocation=loni_codedcomp queue=checkpt total_load=31.00 cpu_hours=169.16 wall_hours=5.43 unused_nodes=0 total_nodes=2 ppn=20 avg_load=15.50 avg_cpu=1545% avg_mem=15070mb avg_vmem=29833mb top_proc=jianjun:python:qb290:27.3G:26G:5.5hr:101% toppm=jianjun:python:qb290:26171M:24960M node_processes=13 avg_avail_mem=48338mb min_avail_mem=34292mb reverified_avg_load=15.50
------------------------------------------------------
