--------------------------------------
Running PBS prologue script
--------------------------------------
User and Job Data:
--------------------------------------
Job ID:    761799.qb3
Username:  jianjun
Group:     latechusers
Date:      10-Mar-2020 14:32
Node:      qb278 (17322)
--------------------------------------
PBS has allocated the following nodes:

qb278
qb291

A total of 40 processors on 2 nodes allocated
---------------------------------------------
Check nodes and clean them of stray processes
---------------------------------------------
Checking node qb278 14:32:13 
Checking node qb291 14:32:14 
Done clearing all the allocated nodes
------------------------------------------------------
Concluding PBS prologue script - 10-Mar-2020 14:32:14
------------------------------------------------------


------------------------------------------
------------------------------------------
---------------------------------------------
---------------------------------------------
--------------------------------------------------------
There are totally 30 blocks for workers.


========================================================
data is ready!
========================================================
data is sending...


========================================================


prepare the coefficients for figuring out the alpha & beta later...
[[                1                 1                 1                 1
                  1                 1                 1                 1
                  1                 1                 1                 1
                  1                 1                 1]
 [                1                 2                 4                 8
                 16                32                64               128
                256               512              1024              2048
               4096              8192             16384]
 [                1                 3                 9                27
                 81               243               729              2187
               6561             19683             59049            177147
             531441           1594323           4782969]
 [                1                 4                16                64
                256              1024              4096             16384
              65536            262144           1048576           4194304
           16777216          67108864         268435456]
 [                1                 5                25               125
                625              3125             15625             78125
             390625           1953125           9765625          48828125
          244140625        1220703125        6103515625]
 [                1                 6                36               216
               1296              7776             46656            279936
            1679616          10077696          60466176         362797056
         2176782336       13060694016       78364164096]
 [                1                 7                49               343
               2401             16807            117649            823543
            5764801          40353607         282475249        1977326743
        13841287201       96889010407      678223072849]
 [                1                 8                64               512
               4096             32768            262144           2097152
           16777216         134217728        1073741824        8589934592
        68719476736      549755813888     4398046511104]
 [                1                 9                81               729
               6561             59049            531441           4782969
           43046721         387420489        3486784401       31381059609
       282429536481     2541865828329    22876792454961]
 [                1                10               100              1000
              10000            100000           1000000          10000000
          100000000        1000000000       10000000000      100000000000
      1000000000000    10000000000000   100000000000000]
 [                1                11               121              1331
              14641            161051           1771561          19487171
          214358881        2357947691       25937424601      285311670611
      3138428376721    34522712143931   379749833583241]
 [                1                12               144              1728
              20736            248832           2985984          35831808
          429981696        5159780352       61917364224      743008370688
      8916100448256   106993205379072  1283918464548864]
 [                1                13               169              2197
              28561            371293           4826809          62748517
          815730721       10604499373      137858491849     1792160394037
     23298085122481   302875106592253  3937376385699289]
 [                1                14               196              2744
              38416            537824           7529536         105413504
         1475789056       20661046784      289254654976     4049565169664
     56693912375296   793714773254144 11112006825558016]
 [                1                15               225              3375
              50625            759375          11390625         170859375
         2562890625       38443359375      576650390625     8649755859375
    129746337890625  1946195068359375 29192926025390625]]
---------------------------------------------------------


start receiving...


Back from rank 17
mtrx4(redundency-based results) now is (1, 80, 1200)
mtrx11 now is
[[    1     2     4     8    16    32    64   128   256   512  1024  2048
   4096  8192 16384]]


Back from rank 16
mtrx4(redundency-based results) now is (2, 80, 1200)
mtrx11 now is
[[    1     2     4     8    16    32    64   128   256   512  1024  2048
   4096  8192 16384]
 [    1     1     1     1     1     1     1     1     1     1     1     1
      1     1     1]]


pivot is 1
target should be 1
beta should be 1.0
mtrx11 now should be
[[  1.00000000e+00   2.00000000e+00   4.00000000e+00   8.00000000e+00
    1.60000000e+01   3.20000000e+01   6.40000000e+01   1.28000000e+02
    2.56000000e+02   5.12000000e+02   1.02400000e+03   2.04800000e+03
    4.09600000e+03   8.19200000e+03   1.63840000e+04]
 [  0.00000000e+00  -1.00000000e+00  -3.00000000e+00  -7.00000000e+00
   -1.50000000e+01  -3.10000000e+01  -6.30000000e+01  -1.27000000e+02
   -2.55000000e+02  -5.11000000e+02  -1.02300000e+03  -2.04700000e+03
   -4.09500000e+03  -8.19100000e+03  -1.63830000e+04]]
-------------------------------------
mtrx11(coefficients of left terms after forward elimination) is
[[  1.00000000e+00   2.00000000e+00   4.00000000e+00   8.00000000e+00
    1.60000000e+01   3.20000000e+01   6.40000000e+01   1.28000000e+02
    2.56000000e+02   5.12000000e+02   1.02400000e+03   2.04800000e+03
    4.09600000e+03   8.19200000e+03   1.63840000e+04]
 [  0.00000000e+00  -1.00000000e+00  -3.00000000e+00  -7.00000000e+00
   -1.50000000e+01  -3.10000000e+01  -6.30000000e+01  -1.27000000e+02
   -2.55000000e+02  -5.11000000e+02  -1.02300000e+03  -2.04700000e+03
   -4.09500000e+03  -8.19100000e+03  -1.63830000e+04]]
--------------------------------------------
Back from rank 6
mtrx5 now is (1, 80, 1200)
alpha is 32
alpha is -31.0
mtrx11 after updated is
[[  1.00000000e+00   2.00000000e+00   4.00000000e+00   8.00000000e+00
    1.60000000e+01   0.00000000e+00   6.40000000e+01   1.28000000e+02
    2.56000000e+02   5.12000000e+02   1.02400000e+03   2.04800000e+03
    4.09600000e+03   8.19200000e+03   1.63840000e+04]
 [  0.00000000e+00  -1.00000000e+00  -3.00000000e+00  -7.00000000e+00
   -1.50000000e+01   0.00000000e+00  -6.30000000e+01  -1.27000000e+02
   -2.55000000e+02  -5.11000000e+02  -1.02300000e+03  -2.04700000e+03
   -4.09500000e+03  -8.19100000e+03  -1.63830000e+04]]


Back from rank 3
mtrx5 now is (2, 80, 1200)
alpha is 4
alpha is -3.0
mtrx11 after updated is
[[  1.00000000e+00   2.00000000e+00   0.00000000e+00   8.00000000e+00
    1.60000000e+01   0.00000000e+00   6.40000000e+01   1.28000000e+02
    2.56000000e+02   5.12000000e+02   1.02400000e+03   2.04800000e+03
    4.09600000e+03   8.19200000e+03   1.63840000e+04]
 [  0.00000000e+00  -1.00000000e+00   0.00000000e+00  -7.00000000e+00
   -1.50000000e+01   0.00000000e+00  -6.30000000e+01  -1.27000000e+02
   -2.55000000e+02  -5.11000000e+02  -1.02300000e+03  -2.04700000e+03
   -4.09500000e+03  -8.19100000e+03  -1.63830000e+04]]


Back from rank 7
mtrx5 now is (3, 80, 1200)
alpha is 64
alpha is -63.0
mtrx11 after updated is
[[  1.00000000e+00   2.00000000e+00   0.00000000e+00   8.00000000e+00
    1.60000000e+01   0.00000000e+00   0.00000000e+00   1.28000000e+02
    2.56000000e+02   5.12000000e+02   1.02400000e+03   2.04800000e+03
    4.09600000e+03   8.19200000e+03   1.63840000e+04]
 [  0.00000000e+00  -1.00000000e+00   0.00000000e+00  -7.00000000e+00
   -1.50000000e+01   0.00000000e+00   0.00000000e+00  -1.27000000e+02
   -2.55000000e+02  -5.11000000e+02  -1.02300000e+03  -2.04700000e+03
   -4.09500000e+03  -8.19100000e+03  -1.63830000e+04]]


Back from rank 8
mtrx5 now is (4, 80, 1200)
alpha is 128
alpha is -127.0
mtrx11 after updated is
[[  1.00000000e+00   2.00000000e+00   0.00000000e+00   8.00000000e+00
    1.60000000e+01   0.00000000e+00   0.00000000e+00   0.00000000e+00
    2.56000000e+02   5.12000000e+02   1.02400000e+03   2.04800000e+03
    4.09600000e+03   8.19200000e+03   1.63840000e+04]
 [  0.00000000e+00  -1.00000000e+00   0.00000000e+00  -7.00000000e+00
   -1.50000000e+01   0.00000000e+00   0.00000000e+00   0.00000000e+00
   -2.55000000e+02  -5.11000000e+02  -1.02300000e+03  -2.04700000e+03
   -4.09500000e+03  -8.19100000e+03  -1.63830000e+04]]


Back from rank 19
mtrx4(redundency-based results) now is (3, 80, 1200)
mtrx11 now is
[[  1.00000000e+00   2.00000000e+00   0.00000000e+00   8.00000000e+00
    1.60000000e+01   0.00000000e+00   0.00000000e+00   0.00000000e+00
    2.56000000e+02   5.12000000e+02   1.02400000e+03   2.04800000e+03
    4.09600000e+03   8.19200000e+03   1.63840000e+04]
 [  0.00000000e+00  -1.00000000e+00   0.00000000e+00  -7.00000000e+00
   -1.50000000e+01   0.00000000e+00   0.00000000e+00   0.00000000e+00
   -2.55000000e+02  -5.11000000e+02  -1.02300000e+03  -2.04700000e+03
   -4.09500000e+03  -8.19100000e+03  -1.63830000e+04]
 [  1.00000000e+00   4.00000000e+00   1.60000000e+01   6.40000000e+01
    2.56000000e+02   1.02400000e+03   4.09600000e+03   1.63840000e+04
    6.55360000e+04   2.62144000e+05   1.04857600e+06   4.19430400e+06
    1.67772160e+07   6.71088640e+07   2.68435456e+08]]


alpha is 1024
alpha is 16
alpha is 4096
alpha is 16384
mtrx11 after simplify is
[[  1.00000000e+00   2.00000000e+00   0.00000000e+00   8.00000000e+00
    1.60000000e+01   0.00000000e+00   0.00000000e+00   0.00000000e+00
    2.56000000e+02   5.12000000e+02   1.02400000e+03   2.04800000e+03
    4.09600000e+03   8.19200000e+03   1.63840000e+04]
 [  0.00000000e+00  -1.00000000e+00   0.00000000e+00  -7.00000000e+00
   -1.50000000e+01   0.00000000e+00   0.00000000e+00   0.00000000e+00
   -2.55000000e+02  -5.11000000e+02  -1.02300000e+03  -2.04700000e+03
   -4.09500000e+03  -8.19100000e+03  -1.63830000e+04]
 [  1.00000000e+00   4.00000000e+00   0.00000000e+00   6.40000000e+01
    2.56000000e+02   0.00000000e+00   0.00000000e+00   0.00000000e+00
    6.55360000e+04   2.62144000e+05   1.04857600e+06   4.19430400e+06
    1.67772160e+07   6.71088640e+07   2.68435456e+08]]
pivot is 1
target should be 1
beta should be 1.0
mtrx11 now should be
[[  1.00000000e+00   2.00000000e+00   0.00000000e+00   8.00000000e+00
    1.60000000e+01   0.00000000e+00   0.00000000e+00   0.00000000e+00
    2.56000000e+02   5.12000000e+02   1.02400000e+03   2.04800000e+03
    4.09600000e+03   8.19200000e+03   1.63840000e+04]
 [  0.00000000e+00  -1.00000000e+00   0.00000000e+00  -7.00000000e+00
   -1.50000000e+01   0.00000000e+00   0.00000000e+00   0.00000000e+00
   -2.55000000e+02  -5.11000000e+02  -1.02300000e+03  -2.04700000e+03
   -4.09500000e+03  -8.19100000e+03  -1.63830000e+04]
 [  0.00000000e+00   2.00000000e+00   0.00000000e+00   5.60000000e+01
    2.40000000e+02   0.00000000e+00   0.00000000e+00   0.00000000e+00
    6.52800000e+04   2.61632000e+05   1.04755200e+06   4.19225600e+06
    1.67731200e+07   6.71006720e+07   2.68419072e+08]]
-------------------------------------
pivot is -1.0
target should be 2.0
beta should be -2.0
mtrx11 now should be
[[  1.00000000e+00   2.00000000e+00   0.00000000e+00   8.00000000e+00
    1.60000000e+01   0.00000000e+00   0.00000000e+00   0.00000000e+00
    2.56000000e+02   5.12000000e+02   1.02400000e+03   2.04800000e+03
    4.09600000e+03   8.19200000e+03   1.63840000e+04]
 [  0.00000000e+00  -1.00000000e+00   0.00000000e+00  -7.00000000e+00
   -1.50000000e+01   0.00000000e+00   0.00000000e+00   0.00000000e+00
   -2.55000000e+02  -5.11000000e+02  -1.02300000e+03  -2.04700000e+03
   -4.09500000e+03  -8.19100000e+03  -1.63830000e+04]
 [  0.00000000e+00   0.00000000e+00   0.00000000e+00   4.20000000e+01
    2.10000000e+02   0.00000000e+00   0.00000000e+00   0.00000000e+00
    6.47700000e+04   2.60610000e+05   1.04550600e+06   4.18816200e+06
    1.67649300e+07   6.70842900e+07   2.68386306e+08]]
-------------------------------------
mtrx11(coefficients of left terms after forward elimination) is
[[  1.00000000e+00   2.00000000e+00   0.00000000e+00   8.00000000e+00
    1.60000000e+01   0.00000000e+00   0.00000000e+00   0.00000000e+00
    2.56000000e+02   5.12000000e+02   1.02400000e+03   2.04800000e+03
    4.09600000e+03   8.19200000e+03   1.63840000e+04]
 [  0.00000000e+00  -1.00000000e+00   0.00000000e+00  -7.00000000e+00
   -1.50000000e+01   0.00000000e+00   0.00000000e+00   0.00000000e+00
   -2.55000000e+02  -5.11000000e+02  -1.02300000e+03  -2.04700000e+03
   -4.09500000e+03  -8.19100000e+03  -1.63830000e+04]
 [  0.00000000e+00   0.00000000e+00   0.00000000e+00   4.20000000e+01
    2.10000000e+02   0.00000000e+00   0.00000000e+00   0.00000000e+00
    6.47700000e+04   2.60610000e+05   1.04550600e+06   4.18816200e+06
    1.67649300e+07   6.70842900e+07   2.68386306e+08]]
--------------------------------------------
Back from rank 15
mtrx5 now is (5, 80, 1200)
alpha is 16384
alpha is -16383.0
alpha is 268386306.0
mtrx11 after updated is
[[  1.00000000e+00   2.00000000e+00   0.00000000e+00   8.00000000e+00
    1.60000000e+01   0.00000000e+00   0.00000000e+00   0.00000000e+00
    2.56000000e+02   5.12000000e+02   1.02400000e+03   2.04800000e+03
    4.09600000e+03   8.19200000e+03   0.00000000e+00]
 [  0.00000000e+00  -1.00000000e+00   0.00000000e+00  -7.00000000e+00
   -1.50000000e+01   0.00000000e+00   0.00000000e+00   0.00000000e+00
   -2.55000000e+02  -5.11000000e+02  -1.02300000e+03  -2.04700000e+03
   -4.09500000e+03  -8.19100000e+03   0.00000000e+00]
 [  0.00000000e+00   0.00000000e+00   0.00000000e+00   4.20000000e+01
    2.10000000e+02   0.00000000e+00   0.00000000e+00   0.00000000e+00
    6.47700000e+04   2.60610000e+05   1.04550600e+06   4.18816200e+06
    1.67649300e+07   6.70842900e+07   0.00000000e+00]]


Back from rank 18
mtrx4(redundency-based results) now is (4, 80, 1200)
mtrx11 now is
[[  1.00000000e+00   2.00000000e+00   0.00000000e+00   8.00000000e+00
    1.60000000e+01   0.00000000e+00   0.00000000e+00   0.00000000e+00
    2.56000000e+02   5.12000000e+02   1.02400000e+03   2.04800000e+03
    4.09600000e+03   8.19200000e+03   0.00000000e+00]
 [  0.00000000e+00  -1.00000000e+00   0.00000000e+00  -7.00000000e+00
   -1.50000000e+01   0.00000000e+00   0.00000000e+00   0.00000000e+00
   -2.55000000e+02  -5.11000000e+02  -1.02300000e+03  -2.04700000e+03
   -4.09500000e+03  -8.19100000e+03   0.00000000e+00]
 [  0.00000000e+00   0.00000000e+00   0.00000000e+00   4.20000000e+01
    2.10000000e+02   0.00000000e+00   0.00000000e+00   0.00000000e+00
    6.47700000e+04   2.60610000e+05   1.04550600e+06   4.18816200e+06
    1.67649300e+07   6.70842900e+07   0.00000000e+00]
 [  1.00000000e+00   3.00000000e+00   9.00000000e+00   2.70000000e+01
    8.10000000e+01   2.43000000e+02   7.29000000e+02   2.18700000e+03
    6.56100000e+03   1.96830000e+04   5.90490000e+04   1.77147000e+05
    5.31441000e+05   1.59432300e+06   4.78296900e+06]]


alpha is 243
alpha is 9
alpha is 729
alpha is 2187
alpha is 4782969
mtrx11 after simplify is
[[  1.00000000e+00   2.00000000e+00   0.00000000e+00   8.00000000e+00
    1.60000000e+01   0.00000000e+00   0.00000000e+00   0.00000000e+00
    2.56000000e+02   5.12000000e+02   1.02400000e+03   2.04800000e+03
    4.09600000e+03   8.19200000e+03   0.00000000e+00]
 [  0.00000000e+00  -1.00000000e+00   0.00000000e+00  -7.00000000e+00
   -1.50000000e+01   0.00000000e+00   0.00000000e+00   0.00000000e+00
   -2.55000000e+02  -5.11000000e+02  -1.02300000e+03  -2.04700000e+03
   -4.09500000e+03  -8.19100000e+03   0.00000000e+00]
 [  0.00000000e+00   0.00000000e+00   0.00000000e+00   4.20000000e+01
    2.10000000e+02   0.00000000e+00   0.00000000e+00   0.00000000e+00
    6.47700000e+04   2.60610000e+05   1.04550600e+06   4.18816200e+06
    1.67649300e+07   6.70842900e+07   0.00000000e+00]
 [  1.00000000e+00   3.00000000e+00   0.00000000e+00   2.70000000e+01
    8.10000000e+01   0.00000000e+00   0.00000000e+00   0.00000000e+00
    6.56100000e+03   1.96830000e+04   5.90490000e+04   1.77147000e+05
    5.31441000e+05   1.59432300e+06   0.00000000e+00]]
pivot is 1
target should be 1
beta should be 1.0
mtrx11 now should be
[[  1.00000000e+00   2.00000000e+00   0.00000000e+00   8.00000000e+00
    1.60000000e+01   0.00000000e+00   0.00000000e+00   0.00000000e+00
    2.56000000e+02   5.12000000e+02   1.02400000e+03   2.04800000e+03
    4.09600000e+03   8.19200000e+03   0.00000000e+00]
 [  0.00000000e+00  -1.00000000e+00   0.00000000e+00  -7.00000000e+00
   -1.50000000e+01   0.00000000e+00   0.00000000e+00   0.00000000e+00
   -2.55000000e+02  -5.11000000e+02  -1.02300000e+03  -2.04700000e+03
   -4.09500000e+03  -8.19100000e+03   0.00000000e+00]
 [  0.00000000e+00   0.00000000e+00   0.00000000e+00   4.20000000e+01
    2.10000000e+02   0.00000000e+00   0.00000000e+00   0.00000000e+00
    6.47700000e+04   2.60610000e+05   1.04550600e+06   4.18816200e+06
    1.67649300e+07   6.70842900e+07   0.00000000e+00]
 [  0.00000000e+00   1.00000000e+00   0.00000000e+00   1.90000000e+01
    6.50000000e+01   0.00000000e+00   0.00000000e+00   0.00000000e+00
    6.30500000e+03   1.91710000e+04   5.80250000e+04   1.75099000e+05
    5.27345000e+05   1.58613100e+06   0.00000000e+00]]
-------------------------------------
pivot is -1.0
target should be 1.0
beta should be -1.0
mtrx11 now should be
[[  1.00000000e+00   2.00000000e+00   0.00000000e+00   8.00000000e+00
    1.60000000e+01   0.00000000e+00   0.00000000e+00   0.00000000e+00
    2.56000000e+02   5.12000000e+02   1.02400000e+03   2.04800000e+03
    4.09600000e+03   8.19200000e+03   0.00000000e+00]
 [  0.00000000e+00  -1.00000000e+00   0.00000000e+00  -7.00000000e+00
   -1.50000000e+01   0.00000000e+00   0.00000000e+00   0.00000000e+00
   -2.55000000e+02  -5.11000000e+02  -1.02300000e+03  -2.04700000e+03
   -4.09500000e+03  -8.19100000e+03   0.00000000e+00]
 [  0.00000000e+00   0.00000000e+00   0.00000000e+00   4.20000000e+01
    2.10000000e+02   0.00000000e+00   0.00000000e+00   0.00000000e+00
    6.47700000e+04   2.60610000e+05   1.04550600e+06   4.18816200e+06
    1.67649300e+07   6.70842900e+07   0.00000000e+00]
 [  0.00000000e+00   0.00000000e+00   0.00000000e+00   1.20000000e+01
    5.00000000e+01   0.00000000e+00   0.00000000e+00   0.00000000e+00
    6.05000000e+03   1.86600000e+04   5.70020000e+04   1.73052000e+05
    5.23250000e+05   1.57794000e+06   0.00000000e+00]]
-------------------------------------
pivot is 0.0
pivot should not be 0, go to next col which is not 0...
pivot now should be 42.0
target should be 12.0
beta should be 0.285714285714
mtrx11 now should be
[[  1.00000000e+00   2.00000000e+00   0.00000000e+00   8.00000000e+00
    1.60000000e+01   0.00000000e+00   0.00000000e+00   0.00000000e+00
    2.56000000e+02   5.12000000e+02   1.02400000e+03   2.04800000e+03
    4.09600000e+03   8.19200000e+03   0.00000000e+00]
 [  0.00000000e+00  -1.00000000e+00   0.00000000e+00  -7.00000000e+00
   -1.50000000e+01   0.00000000e+00   0.00000000e+00   0.00000000e+00
   -2.55000000e+02  -5.11000000e+02  -1.02300000e+03  -2.04700000e+03
   -4.09500000e+03  -8.19100000e+03   0.00000000e+00]
 [  0.00000000e+00   0.00000000e+00   0.00000000e+00   4.20000000e+01
    2.10000000e+02   0.00000000e+00   0.00000000e+00   0.00000000e+00
    6.47700000e+04   2.60610000e+05   1.04550600e+06   4.18816200e+06
    1.67649300e+07   6.70842900e+07   0.00000000e+00]
 [  0.00000000e+00   0.00000000e+00   0.00000000e+00   0.00000000e+00
   -1.00000000e+01   0.00000000e+00   0.00000000e+00   0.00000000e+00
   -1.24557143e+04  -5.58000000e+04  -2.41714000e+05  -1.02356571e+06
   -4.26673000e+06  -1.75890000e+07   0.00000000e+00]]
-------------------------------------
mtrx11(coefficients of left terms after forward elimination) is
[[  1.00000000e+00   2.00000000e+00   0.00000000e+00   8.00000000e+00
    1.60000000e+01   0.00000000e+00   0.00000000e+00   0.00000000e+00
    2.56000000e+02   5.12000000e+02   1.02400000e+03   2.04800000e+03
    4.09600000e+03   8.19200000e+03   0.00000000e+00]
 [  0.00000000e+00  -1.00000000e+00   0.00000000e+00  -7.00000000e+00
   -1.50000000e+01   0.00000000e+00   0.00000000e+00   0.00000000e+00
   -2.55000000e+02  -5.11000000e+02  -1.02300000e+03  -2.04700000e+03
   -4.09500000e+03  -8.19100000e+03   0.00000000e+00]
 [  0.00000000e+00   0.00000000e+00   0.00000000e+00   4.20000000e+01
    2.10000000e+02   0.00000000e+00   0.00000000e+00   0.00000000e+00
    6.47700000e+04   2.60610000e+05   1.04550600e+06   4.18816200e+06
    1.67649300e+07   6.70842900e+07   0.00000000e+00]
 [  0.00000000e+00   0.00000000e+00   0.00000000e+00   0.00000000e+00
   -1.00000000e+01   0.00000000e+00   0.00000000e+00   0.00000000e+00
   -1.24557143e+04  -5.58000000e+04  -2.41714000e+05  -1.02356571e+06
   -4.26673000e+06  -1.75890000e+07   0.00000000e+00]]
--------------------------------------------
Back from rank 13
mtrx5 now is (6, 80, 1200)
alpha is 4096
alpha is -4095.0
alpha is 16764930.0
alpha is -4266730.0
mtrx11 after updated is
[[  1.00000000e+00   2.00000000e+00   0.00000000e+00   8.00000000e+00
    1.60000000e+01   0.00000000e+00   0.00000000e+00   0.00000000e+00
    2.56000000e+02   5.12000000e+02   1.02400000e+03   2.04800000e+03
    0.00000000e+00   8.19200000e+03   0.00000000e+00]
 [  0.00000000e+00  -1.00000000e+00   0.00000000e+00  -7.00000000e+00
   -1.50000000e+01   0.00000000e+00   0.00000000e+00   0.00000000e+00
   -2.55000000e+02  -5.11000000e+02  -1.02300000e+03  -2.04700000e+03
    0.00000000e+00  -8.19100000e+03   0.00000000e+00]
 [  0.00000000e+00   0.00000000e+00   0.00000000e+00   4.20000000e+01
    2.10000000e+02   0.00000000e+00   0.00000000e+00   0.00000000e+00
    6.47700000e+04   2.60610000e+05   1.04550600e+06   4.18816200e+06
    0.00000000e+00   6.70842900e+07   0.00000000e+00]
 [  0.00000000e+00   0.00000000e+00   0.00000000e+00   0.00000000e+00
   -1.00000000e+01   0.00000000e+00   0.00000000e+00   0.00000000e+00
   -1.24557143e+04  -5.58000000e+04  -2.41714000e+05  -1.02356571e+06
    0.00000000e+00  -1.75890000e+07   0.00000000e+00]]


Back from rank 11
mtrx5 now is (7, 80, 1200)
alpha is 1024
alpha is -1023.0
alpha is 1045506.0
alpha is -241714.0
mtrx11 after updated is
[[  1.00000000e+00   2.00000000e+00   0.00000000e+00   8.00000000e+00
    1.60000000e+01   0.00000000e+00   0.00000000e+00   0.00000000e+00
    2.56000000e+02   5.12000000e+02   0.00000000e+00   2.04800000e+03
    0.00000000e+00   8.19200000e+03   0.00000000e+00]
 [  0.00000000e+00  -1.00000000e+00   0.00000000e+00  -7.00000000e+00
   -1.50000000e+01   0.00000000e+00   0.00000000e+00   0.00000000e+00
   -2.55000000e+02  -5.11000000e+02   0.00000000e+00  -2.04700000e+03
    0.00000000e+00  -8.19100000e+03   0.00000000e+00]
 [  0.00000000e+00   0.00000000e+00   0.00000000e+00   4.20000000e+01
    2.10000000e+02   0.00000000e+00   0.00000000e+00   0.00000000e+00
    6.47700000e+04   2.60610000e+05   0.00000000e+00   4.18816200e+06
    0.00000000e+00   6.70842900e+07   0.00000000e+00]
 [  0.00000000e+00   0.00000000e+00   0.00000000e+00   0.00000000e+00
   -1.00000000e+01   0.00000000e+00   0.00000000e+00   0.00000000e+00
   -1.24557143e+04  -5.58000000e+04   0.00000000e+00  -1.02356571e+06
    0.00000000e+00  -1.75890000e+07   0.00000000e+00]]


Back from rank 14
mtrx5 now is (8, 80, 1200)
alpha is 8192
alpha is -8191.0
alpha is 67084290.0
alpha is -17589000.0
mtrx11 after updated is
[[  1.00000000e+00   2.00000000e+00   0.00000000e+00   8.00000000e+00
    1.60000000e+01   0.00000000e+00   0.00000000e+00   0.00000000e+00
    2.56000000e+02   5.12000000e+02   0.00000000e+00   2.04800000e+03
    0.00000000e+00   0.00000000e+00   0.00000000e+00]
 [  0.00000000e+00  -1.00000000e+00   0.00000000e+00  -7.00000000e+00
   -1.50000000e+01   0.00000000e+00   0.00000000e+00   0.00000000e+00
   -2.55000000e+02  -5.11000000e+02   0.00000000e+00  -2.04700000e+03
    0.00000000e+00   0.00000000e+00   0.00000000e+00]
 [  0.00000000e+00   0.00000000e+00   0.00000000e+00   4.20000000e+01
    2.10000000e+02   0.00000000e+00   0.00000000e+00   0.00000000e+00
    6.47700000e+04   2.60610000e+05   0.00000000e+00   4.18816200e+06
    0.00000000e+00   0.00000000e+00   0.00000000e+00]
 [  0.00000000e+00   0.00000000e+00   0.00000000e+00   0.00000000e+00
   -1.00000000e+01   0.00000000e+00   0.00000000e+00   0.00000000e+00
   -1.24557143e+04  -5.58000000e+04   0.00000000e+00  -1.02356571e+06
    0.00000000e+00   0.00000000e+00   0.00000000e+00]]


Back from rank 4
mtrx5 now is (9, 80, 1200)
alpha is 8
alpha is -7.0
alpha is 42.0
alpha is 0.0
mtrx11 after updated is
[[  1.00000000e+00   2.00000000e+00   0.00000000e+00   0.00000000e+00
    1.60000000e+01   0.00000000e+00   0.00000000e+00   0.00000000e+00
    2.56000000e+02   5.12000000e+02   0.00000000e+00   2.04800000e+03
    0.00000000e+00   0.00000000e+00   0.00000000e+00]
 [  0.00000000e+00  -1.00000000e+00   0.00000000e+00   0.00000000e+00
   -1.50000000e+01   0.00000000e+00   0.00000000e+00   0.00000000e+00
   -2.55000000e+02  -5.11000000e+02   0.00000000e+00  -2.04700000e+03
    0.00000000e+00   0.00000000e+00   0.00000000e+00]
 [  0.00000000e+00   0.00000000e+00   0.00000000e+00   0.00000000e+00
    2.10000000e+02   0.00000000e+00   0.00000000e+00   0.00000000e+00
    6.47700000e+04   2.60610000e+05   0.00000000e+00   4.18816200e+06
    0.00000000e+00   0.00000000e+00   0.00000000e+00]
 [  0.00000000e+00   0.00000000e+00   0.00000000e+00   0.00000000e+00
   -1.00000000e+01   0.00000000e+00   0.00000000e+00   0.00000000e+00
   -1.24557143e+04  -5.58000000e+04   0.00000000e+00  -1.02356571e+06
    0.00000000e+00   0.00000000e+00   0.00000000e+00]]


Back from rank 5
mtrx5 now is (10, 80, 1200)
alpha is 16
alpha is -15.0
alpha is 210.0
alpha is -10.0
mtrx11 after updated is
[[  1.00000000e+00   2.00000000e+00   0.00000000e+00   0.00000000e+00
    0.00000000e+00   0.00000000e+00   0.00000000e+00   0.00000000e+00
    2.56000000e+02   5.12000000e+02   0.00000000e+00   2.04800000e+03
    0.00000000e+00   0.00000000e+00   0.00000000e+00]
 [  0.00000000e+00  -1.00000000e+00   0.00000000e+00   0.00000000e+00
    0.00000000e+00   0.00000000e+00   0.00000000e+00   0.00000000e+00
   -2.55000000e+02  -5.11000000e+02   0.00000000e+00  -2.04700000e+03
    0.00000000e+00   0.00000000e+00   0.00000000e+00]
 [  0.00000000e+00   0.00000000e+00   0.00000000e+00   0.00000000e+00
    0.00000000e+00   0.00000000e+00   0.00000000e+00   0.00000000e+00
    6.47700000e+04   2.60610000e+05   0.00000000e+00   4.18816200e+06
    0.00000000e+00   0.00000000e+00   0.00000000e+00]
 [  0.00000000e+00   0.00000000e+00   0.00000000e+00   0.00000000e+00
    0.00000000e+00   0.00000000e+00   0.00000000e+00   0.00000000e+00
   -1.24557143e+04  -5.58000000e+04   0.00000000e+00  -1.02356571e+06
    0.00000000e+00   0.00000000e+00   0.00000000e+00]]


Back from rank 1
mtrx5 now is (11, 80, 1200)
alpha is 1
alpha is 0.0
alpha is 0.0
alpha is 0.0
mtrx11 after updated is
[[  0.00000000e+00   2.00000000e+00   0.00000000e+00   0.00000000e+00
    0.00000000e+00   0.00000000e+00   0.00000000e+00   0.00000000e+00
    2.56000000e+02   5.12000000e+02   0.00000000e+00   2.04800000e+03
    0.00000000e+00   0.00000000e+00   0.00000000e+00]
 [  0.00000000e+00  -1.00000000e+00   0.00000000e+00   0.00000000e+00
    0.00000000e+00   0.00000000e+00   0.00000000e+00   0.00000000e+00
   -2.55000000e+02  -5.11000000e+02   0.00000000e+00  -2.04700000e+03
    0.00000000e+00   0.00000000e+00   0.00000000e+00]
 [  0.00000000e+00   0.00000000e+00   0.00000000e+00   0.00000000e+00
    0.00000000e+00   0.00000000e+00   0.00000000e+00   0.00000000e+00
    6.47700000e+04   2.60610000e+05   0.00000000e+00   4.18816200e+06
    0.00000000e+00   0.00000000e+00   0.00000000e+00]
 [  0.00000000e+00   0.00000000e+00   0.00000000e+00   0.00000000e+00
    0.00000000e+00   0.00000000e+00   0.00000000e+00   0.00000000e+00
   -1.24557143e+04  -5.58000000e+04   0.00000000e+00  -1.02356571e+06
    0.00000000e+00   0.00000000e+00   0.00000000e+00]]
pivot is 0
pivot should not be 0, go to next col which is not 0...
pivot now should be 2
target should be -1.0
beta should be -0.5
mtrx11 now should be
[[  0.00000000e+00   2.00000000e+00   0.00000000e+00   0.00000000e+00
    0.00000000e+00   0.00000000e+00   0.00000000e+00   0.00000000e+00
    2.56000000e+02   5.12000000e+02   0.00000000e+00   2.04800000e+03
    0.00000000e+00   0.00000000e+00   0.00000000e+00]
 [  0.00000000e+00   0.00000000e+00   0.00000000e+00   0.00000000e+00
    0.00000000e+00   0.00000000e+00   0.00000000e+00   0.00000000e+00
   -1.27000000e+02  -2.55000000e+02   0.00000000e+00  -1.02300000e+03
    0.00000000e+00   0.00000000e+00   0.00000000e+00]
 [  0.00000000e+00   0.00000000e+00   0.00000000e+00   0.00000000e+00
    0.00000000e+00   0.00000000e+00   0.00000000e+00   0.00000000e+00
    6.47700000e+04   2.60610000e+05   0.00000000e+00   4.18816200e+06
    0.00000000e+00   0.00000000e+00   0.00000000e+00]
 [  0.00000000e+00   0.00000000e+00   0.00000000e+00   0.00000000e+00
    0.00000000e+00   0.00000000e+00   0.00000000e+00   0.00000000e+00
   -1.24557143e+04  -5.58000000e+04   0.00000000e+00  -1.02356571e+06
    0.00000000e+00   0.00000000e+00   0.00000000e+00]]
-------------------------------------
target should be 0.0
beta should be 0.0
mtrx11 now should be
[[  0.00000000e+00   2.00000000e+00   0.00000000e+00   0.00000000e+00
    0.00000000e+00   0.00000000e+00   0.00000000e+00   0.00000000e+00
    2.56000000e+02   5.12000000e+02   0.00000000e+00   2.04800000e+03
    0.00000000e+00   0.00000000e+00   0.00000000e+00]
 [  0.00000000e+00   0.00000000e+00   0.00000000e+00   0.00000000e+00
    0.00000000e+00   0.00000000e+00   0.00000000e+00   0.00000000e+00
   -1.27000000e+02  -2.55000000e+02   0.00000000e+00  -1.02300000e+03
    0.00000000e+00   0.00000000e+00   0.00000000e+00]
 [  0.00000000e+00   0.00000000e+00   0.00000000e+00   0.00000000e+00
    0.00000000e+00   0.00000000e+00   0.00000000e+00   0.00000000e+00
    6.47700000e+04   2.60610000e+05   0.00000000e+00   4.18816200e+06
    0.00000000e+00   0.00000000e+00   0.00000000e+00]
 [  0.00000000e+00   0.00000000e+00   0.00000000e+00   0.00000000e+00
    0.00000000e+00   0.00000000e+00   0.00000000e+00   0.00000000e+00
   -1.24557143e+04  -5.58000000e+04   0.00000000e+00  -1.02356571e+06
    0.00000000e+00   0.00000000e+00   0.00000000e+00]]
-------------------------------------
target should be 0.0
beta should be 0.0
mtrx11 now should be
[[  0.00000000e+00   2.00000000e+00   0.00000000e+00   0.00000000e+00
    0.00000000e+00   0.00000000e+00   0.00000000e+00   0.00000000e+00
    2.56000000e+02   5.12000000e+02   0.00000000e+00   2.04800000e+03
    0.00000000e+00   0.00000000e+00   0.00000000e+00]
 [  0.00000000e+00   0.00000000e+00   0.00000000e+00   0.00000000e+00
    0.00000000e+00   0.00000000e+00   0.00000000e+00   0.00000000e+00
   -1.27000000e+02  -2.55000000e+02   0.00000000e+00  -1.02300000e+03
    0.00000000e+00   0.00000000e+00   0.00000000e+00]
 [  0.00000000e+00   0.00000000e+00   0.00000000e+00   0.00000000e+00
    0.00000000e+00   0.00000000e+00   0.00000000e+00   0.00000000e+00
    6.47700000e+04   2.60610000e+05   0.00000000e+00   4.18816200e+06
    0.00000000e+00   0.00000000e+00   0.00000000e+00]
 [  0.00000000e+00   0.00000000e+00   0.00000000e+00   0.00000000e+00
    0.00000000e+00   0.00000000e+00   0.00000000e+00   0.00000000e+00
   -1.24557143e+04  -5.58000000e+04   0.00000000e+00  -1.02356571e+06
    0.00000000e+00   0.00000000e+00   0.00000000e+00]]
-------------------------------------
pivot is 0.0
pivot should not be 0, go to next col which is not 0...
pivot now should be -127.0
target should be 64770.0
beta should be -510.0
mtrx11 now should be
[[  0.00000000e+00   2.00000000e+00   0.00000000e+00   0.00000000e+00
    0.00000000e+00   0.00000000e+00   0.00000000e+00   0.00000000e+00
    2.56000000e+02   5.12000000e+02   0.00000000e+00   2.04800000e+03
    0.00000000e+00   0.00000000e+00   0.00000000e+00]
 [  0.00000000e+00   0.00000000e+00   0.00000000e+00   0.00000000e+00
    0.00000000e+00   0.00000000e+00   0.00000000e+00   0.00000000e+00
   -1.27000000e+02  -2.55000000e+02   0.00000000e+00  -1.02300000e+03
    0.00000000e+00   0.00000000e+00   0.00000000e+00]
 [  0.00000000e+00   0.00000000e+00   0.00000000e+00   0.00000000e+00
    0.00000000e+00   0.00000000e+00   0.00000000e+00   0.00000000e+00
    0.00000000e+00   1.30560000e+05   0.00000000e+00   3.66643200e+06
    0.00000000e+00   0.00000000e+00   0.00000000e+00]
 [  0.00000000e+00   0.00000000e+00   0.00000000e+00   0.00000000e+00
    0.00000000e+00   0.00000000e+00   0.00000000e+00   0.00000000e+00
   -1.24557143e+04  -5.58000000e+04   0.00000000e+00  -1.02356571e+06
    0.00000000e+00   0.00000000e+00   0.00000000e+00]]
-------------------------------------
target should be -12455.7142857
beta should be 98.0764904387
mtrx11 now should be
[[  0.00000000e+00   2.00000000e+00   0.00000000e+00   0.00000000e+00
    0.00000000e+00   0.00000000e+00   0.00000000e+00   0.00000000e+00
    2.56000000e+02   5.12000000e+02   0.00000000e+00   2.04800000e+03
    0.00000000e+00   0.00000000e+00   0.00000000e+00]
 [  0.00000000e+00   0.00000000e+00   0.00000000e+00   0.00000000e+00
    0.00000000e+00   0.00000000e+00   0.00000000e+00   0.00000000e+00
   -1.27000000e+02  -2.55000000e+02   0.00000000e+00  -1.02300000e+03
    0.00000000e+00   0.00000000e+00   0.00000000e+00]
 [  0.00000000e+00   0.00000000e+00   0.00000000e+00   0.00000000e+00
    0.00000000e+00   0.00000000e+00   0.00000000e+00   0.00000000e+00
    0.00000000e+00   1.30560000e+05   0.00000000e+00   3.66643200e+06
    0.00000000e+00   0.00000000e+00   0.00000000e+00]
 [  0.00000000e+00   0.00000000e+00   0.00000000e+00   0.00000000e+00
    0.00000000e+00   0.00000000e+00   0.00000000e+00   0.00000000e+00
    0.00000000e+00  -3.07904949e+04   0.00000000e+00  -9.23233465e+05
    0.00000000e+00   0.00000000e+00   0.00000000e+00]]
-------------------------------------
pivot is 130560.0
target is -30790.4949381
beta is -0.235834060494
-------------------------------------




mtrx12(index of left terms) is [2, 9, 10, 12]
mtrx11(triangular matrix) is
[[  2.00000000e+00   2.56000000e+02   5.12000000e+02   2.04800000e+03]
 [  0.00000000e+00  -1.27000000e+02  -2.55000000e+02  -1.02300000e+03]
 [  0.00000000e+00   0.00000000e+00   1.30560000e+05   3.66643200e+06]
 [  0.00000000e+00   0.00000000e+00   0.00000000e+00  -5.85639185e+04]]
%%%%%%%%%%%%%%%%%%%%%%%%%%%%%%%%%%%%%%%%%%%%%%%%%%%%%%%%%%%
Finally, mtrx4(redundency-based results) is
(4, 80, 1200)
mtrx6(ranks who have contributions to the redundency-based results): [17, 16, 19, 18]
++++++++++++++++++++++++++++++++++++++++
Finally, mtrx5 is
(11, 80, 1200)
mtrx7(ranks who have contributions to the results): [6, 3, 7, 8, 15, 13, 11, 14, 4, 5, 1]
%%%%%%%%%%%%%%%%%%%%%%%%%%%%%%%%%%%%%%%%%%%%%%%%%%%%%%%%%%%
useless workers: []


result now is
[[[ 2723.          2745.          2684.         ...,  2754.          2689.
    2718.        ]
  [ 2722.          2762.          2694.         ...,  2746.          2723.
    2736.        ]
  [ 2699.          2716.          2639.         ...,  2741.          2688.
    2675.        ]
  ..., 
  [ 2707.          2736.          2669.         ...,  2746.          2686.
    2707.        ]
  [ 2680.          2698.          2662.         ...,  2707.          2645.
    2677.        ]
  [ 2664.          2701.          2646.         ...,  2715.          2663.
    2654.        ]]

 [[ 2668.          2697.99999999  2634.99999999 ...,  2695.99999999  2638.
    2652.99999999]
  [ 2711.          2740.          2689.         ...,  2747.99999999  2697.
    2712.        ]
  [ 2715.          2741.99999999  2677.99999999 ...,  2763.          2698.
    2710.99999999]
  ..., 
  [ 2730.          2751.99999999  2694.         ...,  2761.          2685.
    2723.        ]
  [ 2711.99999999  2744.          2670.         ...,  2747.99999999  2686.
    2707.        ]
  [ 2708.99999999  2728.          2674.99999999 ...,  2740.          2699.
    2697.99999999]]

 [[ 2743.          2768.          2711.         ...,  2773.          2723.
    2744.        ]
  [ 2712.          2742.          2674.         ...,  2748.00000001  2692.
    2706.        ]
  [ 2726.          2750.          2695.00000001 ...,  2767.          2712.
    2717.        ]
  ..., 
  [ 2719.          2764.          2707.         ...,  2771.          2716.
    2729.        ]
  [ 2733.          2774.          2696.         ...,  2772.          2722.
    2736.        ]
  [ 2700.          2724.          2672.00000001 ...,  2741.          2686.
    2690.        ]]

 [[ 2699.          2707.          2672.         ...,  2721.          2694.
    2694.        ]
  [ 2712.          2737.          2690.         ...,  2758.          2705.
    2708.        ]
  [ 2719.          2754.          2688.         ...,  2746.          2689.
    2708.        ]
  ..., 
  [ 2730.          2744.          2693.         ...,  2764.          2700.
    2718.        ]
  [ 2712.          2709.          2655.         ...,  2746.          2668.
    2693.        ]
  [ 2738.          2763.          2698.         ...,  2771.          2717.
    2714.        ]]]


========================================================
--------------------------------------------------------------
mtrx5:
[[[ 2697.  2731.  2678. ...,  2745.  2686.  2710.]
  [ 2701.  2709.  2691. ...,  2735.  2675.  2698.]
  [ 2765.  2789.  2721. ...,  2810.  2747.  2759.]
  ..., 
  [ 2728.  2748.  2702. ...,  2766.  2704.  2723.]
  [ 2766.  2794.  2735. ...,  2785.  2741.  2761.]
  [ 2711.  2735.  2660. ...,  2748.  2690.  2702.]]

 [[ 2723.  2748.  2675. ...,  2765.  2714.  2701.]
  [ 2728.  2747.  2682. ...,  2759.  2694.  2710.]
  [ 2710.  2722.  2664. ...,  2743.  2697.  2707.]
  ..., 
  [ 2704.  2741.  2658. ...,  2741.  2684.  2700.]
  [ 2719.  2730.  2661. ...,  2735.  2669.  2713.]
  [ 2715.  2741.  2669. ...,  2744.  2667.  2705.]]

 [[ 2696.  2733.  2660. ...,  2730.  2659.  2701.]
  [ 2668.  2687.  2631. ...,  2699.  2643.  2656.]
  [ 2680.  2722.  2643. ...,  2714.  2674.  2683.]
  ..., 
  [ 2696.  2719.  2684. ...,  2730.  2679.  2682.]
  [ 2662.  2693.  2627. ...,  2704.  2631.  2669.]
  [ 2715.  2730.  2676. ...,  2757.  2693.  2692.]]

 ..., 
 [[ 2721.  2761.  2698. ...,  2767.  2714.  2711.]
  [ 2729.  2749.  2667. ...,  2748.  2706.  2715.]
  [ 2706.  2749.  2688. ...,  2766.  2701.  2728.]
  ..., 
  [ 2707.  2737.  2678. ...,  2738.  2680.  2688.]
  [ 2689.  2726.  2653. ...,  2728.  2657.  2674.]
  [ 2698.  2724.  2672. ...,  2748.  2701.  2706.]]

 [[ 2748.  2759.  2699. ...,  2750.  2716.  2743.]
  [ 2734.  2755.  2715. ...,  2771.  2720.  2727.]
  [ 2724.  2751.  2702. ...,  2761.  2704.  2709.]
  ..., 
  [ 2725.  2771.  2699. ...,  2765.  2716.  2719.]
  [ 2693.  2725.  2668. ...,  2740.  2676.  2685.]
  [ 2719.  2711.  2659. ...,  2736.  2669.  2689.]]

 [[ 2711.  2723.  2673. ...,  2731.  2690.  2690.]
  [ 2708.  2753.  2696. ...,  2759.  2709.  2725.]
  [ 2725.  2769.  2712. ...,  2781.  2721.  2731.]
  ..., 
  [ 2708.  2747.  2671. ...,  2736.  2692.  2717.]
  [ 2708.  2723.  2668. ...,  2726.  2670.  2679.]
  [ 2713.  2747.  2684. ...,  2763.  2714.  2721.]]]
--------------------------------------------------------------


Time taken in seconds(with sleep) 46.428946018218994


--------------------------------------------------------------
just for comparing...
mtrx1 * mtrx2:
[[2711 2723 2673 ..., 2731 2690 2690]
 [2708 2753 2696 ..., 2759 2709 2725]
 [2725 2769 2712 ..., 2781 2721 2731]
 ..., 
 [2716 2757 2688 ..., 2767 2714 2717]
 [2676 2716 2653 ..., 2713 2671 2677]
 [2674 2707 2639 ..., 2721 2656 2689]]
------------------------------------------------------
Running PBS epilogue script    - 10-Mar-2020 14:33:18
------------------------------------------------------
Checking node qb278 (MS)
Checking node qb291 ok
Checking node qb278 ok
------------------------------------------------------
Concluding PBS epilogue script - 10-Mar-2020 14:33:22
------------------------------------------------------
Exit Status:     0
Job ID:          761799.qb3
Username:        jianjun
Group:           latechusers
Job Name:        test1.pbs
Session Id:      17321
Resource Limits: ncpus=1,neednodes=2:ppn=20,nodes=2:ppn=20,walltime=24:00:00
Resources Used:  cput=00:20:27,mem=852812kb,vmem=20601764kb,walltime=00:01:08
Queue Used:      checkpt
Account String:  loni_codedcomp
Node:            qb278
Process id:      18349
------------------------------------------------------
