--------------------------------------
Running PBS prologue script
--------------------------------------
User and Job Data:
--------------------------------------
Job ID:    760034.qb3
Username:  jianjun
Group:     latechusers
Date:      05-Mar-2020 13:55
Node:      qb024 (20952)
--------------------------------------
PBS has allocated the following nodes:

qb024
qb089

A total of 40 processors on 2 nodes allocated
---------------------------------------------
Check nodes and clean them of stray processes
---------------------------------------------
Checking node qb024 13:55:30 
Checking node qb089 13:55:32 
Done clearing all the allocated nodes
------------------------------------------------------
Concluding PBS prologue script - 05-Mar-2020 13:55:32
------------------------------------------------------


------------------------------------------
------------------------------------------
---------------------------------------------
---------------------------------------------
--------------------------------------------------------
There are totally 24 blocks for workers.


========================================================
data is ready!
========================================================
data is sending...


========================================================


prepare the coefficients for figuring out the alpha & beta later...
[[           1            1            1            1            1
             1            1            1            1            1
             1            1]
 [           1            2            4            8           16
            32           64          128          256          512
          1024         2048]
 [           1            3            9           27           81
           243          729         2187         6561        19683
         59049       177147]
 [           1            4           16           64          256
          1024         4096        16384        65536       262144
       1048576      4194304]
 [           1            5           25          125          625
          3125        15625        78125       390625      1953125
       9765625     48828125]
 [           1            6           36          216         1296
          7776        46656       279936      1679616     10077696
      60466176    362797056]
 [           1            7           49          343         2401
         16807       117649       823543      5764801     40353607
     282475249   1977326743]
 [           1            8           64          512         4096
         32768       262144      2097152     16777216    134217728
    1073741824   8589934592]
 [           1            9           81          729         6561
         59049       531441      4782969     43046721    387420489
    3486784401  31381059609]
 [           1           10          100         1000        10000
        100000      1000000     10000000    100000000   1000000000
   10000000000 100000000000]
 [           1           11          121         1331        14641
        161051      1771561     19487171    214358881   2357947691
   25937424601 285311670611]
 [           1           12          144         1728        20736
        248832      2985984     35831808    429981696   5159780352
   61917364224 743008370688]]
---------------------------------------------------------


start receiving...


Back from rank 20
mtrx4(redundency-based results) now is (1, 100, 1200)
mtrx11 now is
[[         1          8         64        512       4096      32768
      262144    2097152   16777216  134217728 1073741824 8589934592]]


Back from rank 23
mtrx4(redundency-based results) now is (2, 100, 1200)
mtrx11 now is
[[           1            8           64          512         4096
         32768       262144      2097152     16777216    134217728
    1073741824   8589934592]
 [           1           11          121         1331        14641
        161051      1771561     19487171    214358881   2357947691
   25937424601 285311670611]]


pivot is 1
target is 1
beta is 1.0
-------------------------------------
mtrx11(coefficients of left terms after forward elimination) is
[[  1.00000000e+00   8.00000000e+00   6.40000000e+01   5.12000000e+02
    4.09600000e+03   3.27680000e+04   2.62144000e+05   2.09715200e+06
    1.67772160e+07   1.34217728e+08   1.07374182e+09   8.58993459e+09]
 [  0.00000000e+00   3.00000000e+00   5.70000000e+01   8.19000000e+02
    1.05450000e+04   1.28283000e+05   1.50941700e+06   1.73900190e+07
    1.97581665e+08   2.22372996e+09   2.48636828e+10   2.76721736e+11]]
--------------------------------------------
Back from rank 24
mtrx4(redundency-based results) now is (3, 100, 1200)
mtrx11 now is
[[  1.00000000e+00   8.00000000e+00   6.40000000e+01   5.12000000e+02
    4.09600000e+03   3.27680000e+04   2.62144000e+05   2.09715200e+06
    1.67772160e+07   1.34217728e+08   1.07374182e+09   8.58993459e+09]
 [  0.00000000e+00   3.00000000e+00   5.70000000e+01   8.19000000e+02
    1.05450000e+04   1.28283000e+05   1.50941700e+06   1.73900190e+07
    1.97581665e+08   2.22372996e+09   2.48636828e+10   2.76721736e+11]
 [  1.00000000e+00   1.20000000e+01   1.44000000e+02   1.72800000e+03
    2.07360000e+04   2.48832000e+05   2.98598400e+06   3.58318080e+07
    4.29981696e+08   5.15978035e+09   6.19173642e+10   7.43008371e+11]]


pivot is 1
target is 0.0
beta is 0.0
-------------------------------------
target is 1
beta is 1.0
-------------------------------------
pivot is 3.0
target is 4.0
beta is 1.33333333333
-------------------------------------
mtrx11(coefficients of left terms after forward elimination) is
[[  1.00000000e+00   8.00000000e+00   6.40000000e+01   5.12000000e+02
    4.09600000e+03   3.27680000e+04   2.62144000e+05   2.09715200e+06
    1.67772160e+07   1.34217728e+08   1.07374182e+09   8.58993459e+09]
 [  0.00000000e+00   3.00000000e+00   5.70000000e+01   8.19000000e+02
    1.05450000e+04   1.28283000e+05   1.50941700e+06   1.73900190e+07
    1.97581665e+08   2.22372996e+09   2.48636828e+10   2.76721736e+11]
 [  0.00000000e+00   0.00000000e+00   4.00000000e+00   1.24000000e+02
    2.58000000e+03   4.50200000e+04   7.11284000e+05   1.05479640e+07
    1.49762260e+08   2.06058934e+09   2.76920454e+10   3.65456121e+11]]
--------------------------------------------
Back from rank 21
mtrx4(redundency-based results) now is (4, 100, 1200)
mtrx11 now is
[[  1.00000000e+00   8.00000000e+00   6.40000000e+01   5.12000000e+02
    4.09600000e+03   3.27680000e+04   2.62144000e+05   2.09715200e+06
    1.67772160e+07   1.34217728e+08   1.07374182e+09   8.58993459e+09]
 [  0.00000000e+00   3.00000000e+00   5.70000000e+01   8.19000000e+02
    1.05450000e+04   1.28283000e+05   1.50941700e+06   1.73900190e+07
    1.97581665e+08   2.22372996e+09   2.48636828e+10   2.76721736e+11]
 [  0.00000000e+00   0.00000000e+00   4.00000000e+00   1.24000000e+02
    2.58000000e+03   4.50200000e+04   7.11284000e+05   1.05479640e+07
    1.49762260e+08   2.06058934e+09   2.76920454e+10   3.65456121e+11]
 [  1.00000000e+00   9.00000000e+00   8.10000000e+01   7.29000000e+02
    6.56100000e+03   5.90490000e+04   5.31441000e+05   4.78296900e+06
    4.30467210e+07   3.87420489e+08   3.48678440e+09   3.13810596e+10]]


pivot is 1
target is 0.0
beta is 0.0
-------------------------------------
target is 0.0
beta is 0.0
-------------------------------------
target is 1
beta is 1.0
-------------------------------------
pivot is 3.0
target is 0.0
beta is 0.0
-------------------------------------
target is 1.0
beta is 0.333333333333
-------------------------------------
pivot is 4.0
target is -2.0
beta is -0.5
-------------------------------------
mtrx11(coefficients of left terms after forward elimination) is
[[  1.00000000e+00   8.00000000e+00   6.40000000e+01   5.12000000e+02
    4.09600000e+03   3.27680000e+04   2.62144000e+05   2.09715200e+06
    1.67772160e+07   1.34217728e+08   1.07374182e+09   8.58993459e+09]
 [  0.00000000e+00   3.00000000e+00   5.70000000e+01   8.19000000e+02
    1.05450000e+04   1.28283000e+05   1.50941700e+06   1.73900190e+07
    1.97581665e+08   2.22372996e+09   2.48636828e+10   2.76721736e+11]
 [  0.00000000e+00   0.00000000e+00   4.00000000e+00   1.24000000e+02
    2.58000000e+03   4.50200000e+04   7.11284000e+05   1.05479640e+07
    1.49762260e+08   2.06058934e+09   2.76920454e+10   3.65456121e+11]
 [  0.00000000e+00   0.00000000e+00   0.00000000e+00   6.00000000e+00
    2.40000000e+02   6.03000000e+03   1.21800000e+05   2.16312600e+06
    3.52900800e+07   5.42254110e+08   7.97117100e+09   1.13278607e+11]]
--------------------------------------------
Back from rank 22
mtrx4(redundency-based results) now is (5, 100, 1200)
mtrx11 now is
[[  1.00000000e+00   8.00000000e+00   6.40000000e+01   5.12000000e+02
    4.09600000e+03   3.27680000e+04   2.62144000e+05   2.09715200e+06
    1.67772160e+07   1.34217728e+08   1.07374182e+09   8.58993459e+09]
 [  0.00000000e+00   3.00000000e+00   5.70000000e+01   8.19000000e+02
    1.05450000e+04   1.28283000e+05   1.50941700e+06   1.73900190e+07
    1.97581665e+08   2.22372996e+09   2.48636828e+10   2.76721736e+11]
 [  0.00000000e+00   0.00000000e+00   4.00000000e+00   1.24000000e+02
    2.58000000e+03   4.50200000e+04   7.11284000e+05   1.05479640e+07
    1.49762260e+08   2.06058934e+09   2.76920454e+10   3.65456121e+11]
 [  0.00000000e+00   0.00000000e+00   0.00000000e+00   6.00000000e+00
    2.40000000e+02   6.03000000e+03   1.21800000e+05   2.16312600e+06
    3.52900800e+07   5.42254110e+08   7.97117100e+09   1.13278607e+11]
 [  1.00000000e+00   1.00000000e+01   1.00000000e+02   1.00000000e+03
    1.00000000e+04   1.00000000e+05   1.00000000e+06   1.00000000e+07
    1.00000000e+08   1.00000000e+09   1.00000000e+10   1.00000000e+11]]


pivot is 1
target is 0.0
beta is 0.0
-------------------------------------
target is 0.0
beta is 0.0
-------------------------------------
target is 0.0
beta is 0.0
-------------------------------------
target is 1
beta is 1.0
-------------------------------------
pivot is 3.0
target is 0.0
beta is 0.0
-------------------------------------
target is 0.0
beta is 0.0
-------------------------------------
target is 2.0
beta is 0.666666666667
-------------------------------------
pivot is 4.0
target is 0.0
beta is 0.0
-------------------------------------
target is -2.0
beta is -0.5
-------------------------------------
pivot is 6.0
target is 4.0
beta is 0.666666666667
-------------------------------------
mtrx11(coefficients of left terms after forward elimination) is
[[  1.00000000e+00   8.00000000e+00   6.40000000e+01   5.12000000e+02
    4.09600000e+03   3.27680000e+04   2.62144000e+05   2.09715200e+06
    1.67772160e+07   1.34217728e+08   1.07374182e+09   8.58993459e+09]
 [  0.00000000e+00   3.00000000e+00   5.70000000e+01   8.19000000e+02
    1.05450000e+04   1.28283000e+05   1.50941700e+06   1.73900190e+07
    1.97581665e+08   2.22372996e+09   2.48636828e+10   2.76721736e+11]
 [  0.00000000e+00   0.00000000e+00   4.00000000e+00   1.24000000e+02
    2.58000000e+03   4.50200000e+04   7.11284000e+05   1.05479640e+07
    1.49762260e+08   2.06058934e+09   2.76920454e+10   3.65456121e+11]
 [  0.00000000e+00   0.00000000e+00   0.00000000e+00   6.00000000e+00
    2.40000000e+02   6.03000000e+03   1.21800000e+05   2.16312600e+06
    3.52900800e+07   5.42254110e+08   7.97117100e+09   1.13278607e+11]
 [  0.00000000e+00   0.00000000e+00   0.00000000e+00   0.00000000e+00
    4.00000000e+00   2.00000000e+02   6.02000000e+03   1.41400000e+05
    2.85608400e+06   5.20875600e+07   8.82378340e+08   1.41378974e+10]]
--------------------------------------------
Back from rank 14
mtrx4(redundency-based results) now is (6, 100, 1200)
mtrx11 now is
[[  1.00000000e+00   8.00000000e+00   6.40000000e+01   5.12000000e+02
    4.09600000e+03   3.27680000e+04   2.62144000e+05   2.09715200e+06
    1.67772160e+07   1.34217728e+08   1.07374182e+09   8.58993459e+09]
 [  0.00000000e+00   3.00000000e+00   5.70000000e+01   8.19000000e+02
    1.05450000e+04   1.28283000e+05   1.50941700e+06   1.73900190e+07
    1.97581665e+08   2.22372996e+09   2.48636828e+10   2.76721736e+11]
 [  0.00000000e+00   0.00000000e+00   4.00000000e+00   1.24000000e+02
    2.58000000e+03   4.50200000e+04   7.11284000e+05   1.05479640e+07
    1.49762260e+08   2.06058934e+09   2.76920454e+10   3.65456121e+11]
 [  0.00000000e+00   0.00000000e+00   0.00000000e+00   6.00000000e+00
    2.40000000e+02   6.03000000e+03   1.21800000e+05   2.16312600e+06
    3.52900800e+07   5.42254110e+08   7.97117100e+09   1.13278607e+11]
 [  0.00000000e+00   0.00000000e+00   0.00000000e+00   0.00000000e+00
    4.00000000e+00   2.00000000e+02   6.02000000e+03   1.41400000e+05
    2.85608400e+06   5.20875600e+07   8.82378340e+08   1.41378974e+10]
 [  1.00000000e+00   2.00000000e+00   4.00000000e+00   8.00000000e+00
    1.60000000e+01   3.20000000e+01   6.40000000e+01   1.28000000e+02
    2.56000000e+02   5.12000000e+02   1.02400000e+03   2.04800000e+03]]


pivot is 1
target is 0.0
beta is 0.0
-------------------------------------
target is 0.0
beta is 0.0
-------------------------------------
target is 0.0
beta is 0.0
-------------------------------------
target is 0.0
beta is 0.0
-------------------------------------
target is 1
beta is 1.0
-------------------------------------
pivot is 3.0
target is 0.0
beta is 0.0
-------------------------------------
target is 0.0
beta is 0.0
-------------------------------------
target is 0.0
beta is 0.0
-------------------------------------
target is -6.0
beta is -2.0
-------------------------------------
pivot is 4.0
target is 0.0
beta is 0.0
-------------------------------------
target is 0.0
beta is 0.0
-------------------------------------
target is 54.0
beta is 13.5
-------------------------------------
pivot is 6.0
target is 0.0
beta is 0.0
-------------------------------------
target is -540.0
beta is -90.0
-------------------------------------
pivot is 4.0
target is 3780.0
beta is 945.0
-------------------------------------
mtrx11(coefficients of left terms after forward elimination) is
[[  1.00000000e+00   8.00000000e+00   6.40000000e+01   5.12000000e+02
    4.09600000e+03   3.27680000e+04   2.62144000e+05   2.09715200e+06
    1.67772160e+07   1.34217728e+08   1.07374182e+09   8.58993459e+09]
 [  0.00000000e+00   3.00000000e+00   5.70000000e+01   8.19000000e+02
    1.05450000e+04   1.28283000e+05   1.50941700e+06   1.73900190e+07
    1.97581665e+08   2.22372996e+09   2.48636828e+10   2.76721736e+11]
 [  0.00000000e+00   0.00000000e+00   4.00000000e+00   1.24000000e+02
    2.58000000e+03   4.50200000e+04   7.11284000e+05   1.05479640e+07
    1.49762260e+08   2.06058934e+09   2.76920454e+10   3.65456121e+11]
 [  0.00000000e+00   0.00000000e+00   0.00000000e+00   6.00000000e+00
    2.40000000e+02   6.03000000e+03   1.21800000e+05   2.16312600e+06
    3.52900800e+07   5.42254110e+08   7.97117100e+09   1.13278607e+11]
 [  0.00000000e+00   0.00000000e+00   0.00000000e+00   0.00000000e+00
    4.00000000e+00   2.00000000e+02   6.02000000e+03   1.41400000e+05
    2.85608400e+06   5.20875600e+07   8.82378340e+08   1.41378974e+10]
 [  0.00000000e+00   0.00000000e+00   0.00000000e+00   0.00000000e+00
    0.00000000e+00  -3.02400000e+04  -1.57248000e+06  -4.86561600e+07
   -1.16629632e+09  -2.39245877e+10  -4.41631129e+11  -7.55404251e+12]]
--------------------------------------------
Back from rank 12
mtrx5 now is (1, 100, 1200)
alpha is 8589934592
alpha is 276721736019.0
alpha is 365456121404.0
alpha is 113278607046.0
alpha is 14137897400.0
alpha is -7.55404250832e+12
mtrx11 after updated is
[[  1.00000000e+00   8.00000000e+00   6.40000000e+01   5.12000000e+02
    4.09600000e+03   3.27680000e+04   2.62144000e+05   2.09715200e+06
    1.67772160e+07   1.34217728e+08   1.07374182e+09   0.00000000e+00]
 [  0.00000000e+00   3.00000000e+00   5.70000000e+01   8.19000000e+02
    1.05450000e+04   1.28283000e+05   1.50941700e+06   1.73900190e+07
    1.97581665e+08   2.22372996e+09   2.48636828e+10   0.00000000e+00]
 [  0.00000000e+00   0.00000000e+00   4.00000000e+00   1.24000000e+02
    2.58000000e+03   4.50200000e+04   7.11284000e+05   1.05479640e+07
    1.49762260e+08   2.06058934e+09   2.76920454e+10   0.00000000e+00]
 [  0.00000000e+00   0.00000000e+00   0.00000000e+00   6.00000000e+00
    2.40000000e+02   6.03000000e+03   1.21800000e+05   2.16312600e+06
    3.52900800e+07   5.42254110e+08   7.97117100e+09   0.00000000e+00]
 [  0.00000000e+00   0.00000000e+00   0.00000000e+00   0.00000000e+00
    4.00000000e+00   2.00000000e+02   6.02000000e+03   1.41400000e+05
    2.85608400e+06   5.20875600e+07   8.82378340e+08   0.00000000e+00]
 [  0.00000000e+00   0.00000000e+00   0.00000000e+00   0.00000000e+00
    0.00000000e+00  -3.02400000e+04  -1.57248000e+06  -4.86561600e+07
   -1.16629632e+09  -2.39245877e+10  -4.41631129e+11   0.00000000e+00]]
pivot is 1
target is 0.0
beta is 0.0
-------------------------------------
target is 0.0
beta is 0.0
-------------------------------------
target is 0.0
beta is 0.0
-------------------------------------
target is 0.0
beta is 0.0
-------------------------------------
target is 0.0
beta is 0.0
-------------------------------------
pivot is 3.0
target is 0.0
beta is 0.0
-------------------------------------
target is 0.0
beta is 0.0
-------------------------------------
target is 0.0
beta is 0.0
-------------------------------------
target is 0.0
beta is 0.0
-------------------------------------
pivot is 4.0
target is 0.0
beta is 0.0
-------------------------------------
target is 0.0
beta is 0.0
-------------------------------------
target is 0.0
beta is 0.0
-------------------------------------
pivot is 6.0
target is 0.0
beta is 0.0
-------------------------------------
target is 0.0
beta is 0.0
-------------------------------------
pivot is 4.0
target is 0.0
beta is 0.0
-------------------------------------


Back from rank 17
mtrx4(redundency-based results) now is (7, 100, 1200)
mtrx11 now is
[[  1.00000000e+00   8.00000000e+00   6.40000000e+01   5.12000000e+02
    4.09600000e+03   3.27680000e+04   2.62144000e+05   2.09715200e+06
    1.67772160e+07   1.34217728e+08   1.07374182e+09   0.00000000e+00]
 [  0.00000000e+00   3.00000000e+00   5.70000000e+01   8.19000000e+02
    1.05450000e+04   1.28283000e+05   1.50941700e+06   1.73900190e+07
    1.97581665e+08   2.22372996e+09   2.48636828e+10   0.00000000e+00]
 [  0.00000000e+00   0.00000000e+00   4.00000000e+00   1.24000000e+02
    2.58000000e+03   4.50200000e+04   7.11284000e+05   1.05479640e+07
    1.49762260e+08   2.06058934e+09   2.76920454e+10   0.00000000e+00]
 [  0.00000000e+00   0.00000000e+00   0.00000000e+00   6.00000000e+00
    2.40000000e+02   6.03000000e+03   1.21800000e+05   2.16312600e+06
    3.52900800e+07   5.42254110e+08   7.97117100e+09   0.00000000e+00]
 [  0.00000000e+00   0.00000000e+00   0.00000000e+00   0.00000000e+00
    4.00000000e+00   2.00000000e+02   6.02000000e+03   1.41400000e+05
    2.85608400e+06   5.20875600e+07   8.82378340e+08   0.00000000e+00]
 [  0.00000000e+00   0.00000000e+00   0.00000000e+00   0.00000000e+00
    0.00000000e+00  -3.02400000e+04  -1.57248000e+06  -4.86561600e+07
   -1.16629632e+09  -2.39245877e+10  -4.41631129e+11   0.00000000e+00]
 [  1.00000000e+00   5.00000000e+00   2.50000000e+01   1.25000000e+02
    6.25000000e+02   3.12500000e+03   1.56250000e+04   7.81250000e+04
    3.90625000e+05   1.95312500e+06   9.76562500e+06   4.88281250e+07]]


alpha is 48828125
mtrx11 after simplify is
[[  1.00000000e+00   8.00000000e+00   6.40000000e+01   5.12000000e+02
    4.09600000e+03   3.27680000e+04   2.62144000e+05   2.09715200e+06
    1.67772160e+07   1.34217728e+08   1.07374182e+09   0.00000000e+00]
 [  0.00000000e+00   3.00000000e+00   5.70000000e+01   8.19000000e+02
    1.05450000e+04   1.28283000e+05   1.50941700e+06   1.73900190e+07
    1.97581665e+08   2.22372996e+09   2.48636828e+10   0.00000000e+00]
 [  0.00000000e+00   0.00000000e+00   4.00000000e+00   1.24000000e+02
    2.58000000e+03   4.50200000e+04   7.11284000e+05   1.05479640e+07
    1.49762260e+08   2.06058934e+09   2.76920454e+10   0.00000000e+00]
 [  0.00000000e+00   0.00000000e+00   0.00000000e+00   6.00000000e+00
    2.40000000e+02   6.03000000e+03   1.21800000e+05   2.16312600e+06
    3.52900800e+07   5.42254110e+08   7.97117100e+09   0.00000000e+00]
 [  0.00000000e+00   0.00000000e+00   0.00000000e+00   0.00000000e+00
    4.00000000e+00   2.00000000e+02   6.02000000e+03   1.41400000e+05
    2.85608400e+06   5.20875600e+07   8.82378340e+08   0.00000000e+00]
 [  0.00000000e+00   0.00000000e+00   0.00000000e+00   0.00000000e+00
    0.00000000e+00  -3.02400000e+04  -1.57248000e+06  -4.86561600e+07
   -1.16629632e+09  -2.39245877e+10  -4.41631129e+11   0.00000000e+00]
 [  1.00000000e+00   5.00000000e+00   2.50000000e+01   1.25000000e+02
    6.25000000e+02   3.12500000e+03   1.56250000e+04   7.81250000e+04
    3.90625000e+05   1.95312500e+06   9.76562500e+06   0.00000000e+00]]
pivot is 1
target is 0.0
beta is 0.0
-------------------------------------
target is 0.0
beta is 0.0
-------------------------------------
target is 0.0
beta is 0.0
-------------------------------------
target is 0.0
beta is 0.0
-------------------------------------
target is 0.0
beta is 0.0
-------------------------------------
target is 1
beta is 1.0
-------------------------------------
pivot is 3.0
target is 0.0
beta is 0.0
-------------------------------------
target is 0.0
beta is 0.0
-------------------------------------
target is 0.0
beta is 0.0
-------------------------------------
target is 0.0
beta is 0.0
-------------------------------------
target is -3.0
beta is -1.0
-------------------------------------
pivot is 4.0
target is 0.0
beta is 0.0
-------------------------------------
target is 0.0
beta is 0.0
-------------------------------------
target is 0.0
beta is 0.0
-------------------------------------
target is 18.0
beta is 4.5
-------------------------------------
pivot is 6.0
target is 0.0
beta is 0.0
-------------------------------------
target is 0.0
beta is 0.0
-------------------------------------
target is -126.0
beta is -21.0
-------------------------------------
pivot is 4.0
target is 0.0
beta is 0.0
-------------------------------------
target is 504.0
beta is 126.0
-------------------------------------
pivot is -30240.0
target is -2520.0
beta is 0.0833333333333
-------------------------------------
mtrx11(coefficients of left terms after forward elimination) is
[[  1.00000000e+00   8.00000000e+00   6.40000000e+01   5.12000000e+02
    4.09600000e+03   3.27680000e+04   2.62144000e+05   2.09715200e+06
    1.67772160e+07   1.34217728e+08   1.07374182e+09   0.00000000e+00]
 [  0.00000000e+00   3.00000000e+00   5.70000000e+01   8.19000000e+02
    1.05450000e+04   1.28283000e+05   1.50941700e+06   1.73900190e+07
    1.97581665e+08   2.22372996e+09   2.48636828e+10   0.00000000e+00]
 [  0.00000000e+00   0.00000000e+00   4.00000000e+00   1.24000000e+02
    2.58000000e+03   4.50200000e+04   7.11284000e+05   1.05479640e+07
    1.49762260e+08   2.06058934e+09   2.76920454e+10   0.00000000e+00]
 [  0.00000000e+00   0.00000000e+00   0.00000000e+00   6.00000000e+00
    2.40000000e+02   6.03000000e+03   1.21800000e+05   2.16312600e+06
    3.52900800e+07   5.42254110e+08   7.97117100e+09   0.00000000e+00]
 [  0.00000000e+00   0.00000000e+00   0.00000000e+00   0.00000000e+00
    4.00000000e+00   2.00000000e+02   6.02000000e+03   1.41400000e+05
    2.85608400e+06   5.20875600e+07   8.82378340e+08   0.00000000e+00]
 [  0.00000000e+00   0.00000000e+00   0.00000000e+00   0.00000000e+00
    0.00000000e+00  -3.02400000e+04  -1.57248000e+06  -4.86561600e+07
   -1.16629632e+09  -2.39245877e+10  -4.41631129e+11   0.00000000e+00]
 [  0.00000000e+00   0.00000000e+00   0.00000000e+00   0.00000000e+00
    0.00000000e+00   0.00000000e+00  -7.56000000e+03  -4.30920000e+05
   -1.43186400e+07  -3.63167280e+08  -7.79698332e+09   0.00000000e+00]]
--------------------------------------------
Back from rank 11
mtrx5 now is (2, 100, 1200)
alpha is 1073741824
alpha is 24863682777.0
alpha is 27692045364.0
alpha is 7971171000.0
alpha is 882378340.0
alpha is -441631128960.0
alpha is -7796983320.0
mtrx11 after updated is
[[  1.00000000e+00   8.00000000e+00   6.40000000e+01   5.12000000e+02
    4.09600000e+03   3.27680000e+04   2.62144000e+05   2.09715200e+06
    1.67772160e+07   1.34217728e+08   0.00000000e+00   0.00000000e+00]
 [  0.00000000e+00   3.00000000e+00   5.70000000e+01   8.19000000e+02
    1.05450000e+04   1.28283000e+05   1.50941700e+06   1.73900190e+07
    1.97581665e+08   2.22372996e+09   0.00000000e+00   0.00000000e+00]
 [  0.00000000e+00   0.00000000e+00   4.00000000e+00   1.24000000e+02
    2.58000000e+03   4.50200000e+04   7.11284000e+05   1.05479640e+07
    1.49762260e+08   2.06058934e+09   0.00000000e+00   0.00000000e+00]
 [  0.00000000e+00   0.00000000e+00   0.00000000e+00   6.00000000e+00
    2.40000000e+02   6.03000000e+03   1.21800000e+05   2.16312600e+06
    3.52900800e+07   5.42254110e+08   0.00000000e+00   0.00000000e+00]
 [  0.00000000e+00   0.00000000e+00   0.00000000e+00   0.00000000e+00
    4.00000000e+00   2.00000000e+02   6.02000000e+03   1.41400000e+05
    2.85608400e+06   5.20875600e+07   0.00000000e+00   0.00000000e+00]
 [  0.00000000e+00   0.00000000e+00   0.00000000e+00   0.00000000e+00
    0.00000000e+00  -3.02400000e+04  -1.57248000e+06  -4.86561600e+07
   -1.16629632e+09  -2.39245877e+10   0.00000000e+00   0.00000000e+00]
 [  0.00000000e+00   0.00000000e+00   0.00000000e+00   0.00000000e+00
    0.00000000e+00   0.00000000e+00  -7.56000000e+03  -4.30920000e+05
   -1.43186400e+07  -3.63167280e+08   0.00000000e+00   0.00000000e+00]]
pivot is 1
target is 0.0
beta is 0.0
-------------------------------------
target is 0.0
beta is 0.0
-------------------------------------
target is 0.0
beta is 0.0
-------------------------------------
target is 0.0
beta is 0.0
-------------------------------------
target is 0.0
beta is 0.0
-------------------------------------
target is 0.0
beta is 0.0
-------------------------------------
pivot is 3.0
target is 0.0
beta is 0.0
-------------------------------------
target is 0.0
beta is 0.0
-------------------------------------
target is 0.0
beta is 0.0
-------------------------------------
target is 0.0
beta is 0.0
-------------------------------------
target is 0.0
beta is 0.0
-------------------------------------
pivot is 4.0
target is 0.0
beta is 0.0
-------------------------------------
target is 0.0
beta is 0.0
-------------------------------------
target is 0.0
beta is 0.0
-------------------------------------
target is 0.0
beta is 0.0
-------------------------------------
pivot is 6.0
target is 0.0
beta is 0.0
-------------------------------------
target is 0.0
beta is 0.0
-------------------------------------
target is 0.0
beta is 0.0
-------------------------------------
pivot is 4.0
target is 0.0
beta is 0.0
-------------------------------------
target is 0.0
beta is 0.0
-------------------------------------
pivot is -30240.0
target is 0.0
beta is -0.0
-------------------------------------


Back from rank 15
mtrx4(redundency-based results) now is (8, 100, 1200)
mtrx11 now is
[[  1.00000000e+00   8.00000000e+00   6.40000000e+01   5.12000000e+02
    4.09600000e+03   3.27680000e+04   2.62144000e+05   2.09715200e+06
    1.67772160e+07   1.34217728e+08   0.00000000e+00   0.00000000e+00]
 [  0.00000000e+00   3.00000000e+00   5.70000000e+01   8.19000000e+02
    1.05450000e+04   1.28283000e+05   1.50941700e+06   1.73900190e+07
    1.97581665e+08   2.22372996e+09   0.00000000e+00   0.00000000e+00]
 [  0.00000000e+00   0.00000000e+00   4.00000000e+00   1.24000000e+02
    2.58000000e+03   4.50200000e+04   7.11284000e+05   1.05479640e+07
    1.49762260e+08   2.06058934e+09   0.00000000e+00   0.00000000e+00]
 [  0.00000000e+00   0.00000000e+00   0.00000000e+00   6.00000000e+00
    2.40000000e+02   6.03000000e+03   1.21800000e+05   2.16312600e+06
    3.52900800e+07   5.42254110e+08   0.00000000e+00   0.00000000e+00]
 [  0.00000000e+00   0.00000000e+00   0.00000000e+00   0.00000000e+00
    4.00000000e+00   2.00000000e+02   6.02000000e+03   1.41400000e+05
    2.85608400e+06   5.20875600e+07   0.00000000e+00   0.00000000e+00]
 [  0.00000000e+00   0.00000000e+00   0.00000000e+00   0.00000000e+00
    0.00000000e+00  -3.02400000e+04  -1.57248000e+06  -4.86561600e+07
   -1.16629632e+09  -2.39245877e+10   0.00000000e+00   0.00000000e+00]
 [  0.00000000e+00   0.00000000e+00   0.00000000e+00   0.00000000e+00
    0.00000000e+00   0.00000000e+00  -7.56000000e+03  -4.30920000e+05
   -1.43186400e+07  -3.63167280e+08   0.00000000e+00   0.00000000e+00]
 [  1.00000000e+00   3.00000000e+00   9.00000000e+00   2.70000000e+01
    8.10000000e+01   2.43000000e+02   7.29000000e+02   2.18700000e+03
    6.56100000e+03   1.96830000e+04   5.90490000e+04   1.77147000e+05]]


alpha is 177147
alpha is 59049
mtrx11 after simplify is
[[  1.00000000e+00   8.00000000e+00   6.40000000e+01   5.12000000e+02
    4.09600000e+03   3.27680000e+04   2.62144000e+05   2.09715200e+06
    1.67772160e+07   1.34217728e+08   0.00000000e+00   0.00000000e+00]
 [  0.00000000e+00   3.00000000e+00   5.70000000e+01   8.19000000e+02
    1.05450000e+04   1.28283000e+05   1.50941700e+06   1.73900190e+07
    1.97581665e+08   2.22372996e+09   0.00000000e+00   0.00000000e+00]
 [  0.00000000e+00   0.00000000e+00   4.00000000e+00   1.24000000e+02
    2.58000000e+03   4.50200000e+04   7.11284000e+05   1.05479640e+07
    1.49762260e+08   2.06058934e+09   0.00000000e+00   0.00000000e+00]
 [  0.00000000e+00   0.00000000e+00   0.00000000e+00   6.00000000e+00
    2.40000000e+02   6.03000000e+03   1.21800000e+05   2.16312600e+06
    3.52900800e+07   5.42254110e+08   0.00000000e+00   0.00000000e+00]
 [  0.00000000e+00   0.00000000e+00   0.00000000e+00   0.00000000e+00
    4.00000000e+00   2.00000000e+02   6.02000000e+03   1.41400000e+05
    2.85608400e+06   5.20875600e+07   0.00000000e+00   0.00000000e+00]
 [  0.00000000e+00   0.00000000e+00   0.00000000e+00   0.00000000e+00
    0.00000000e+00  -3.02400000e+04  -1.57248000e+06  -4.86561600e+07
   -1.16629632e+09  -2.39245877e+10   0.00000000e+00   0.00000000e+00]
 [  0.00000000e+00   0.00000000e+00   0.00000000e+00   0.00000000e+00
    0.00000000e+00   0.00000000e+00  -7.56000000e+03  -4.30920000e+05
   -1.43186400e+07  -3.63167280e+08   0.00000000e+00   0.00000000e+00]
 [  1.00000000e+00   3.00000000e+00   9.00000000e+00   2.70000000e+01
    8.10000000e+01   2.43000000e+02   7.29000000e+02   2.18700000e+03
    6.56100000e+03   1.96830000e+04   0.00000000e+00   0.00000000e+00]]
pivot is 1
target is 0.0
beta is 0.0
-------------------------------------
target is 0.0
beta is 0.0
-------------------------------------
target is 0.0
beta is 0.0
-------------------------------------
target is 0.0
beta is 0.0
-------------------------------------
target is 0.0
beta is 0.0
-------------------------------------
target is 0.0
beta is 0.0
-------------------------------------
target is 1
beta is 1.0
-------------------------------------
pivot is 3.0
target is 0.0
beta is 0.0
-------------------------------------
target is 0.0
beta is 0.0
-------------------------------------
target is 0.0
beta is 0.0
-------------------------------------
target is 0.0
beta is 0.0
-------------------------------------
target is 0.0
beta is 0.0
-------------------------------------
target is -5.0
beta is -1.66666666667
-------------------------------------
pivot is 4.0
target is 0.0
beta is 0.0
-------------------------------------
target is 0.0
beta is 0.0
-------------------------------------
target is 0.0
beta is 0.0
-------------------------------------
target is 0.0
beta is 0.0
-------------------------------------
target is 40.0
beta is 10.0
-------------------------------------
pivot is 6.0
target is 0.0
beta is 0.0
-------------------------------------
target is 0.0
beta is 0.0
-------------------------------------
target is 0.0
beta is 0.0
-------------------------------------
target is -360.0
beta is -60.0
-------------------------------------
pivot is 4.0
target is 0.0
beta is 0.0
-------------------------------------
target is 0.0
beta is 0.0
-------------------------------------
target is 2160.0
beta is 540.0
-------------------------------------
pivot is -30240.0
target is 0.0
beta is -0.0
-------------------------------------
target is -15120.0
beta is 0.5
-------------------------------------
pivot is -7560.0
target is -15120.0
beta is 2.0
-------------------------------------
mtrx11(coefficients of left terms after forward elimination) is
[[  1.00000000e+00   8.00000000e+00   6.40000000e+01   5.12000000e+02
    4.09600000e+03   3.27680000e+04   2.62144000e+05   2.09715200e+06
    1.67772160e+07   1.34217728e+08   0.00000000e+00   0.00000000e+00]
 [  0.00000000e+00   3.00000000e+00   5.70000000e+01   8.19000000e+02
    1.05450000e+04   1.28283000e+05   1.50941700e+06   1.73900190e+07
    1.97581665e+08   2.22372996e+09   0.00000000e+00   0.00000000e+00]
 [  0.00000000e+00   0.00000000e+00   4.00000000e+00   1.24000000e+02
    2.58000000e+03   4.50200000e+04   7.11284000e+05   1.05479640e+07
    1.49762260e+08   2.06058934e+09   0.00000000e+00   0.00000000e+00]
 [  0.00000000e+00   0.00000000e+00   0.00000000e+00   6.00000000e+00
    2.40000000e+02   6.03000000e+03   1.21800000e+05   2.16312600e+06
    3.52900800e+07   5.42254110e+08   0.00000000e+00   0.00000000e+00]
 [  0.00000000e+00   0.00000000e+00   0.00000000e+00   0.00000000e+00
    4.00000000e+00   2.00000000e+02   6.02000000e+03   1.41400000e+05
    2.85608400e+06   5.20875600e+07   0.00000000e+00   0.00000000e+00]
 [  0.00000000e+00   0.00000000e+00   0.00000000e+00   0.00000000e+00
    0.00000000e+00  -3.02400000e+04  -1.57248000e+06  -4.86561600e+07
   -1.16629632e+09  -2.39245877e+10   0.00000000e+00   0.00000000e+00]
 [  0.00000000e+00   0.00000000e+00   0.00000000e+00   0.00000000e+00
    0.00000000e+00   0.00000000e+00  -7.56000000e+03  -4.30920000e+05
   -1.43186400e+07  -3.63167280e+08   0.00000000e+00   0.00000000e+00]
 [  0.00000000e+00   0.00000000e+00   0.00000000e+00   0.00000000e+00
    0.00000000e+00   0.00000000e+00   0.00000000e+00   3.02400000e+04
    1.81440000e+06   6.27177600e+07   0.00000000e+00   0.00000000e+00]]
--------------------------------------------
Back from rank 16
mtrx4(redundency-based results) now is (9, 100, 1200)
mtrx11 now is
[[  1.00000000e+00   8.00000000e+00   6.40000000e+01   5.12000000e+02
    4.09600000e+03   3.27680000e+04   2.62144000e+05   2.09715200e+06
    1.67772160e+07   1.34217728e+08   0.00000000e+00   0.00000000e+00]
 [  0.00000000e+00   3.00000000e+00   5.70000000e+01   8.19000000e+02
    1.05450000e+04   1.28283000e+05   1.50941700e+06   1.73900190e+07
    1.97581665e+08   2.22372996e+09   0.00000000e+00   0.00000000e+00]
 [  0.00000000e+00   0.00000000e+00   4.00000000e+00   1.24000000e+02
    2.58000000e+03   4.50200000e+04   7.11284000e+05   1.05479640e+07
    1.49762260e+08   2.06058934e+09   0.00000000e+00   0.00000000e+00]
 [  0.00000000e+00   0.00000000e+00   0.00000000e+00   6.00000000e+00
    2.40000000e+02   6.03000000e+03   1.21800000e+05   2.16312600e+06
    3.52900800e+07   5.42254110e+08   0.00000000e+00   0.00000000e+00]
 [  0.00000000e+00   0.00000000e+00   0.00000000e+00   0.00000000e+00
    4.00000000e+00   2.00000000e+02   6.02000000e+03   1.41400000e+05
    2.85608400e+06   5.20875600e+07   0.00000000e+00   0.00000000e+00]
 [  0.00000000e+00   0.00000000e+00   0.00000000e+00   0.00000000e+00
    0.00000000e+00  -3.02400000e+04  -1.57248000e+06  -4.86561600e+07
   -1.16629632e+09  -2.39245877e+10   0.00000000e+00   0.00000000e+00]
 [  0.00000000e+00   0.00000000e+00   0.00000000e+00   0.00000000e+00
    0.00000000e+00   0.00000000e+00  -7.56000000e+03  -4.30920000e+05
   -1.43186400e+07  -3.63167280e+08   0.00000000e+00   0.00000000e+00]
 [  0.00000000e+00   0.00000000e+00   0.00000000e+00   0.00000000e+00
    0.00000000e+00   0.00000000e+00   0.00000000e+00   3.02400000e+04
    1.81440000e+06   6.27177600e+07   0.00000000e+00   0.00000000e+00]
 [  1.00000000e+00   4.00000000e+00   1.60000000e+01   6.40000000e+01
    2.56000000e+02   1.02400000e+03   4.09600000e+03   1.63840000e+04
    6.55360000e+04   2.62144000e+05   1.04857600e+06   4.19430400e+06]]


alpha is 4194304
alpha is 1048576
mtrx11 after simplify is
[[  1.00000000e+00   8.00000000e+00   6.40000000e+01   5.12000000e+02
    4.09600000e+03   3.27680000e+04   2.62144000e+05   2.09715200e+06
    1.67772160e+07   1.34217728e+08   0.00000000e+00   0.00000000e+00]
 [  0.00000000e+00   3.00000000e+00   5.70000000e+01   8.19000000e+02
    1.05450000e+04   1.28283000e+05   1.50941700e+06   1.73900190e+07
    1.97581665e+08   2.22372996e+09   0.00000000e+00   0.00000000e+00]
 [  0.00000000e+00   0.00000000e+00   4.00000000e+00   1.24000000e+02
    2.58000000e+03   4.50200000e+04   7.11284000e+05   1.05479640e+07
    1.49762260e+08   2.06058934e+09   0.00000000e+00   0.00000000e+00]
 [  0.00000000e+00   0.00000000e+00   0.00000000e+00   6.00000000e+00
    2.40000000e+02   6.03000000e+03   1.21800000e+05   2.16312600e+06
    3.52900800e+07   5.42254110e+08   0.00000000e+00   0.00000000e+00]
 [  0.00000000e+00   0.00000000e+00   0.00000000e+00   0.00000000e+00
    4.00000000e+00   2.00000000e+02   6.02000000e+03   1.41400000e+05
    2.85608400e+06   5.20875600e+07   0.00000000e+00   0.00000000e+00]
 [  0.00000000e+00   0.00000000e+00   0.00000000e+00   0.00000000e+00
    0.00000000e+00  -3.02400000e+04  -1.57248000e+06  -4.86561600e+07
   -1.16629632e+09  -2.39245877e+10   0.00000000e+00   0.00000000e+00]
 [  0.00000000e+00   0.00000000e+00   0.00000000e+00   0.00000000e+00
    0.00000000e+00   0.00000000e+00  -7.56000000e+03  -4.30920000e+05
   -1.43186400e+07  -3.63167280e+08   0.00000000e+00   0.00000000e+00]
 [  0.00000000e+00   0.00000000e+00   0.00000000e+00   0.00000000e+00
    0.00000000e+00   0.00000000e+00   0.00000000e+00   3.02400000e+04
    1.81440000e+06   6.27177600e+07   0.00000000e+00   0.00000000e+00]
 [  1.00000000e+00   4.00000000e+00   1.60000000e+01   6.40000000e+01
    2.56000000e+02   1.02400000e+03   4.09600000e+03   1.63840000e+04
    6.55360000e+04   2.62144000e+05   0.00000000e+00   0.00000000e+00]]
pivot is 1
target is 0.0
beta is 0.0
-------------------------------------
target is 0.0
beta is 0.0
-------------------------------------
target is 0.0
beta is 0.0
-------------------------------------
target is 0.0
beta is 0.0
-------------------------------------
target is 0.0
beta is 0.0
-------------------------------------
target is 0.0
beta is 0.0
-------------------------------------
target is 0.0
beta is 0.0
-------------------------------------
target is 1
beta is 1.0
-------------------------------------
pivot is 3.0
target is 0.0
beta is 0.0
-------------------------------------
target is 0.0
beta is 0.0
-------------------------------------
target is 0.0
beta is 0.0
-------------------------------------
target is 0.0
beta is 0.0
-------------------------------------
target is 0.0
beta is 0.0
-------------------------------------
target is 0.0
beta is 0.0
-------------------------------------
target is -4.0
beta is -1.33333333333
-------------------------------------
pivot is 4.0
target is 0.0
beta is 0.0
-------------------------------------
target is 0.0
beta is 0.0
-------------------------------------
target is 0.0
beta is 0.0
-------------------------------------
target is 0.0
beta is 0.0
-------------------------------------
target is 0.0
beta is 0.0
-------------------------------------
target is 28.0
beta is 7.0
-------------------------------------
pivot is 6.0
target is 0.0
beta is 0.0
-------------------------------------
target is 0.0
beta is 0.0
-------------------------------------
target is 0.0
beta is 0.0
-------------------------------------
target is 0.0
beta is 0.0
-------------------------------------
target is -224.0
beta is -37.3333333333
-------------------------------------
pivot is 4.0
target is 0.0
beta is 0.0
-------------------------------------
target is 0.0
beta is 0.0
-------------------------------------
target is 0.0
beta is 0.0
-------------------------------------
target is 1120.0
beta is 280.0
-------------------------------------
pivot is -30240.0
target is 0.0
beta is -0.0
-------------------------------------
target is 0.0
beta is -0.0
-------------------------------------
target is -6720.0
beta is 0.222222222222
-------------------------------------
pivot is -7560.0
target is 0.0
beta is -0.0
-------------------------------------
target is -13440.0
beta is 1.77777777778
-------------------------------------
pivot is 30240.0
target is 13440.0
beta is 0.444444444444
-------------------------------------
mtrx11(coefficients of left terms after forward elimination) is
[[  1.00000000e+00   8.00000000e+00   6.40000000e+01   5.12000000e+02
    4.09600000e+03   3.27680000e+04   2.62144000e+05   2.09715200e+06
    1.67772160e+07   1.34217728e+08   0.00000000e+00   0.00000000e+00]
 [  0.00000000e+00   3.00000000e+00   5.70000000e+01   8.19000000e+02
    1.05450000e+04   1.28283000e+05   1.50941700e+06   1.73900190e+07
    1.97581665e+08   2.22372996e+09   0.00000000e+00   0.00000000e+00]
 [  0.00000000e+00   0.00000000e+00   4.00000000e+00   1.24000000e+02
    2.58000000e+03   4.50200000e+04   7.11284000e+05   1.05479640e+07
    1.49762260e+08   2.06058934e+09   0.00000000e+00   0.00000000e+00]
 [  0.00000000e+00   0.00000000e+00   0.00000000e+00   6.00000000e+00
    2.40000000e+02   6.03000000e+03   1.21800000e+05   2.16312600e+06
    3.52900800e+07   5.42254110e+08   0.00000000e+00   0.00000000e+00]
 [  0.00000000e+00   0.00000000e+00   0.00000000e+00   0.00000000e+00
    4.00000000e+00   2.00000000e+02   6.02000000e+03   1.41400000e+05
    2.85608400e+06   5.20875600e+07   0.00000000e+00   0.00000000e+00]
 [  0.00000000e+00   0.00000000e+00   0.00000000e+00   0.00000000e+00
    0.00000000e+00  -3.02400000e+04  -1.57248000e+06  -4.86561600e+07
   -1.16629632e+09  -2.39245877e+10   0.00000000e+00   0.00000000e+00]
 [  0.00000000e+00   0.00000000e+00   0.00000000e+00   0.00000000e+00
    0.00000000e+00   0.00000000e+00  -7.56000000e+03  -4.30920000e+05
   -1.43186400e+07  -3.63167280e+08   0.00000000e+00   0.00000000e+00]
 [  0.00000000e+00   0.00000000e+00   0.00000000e+00   0.00000000e+00
    0.00000000e+00   0.00000000e+00   0.00000000e+00   3.02400000e+04
    1.81440000e+06   6.27177600e+07   0.00000000e+00   0.00000000e+00]
 [  0.00000000e+00   0.00000000e+00   0.00000000e+00   0.00000000e+00
    0.00000000e+00   0.00000000e+00   0.00000000e+00   0.00000000e+00
    1.34400000e+04   8.60160000e+05   0.00000000e+00   0.00000000e+00]]
--------------------------------------------
Back from rank 4
mtrx5 now is (3, 100, 1200)
alpha is 512
alpha is 819.0
alpha is 124.0
alpha is 6.0
alpha is 0.0
alpha is 0.0
alpha is 0.0
alpha is 0.0
alpha is 0.0
mtrx11 after updated is
[[  1.00000000e+00   8.00000000e+00   6.40000000e+01   0.00000000e+00
    4.09600000e+03   3.27680000e+04   2.62144000e+05   2.09715200e+06
    1.67772160e+07   1.34217728e+08   0.00000000e+00   0.00000000e+00]
 [  0.00000000e+00   3.00000000e+00   5.70000000e+01   0.00000000e+00
    1.05450000e+04   1.28283000e+05   1.50941700e+06   1.73900190e+07
    1.97581665e+08   2.22372996e+09   0.00000000e+00   0.00000000e+00]
 [  0.00000000e+00   0.00000000e+00   4.00000000e+00   0.00000000e+00
    2.58000000e+03   4.50200000e+04   7.11284000e+05   1.05479640e+07
    1.49762260e+08   2.06058934e+09   0.00000000e+00   0.00000000e+00]
 [  0.00000000e+00   0.00000000e+00   0.00000000e+00   0.00000000e+00
    2.40000000e+02   6.03000000e+03   1.21800000e+05   2.16312600e+06
    3.52900800e+07   5.42254110e+08   0.00000000e+00   0.00000000e+00]
 [  0.00000000e+00   0.00000000e+00   0.00000000e+00   0.00000000e+00
    4.00000000e+00   2.00000000e+02   6.02000000e+03   1.41400000e+05
    2.85608400e+06   5.20875600e+07   0.00000000e+00   0.00000000e+00]
 [  0.00000000e+00   0.00000000e+00   0.00000000e+00   0.00000000e+00
    0.00000000e+00  -3.02400000e+04  -1.57248000e+06  -4.86561600e+07
   -1.16629632e+09  -2.39245877e+10   0.00000000e+00   0.00000000e+00]
 [  0.00000000e+00   0.00000000e+00   0.00000000e+00   0.00000000e+00
    0.00000000e+00   0.00000000e+00  -7.56000000e+03  -4.30920000e+05
   -1.43186400e+07  -3.63167280e+08   0.00000000e+00   0.00000000e+00]
 [  0.00000000e+00   0.00000000e+00   0.00000000e+00   0.00000000e+00
    0.00000000e+00   0.00000000e+00   0.00000000e+00   3.02400000e+04
    1.81440000e+06   6.27177600e+07   0.00000000e+00   0.00000000e+00]
 [  0.00000000e+00   0.00000000e+00   0.00000000e+00   0.00000000e+00
    0.00000000e+00   0.00000000e+00   0.00000000e+00   0.00000000e+00
    1.34400000e+04   8.60160000e+05   0.00000000e+00   0.00000000e+00]]
pivot is 1
target is 0.0
beta is 0.0
-------------------------------------
target is 0.0
beta is 0.0
-------------------------------------
target is 0.0
beta is 0.0
-------------------------------------
target is 0.0
beta is 0.0
-------------------------------------
target is 0.0
beta is 0.0
-------------------------------------
target is 0.0
beta is 0.0
-------------------------------------
target is 0.0
beta is 0.0
-------------------------------------
target is 0.0
beta is 0.0
-------------------------------------
pivot is 3.0
target is 0.0
beta is 0.0
-------------------------------------
target is 0.0
beta is 0.0
-------------------------------------
target is 0.0
beta is 0.0
-------------------------------------
target is 0.0
beta is 0.0
-------------------------------------
target is 0.0
beta is 0.0
-------------------------------------
target is 0.0
beta is 0.0
-------------------------------------
target is 0.0
beta is 0.0
-------------------------------------
pivot is 4.0
target is 0.0
beta is 0.0
-------------------------------------
target is 0.0
beta is 0.0
-------------------------------------
target is 0.0
beta is 0.0
-------------------------------------
target is 0.0
beta is 0.0
-------------------------------------
target is 0.0
beta is 0.0
-------------------------------------
target is 0.0
beta is 0.0
-------------------------------------
pivot is 0.0
pivot should not be 0, go to next col which is not 0...
pivot now should be 240.0
target should be 4.0
beta should be 0.0166666666667
mtrx11 now should be
[[  1.00000000e+00   8.00000000e+00   6.40000000e+01   0.00000000e+00
    4.09600000e+03   3.27680000e+04   2.62144000e+05   2.09715200e+06
    1.67772160e+07   1.34217728e+08   0.00000000e+00   0.00000000e+00]
 [  0.00000000e+00   3.00000000e+00   5.70000000e+01   0.00000000e+00
    1.05450000e+04   1.28283000e+05   1.50941700e+06   1.73900190e+07
    1.97581665e+08   2.22372996e+09   0.00000000e+00   0.00000000e+00]
 [  0.00000000e+00   0.00000000e+00   4.00000000e+00   0.00000000e+00
    2.58000000e+03   4.50200000e+04   7.11284000e+05   1.05479640e+07
    1.49762260e+08   2.06058934e+09   0.00000000e+00   0.00000000e+00]
 [  0.00000000e+00   0.00000000e+00   0.00000000e+00   0.00000000e+00
    2.40000000e+02   6.03000000e+03   1.21800000e+05   2.16312600e+06
    3.52900800e+07   5.42254110e+08   0.00000000e+00   0.00000000e+00]
 [  0.00000000e+00   0.00000000e+00   0.00000000e+00   0.00000000e+00
    0.00000000e+00   9.95000000e+01   3.99000000e+03   1.05347900e+05
    2.26791600e+06   4.30499915e+07   0.00000000e+00   0.00000000e+00]
 [  0.00000000e+00   0.00000000e+00   0.00000000e+00   0.00000000e+00
    0.00000000e+00  -3.02400000e+04  -1.57248000e+06  -4.86561600e+07
   -1.16629632e+09  -2.39245877e+10   0.00000000e+00   0.00000000e+00]
 [  0.00000000e+00   0.00000000e+00   0.00000000e+00   0.00000000e+00
    0.00000000e+00   0.00000000e+00  -7.56000000e+03  -4.30920000e+05
   -1.43186400e+07  -3.63167280e+08   0.00000000e+00   0.00000000e+00]
 [  0.00000000e+00   0.00000000e+00   0.00000000e+00   0.00000000e+00
    0.00000000e+00   0.00000000e+00   0.00000000e+00   3.02400000e+04
    1.81440000e+06   6.27177600e+07   0.00000000e+00   0.00000000e+00]
 [  0.00000000e+00   0.00000000e+00   0.00000000e+00   0.00000000e+00
    0.00000000e+00   0.00000000e+00   0.00000000e+00   0.00000000e+00
    1.34400000e+04   8.60160000e+05   0.00000000e+00   0.00000000e+00]]
-------------------------------------
target should be 0.0
beta should be 0.0
mtrx11 now should be
[[  1.00000000e+00   8.00000000e+00   6.40000000e+01   0.00000000e+00
    4.09600000e+03   3.27680000e+04   2.62144000e+05   2.09715200e+06
    1.67772160e+07   1.34217728e+08   0.00000000e+00   0.00000000e+00]
 [  0.00000000e+00   3.00000000e+00   5.70000000e+01   0.00000000e+00
    1.05450000e+04   1.28283000e+05   1.50941700e+06   1.73900190e+07
    1.97581665e+08   2.22372996e+09   0.00000000e+00   0.00000000e+00]
 [  0.00000000e+00   0.00000000e+00   4.00000000e+00   0.00000000e+00
    2.58000000e+03   4.50200000e+04   7.11284000e+05   1.05479640e+07
    1.49762260e+08   2.06058934e+09   0.00000000e+00   0.00000000e+00]
 [  0.00000000e+00   0.00000000e+00   0.00000000e+00   0.00000000e+00
    2.40000000e+02   6.03000000e+03   1.21800000e+05   2.16312600e+06
    3.52900800e+07   5.42254110e+08   0.00000000e+00   0.00000000e+00]
 [  0.00000000e+00   0.00000000e+00   0.00000000e+00   0.00000000e+00
    0.00000000e+00   9.95000000e+01   3.99000000e+03   1.05347900e+05
    2.26791600e+06   4.30499915e+07   0.00000000e+00   0.00000000e+00]
 [  0.00000000e+00   0.00000000e+00   0.00000000e+00   0.00000000e+00
    0.00000000e+00  -3.02400000e+04  -1.57248000e+06  -4.86561600e+07
   -1.16629632e+09  -2.39245877e+10   0.00000000e+00   0.00000000e+00]
 [  0.00000000e+00   0.00000000e+00   0.00000000e+00   0.00000000e+00
    0.00000000e+00   0.00000000e+00  -7.56000000e+03  -4.30920000e+05
   -1.43186400e+07  -3.63167280e+08   0.00000000e+00   0.00000000e+00]
 [  0.00000000e+00   0.00000000e+00   0.00000000e+00   0.00000000e+00
    0.00000000e+00   0.00000000e+00   0.00000000e+00   3.02400000e+04
    1.81440000e+06   6.27177600e+07   0.00000000e+00   0.00000000e+00]
 [  0.00000000e+00   0.00000000e+00   0.00000000e+00   0.00000000e+00
    0.00000000e+00   0.00000000e+00   0.00000000e+00   0.00000000e+00
    1.34400000e+04   8.60160000e+05   0.00000000e+00   0.00000000e+00]]
-------------------------------------
target should be 0.0
beta should be 0.0
mtrx11 now should be
[[  1.00000000e+00   8.00000000e+00   6.40000000e+01   0.00000000e+00
    4.09600000e+03   3.27680000e+04   2.62144000e+05   2.09715200e+06
    1.67772160e+07   1.34217728e+08   0.00000000e+00   0.00000000e+00]
 [  0.00000000e+00   3.00000000e+00   5.70000000e+01   0.00000000e+00
    1.05450000e+04   1.28283000e+05   1.50941700e+06   1.73900190e+07
    1.97581665e+08   2.22372996e+09   0.00000000e+00   0.00000000e+00]
 [  0.00000000e+00   0.00000000e+00   4.00000000e+00   0.00000000e+00
    2.58000000e+03   4.50200000e+04   7.11284000e+05   1.05479640e+07
    1.49762260e+08   2.06058934e+09   0.00000000e+00   0.00000000e+00]
 [  0.00000000e+00   0.00000000e+00   0.00000000e+00   0.00000000e+00
    2.40000000e+02   6.03000000e+03   1.21800000e+05   2.16312600e+06
    3.52900800e+07   5.42254110e+08   0.00000000e+00   0.00000000e+00]
 [  0.00000000e+00   0.00000000e+00   0.00000000e+00   0.00000000e+00
    0.00000000e+00   9.95000000e+01   3.99000000e+03   1.05347900e+05
    2.26791600e+06   4.30499915e+07   0.00000000e+00   0.00000000e+00]
 [  0.00000000e+00   0.00000000e+00   0.00000000e+00   0.00000000e+00
    0.00000000e+00  -3.02400000e+04  -1.57248000e+06  -4.86561600e+07
   -1.16629632e+09  -2.39245877e+10   0.00000000e+00   0.00000000e+00]
 [  0.00000000e+00   0.00000000e+00   0.00000000e+00   0.00000000e+00
    0.00000000e+00   0.00000000e+00  -7.56000000e+03  -4.30920000e+05
   -1.43186400e+07  -3.63167280e+08   0.00000000e+00   0.00000000e+00]
 [  0.00000000e+00   0.00000000e+00   0.00000000e+00   0.00000000e+00
    0.00000000e+00   0.00000000e+00   0.00000000e+00   3.02400000e+04
    1.81440000e+06   6.27177600e+07   0.00000000e+00   0.00000000e+00]
 [  0.00000000e+00   0.00000000e+00   0.00000000e+00   0.00000000e+00
    0.00000000e+00   0.00000000e+00   0.00000000e+00   0.00000000e+00
    1.34400000e+04   8.60160000e+05   0.00000000e+00   0.00000000e+00]]
-------------------------------------
target should be 0.0
beta should be 0.0
mtrx11 now should be
[[  1.00000000e+00   8.00000000e+00   6.40000000e+01   0.00000000e+00
    4.09600000e+03   3.27680000e+04   2.62144000e+05   2.09715200e+06
    1.67772160e+07   1.34217728e+08   0.00000000e+00   0.00000000e+00]
 [  0.00000000e+00   3.00000000e+00   5.70000000e+01   0.00000000e+00
    1.05450000e+04   1.28283000e+05   1.50941700e+06   1.73900190e+07
    1.97581665e+08   2.22372996e+09   0.00000000e+00   0.00000000e+00]
 [  0.00000000e+00   0.00000000e+00   4.00000000e+00   0.00000000e+00
    2.58000000e+03   4.50200000e+04   7.11284000e+05   1.05479640e+07
    1.49762260e+08   2.06058934e+09   0.00000000e+00   0.00000000e+00]
 [  0.00000000e+00   0.00000000e+00   0.00000000e+00   0.00000000e+00
    2.40000000e+02   6.03000000e+03   1.21800000e+05   2.16312600e+06
    3.52900800e+07   5.42254110e+08   0.00000000e+00   0.00000000e+00]
 [  0.00000000e+00   0.00000000e+00   0.00000000e+00   0.00000000e+00
    0.00000000e+00   9.95000000e+01   3.99000000e+03   1.05347900e+05
    2.26791600e+06   4.30499915e+07   0.00000000e+00   0.00000000e+00]
 [  0.00000000e+00   0.00000000e+00   0.00000000e+00   0.00000000e+00
    0.00000000e+00  -3.02400000e+04  -1.57248000e+06  -4.86561600e+07
   -1.16629632e+09  -2.39245877e+10   0.00000000e+00   0.00000000e+00]
 [  0.00000000e+00   0.00000000e+00   0.00000000e+00   0.00000000e+00
    0.00000000e+00   0.00000000e+00  -7.56000000e+03  -4.30920000e+05
   -1.43186400e+07  -3.63167280e+08   0.00000000e+00   0.00000000e+00]
 [  0.00000000e+00   0.00000000e+00   0.00000000e+00   0.00000000e+00
    0.00000000e+00   0.00000000e+00   0.00000000e+00   3.02400000e+04
    1.81440000e+06   6.27177600e+07   0.00000000e+00   0.00000000e+00]
 [  0.00000000e+00   0.00000000e+00   0.00000000e+00   0.00000000e+00
    0.00000000e+00   0.00000000e+00   0.00000000e+00   0.00000000e+00
    1.34400000e+04   8.60160000e+05   0.00000000e+00   0.00000000e+00]]
-------------------------------------
target should be 0.0
beta should be 0.0
mtrx11 now should be
[[  1.00000000e+00   8.00000000e+00   6.40000000e+01   0.00000000e+00
    4.09600000e+03   3.27680000e+04   2.62144000e+05   2.09715200e+06
    1.67772160e+07   1.34217728e+08   0.00000000e+00   0.00000000e+00]
 [  0.00000000e+00   3.00000000e+00   5.70000000e+01   0.00000000e+00
    1.05450000e+04   1.28283000e+05   1.50941700e+06   1.73900190e+07
    1.97581665e+08   2.22372996e+09   0.00000000e+00   0.00000000e+00]
 [  0.00000000e+00   0.00000000e+00   4.00000000e+00   0.00000000e+00
    2.58000000e+03   4.50200000e+04   7.11284000e+05   1.05479640e+07
    1.49762260e+08   2.06058934e+09   0.00000000e+00   0.00000000e+00]
 [  0.00000000e+00   0.00000000e+00   0.00000000e+00   0.00000000e+00
    2.40000000e+02   6.03000000e+03   1.21800000e+05   2.16312600e+06
    3.52900800e+07   5.42254110e+08   0.00000000e+00   0.00000000e+00]
 [  0.00000000e+00   0.00000000e+00   0.00000000e+00   0.00000000e+00
    0.00000000e+00   9.95000000e+01   3.99000000e+03   1.05347900e+05
    2.26791600e+06   4.30499915e+07   0.00000000e+00   0.00000000e+00]
 [  0.00000000e+00   0.00000000e+00   0.00000000e+00   0.00000000e+00
    0.00000000e+00  -3.02400000e+04  -1.57248000e+06  -4.86561600e+07
   -1.16629632e+09  -2.39245877e+10   0.00000000e+00   0.00000000e+00]
 [  0.00000000e+00   0.00000000e+00   0.00000000e+00   0.00000000e+00
    0.00000000e+00   0.00000000e+00  -7.56000000e+03  -4.30920000e+05
   -1.43186400e+07  -3.63167280e+08   0.00000000e+00   0.00000000e+00]
 [  0.00000000e+00   0.00000000e+00   0.00000000e+00   0.00000000e+00
    0.00000000e+00   0.00000000e+00   0.00000000e+00   3.02400000e+04
    1.81440000e+06   6.27177600e+07   0.00000000e+00   0.00000000e+00]
 [  0.00000000e+00   0.00000000e+00   0.00000000e+00   0.00000000e+00
    0.00000000e+00   0.00000000e+00   0.00000000e+00   0.00000000e+00
    1.34400000e+04   8.60160000e+05   0.00000000e+00   0.00000000e+00]]
-------------------------------------
pivot is 99.5
target is -30240.0
beta is -303.91959799
-------------------------------------
target is 0.0
beta is 0.0
-------------------------------------
target is 0.0
beta is 0.0
-------------------------------------
target is 0.0
beta is 0.0
-------------------------------------
pivot is -359840.80402
target is -7560.0
beta is 0.0210092905405
-------------------------------------
target is 0.0
beta is -0.0
-------------------------------------
target is 0.0
beta is -0.0
-------------------------------------
pivot is -81349.1756757
target is 30240.0
beta is -0.371730871872
-------------------------------------
target is 0.0
beta is -0.0
-------------------------------------
pivot is 217246.453801
target is 13440.0
beta is 0.0618652215715
-------------------------------------




mtrx12(index of left terms) is [1, 2, 3, 5, 6, 7, 8, 9, 10]
mtrx11(triangular matrix) is
[[  1.00000000e+00   8.00000000e+00   6.40000000e+01   4.09600000e+03
    3.27680000e+04   2.62144000e+05   2.09715200e+06   1.67772160e+07
    1.34217728e+08]
 [  0.00000000e+00   3.00000000e+00   5.70000000e+01   1.05450000e+04
    1.28283000e+05   1.50941700e+06   1.73900190e+07   1.97581665e+08
    2.22372996e+09]
 [  0.00000000e+00   0.00000000e+00   4.00000000e+00   2.58000000e+03
    4.50200000e+04   7.11284000e+05   1.05479640e+07   1.49762260e+08
    2.06058934e+09]
 [  0.00000000e+00   0.00000000e+00   0.00000000e+00   2.40000000e+02
    6.03000000e+03   1.21800000e+05   2.16312600e+06   3.52900800e+07
    5.42254110e+08]
 [  0.00000000e+00   0.00000000e+00   0.00000000e+00   0.00000000e+00
    9.95000000e+01   3.99000000e+03   1.05347900e+05   2.26791600e+06
    4.30499915e+07]
 [  0.00000000e+00   0.00000000e+00   0.00000000e+00   0.00000000e+00
    0.00000000e+00  -3.59840804e+05  -1.66388686e+07  -4.77032201e+08
   -1.08408516e+10]
 [  0.00000000e+00   0.00000000e+00   0.00000000e+00   0.00000000e+00
    0.00000000e+00   0.00000000e+00  -8.13491757e+04  -4.29653189e+06
   -1.35408680e+08]
 [  0.00000000e+00   0.00000000e+00   0.00000000e+00   0.00000000e+00
    0.00000000e+00   0.00000000e+00   0.00000000e+00   2.17246454e+05
    1.23821735e+07]
 [  0.00000000e+00   0.00000000e+00   0.00000000e+00   0.00000000e+00
    0.00000000e+00   0.00000000e+00   0.00000000e+00   0.00000000e+00
    9.41340960e+04]]
%%%%%%%%%%%%%%%%%%%%%%%%%%%%%%%%%%%%%%%%%%%%%%%%%%%%%%%%%%%
Finally, mtrx4(redundency-based results) is
(9, 100, 1200)
mtrx6(ranks who have contributions to the redundency-based results): [20, 23, 24, 21, 22, 14, 17, 15, 16]
++++++++++++++++++++++++++++++++++++++++
Finally, mtrx5 is
(3, 100, 1200)
mtrx7(ranks who have contributions to the results): [12, 11, 4]
%%%%%%%%%%%%%%%%%%%%%%%%%%%%%%%%%%%%%%%%%%%%%%%%%%%%%%%%%%%
useless workers: []


result now is
[[[ 2835.10241699  2685.99401855  2673.98748779 ...,  2677.57086182
    2739.05834961  2708.00476074]
  [ 2766.98535156  2752.0748291   2694.00500488 ...,  2835.08605957
    2737.99755859  2646.60229492]
  [ 2761.0357666   2672.02172852  2692.99639893 ...,  2741.01098633
    2743.00610352  2718.01611328]
  ..., 
  [ 2840.12554932  2748.07446289  2603.63336182 ...,  2816.17376709
    2815.10290527  2785.07196045]
  [ 2837.07635498  2670.02197266  2700.02349854 ...,  2754.05438232
    2747.03326416  2716.98962402]
  [ 2753.99041748  2584.61260986  2597.60656738 ...,  2660.61804199
    2745.03991699  2782.04602051]]

 [[ 2665.23046875  2673.00032552  2683.00292969 ...,  2825.92285156
    2736.98307292  2696.99804688]
  [ 2746.00553385  2583.23665365  2682.99479167 ...,  2648.23307292
    2745.99707031  2783.91341146]
  [ 2747.98860677  2650.99153646  2684.99804688 ...,  2730.99934896
    2720.99414062  2702.99576823]
  ..., 
  [ 2653.22005208  2577.23958333  2769.90299479 ...,  2646.20898438
    2649.22851562  2612.23535156]
  [ 2707.24121094  2709.99153646  2710.99088542 ...,  2762.98535156
    2768.99544271  2729.0016276 ]
  [ 2674.99869792  2666.90559896  2678.91276042 ...,  2739.90852865
    2655.98632812  2545.24869792]]

 [[ 2752.10107422  2649.00024414  2660.         ...,  2687.22875977
    2716.00170898  2679.00024414]
  [ 2711.99926758  2670.10058594  2650.00097656 ...,  2729.10107422
    2694.00097656  2655.22998047]
  [ 2725.0012207   2627.0012207   2645.00073242 ...,  2682.99975586
    2695.00097656  2666.00024414]
  ..., 
  [ 2775.10253906  2732.10009766  2672.23095703 ...,  2778.10302734
    2763.1015625   2756.10131836]
  [ 2825.09960938  2720.0012207   2733.00146484 ...,  2784.0012207
    2785.99975586  2759.        ]
  [ 2725.00073242  2644.23144531  2658.22973633 ...,  2707.23046875
    2740.00170898  2730.09912109]]

 ..., 
 [[ 2688.00600773  2630.00000003  2633.00000004 ...,  2687.99413197
    2687.00000005  2667.00000001]
  [ 2694.99999998  2629.0060077   2649.00000003 ...,  2683.00600773
    2692.00000006  2644.99413203]
  [ 2712.00000002  2635.00000004  2649.00000005 ...,  2706.          2692.00000003
    2662.99999998]
  ..., 
  [ 2744.00600776  2641.00600772  2666.99413204 ...,  2730.00600772
    2709.00600776  2685.00600777]
  [ 2738.0060077   2671.00000007  2677.00000009 ...,  2728.00000003
    2732.99999997  2710.        ]
  [ 2715.00000004  2643.99413209  2660.99413201 ...,  2702.99413205
    2696.00000005  2681.00600769]]

 [[ 2755.99975416  2668.          2689.         ...,  2744.00023979  2734.
    2706.        ]
  [ 2791.          2719.99975416  2739.         ...,  2787.99975416  2798.
    2762.00023978]
  [ 2723.          2645.          2678.         ...,  2733.          2722.
    2687.        ]
  ..., 
  [ 2746.99975416  2661.99975416  2675.00023978 ...,  2740.99975416
    2734.99975416  2687.99975416]
  [ 2734.99975416  2669.          2657.         ...,  2717.          2716.
    2691.        ]
  [ 2728.          2649.00023978  2658.00023979 ...,  2707.00023978  2703.
    2673.99975416]]

 [[ 2690.00000419  2620.          2635.         ...,  2683.99999591  2687.
    2650.        ]
  [ 2716.          2651.00000419  2658.         ...,  2721.00000419  2714.
    2685.99999591]
  [ 2706.          2633.          2646.         ...,  2684.          2674.
    2664.        ]
  ..., 
  [ 2727.00000419  2662.00000419  2664.99999591 ...,  2724.00000419
    2712.00000419  2675.00000419]
  [ 2796.00000419  2711.          2719.         ...,  2778.          2784.
    2758.        ]
  [ 2774.          2694.99999591  2705.99999591 ...,  2745.99999591  2751.
    2724.00000419]]]


========================================================
--------------------------------------------------------------
mtrx5:
[[[2683 2586 2626 ..., 2670 2641 2629]
  [2728 2655 2673 ..., 2720 2707 2698]
  [2728 2637 2653 ..., 2697 2718 2684]
  ..., 
  [2790 2702 2706 ..., 2771 2761 2749]
  [2659 2601 2608 ..., 2687 2663 2652]
  [2785 2706 2717 ..., 2768 2777 2728]]

 [[2751 2673 2700 ..., 2747 2755 2718]
  [2737 2671 2674 ..., 2730 2726 2692]
  [2768 2691 2706 ..., 2750 2741 2723]
  ..., 
  [2736 2651 2650 ..., 2730 2707 2689]
  [2797 2698 2723 ..., 2772 2767 2748]
  [2747 2669 2702 ..., 2724 2749 2708]]

 [[2785 2713 2715 ..., 2773 2750 2742]
  [2813 2729 2740 ..., 2796 2777 2775]
  [2784 2721 2729 ..., 2764 2771 2753]
  ..., 
  [2707 2620 2622 ..., 2697 2698 2635]
  [2787 2698 2714 ..., 2771 2774 2747]
  [2731 2644 2674 ..., 2732 2723 2694]]]
--------------------------------------------------------------


Time taken in seconds(with sleep) 54.3392539024353


--------------------------------------------------------------
just for comparing...
mtrx1 * mtrx2:
[[2756 2686 2674 ..., 2756 2739 2708]
 [2767 2673 2694 ..., 2756 2738 2725]
 [2761 2672 2693 ..., 2741 2743 2718]
 ..., 
 [2790 2702 2706 ..., 2771 2761 2749]
 [2659 2601 2608 ..., 2687 2663 2652]
 [2785 2706 2717 ..., 2768 2777 2728]]
------------------------------------------------------
Running PBS epilogue script    - 05-Mar-2020 13:56:47
------------------------------------------------------
Checking node qb024 (MS)
Checking node qb089 ok
Checking node qb024 ok
------------------------------------------------------
Concluding PBS epilogue script - 05-Mar-2020 13:56:50
------------------------------------------------------
Exit Status:     0
Job ID:          760034.qb3
Username:        jianjun
Group:           latechusers
Job Name:        test.pbs
Session Id:      20951
Resource Limits: ncpus=1,neednodes=2:ppn=20,nodes=2:ppn=20,walltime=24:00:00
Resources Used:  cput=00:23:29,mem=1219616kb,vmem=20972424kb,walltime=00:01:19
Queue Used:      checkpt
Account String:  loni_codedcomp
Node:            qb024
Process id:      21980
------------------------------------------------------
