--------------------------------------
Running PBS prologue script
--------------------------------------
User and Job Data:
--------------------------------------
Job ID:    765670.qb3
Username:  jianjun
Group:     latechusers
Date:      27-Mar-2020 09:53
Node:      qb061 (83639)
--------------------------------------
PBS has allocated the following nodes:

qb061
qb096
qb097

A total of 60 processors on 3 nodes allocated
---------------------------------------------
Check nodes and clean them of stray processes
---------------------------------------------
Checking node qb061 09:53:25 
Checking node qb096 09:53:26 
Checking node qb097 09:53:28 
Done clearing all the allocated nodes
------------------------------------------------------
Concluding PBS prologue script - 27-Mar-2020 09:53:28
------------------------------------------------------
encoder shape: (2000, 1000)
mtrx1Coded shape: (2000, 1000)
mtrx2 shape: (1000, 1000)
There are totally 40 blocks for workers.
Back from rank 40
Back from rank 39
Back from rank 38
Back from rank 37
Back from rank 36
Back from rank 35
Back from rank 34
Back from rank 33
Back from rank 32
Back from rank 31
Back from rank 30
Back from rank 29
Back from rank 28
Back from rank 27
Back from rank 26
Back from rank 25
Back from rank 24
Back from rank 23
Back from rank 22
Back from rank 21
Finally, mtrx4(redundency-based results) is
(20, 50, 1000)
mtrx6(ranks who have contributions to the redundency-based results): [40, 39, 38, 37, 36, 35, 34, 33, 32, 31, 30, 29, 28, 27, 26, 25, 24, 23, 22, 21]
Finally, mtrx5 is
(0,)
mtrx7(ranks who have contributions to the results): []


starting decoding...


results for workers of mtrx9 which are [1, 2, 3, 4, 5, 6, 7, 8, 9, 10, 11, 12, 13, 14, 15, 16, 17, 18, 19, 20]
[[[ 232.69640292  237.85789176  211.52148981 ...,  217.54207548
    214.28995433  236.48551987]
  [ 236.00225929  220.4048846   229.29445985 ...,  237.60696526
    232.58364039  259.19985869]
  [ 253.37180376  230.63227773  237.53785293 ...,  226.92686791
    229.60718414  219.44813583]
  ..., 
  [ 227.0471007   214.60547037  230.84130776 ...,  233.05907026
    234.89536339  246.84104254]
  [ 233.49028758  230.37708497  209.0555408  ...,  228.71703766
    209.65601299  217.70692943]
  [ 231.9104805   236.28979985  220.82203097 ...,  224.71438157
    223.47899423  230.73094726]]

 [[ 243.63195937  262.59756332  250.89865201 ...,  249.55972348
    250.81711893  270.02379333]
  [ 278.45391406  298.10646246  303.61429585 ...,  285.394729    271.00426103
    282.19481161]
  [ 272.26392231  258.83979989  285.93631199 ...,  271.13704203
    248.90178619  294.78484737]
  ..., 
  [ 283.02043526  277.48139326  250.27512091 ...,  254.30921658
    261.46888203  284.10896702]
  [ 284.35062212  289.11558851  277.24618904 ...,  244.20490805
    270.47695576  268.73646211]
  [ 262.56873935  236.0975406   252.57363436 ...,  235.30185373
    245.80209559  250.15216775]]

 [[ 244.73927907  251.69331379  248.55653049 ...,  225.37066557
    226.18874348  235.45553246]
  [ 255.56087734  238.65389394  228.05139745 ...,  253.89763437
    227.74490404  257.5126531 ]
  [ 248.4564244   249.50649547  231.00379158 ...,  224.4232805
    238.87266738  211.42186487]
  ..., 
  [ 257.65998334  212.08479372  230.73565689 ...,  213.97772669
    220.37242355  215.94933334]
  [ 240.26185032  224.41145803  240.79417814 ...,  251.54854397
    210.67829899  248.92428457]
  [ 236.20207911  245.5707545   214.39520861 ...,  233.47017492
    232.86810074  241.06856069]]

 ..., 
 [[ 278.31560195  256.99956875  256.248817   ...,  261.78572623  246.921339
    286.11997339]
  [ 266.69067146  258.72976542  256.01243021 ...,  246.88803615
    242.52096382  267.28338183]
  [ 276.44460475  269.07097657  273.78168794 ...,  260.78568328
    259.22625407  270.40876155]
  ..., 
  [ 257.87125564  249.64206613  251.89752623 ...,  237.15872858
    230.52082742  256.15819413]
  [ 267.56394626  266.3814719   258.76149114 ...,  258.99586262
    258.08818436  276.59465063]
  [ 253.78602292  258.1420031   235.76418673 ...,  232.32063453
    246.31729279  266.08202909]]

 [[ 244.95377144  252.1052046   256.92342002 ...,  256.16631056
    255.27047411  258.09904634]
  [ 266.8689483   256.28942945  267.06802392 ...,  272.84799253
    251.15042041  265.55840217]
  [ 271.46347082  277.15890166  275.59341984 ...,  269.91154319
    245.89138349  275.66560582]
  ..., 
  [ 248.34632266  254.18360178  245.61687103 ...,  263.838181    243.35922043
    254.42758595]
  [ 237.96889671  241.02975041  238.54282366 ...,  233.39602957
    229.39623732  245.18173063]
  [ 260.69136398  260.45208527  261.17634466 ...,  247.40885064
    242.19799516  273.9683658 ]]

 [[ 266.45114771  272.46168646  264.4030686  ...,  261.36222512
    246.39378468  272.55437902]
  [ 252.48470457  248.44982892  259.46419907 ...,  250.38568837
    266.38827753  236.48222442]
  [ 249.44410314  247.45687272  247.57420739 ...,  244.44059463
    244.47825575  256.57921221]
  ..., 
  [ 260.480601    243.46847338  257.43521672 ...,  239.4247569
    241.40355882  247.4408824 ]
  [ 237.41327851  232.44155283  237.40905776 ...,  233.39048272
    228.36825403  245.43643321]
  [ 236.52721842  238.42580057  244.37508666 ...,  225.41601459
    224.40132316  235.48723203]]]
--------------------------------------------------------------
mtrx5:
[]
--------------------------------------------------------------


Time taken in seconds(with sleep) 0.1416623592376709


--------------------------------------------------------------
just for comparing...
mtrx1 * mtrx2:
[[247 245 226 ..., 237 234 259]
 [242 236 252 ..., 248 248 264]
 [262 238 262 ..., 249 228 252]
 ..., 
 [260 243 257 ..., 239 241 247]
 [237 232 237 ..., 233 228 245]
 [236 238 244 ..., 225 224 235]]
------------------------------------------------------
Running PBS epilogue script    - 27-Mar-2020 09:53:33
------------------------------------------------------
Checking node qb061 (MS)
Checking node qb097 ok
Checking node qb096 ok
Checking node qb061 ok
------------------------------------------------------
Concluding PBS epilogue script - 27-Mar-2020 09:53:38
------------------------------------------------------
Exit Status:     0
Job ID:          765670.qb3
Username:        jianjun
Group:           latechusers
Job Name:        test1.pbs
Session Id:      83638
Resource Limits: ncpus=1,neednodes=3:ppn=20,nodes=3:ppn=20,walltime=24:00:00
Resources Used:  cput=00:01:15,mem=604kb,vmem=13500kb,walltime=00:00:05
Queue Used:      checkpt
Account String:  loni_codedcomp
Node:            qb061
Process id:      84672
------------------------------------------------------
