--------------------------------------
Running PBS prologue script
--------------------------------------
User and Job Data:
--------------------------------------
Job ID:    769738.qb3
Username:  jianjun
Group:     latechusers
Date:      16-Apr-2020 20:47
Node:      qb129 (21364)
--------------------------------------
PBS has allocated the following nodes:

qb129

A total of 20 processors on 1 nodes allocated
---------------------------------------------
Check nodes and clean them of stray processes
---------------------------------------------
Checking node qb129 20:47:17 
Done clearing all the allocated nodes
------------------------------------------------------
Concluding PBS prologue script - 16-Apr-2020 20:47:17
------------------------------------------------------


poly shape: (18, 9)
encoder shape: (18000, 9000)
mtrx1Coded shape: (18000, 9000)
mtrx2 shape: (9000, 9000)


redun coefficients is
[[       1       -9       36      -84      126     -126       84      -36
         9]
 [       9      -80      315     -720     1050    -1008      630     -240
        44]
 [      45     -396     1540    -3465     4950    -4620     2772     -990
       165]
 [     164    -1440     5544   -12320    17325   -15840     9240    -3167
       495]
 [     495    -4289    16380   -36036    50050   -45045    25740    -8580
      1286]
 [    1287   -11088    42041   -91728   126125  -112111    63063   -20592
      3003]
 [    3003   -25740    97020  -210209   286650  -252251   140140   -45045
      6435]
 [    6434   -54912   205920  -443520   600600  -524160   288288   -91519
     12870]
 [   12870  -109394   408408  -875160  1178100 -1021020   556920  -175031
     24309]]


mtrx11(triangular matrix) is
[[ -2.57400000e+04   9.70200000e+04  -2.52251000e+05  -4.50450000e+04]
 [  0.00000000e+00   2.07692308e+00  -3.78003497e+01  -2.02500000e+01]
 [  0.00000000e+00   0.00000000e+00  -2.03665104e+04  -2.18430000e+04]
 [  0.00000000e+00   0.00000000e+00   0.00000000e+00   9.04635565e+01]]
%%%%%%%%%%%%%%%%%%%%%%%%%%%%%%%%%%%%%%%%%%%%%%%%%%%%%%%%%%%
Finally, mtrx4(redundency-based results) is
(4, 1000, 9000)
mtrx6(ranks who have contributions to the redundency-based results): [16, 10, 18, 15]
++++++++++++++++++++++++++++++++++++++++
Finally, mtrx5 is
(5, 1000, 9000)
mtrx7(ranks who have contributions to the results): [5, 1, 7, 9, 4]
%%%%%%%%%%%%%%%%%%%%%%%%%%%%%%%%%%%%%%%%%%%%%%%%%%%%%%%%%%%


result now is
[[[ 2252.99999999  2317.          2282.99999999 ...,  2303.99999999  2284.
    2211.99999999]
  [ 2281.          2312.99999999  2315.         ...,  2259.          2259.99999999
    2195.99999999]
  [ 2220.          2301.          2220.         ...,  2326.99999999
    2236.99999999  2209.        ]
  ..., 
  [ 2227.          2317.99999999  2289.99999999 ...,  2302.99999999
    2233.99999999  2228.99999999]
  [ 2248.          2325.99999999  2330.         ...,  2286.          2255.99999999
    2237.        ]
  [ 2264.          2300.99999999  2294.         ...,  2266.99999999
    2283.99999999  2254.        ]]

 [[ 2217.          2292.          2213.         ...,  2273.          2238.
    2207.        ]
  [ 2235.          2294.          2241.         ...,  2277.          2281.
    2248.        ]
  [ 2265.          2336.          2240.         ...,  2264.          2298.
    2207.        ]
  ..., 
  [ 2266.          2294.          2287.         ...,  2316.          2272.
    2209.        ]
  [ 2209.          2296.          2228.         ...,  2321.          2240.
    2196.        ]
  [ 2258.          2318.          2285.         ...,  2275.          2296.
    2238.        ]]

 [[ 2180.          2214.          2181.         ...,  2249.          2281.
    2148.        ]
  [ 2270.          2394.          2288.         ...,  2331.          2292.
    2251.        ]
  [ 2236.          2289.          2319.         ...,  2273.          2252.
    2233.        ]
  ..., 
  [ 2264.          2290.          2279.         ...,  2284.          2258.
    2225.        ]
  [ 2221.          2293.          2253.         ...,  2224.          2276.
    2207.        ]
  [ 2259.          2266.          2248.         ...,  2257.          2255.
    2214.        ]]

 [[ 2300.          2312.          2263.         ...,  2330.          2326.
    2205.        ]
  [ 2255.          2253.          2271.         ...,  2257.          2241.
    2209.        ]
  [ 2230.          2303.          2249.         ...,  2280.          2257.
    2221.        ]
  ..., 
  [ 2234.          2260.          2252.         ...,  2281.          2266.
    2240.        ]
  [ 2279.          2260.          2256.         ...,  2275.          2275.
    2224.        ]
  [ 2287.          2316.          2276.         ...,  2306.          2292.
    2254.        ]]]


========================================================
--------------------------------------------------------------
mtrx5:
[[[ 2280.  2288.  2289. ...,  2302.  2273.  2227.]
  [ 2339.  2372.  2311. ...,  2336.  2307.  2224.]
  [ 2228.  2289.  2231. ...,  2289.  2295.  2198.]
  ..., 
  [ 2279.  2281.  2284. ...,  2283.  2327.  2207.]
  [ 2317.  2380.  2301. ...,  2326.  2364.  2264.]
  [ 2282.  2302.  2303. ...,  2313.  2312.  2241.]]

 [[ 2243.  2272.  2256. ...,  2250.  2305.  2221.]
  [ 2278.  2344.  2258. ...,  2312.  2285.  2219.]
  [ 2232.  2265.  2257. ...,  2260.  2267.  2211.]
  ..., 
  [ 2244.  2303.  2208. ...,  2274.  2224.  2257.]
  [ 2298.  2312.  2319. ...,  2293.  2325.  2255.]
  [ 2289.  2277.  2277. ...,  2334.  2270.  2265.]]

 [[ 2310.  2329.  2309. ...,  2355.  2361.  2246.]
  [ 2276.  2321.  2261. ...,  2233.  2235.  2217.]
  [ 2238.  2329.  2253. ...,  2278.  2221.  2239.]
  ..., 
  [ 2253.  2272.  2280. ...,  2229.  2263.  2192.]
  [ 2241.  2299.  2260. ...,  2277.  2244.  2248.]
  [ 2292.  2340.  2274. ...,  2331.  2322.  2270.]]

 [[ 2257.  2290.  2229. ...,  2274.  2264.  2224.]
  [ 2200.  2311.  2251. ...,  2273.  2272.  2176.]
  [ 2285.  2337.  2308. ...,  2256.  2269.  2242.]
  ..., 
  [ 2256.  2275.  2271. ...,  2273.  2219.  2172.]
  [ 2242.  2294.  2264. ...,  2294.  2275.  2221.]
  [ 2267.  2312.  2214. ...,  2256.  2233.  2196.]]

 [[ 2236.  2322.  2275. ...,  2323.  2262.  2237.]
  [ 2257.  2308.  2283. ...,  2311.  2278.  2238.]
  [ 2249.  2298.  2234. ...,  2236.  2266.  2224.]
  ..., 
  [ 2282.  2296.  2261. ...,  2262.  2237.  2212.]
  [ 2229.  2280.  2225. ...,  2288.  2250.  2202.]
  [ 2319.  2400.  2308. ...,  2371.  2341.  2283.]]]
--------------------------------------------------------------


Time taken in seconds(with sleep) 48.149085521698
Time taken in seconds(with sleep) 46.79487729072571


--------------------------------------------------------------
just for comparing...
mtrx1 * mtrx2:
[[2243 2272 2256 ..., 2250 2305 2221]
 [2278 2344 2258 ..., 2312 2285 2219]
 [2232 2265 2257 ..., 2260 2267 2211]
 ..., 
 [2256 2275 2271 ..., 2273 2219 2172]
 [2242 2294 2264 ..., 2294 2275 2221]
 [2267 2312 2214 ..., 2256 2233 2196]]
reconstruct the final result for double check
[[[ 2243.          2272.          2256.         ...,  2250.          2305.
    2221.        ]
  [ 2278.          2344.          2258.         ...,  2312.          2285.
    2219.        ]
  [ 2232.          2265.          2257.         ...,  2260.          2267.
    2211.        ]
  ..., 
  [ 2244.          2303.          2208.         ...,  2274.          2224.
    2257.        ]
  [ 2298.          2312.          2319.         ...,  2293.          2325.
    2255.        ]
  [ 2289.          2277.          2277.         ...,  2334.          2270.
    2265.        ]]

 [[ 2252.99999999  2317.          2282.99999999 ...,  2303.99999999  2284.
    2211.99999999]
  [ 2281.          2312.99999999  2315.         ...,  2259.          2259.99999999
    2195.99999999]
  [ 2220.          2301.          2220.         ...,  2326.99999999
    2236.99999999  2209.        ]
  ..., 
  [ 2227.          2317.99999999  2289.99999999 ...,  2302.99999999
    2233.99999999  2228.99999999]
  [ 2248.          2325.99999999  2330.         ...,  2286.          2255.99999999
    2237.        ]
  [ 2264.          2300.99999999  2294.         ...,  2266.99999999
    2283.99999999  2254.        ]]

 [[ 2217.          2292.          2213.         ...,  2273.          2238.
    2207.        ]
  [ 2235.          2294.          2241.         ...,  2277.          2281.
    2248.        ]
  [ 2265.          2336.          2240.         ...,  2264.          2298.
    2207.        ]
  ..., 
  [ 2266.          2294.          2287.         ...,  2316.          2272.
    2209.        ]
  [ 2209.          2296.          2228.         ...,  2321.          2240.
    2196.        ]
  [ 2258.          2318.          2285.         ...,  2275.          2296.
    2238.        ]]

 ..., 
 [[ 2280.          2288.          2289.         ...,  2302.          2273.
    2227.        ]
  [ 2339.          2372.          2311.         ...,  2336.          2307.
    2224.        ]
  [ 2228.          2289.          2231.         ...,  2289.          2295.
    2198.        ]
  ..., 
  [ 2279.          2281.          2284.         ...,  2283.          2327.
    2207.        ]
  [ 2317.          2380.          2301.         ...,  2326.          2364.
    2264.        ]
  [ 2282.          2302.          2303.         ...,  2313.          2312.
    2241.        ]]

 [[ 2310.          2329.          2309.         ...,  2355.          2361.
    2246.        ]
  [ 2276.          2321.          2261.         ...,  2233.          2235.
    2217.        ]
  [ 2238.          2329.          2253.         ...,  2278.          2221.
    2239.        ]
  ..., 
  [ 2253.          2272.          2280.         ...,  2229.          2263.
    2192.        ]
  [ 2241.          2299.          2260.         ...,  2277.          2244.
    2248.        ]
  [ 2292.          2340.          2274.         ...,  2331.          2322.
    2270.        ]]

 [[ 2257.          2290.          2229.         ...,  2274.          2264.
    2224.        ]
  [ 2200.          2311.          2251.         ...,  2273.          2272.
    2176.        ]
  [ 2285.          2337.          2308.         ...,  2256.          2269.
    2242.        ]
  ..., 
  [ 2256.          2275.          2271.         ...,  2273.          2219.
    2172.        ]
  [ 2242.          2294.          2264.         ...,  2294.          2275.
    2221.        ]
  [ 2267.          2312.          2214.         ...,  2256.          2233.
    2196.        ]]]


comparison:
[[[  0.00000000e+00   0.00000000e+00   0.00000000e+00 ...,   0.00000000e+00
     0.00000000e+00   0.00000000e+00]
  [  0.00000000e+00   0.00000000e+00   0.00000000e+00 ...,   0.00000000e+00
     0.00000000e+00   0.00000000e+00]
  [  0.00000000e+00   0.00000000e+00   0.00000000e+00 ...,   0.00000000e+00
     0.00000000e+00   0.00000000e+00]
  ..., 
  [  0.00000000e+00   0.00000000e+00   0.00000000e+00 ...,   0.00000000e+00
     0.00000000e+00   0.00000000e+00]
  [  0.00000000e+00   0.00000000e+00   0.00000000e+00 ...,   0.00000000e+00
     0.00000000e+00   0.00000000e+00]
  [  0.00000000e+00   0.00000000e+00   0.00000000e+00 ...,   0.00000000e+00
     0.00000000e+00   0.00000000e+00]]

 [[ -6.77073331e-09  -2.54703991e-09  -9.30413080e-09 ...,  -6.09225026e-09
    -9.21772880e-10  -9.97579264e-09]
  [ -1.55841917e-09  -6.29870556e-09  -2.35741027e-09 ...,  -4.58976501e-09
    -5.89807314e-09  -5.56701707e-09]
  [ -2.90401658e-09   4.30645741e-10  -4.19595381e-09 ...,  -5.57611202e-09
    -5.80303094e-09  -6.92580215e-10]
  ..., 
  [ -1.52840585e-09  -1.15087460e-08  -8.12769940e-09 ...,  -6.28915586e-09
    -6.58792487e-09  -7.09496817e-09]
  [ -8.89031071e-10  -9.82754500e-09   2.92948243e-09 ...,  -4.66161509e-09
    -1.29607542e-08  -3.78850018e-09]
  [ -2.34331310e-09  -5.27506927e-09   9.98170435e-10 ...,  -1.27315616e-08
    -8.54242899e-09  -4.80258677e-09]]

 [[ -2.35422704e-09  -8.95397534e-10  -3.23507265e-09 ...,  -2.13231033e-09
    -3.47881723e-10  -3.47017703e-09]
  [ -5.63431968e-10  -2.17869456e-09  -8.33097147e-10 ...,  -1.60935087e-09
    -2.08092388e-09  -1.92267180e-09]
  [ -1.01408659e-09   1.31421984e-10  -1.48384061e-09 ...,  -1.97360350e-09
    -2.01998773e-09  -2.61024979e-10]
  ..., 
  [ -5.52063284e-10  -3.99359124e-09  -2.84080670e-09 ...,  -2.19779395e-09
    -2.30693331e-09  -2.46927812e-09]
  [ -3.39241524e-10  -3.42697604e-09   9.88620741e-10 ...,  -1.61890057e-09
    -4.50381776e-09  -1.33422873e-09]
  [ -8.28094926e-10  -1.84172677e-09   3.27418093e-10 ...,  -4.42469172e-09
    -2.97177394e-09  -1.67210601e-09]]

 ..., 
 [[ -3.00000000e+01  -4.10000000e+01  -2.00000000e+01 ...,  -5.30000000e+01
    -8.80000000e+01  -1.90000000e+01]
  [  6.30000000e+01   5.10000000e+01   5.00000000e+01 ...,   1.03000000e+02
     7.20000000e+01   7.00000000e+00]
  [ -1.00000000e+01  -4.00000000e+01  -2.20000000e+01 ...,   1.10000000e+01
     7.40000000e+01  -4.10000000e+01]
  ..., 
  [  2.60000000e+01   9.00000000e+00   4.00000000e+00 ...,   5.40000000e+01
     6.40000000e+01   1.50000000e+01]
  [  7.60000000e+01   8.10000000e+01   4.10000000e+01 ...,   4.90000000e+01
     1.20000000e+02   1.60000000e+01]
  [ -1.00000000e+01  -3.80000000e+01   2.90000000e+01 ...,  -1.80000000e+01
    -1.00000000e+01  -2.90000000e+01]]

 [[  1.00000000e+01   1.70000000e+01   4.60000000e+01 ...,   2.50000000e+01
     3.50000000e+01   4.10000000e+01]
  [  2.10000000e+01   6.80000000e+01  -1.00000000e+01 ...,  -2.40000000e+01
    -6.00000000e+00   8.00000000e+00]
  [  8.00000000e+00   2.60000000e+01   4.00000000e+00 ...,  -2.00000000e+00
    -3.60000000e+01   1.80000000e+01]
  ..., 
  [  1.90000000e+01   1.20000000e+01   2.80000000e+01 ...,  -5.20000000e+01
    -3.00000000e+00  -4.80000000e+01]
  [ -3.80000000e+01   3.90000000e+01   4.00000000e+00 ...,   2.00000000e+00
    -3.10000000e+01   2.40000000e+01]
  [  5.00000000e+00   2.40000000e+01  -2.00000000e+00 ...,   2.50000000e+01
     3.00000000e+01   1.60000000e+01]]

 [[  0.00000000e+00   0.00000000e+00   0.00000000e+00 ...,   0.00000000e+00
     0.00000000e+00   0.00000000e+00]
  [  0.00000000e+00   0.00000000e+00   0.00000000e+00 ...,   0.00000000e+00
     0.00000000e+00   0.00000000e+00]
  [  0.00000000e+00   0.00000000e+00   0.00000000e+00 ...,   0.00000000e+00
     0.00000000e+00   0.00000000e+00]
  ..., 
  [  0.00000000e+00   0.00000000e+00   0.00000000e+00 ...,   0.00000000e+00
     0.00000000e+00   0.00000000e+00]
  [  0.00000000e+00   0.00000000e+00   0.00000000e+00 ...,   0.00000000e+00
     0.00000000e+00   0.00000000e+00]
  [  0.00000000e+00   0.00000000e+00   0.00000000e+00 ...,   0.00000000e+00
     0.00000000e+00   0.00000000e+00]]]
------------------------------------------------------
Running PBS epilogue script    - 16-Apr-2020 22:16:47
------------------------------------------------------
Checking node qb129 (MS)
Checking node qb129 ok
------------------------------------------------------
Concluding PBS epilogue script - 16-Apr-2020 22:16:48
------------------------------------------------------
Exit Status:     0
Job ID:          769738.qb3
Username:        jianjun
Group:           latechusers
Job Name:        test1.pbs
Session Id:      21363
Resource Limits: ncpus=1,neednodes=1:ppn=20,nodes=1:ppn=20,walltime=24:00:00
Resources Used:  cput=28:22:05,mem=39225772kb,vmem=60423248kb,walltime=01:29:31
Queue Used:      checkpt
Account String:  loni_codedcomp
Node:            qb129
Process id:      23693
Last status:     16-Apr-2020:22:05 PBS_job=769738.qb3 user=jianjun allocation=loni_codedcomp queue=checkpt total_load=19.00 cpu_hours=9.43 wall_hours=0.48 unused_nodes=0 total_nodes=1 ppn=20 avg_load=19.00 avg_cpu=1881% avg_mem=24567mb avg_vmem=44084mb top_proc=jianjun:python:qb129:1.8G:866M:0.5hr:101% toppm=jianjun:python:qb129:18226M:17023M node_processes=24 avg_avail_mem=43686mb min_avail_mem=43686mb reverified_avg_load=19.02
------------------------------------------------------
