--------------------------------------
Running PBS prologue script
--------------------------------------
User and Job Data:
--------------------------------------
Job ID:    768035.qb3
Username:  jianjun
Group:     latechusers
Date:      09-Apr-2020 12:56
Node:      qb224 (85567)
--------------------------------------
PBS has allocated the following nodes:

qb224

A total of 20 processors on 1 nodes allocated
---------------------------------------------
Check nodes and clean them of stray processes
---------------------------------------------
Checking node qb224 12:56:44 
Done clearing all the allocated nodes
------------------------------------------------------
Concluding PBS prologue script - 09-Apr-2020 12:56:44
------------------------------------------------------


poly shape: (8, 4)
encoder shape: (2400, 1200)
mtrx1Coded shape: (2400, 1200)
mtrx2 shape: (1200, 1200)


redun coefficients is
[[ -1   4  -6   4]
 [ -4  15 -20  10]
 [-10  36 -45  20]
 [-20  70 -84  35]]


mtrx11(triangular matrix) is
[[ -1.  -6.   4.]
 [  0.  15. -20.]
 [  0.   0.   3.]]
%%%%%%%%%%%%%%%%%%%%%%%%%%%%%%%%%%%%%%%%%%%%%%%%%%%%%%%%%%%
Finally, mtrx4(redundency-based results) is
(3, 300, 1200)
mtrx6(ranks who have contributions to the redundency-based results): [5, 7, 8]
++++++++++++++++++++++++++++++++++++++++
Finally, mtrx5 is
(1, 300, 1200)
mtrx7(ranks who have contributions to the results): [2]
%%%%%%%%%%%%%%%%%%%%%%%%%%%%%%%%%%%%%%%%%%%%%%%%%%%%%%%%%%%


result now is
[[[ 265.  281.  290. ...,  296.  288.  309.]
  [ 281.  300.  294. ...,  306.  288.  326.]
  [ 293.  305.  300. ...,  309.  303.  314.]
  ..., 
  [ 281.  311.  285. ...,  315.  273.  307.]
  [ 300.  330.  316. ...,  316.  291.  298.]
  [ 276.  299.  286. ...,  308.  280.  314.]]

 [[ 298.  312.  316. ...,  327.  307.  323.]
  [ 270.  298.  276. ...,  279.  262.  288.]
  [ 291.  295.  277. ...,  308.  289.  305.]
  ..., 
  [ 298.  313.  306. ...,  325.  292.  303.]
  [ 257.  306.  289. ...,  304.  279.  289.]
  [ 257.  282.  270. ...,  302.  277.  291.]]

 [[ 277.  282.  288. ...,  312.  273.  300.]
  [ 279.  284.  289. ...,  284.  275.  302.]
  [ 280.  313.  296. ...,  329.  285.  302.]
  ..., 
  [ 275.  283.  275. ...,  290.  281.  293.]
  [ 287.  318.  318. ...,  335.  324.  315.]
  [ 283.  290.  304. ...,  300.  279.  290.]]]


========================================================
--------------------------------------------------------------
mtrx5:
[[[ 272.  298.  287. ...,  292.  272.  311.]
  [ 272.  264.  298. ...,  292.  266.  290.]
  [ 297.  305.  319. ...,  303.  299.  298.]
  ..., 
  [ 281.  300.  285. ...,  314.  291.  297.]
  [ 278.  293.  280. ...,  289.  281.  299.]
  [ 266.  286.  286. ...,  301.  278.  307.]]]
--------------------------------------------------------------


Time taken in seconds(with sleep) 0.06899213790893555
Time taken in seconds(with sleep) 0.04700756072998047


--------------------------------------------------------------
just for comparing...
mtrx1 * mtrx2:
[[265 281 290 ..., 296 288 309]
 [281 300 294 ..., 306 288 326]
 [293 305 300 ..., 309 303 314]
 ..., 
 [275 283 275 ..., 290 281 293]
 [287 318 318 ..., 335 324 315]
 [283 290 304 ..., 300 279 290]]
reconstruct the final result for double check
[[[ 265.  281.  290. ...,  296.  288.  309.]
  [ 281.  300.  294. ...,  306.  288.  326.]
  [ 293.  305.  300. ...,  309.  303.  314.]
  ..., 
  [ 281.  311.  285. ...,  315.  273.  307.]
  [ 300.  330.  316. ...,  316.  291.  298.]
  [ 276.  299.  286. ...,  308.  280.  314.]]

 [[ 272.  298.  287. ...,  292.  272.  311.]
  [ 272.  264.  298. ...,  292.  266.  290.]
  [ 297.  305.  319. ...,  303.  299.  298.]
  ..., 
  [ 281.  300.  285. ...,  314.  291.  297.]
  [ 278.  293.  280. ...,  289.  281.  299.]
  [ 266.  286.  286. ...,  301.  278.  307.]]

 [[ 298.  312.  316. ...,  327.  307.  323.]
  [ 270.  298.  276. ...,  279.  262.  288.]
  [ 291.  295.  277. ...,  308.  289.  305.]
  ..., 
  [ 298.  313.  306. ...,  325.  292.  303.]
  [ 257.  306.  289. ...,  304.  279.  289.]
  [ 257.  282.  270. ...,  302.  277.  291.]]

 [[ 277.  282.  288. ...,  312.  273.  300.]
  [ 279.  284.  289. ...,  284.  275.  302.]
  [ 280.  313.  296. ...,  329.  285.  302.]
  ..., 
  [ 275.  283.  275. ...,  290.  281.  293.]
  [ 287.  318.  318. ...,  335.  324.  315.]
  [ 283.  290.  304. ...,  300.  279.  290.]]]


comparison:
[[[ 0.  0.  0. ...,  0.  0.  0.]
  [ 0.  0.  0. ...,  0.  0.  0.]
  [ 0.  0.  0. ...,  0.  0.  0.]
  ..., 
  [ 0.  0.  0. ...,  0.  0.  0.]
  [ 0.  0.  0. ...,  0.  0.  0.]
  [ 0.  0.  0. ...,  0.  0.  0.]]

 [[ 0.  0.  0. ...,  0.  0.  0.]
  [ 0.  0.  0. ...,  0.  0.  0.]
  [ 0.  0.  0. ...,  0.  0.  0.]
  ..., 
  [ 0.  0.  0. ...,  0.  0.  0.]
  [ 0.  0.  0. ...,  0.  0.  0.]
  [ 0.  0.  0. ...,  0.  0.  0.]]

 [[ 0.  0.  0. ...,  0.  0.  0.]
  [ 0.  0.  0. ...,  0.  0.  0.]
  [ 0.  0.  0. ...,  0.  0.  0.]
  ..., 
  [ 0.  0.  0. ...,  0.  0.  0.]
  [ 0.  0.  0. ...,  0.  0.  0.]
  [ 0.  0.  0. ...,  0.  0.  0.]]

 [[ 0.  0.  0. ...,  0.  0.  0.]
  [ 0.  0.  0. ...,  0.  0.  0.]
  [ 0.  0.  0. ...,  0.  0.  0.]
  ..., 
  [ 0.  0.  0. ...,  0.  0.  0.]
  [ 0.  0.  0. ...,  0.  0.  0.]
  [ 0.  0.  0. ...,  0.  0.  0.]]]
------------------------------------------------------
Running PBS epilogue script    - 09-Apr-2020 12:56:49
------------------------------------------------------
Checking node qb224 (MS)
Checking node qb224 ok
------------------------------------------------------
Concluding PBS epilogue script - 09-Apr-2020 12:56:51
------------------------------------------------------
Exit Status:     0
Job ID:          768035.qb3
Username:        jianjun
Group:           latechusers
Job Name:        test.pbs
Session Id:      85566
Resource Limits: ncpus=1,neednodes=1:ppn=20,nodes=1:ppn=20,walltime=24:00:00
Resources Used:  cput=00:00:48,mem=0kb,vmem=0kb,walltime=00:00:07
Queue Used:      workq
Account String:  loni_codedcomp
Node:            qb224
Process id:      86357
------------------------------------------------------
