--------------------------------------
Running PBS prologue script
--------------------------------------
User and Job Data:
--------------------------------------
Job ID:    768202.qb3
Username:  jianjun
Group:     latechusers
Date:      10-Apr-2020 09:42
Node:      qb301 (103007)
--------------------------------------
PBS has allocated the following nodes:

qb301
qb302
qb303

A total of 60 processors on 3 nodes allocated
---------------------------------------------
Check nodes and clean them of stray processes
---------------------------------------------
Checking node qb301 09:42:58 
Checking node qb302 09:42:59 
Checking node qb303 09:43:01 
Done clearing all the allocated nodes
------------------------------------------------------
Concluding PBS prologue script - 10-Apr-2020 09:43:01
------------------------------------------------------


poly shape: (40, 20)
encoder shape: (20000, 10000)
mtrx1Coded shape: (20000, 10000)
mtrx2 shape: (10000, 10000)


redun coefficients is
[[               -1                20              -190              1140
              -4844             15504            -38760             77520
            -125970            167960           -184756            167959
            -125970             77520            -38760             15504
              -4844              1140              -190                19]
 [              -20               399             -3780             22610
             -95760            305234           -759696           1511640
           -2441880           3233230          -3527160           3174443
           -2351440           1424430           -697679            271320
             -81395             17954             -2660               210]
 [             -210              4180            -39501            235620
            -994840           3160080          -7834364          15519504
          -24942060          32829720         -35565529          31744440
          -23279255          13927759          -6715170           2558159
            -746130            158003            -21945              1540]
 [            -1540             30590           -288420           1716099
           -7225680          22881319         -56530320         111546434
         -178474296         233716339        -251694520         223092869
         -162249360          96101544         -45762640          17160990
           -4903139           1009470           -134596              8854]
 [            -8854            175560          -1651860           9806280
          -41186376         130062240        -320338480         629909279
        -1003917914        1308811504       -1402298040        1235591280
         -892371479         524190240        -247118255          91525280
          -25741485           5191559           -672980             42503]
 [           -42504            841224          -7900200          46802700
         -196125600         617795640       -1517392800        2974571599
        -4724319599        6135053924       -6544057520        5736673800
        -4118637600        2402538600       -1123264800         411863759
         -114406599          22713075          -2884200            177100]
 [          -177100           3499496         -32807774         193993800
         -811246800        2549632800       -6246600360       12211399200
       -19334715400       25021396400      -26585233675       23201658480
       -16572613200        9610154400       -4461857400        1622493600
         -446185739          87487399         -10935925            657800]
 [          -657800          12978900        -121482504         717084224
        -2993047200        9387284400      -22946695200       44746055640
       -70651666799       91149372599      -96511100400       83898854325
       -59661407520       34420042800      -15886173600        5736673800
        -1564547400         303706259         -37494599           2220075]
 [         -2220075          43743700        -408835350        2409402996
       -10039179149       31426995600      -76662822600      149153518800
      -234916792110      302232130200     -319022804100      276372696600
      -195763993424      112438806480      -51630064200       18533869200
        -5019589575         966338100        -118107989           6906899]
 [         -6906900         135917925       -1268567300        7465030649
       -31054527504       97045398449     -236284448399      458760065400
      -720908674200      925166131890     -973859086200      841060119899
      -593689496400      339658894575     -155272637520       55454513400
       -14930061299        2854276425        -345972900          20030009]
 [        -20030010         393693300       -3669783975       21565644100
       -89580367800      279490747536     -679317789149     1316441926800
     -2064420294300     2643331805400    -2775498395670     2390381393399
     -1682120239799      959036878800     -436704293025      155272637520
       -41590885050        7904150100        -951425475          54627300]
 [        -54627300        1072515990       -9985493700       58605338025
      -243103624400      757361291399    -1837863400464     3555390506849
     -5564959054200     7110781013700    -7449389633400     6399702912330
     -4491019587600     2552588056199    -1158317269199      410237366175
      -109396630980       20684236949       -2475036899         141120525]
 [       -141120525        2767783200      -25740383760      150891904800
      -625123605600     1944828995200    -4712470257600     9101799697536
    -14221562027399    18137644324799   -18962082703200    16253213745600
    -11377249621920     6448643510400    -2917243492799     1029615350399
      -273491577450       51480767519       -6128662800         347373599]
 [       -347373600        6806351475      -63233200800      370265520240
     -1532133187200     4760556688800   -11519371740800    22215931214400
    -34656852694464    44123307828599   -46041712516799    39382787152800
    -27505438646400    15551151850079    -7015557225600     2468436801599
      -653409741600      122514326550      -14520216479         818809200]
 [       -818809200       16028810400     -148767396525      870209287200
     -3596865053760    11162684649600   -26976487903200    51954717443200
    -80929463709600   102870340537535  -107156604726600    91485480715199
    -63762607771200    35968650537600   -16185892741919     5679260611200
     -1498693772399      280032746400      -33059421450        1855967520]
 [      -1855967520       36300541200     -336605018400     1967035576275
     -8121953347200    25178055376320   -60774616425600   116898114247200
   -181841511051200   230798840949599  -240030794587584   204571699932599
   -142310747779199    80111994379200   -35968650537600    12589027688159
     -3312902023200      617109200399      -72601082400        4059928950]
 [      -4059928950       79342611480     -735085959300     4291713984600
    -17703320186475    54823185093600  -132184790725680   253951075778400
   -394531135584300   500064155390799  -519297392136600   441874871854416
   -306857549898899   172414944424799   -77250851722800    26976487903200
     -7081328074589     1315416979800     -154277300099        8597496600]
 [      -8597496600      167890003050    -1554181742520     9066060164700
    -37363157042400   115592267099925  -278415783122400   534293145706320
   -829075570923600  1049504393351700 -1088374926438799   924738136799400
   -641151774847584   359620386533100  -160824023791199    56044735563600
    -14678383123800     2719818049409     -318107374200       17672631900]
 [     -17672631900      344855141400    -3189910057950    18592618623480
    -76557841390800   236633327935200  -569398945344075  1091566641765600
  -1691928294736680  2139219683000400 -2215620385964700  1879920327485199
  -1301483303643600   728830650040416  -325370825910900   113172461186399
    -29579165991900     5468417242200     -637982011589       35345263800]
 [     -35345263800      689232644100    -6370744980600    37103690674050
   -152655184487520   471435128564400 -1133349096952800  2170565904431925
  -3360876239120401  4244662213111320 -4391029875632400  3720970121883299
  -2572522553400800  1438481546132400  -641151774847584   222622144044300
    -58075341924600    10714434740100    -1247182879800       68923264410]]


mtrx11(triangular matrix) is
[[ -3.53452638e+10   6.89232644e+11  -6.37074498e+12   3.71036907e+13
   -1.52655184e+14   4.71435129e+14  -1.13334910e+15   2.17056590e+15
   -3.36087624e+15   4.24466221e+15  -4.39102988e+15   3.72097012e+15
   -2.57252255e+15   1.43848155e+15  -6.41151775e+14   2.22622144e+14
   -5.80753419e+13   1.07144347e+13  -1.24718288e+12   6.89232644e+10]
 [  0.00000000e+00   1.59329625e+07  -3.04362646e+08   2.75063368e+09
   -1.56280901e+10   6.25634328e+10  -1.87427794e+11   4.35535337e+11
   -8.02830114e+11   1.19028291e+12  -1.43032951e+12   1.39676056e+12
   -1.10612149e+12   7.05320384e+11  -3.57362328e+11   1.40767724e+11
   -4.16182835e+10   8.70200474e+09  -1.14912428e+09   7.21885752e+07]
 [  0.00000000e+00   0.00000000e+00   6.11592130e+06  -1.13998005e+08
    1.00288225e+09  -5.53151104e+09   2.14284362e+10  -6.18872370e+10
    1.38020122e+11  -2.42857385e+11   3.41446825e+11  -3.85918144e+11
    3.50794000e+11  -2.55111172e+11   1.46695673e+11  -6.53409742e+10
    2.17874448e+10  -5.12921932e+09   7.61993868e+08  -5.38524444e+07]
 [  0.00000000e+00   0.00000000e+00   0.00000000e+00   1.24884052e+04
   -2.27868313e+05   1.95775900e+06  -1.05166694e+07   3.95482805e+07
   -1.10441828e+08   2.37025153e+08  -3.98989559e+08   5.32691139e+08
   -5.66325760e+08   4.78208639e+08  -3.17626982e+08   1.62845866e+08
   -6.23750400e+07   1.68570760e+07  -2.87670757e+06   2.34014131e+05]
 [  0.00000000e+00   0.00000000e+00   0.00000000e+00   0.00000000e+00
   -3.58652718e+02   6.41048027e+03  -5.37952135e+04   2.81465391e+05
   -1.02717444e+06   2.77133980e+06  -5.71469450e+06   9.17857479e+06
   -1.15877661e+07   1.15115015e+07  -8.93621402e+06   5.33126320e+06
   -2.37022505e+06   7.42900792e+05  -1.47154209e+05   1.39290010e+04]
 [  0.00000000e+00   0.00000000e+00   0.00000000e+00   0.00000000e+00
    0.00000000e+00  -1.54882975e+02   1.60622630e+03  -8.79166494e+03
    3.13732027e+04  -7.93749915e+04   1.47729187e+05  -2.04642540e+05
    2.08599692e+05  -1.48876499e+05   6.25791787e+04  -4.10358047e+02
   -1.90494690e+04   1.30809935e+04  -4.26826753e+03   5.95110111e+02]
 [  1.16415322e-10   0.00000000e+00   0.00000000e+00   0.00000000e+00
   -5.68434189e-14   0.00000000e+00  -1.43106327e+02   1.81483060e+03
   -1.12869870e+04   4.49853075e+04  -1.27051826e+05   2.67072934e+05
   -4.28580771e+05   5.30835656e+05  -5.07337248e+05   3.69793342e+05
   -2.00135852e+05   7.63572833e+04  -1.84760950e+04   2.15379534e+03]
 [ -2.22004377e-09   0.00000000e+00   0.00000000e+00   0.00000000e+00
    1.07690032e-12   0.00000000e+00   4.54747351e-13  -6.72800574e+03
    6.53718405e+04  -3.24396066e+05   1.04938346e+06  -2.42399136e+06
    4.17354240e+06  -5.46348733e+06   5.46370053e+06  -4.13834381e+06
    2.31617389e+06  -9.10766513e+05   2.26622497e+05  -2.71420914e+04]
 [ -3.76183205e-10   0.00000000e+00   0.00000000e+00  -5.68434189e-14
    1.35524965e-13   0.00000000e+00   3.08212738e-12   0.00000000e+00
   -1.52916093e+04   1.28088785e+05  -5.39470669e+05   1.46701846e+06
   -2.82157793e+06   3.99693886e+06  -4.23452521e+06   3.34640714e+06
   -1.93144074e+06   7.75906689e+05  -1.95677037e+05   2.35559907e+04]
 [ -6.51780912e-09   0.00000000e+00   0.00000000e+00  -4.27592147e-13
    3.05664091e-12   0.00000000e+00   8.05651647e-12  -2.91038305e-11
    0.00000000e+00  -2.78407756e+04   2.05265343e+05  -7.48947037e+05
    1.74413315e+06  -2.83695024e+06   3.34316849e+06  -2.87836635e+06
    1.78390748e+06  -7.61044260e+05   2.01961900e+05  -2.54367534e+04]
 [ -2.82267904e-11   0.00000000e+00   0.00000000e+00  -1.34000540e-15
    1.33070606e-14   0.00000000e+00   3.04353197e-14  -8.24699140e-14
    0.00000000e+00   0.00000000e+00   5.91554477e+01  -3.25176150e+02
    8.80606174e+02  -1.46130152e+03   1.57362122e+03  -1.05823687e+03
    3.34468809e+02   8.05315004e+01  -1.20658511e+02   3.72071627e+01]
 [  7.17650250e-08   0.00000000e+00   0.00000000e+00   9.51419014e-12
   -3.19322833e-11   0.00000000e+00  -1.98990896e-10   6.25748742e-10
    0.00000000e+00   0.00000000e+00   0.00000000e+00  -5.31309752e+05
    3.22483277e+06  -9.60778542e+06   1.77934503e+07  -2.21850940e+07
    1.90483730e+07  -1.10178549e+07   3.96774460e+06  -6.93878870e+05]
 [ -2.17360665e-09   0.00000000e+00   0.00000000e+00  -6.38772531e-14
    1.03628389e-12   0.00000000e+00   1.60303894e-12  -3.97536342e-12
    0.00000000e+00  -7.27595761e-12   0.00000000e+00   0.00000000e+00
    1.62791638e+03  -1.21280436e+04   3.68859110e+04  -6.47594428e+04
    7.26797035e+04  -5.23603614e+04   2.27723895e+04  -4.75921028e+03]
 [ -6.99366343e-11   0.00000000e+00  -1.86264515e-09  -2.91079723e-11
    3.21202227e-14   0.00000000e+00   1.29825569e-13  -2.16701510e-13
    0.00000000e+00   3.40543774e-12   0.00000000e+00   0.00000000e+00
    0.00000000e+00  -2.45780486e+02   1.03422446e+03  -2.13248106e+03
    2.70799415e+03  -2.17345270e+03   1.05948869e+03  -2.51202095e+02]
 [ -2.96235186e-11   0.00000000e+00  -1.07504018e-09  -1.67974269e-11
    1.46650629e-14   0.00000000e+00  -1.28290686e-14  -1.10313534e-14
    0.00000000e+00   1.24120899e-12   0.00000000e+00   0.00000000e+00
    0.00000000e+00   0.00000000e+00   6.49615108e+00  -1.68246942e+01
    7.88242909e+00   2.43247997e+01  -3.13996179e+01   1.46442526e+01]
 [  6.05692294e-11   3.72529030e-09   2.76087345e-09   4.31378382e-11
   -3.03599067e-14   0.00000000e+00   5.02456129e-14  -2.00219156e-14
    0.00000000e+00  -2.88228200e-12   0.00000000e+00   0.00000000e+00
    0.00000000e+00   0.00000000e+00   0.00000000e+00  -2.74570007e+01
    1.01339190e+02  -1.82028133e+02   1.48414360e+02  -5.46884745e+01]
 [ -2.08102049e-10  -2.23449825e-09  -4.65553087e-09  -7.27420475e-11
    1.01651304e-13   0.00000000e+00  -2.49443976e-15   5.27562641e-14
    0.00000000e+00   7.02788713e-12   0.00000000e+00   0.00000000e+00
    0.00000000e+00   0.00000000e+00   0.00000000e+00   0.00000000e+00
   -1.16141942e+01   5.91079445e+01  -5.74042929e+01   2.21321561e+01]
 [  3.29899474e-10   1.12651803e-08   1.12034709e-08   1.75046028e-10
   -1.61195978e-13   0.00000000e+00   7.18402268e-15  -1.18100462e-13
    0.00000000e+00  -1.61157136e-11   0.00000000e+00   0.00000000e+00
    0.00000000e+00   0.00000000e+00   0.00000000e+00   0.00000000e+00
    0.00000000e+00  -8.78687121e+01   9.27398343e+01  -4.11314170e+01]
 [  1.31690664e-10   2.44278310e-09   1.87183328e-11   2.96809955e-13
   -6.34242711e-14  -1.11022302e-16  -5.61798946e-14   4.40157570e-14
    0.00000000e+00  -3.06180979e-13   0.00000000e+00   0.00000000e+00
    0.00000000e+00   0.00000000e+00   0.00000000e+00   0.00000000e+00
    0.00000000e+00   0.00000000e+00  -3.10851385e-01   5.52903823e+00]
 [ -1.64656408e-09  -3.59662357e-08   1.57283245e-09   2.45178832e-11
    7.90759954e-13   1.56227326e-15   8.46490364e-13  -7.56835273e-13
    0.00000000e+00   2.94672433e-13   0.00000000e+00   0.00000000e+00
    0.00000000e+00   0.00000000e+00   0.00000000e+00   0.00000000e+00
    0.00000000e+00   0.00000000e+00   0.00000000e+00  -6.99642777e+01]]
%%%%%%%%%%%%%%%%%%%%%%%%%%%%%%%%%%%%%%%%%%%%%%%%%%%%%%%%%%%
Finally, mtrx4(redundency-based results) is
(20, 500, 10000)
mtrx6(ranks who have contributions to the redundency-based results): [40, 33, 36, 32, 31, 30, 28, 27, 26, 25, 23, 39, 38, 37, 35, 34, 29, 24, 22, 21]
++++++++++++++++++++++++++++++++++++++++
Finally, mtrx5 is
(0,)
mtrx7(ranks who have contributions to the results): []
%%%%%%%%%%%%%%%%%%%%%%%%%%%%%%%%%%%%%%%%%%%%%%%%%%%%%%%%%%%


result now is
[[[ 2391.36707949  2346.61704706  2415.6124246  ...,  2372.83481247
    2467.58889978  2349.98224517]
  [ 2341.24675829  2385.92962448  2309.61354743 ...,  2387.32547917
    2375.16175946  2353.42061287]
  [ 2405.18224616  2348.02563015  2426.19142219 ...,  2380.65230723
    2406.88869709  2363.74351535]
  ..., 
  [ 2400.57771724  2360.76470817  2333.23840149 ...,  2334.09388869
    2467.89999225  2375.41464929]
  [ 2377.87251738  2327.42404754  2321.19688724 ...,  2345.36222424
    2354.98227534  2312.67041322]
  [ 2375.59137149  2357.13155114  2322.74869022 ...,  2327.54811929
    2410.72769328  2298.84770665]]

 [[ 2627.80045669  2588.84052194  2606.0167202  ...,  2666.73645692
    2592.76697546  2629.97299989]
  [ 2673.72697464  2623.57080143  2640.25639541 ...,  2641.11639727
    2644.84211677  2632.17304686]
  [ 2749.21324593  2609.95246356  2668.22691177 ...,  2629.63279748
    2694.27876921  2694.4338296 ]
  ..., 
  [ 2720.15932139  2623.69394557  2614.15688221 ...,  2690.11923545
    2682.65856192  2587.89291866]
  [ 2639.762034    2591.06728812  2628.26593464 ...,  2666.45454301
    2690.22144565  2576.65007451]
  [ 2680.18263068  2541.12815306  2614.07585517 ...,  2570.65160971
    2631.59694099  2644.19459522]]

 [[ 2379.15707415  2416.74059109  2462.71587549 ...,  2415.17103268
    2456.92664697  2410.48984457]
  [ 2367.10043482  2318.03754247  2271.72350242 ...,  2368.37476019
    2390.09962772  2395.1317331 ]
  [ 2411.22529777  2410.02848905  2412.1587194  ...,  2422.82864689
    2371.02761913  2373.95937368]
  ..., 
  [ 2391.05032319  2360.60478119  2407.15024546 ...,  2409.26131598
    2421.53916558  2415.35513415]
  [ 2472.14272976  2417.91766195  2403.92863117 ...,  2377.84368273
    2425.24364365  2397.44315159]
  [ 2407.56245076  2415.03383063  2360.10997284 ...,  2350.93627309
    2445.56361338  2359.9380758 ]]

 ..., 
 [[ 2531.25270294  2506.32813579  2545.07147756 ...,  2533.76501659
    2496.33123081  2528.73937654]
  [ 2622.94817221  2537.31241745  2629.09737083 ...,  2552.78111855
    2647.07680755  2599.2032932 ]
  [ 2565.56448678  2482.89981595  2528.97030261 ...,  2541.06020911
    2587.17123877  2482.31551903]
  ..., 
  [ 2539.52811147  2487.46595024  2476.26275716 ...,  2536.32180391
    2551.99225118  2532.04638523]
  [ 2586.45131242  2571.74317222  2501.01594987 ...,  2550.06127863
    2634.3781485   2534.40923945]
  [ 2559.40256143  2517.40685047  2563.81732321 ...,  2554.92275532
    2622.71433449  2511.257323  ]]

 [[ 2591.43798523  2506.28238485  2522.69165457 ...,  2545.25490914
    2547.90860142  2571.04013413]
  [ 2583.41917878  2532.75469107  2526.81738248 ...,  2516.98305902
    2537.56215075  2555.84711091]
  [ 2568.58812586  2549.39966672  2536.50326906 ...,  2538.77703826
    2605.88443456  2525.98294895]
  ..., 
  [ 2626.26333995  2596.94067669  2624.35716027 ...,  2551.44252979
    2626.41014599  2566.37224871]
  [ 2554.05791393  2511.24193076  2542.18607954 ...,  2522.03972512
    2528.41539497  2502.63028158]
  [ 2512.51381995  2487.03179073  2537.9197806  ...,  2488.74130253
    2547.39204642  2541.97146608]]

 [[ 2509.9923505   2469.21800553  2478.71371644 ...,  2472.16803441
    2542.98283455  2461.41598142]
  [ 2572.47058099  2517.33279133  2538.25996636 ...,  2478.84648428
    2576.12472901  2580.0003293 ]
  [ 2510.37075729  2428.90929179  2470.13548125 ...,  2508.19689071
    2524.07645087  2442.44252936]
  ..., 
  [ 2472.26104869  2457.82356083  2444.29768188 ...,  2469.39723766
    2475.05269167  2480.19988129]
  [ 2482.04931355  2483.11665211  2475.25677576 ...,  2430.1983921
    2491.17560336  2487.71157934]
  [ 2485.52751983  2479.21520552  2419.2557623  ...,  2442.77854409
    2521.32173782  2498.29214815]]]


========================================================
--------------------------------------------------------------
mtrx5:
[]
--------------------------------------------------------------


Time taken in seconds(with sleep) 6.498575448989868
Time taken in seconds(with sleep) 6.140214681625366


--------------------------------------------------------------
just for comparing...
mtrx1 * mtrx2:
[[2539 2478 2504 ..., 2512 2550 2503]
 [2505 2517 2474 ..., 2522 2531 2495]
 [2564 2492 2566 ..., 2517 2560 2512]
 ..., 
 [2468 2454 2440 ..., 2465 2471 2476]
 [2478 2479 2471 ..., 2426 2487 2484]
 [2481 2475 2415 ..., 2439 2517 2494]]
reconstruct the final result for double check
[[[ 2391.36707949  2346.61704706  2415.6124246  ...,  2372.83481247
    2467.58889978  2349.98224517]
  [ 2341.24675829  2385.92962448  2309.61354743 ...,  2387.32547917
    2375.16175946  2353.42061287]
  [ 2405.18224616  2348.02563015  2426.19142219 ...,  2380.65230723
    2406.88869709  2363.74351535]
  ..., 
  [ 2400.57771724  2360.76470817  2333.23840149 ...,  2334.09388869
    2467.89999225  2375.41464929]
  [ 2377.87251738  2327.42404754  2321.19688724 ...,  2345.36222424
    2354.98227534  2312.67041322]
  [ 2375.59137149  2357.13155114  2322.74869022 ...,  2327.54811929
    2410.72769328  2298.84770665]]

 [[ 2627.80045669  2588.84052194  2606.0167202  ...,  2666.73645692
    2592.76697546  2629.97299989]
  [ 2673.72697464  2623.57080143  2640.25639541 ...,  2641.11639727
    2644.84211677  2632.17304686]
  [ 2749.21324593  2609.95246356  2668.22691177 ...,  2629.63279748
    2694.27876921  2694.4338296 ]
  ..., 
  [ 2720.15932139  2623.69394557  2614.15688221 ...,  2690.11923545
    2682.65856192  2587.89291866]
  [ 2639.762034    2591.06728812  2628.26593464 ...,  2666.45454301
    2690.22144565  2576.65007451]
  [ 2680.18263068  2541.12815306  2614.07585517 ...,  2570.65160971
    2631.59694099  2644.19459522]]

 [[ 2379.15707415  2416.74059109  2462.71587549 ...,  2415.17103268
    2456.92664697  2410.48984457]
  [ 2367.10043482  2318.03754247  2271.72350242 ...,  2368.37476019
    2390.09962772  2395.1317331 ]
  [ 2411.22529777  2410.02848905  2412.1587194  ...,  2422.82864689
    2371.02761913  2373.95937368]
  ..., 
  [ 2391.05032319  2360.60478119  2407.15024546 ...,  2409.26131598
    2421.53916558  2415.35513415]
  [ 2472.14272976  2417.91766195  2403.92863117 ...,  2377.84368273
    2425.24364365  2397.44315159]
  [ 2407.56245076  2415.03383063  2360.10997284 ...,  2350.93627309
    2445.56361338  2359.9380758 ]]

 ..., 
 [[ 2531.25270294  2506.32813579  2545.07147756 ...,  2533.76501659
    2496.33123081  2528.73937654]
  [ 2622.94817221  2537.31241745  2629.09737083 ...,  2552.78111855
    2647.07680755  2599.2032932 ]
  [ 2565.56448678  2482.89981595  2528.97030261 ...,  2541.06020911
    2587.17123877  2482.31551903]
  ..., 
  [ 2539.52811147  2487.46595024  2476.26275716 ...,  2536.32180391
    2551.99225118  2532.04638523]
  [ 2586.45131242  2571.74317222  2501.01594987 ...,  2550.06127863
    2634.3781485   2534.40923945]
  [ 2559.40256143  2517.40685047  2563.81732321 ...,  2554.92275532
    2622.71433449  2511.257323  ]]

 [[ 2591.43798523  2506.28238485  2522.69165457 ...,  2545.25490914
    2547.90860142  2571.04013413]
  [ 2583.41917878  2532.75469107  2526.81738248 ...,  2516.98305902
    2537.56215075  2555.84711091]
  [ 2568.58812586  2549.39966672  2536.50326906 ...,  2538.77703826
    2605.88443456  2525.98294895]
  ..., 
  [ 2626.26333995  2596.94067669  2624.35716027 ...,  2551.44252979
    2626.41014599  2566.37224871]
  [ 2554.05791393  2511.24193076  2542.18607954 ...,  2522.03972512
    2528.41539497  2502.63028158]
  [ 2512.51381995  2487.03179073  2537.9197806  ...,  2488.74130253
    2547.39204642  2541.97146608]]

 [[ 2509.9923505   2469.21800553  2478.71371644 ...,  2472.16803441
    2542.98283455  2461.41598142]
  [ 2572.47058099  2517.33279133  2538.25996636 ...,  2478.84648428
    2576.12472901  2580.0003293 ]
  [ 2510.37075729  2428.90929179  2470.13548125 ...,  2508.19689071
    2524.07645087  2442.44252936]
  ..., 
  [ 2472.26104869  2457.82356083  2444.29768188 ...,  2469.39723766
    2475.05269167  2480.19988129]
  [ 2482.04931355  2483.11665211  2475.25677576 ...,  2430.1983921
    2491.17560336  2487.71157934]
  [ 2485.52751983  2479.21520552  2419.2557623  ...,  2442.77854409
    2521.32173782  2498.29214815]]]


comparison:
[[[-147.63292051 -131.38295294  -88.3875754  ..., -139.16518753
    -82.41110022 -153.01775483]
  [-163.75324171 -131.07037552 -164.38645257 ..., -134.67452083
   -155.83824054 -141.57938713]
  [-158.81775384 -143.97436985 -139.80857781 ..., -136.34769277
   -153.11130291 -148.25648465]
  ..., 
  [-132.42228276 -148.23529183 -127.76159851 ..., -170.90611131
   -128.10000775 -111.58535071]
  [-113.12748262 -139.57595246 -157.80311276 ..., -161.63777576
   -147.01772466 -121.32958678]
  [-154.40862851 -103.86844886 -129.25130978 ..., -128.45188071
   -119.27230672 -177.15229335]]

 [[ 138.80045669  118.84052194   78.0167202  ...,  127.73645692
     67.76697546  141.97299989]
  [ 151.72697464  129.57080143  155.25639541 ...,  125.11639727
    146.84211677  132.17304686]
  [ 149.21324593  134.95246356  129.22691177 ...,  125.63279748
    144.27876921  137.4338296 ]
  ..., 
  [ 118.15932139  142.69394557  114.15688221 ...,  161.11923545
    116.65856192   97.89291866]
  [ 102.762034    128.06728812  148.26593464 ...,  152.45454301
    137.22144565  111.65007451]
  [ 143.18263068   87.12815306  117.07585517 ...,  120.65160971
    105.59694099  168.19459522]]

 [[-104.84292585  -90.25940891  -59.28412451 ...,  -96.82896732
    -52.07335303 -107.51015543]
  [-114.89956518  -96.96245753 -117.27649758 ...,  -94.62523981
   -110.90037228  -99.8682669 ]
  [-112.77470223 -101.97151095  -97.8412806  ...,  -95.17135311
   -108.97238087 -104.04062632]
  ..., 
  [ -89.94967681 -107.39521881  -86.84975454 ..., -121.73868402
    -88.46083442  -74.64486585]
  [ -77.85727024  -97.08233805 -112.07136883 ..., -115.15631727
   -103.75635635  -84.55684841]
  [-108.43754924  -66.96616937  -88.89002716 ...,  -91.06372691
    -80.43638662 -127.0619242 ]]

 ..., 
 [[  53.25270294   48.32813579   34.07147756 ...,   50.76501659
     32.33123081   55.73937654]
  [  58.94817221   47.31241745   59.09737083 ...,   48.78111855
     56.07680755   51.2032932 ]
  [  57.56448678   51.89981595   50.97030261 ...,   50.06020911
     55.17123877   54.31551903]
  ..., 
  [  48.52811147   53.46595024   47.26275716 ...,   61.32180391
     46.99225118   42.04638523]
  [  42.45131242   50.74317222   57.01594987 ...,   58.06127863
     53.3781485    44.40923945]
  [  56.40256143   39.40685047   47.81732321 ...,   46.92275532
     44.71433449   63.257323  ]]

 [[  39.43798523   35.28238485   24.69165457 ...,   37.25490914
     22.90860142   41.04013413]
  [  43.41917878   35.75469107   43.81738248 ...,   35.98305902
     41.56215075   37.84711091]
  [  42.58812586   38.39966672   37.50326906 ...,   36.77703826
     40.88443456   39.98294895]
  ..., 
  [  35.26333995   39.94067669   34.35716027 ...,   45.44252979
     34.41014599   30.37224871]
  [  31.05791393   37.24193076   42.18607954 ...,   43.03972512
     39.41539497   32.63028158]
  [  41.51381995   28.03179073   34.9197806  ...,   34.74130253
     32.39204642   46.97146608]]

 [[   3.9923505     4.21800553    3.71371644 ...,    4.16803441
      3.98283455    4.41598142]
  [   4.47058099    3.33279133    4.25996636 ...,    3.84648428
      4.12472901    4.0003293 ]
  [   4.37075729    3.90929179    4.13548125 ...,    4.19689071
      4.07645087    4.44252936]
  ..., 
  [   4.26104869    3.82356083    4.29768188 ...,    4.39723766
      4.05269167    4.19988129]
  [   4.04931355    4.11665211    4.25677576 ...,    4.1983921
      4.17560336    3.71157934]
  [   4.52751983    4.21520552    4.2557623  ...,    3.77854409
      4.32173782    4.29214815]]]
------------------------------------------------------
Running PBS epilogue script    - 10-Apr-2020 19:00:55
------------------------------------------------------
Checking node qb301 (MS)
Checking node qb303 ok
Checking node qb302 ok
Checking node qb301 ok
------------------------------------------------------
Concluding PBS epilogue script - 10-Apr-2020 19:01:01
------------------------------------------------------
Exit Status:     0
Job ID:          768202.qb3
Username:        jianjun
Group:           latechusers
Job Name:        test.pbs
Session Id:      103006
Resource Limits: ncpus=1,neednodes=3:ppn=20,nodes=3:ppn=20,walltime=24:00:00
Resources Used:  cput=185:38:42,mem=63100964kb,vmem=88350192kb,walltime=09:17:54
Queue Used:      workq
Account String:  loni_codedcomp
Node:            qb301
Process id:      110986
Last status:     10-Apr-2020:18:05 PBS_job=768202.qb3 user=jianjun allocation=loni_codedcomp queue=workq total_load=41.09 cpu_hours=303.60 wall_hours=7.41 unused_nodes=0 total_nodes=3 ppn=20 avg_load=13.69 avg_cpu=1352% avg_mem=12863mb avg_vmem=26622mb top_proc=jianjun:python:qb301:992M:79M:7.4hr:101% toppm=jianjun:python:qb301:39261M:37618M node_processes=3 avg_avail_mem=48217mb min_avail_mem=21514mb reverified_avg_load=13.68
------------------------------------------------------
